-- Found ament_cmake: 1.3.12 (/opt/ros/humble/share/ament_cmake/cmake)
-- Found rclcpp: 16.0.14 (/opt/ros/humble/share/rclcpp/cmake)
-- Found rosidl_generator_c: 3.1.7 (/opt/ros/humble/share/rosidl_generator_c/cmake)
-- Found rosidl_adapter: 3.1.7 (/opt/ros/humble/share/rosidl_adapter/cmake)
-- Found rosidl_generator_cpp: 3.1.7 (/opt/ros/humble/share/rosidl_generator_cpp/cmake)
-- Using all available rosidl_typesupport_c: rosidl_typesupport_fastrtps_c;rosidl_typesupport_introspection_c
-- Using all available rosidl_typesupport_cpp: rosidl_typesupport_fastrtps_cpp;rosidl_typesupport_introspection_cpp
-- Found rmw_implementation_cmake: 6.1.2 (/opt/ros/humble/share/rmw_implementation_cmake/cmake)
-- Found rmw_fastrtps_cpp: 6.2.8 (/opt/ros/humble/share/rmw_fastrtps_cpp/cmake)
-- Using RMW implementation 'rmw_fastrtps_cpp' as default
-- Found sensor_msgs: 4.9.0 (/opt/ros/humble/share/sensor_msgs/cmake)
-- Found cv_bridge: 3.2.1 (/opt/ros/humble/share/cv_bridge/cmake)
-- Configuring done
-- Generating done
-- Build files have been written to: /home/ubuntu/Intel_study/Intel7_Final_Project_5_Team/RoS2/Sensor_Ros2/build/crop_task_vision
Consolidate compiler generated dependencies of target crop_task_node_lib
[ 14%] Building CXX object CMakeFiles/lidar_guard_node.dir/src/lidar_guard_node.cpp.o
[ 28%] Building CXX object CMakeFiles/lidar_guard_node.dir/src/lidar_guard_main.cpp.o
[ 57%] Built target crop_task_node_lib
Consolidate compiler generated dependencies of target crop_task_node
[ 85%] Built target crop_task_node
[100%] Linking CXX executable lidar_guard_node
[100%] Built target lidar_guard_node
-- Install configuration: ""
-- Up-to-date: /home/ubuntu/Intel_study/Intel7_Final_Project_5_Team/RoS2/Sensor_Ros2/install/crop_task_vision/lib/libcrop_task_node_lib.a
-- Up-to-date: /home/ubuntu/Intel_study/Intel7_Final_Project_5_Team/RoS2/Sensor_Ros2/install/crop_task_vision/lib/crop_task_vision/crop_task_node
-- Installing: /home/ubuntu/Intel_study/Intel7_Final_Project_5_Team/RoS2/Sensor_Ros2/install/crop_task_vision/lib/crop_task_vision/lidar_guard_node
-- Set runtime path of "/home/ubuntu/Intel_study/Intel7_Final_Project_5_Team/RoS2/Sensor_Ros2/install/crop_task_vision/lib/crop_task_vision/lidar_guard_node" to ""
-- Up-to-date: /home/ubuntu/Intel_study/Intel7_Final_Project_5_Team/RoS2/Sensor_Ros2/install/crop_task_vision/include
-- Up-to-date: /home/ubuntu/Intel_study/Intel7_Final_Project_5_Team/RoS2/Sensor_Ros2/install/crop_task_vision/include/crop_task_vision
-- Installing: /home/ubuntu/Intel_study/Intel7_Final_Project_5_Team/RoS2/Sensor_Ros2/install/crop_task_vision/include/crop_task_vision/lidar_guard_node.hpp
-- Up-to-date: /home/ubuntu/Intel_study/Intel7_Final_Project_5_Team/RoS2/Sensor_Ros2/install/crop_task_vision/include/crop_task_vision/crop_task_node.hpp
-- Up-to-date: /home/ubuntu/Intel_study/Intel7_Final_Project_5_Team/RoS2/Sensor_Ros2/install/crop_task_vision/share/crop_task_vision/config
-- Up-to-date: /home/ubuntu/Intel_study/Intel7_Final_Project_5_Team/RoS2/Sensor_Ros2/install/crop_task_vision/share/crop_task_vision/config/crop_task_params.yaml
-- Up-to-date: /home/ubuntu/Intel_study/Intel7_Final_Project_5_Team/RoS2/Sensor_Ros2/install/crop_task_vision/share/crop_task_vision/environment/library_path.sh
-- Installing: /home/ubuntu/Intel_study/Intel7_Final_Project_5_Team/RoS2/Sensor_Ros2/install/crop_task_vision/share/crop_task_vision/environment/library_path.dsv
-- Up-to-date: /home/ubuntu/Intel_study/Intel7_Final_Project_5_Team/RoS2/Sensor_Ros2/install/crop_task_vision/share/ament_index/resource_index/package_run_dependencies/crop_task_vision
-- Up-to-date: /home/ubuntu/Intel_study/Intel7_Final_Project_5_Team/RoS2/Sensor_Ros2/install/crop_task_vision/share/ament_index/resource_index/parent_prefix_path/crop_task_vision
-- Up-to-date: /home/ubuntu/Intel_study/Intel7_Final_Project_5_Team/RoS2/Sensor_Ros2/install/crop_task_vision/share/crop_task_vision/environment/ament_prefix_path.sh
-- Installing: /home/ubuntu/Intel_study/Intel7_Final_Project_5_Team/RoS2/Sensor_Ros2/install/crop_task_vision/share/crop_task_vision/environment/ament_prefix_path.dsv
-- Up-to-date: /home/ubuntu/Intel_study/Intel7_Final_Project_5_Team/RoS2/Sensor_Ros2/install/crop_task_vision/share/crop_task_vision/environment/path.sh
-- Installing: /home/ubuntu/Intel_study/Intel7_Final_Project_5_Team/RoS2/Sensor_Ros2/install/crop_task_vision/share/crop_task_vision/environment/path.dsv
-- Up-to-date: /home/ubuntu/Intel_study/Intel7_Final_Project_5_Team/RoS2/Sensor_Ros2/install/crop_task_vision/share/crop_task_vision/local_setup.bash
-- Up-to-date: /home/ubuntu/Intel_study/Intel7_Final_Project_5_Team/RoS2/Sensor_Ros2/install/crop_task_vision/share/crop_task_vision/local_setup.sh
-- Up-to-date: /home/ubuntu/Intel_study/Intel7_Final_Project_5_Team/RoS2/Sensor_Ros2/install/crop_task_vision/share/crop_task_vision/local_setup.zsh
-- Installing: /home/ubuntu/Intel_study/Intel7_Final_Project_5_Team/RoS2/Sensor_Ros2/install/crop_task_vision/share/crop_task_vision/local_setup.dsv
-- Installing: /home/ubuntu/Intel_study/Intel7_Final_Project_5_Team/RoS2/Sensor_Ros2/install/crop_task_vision/share/crop_task_vision/package.dsv
-- Up-to-date: /home/ubuntu/Intel_study/Intel7_Final_Project_5_Team/RoS2/Sensor_Ros2/install/crop_task_vision/share/ament_index/resource_index/packages/crop_task_vision
-- Up-to-date: /home/ubuntu/Intel_study/Intel7_Final_Project_5_Team/RoS2/Sensor_Ros2/install/crop_task_vision/share/crop_task_vision/cmake/ament_cmake_export_include_directories-extras.cmake
-- Up-to-date: /home/ubuntu/Intel_study/Intel7_Final_Project_5_Team/RoS2/Sensor_Ros2/install/crop_task_vision/share/crop_task_vision/cmake/ament_cmake_export_libraries-extras.cmake
-- Up-to-date: /home/ubuntu/Intel_study/Intel7_Final_Project_5_Team/RoS2/Sensor_Ros2/install/crop_task_vision/share/crop_task_vision/cmake/crop_task_visionConfig.cmake
-- Up-to-date: /home/ubuntu/Intel_study/Intel7_Final_Project_5_Team/RoS2/Sensor_Ros2/install/crop_task_vision/share/crop_task_vision/cmake/crop_task_visionConfig-version.cmake
-- Up-to-date: /home/ubuntu/Intel_study/Intel7_Final_Project_5_Team/RoS2/Sensor_Ros2/install/crop_task_vision/share/crop_task_vision/package.xml
