[0.008s] Invoking command in '/home/ubuntu/Intel_study/Intel7_Final_Project_5_Team/RoS2/Sensor_Ros2/build/crop_task_vision': CMAKE_PREFIX_PATH=${CMAKE_PREFIX_PATH}:/home/ubuntu/turtlebot3_ws/install/turtlebot3_example:/home/ubuntu/Intel_study/Intel7_Final_Project_5_Team/RoS2/Sensor_Ros2/install/wall_follower:/opt/ros/humble /usr/bin/cmake --build /home/ubuntu/Intel_study/Intel7_Final_Project_5_Team/RoS2/Sensor_Ros2/build/crop_task_vision -- -j24 -l24
[0.025s] -- Found ament_cmake: 1.3.12 (/opt/ros/humble/share/ament_cmake/cmake)
[0.107s] -- Found rclcpp: 16.0.14 (/opt/ros/humble/share/rclcpp/cmake)
[0.125s] -- Found rosidl_generator_c: 3.1.7 (/opt/ros/humble/share/rosidl_generator_c/cmake)
[0.127s] -- Found rosidl_adapter: 3.1.7 (/opt/ros/humble/share/rosidl_adapter/cmake)
[0.130s] -- Found rosidl_generator_cpp: 3.1.7 (/opt/ros/humble/share/rosidl_generator_cpp/cmake)
[0.135s] -- Using all available rosidl_typesupport_c: rosidl_typesupport_fastrtps_c;rosidl_typesupport_introspection_c
[0.142s] -- Using all available rosidl_typesupport_cpp: rosidl_typesupport_fastrtps_cpp;rosidl_typesupport_introspection_cpp
[0.160s] -- Found rmw_implementation_cmake: 6.1.2 (/opt/ros/humble/share/rmw_implementation_cmake/cmake)
[0.161s] -- Found rmw_fastrtps_cpp: 6.2.8 (/opt/ros/humble/share/rmw_fastrtps_cpp/cmake)
[0.231s] -- Using RMW implementation 'rmw_fastrtps_cpp' as default
[0.258s] -- Found sensor_msgs: 4.9.0 (/opt/ros/humble/share/sensor_msgs/cmake)
[0.274s] -- Found cv_bridge: 3.2.1 (/opt/ros/humble/share/cv_bridge/cmake)
[0.327s] -- Configuring done
[0.342s] -- Generating done
[0.346s] -- Build files have been written to: /home/ubuntu/Intel_study/Intel7_Final_Project_5_Team/RoS2/Sensor_Ros2/build/crop_task_vision
[0.369s] Consolidate compiler generated dependencies of target crop_task_node_lib
[0.372s] [ 14%] Building CXX object CMakeFiles/lidar_guard_node.dir/src/lidar_guard_node.cpp.o
[0.374s] [ 28%] Building CXX object CMakeFiles/lidar_guard_node.dir/src/lidar_guard_main.cpp.o
[0.380s] [ 57%] Built target crop_task_node_lib
[0.390s] Consolidate compiler generated dependencies of target crop_task_node
[0.401s] [ 85%] Built target crop_task_node
[5.258s] [100%] Linking CXX executable lidar_guard_node
[5.513s] [100%] Built target lidar_guard_node
[5.522s] Invoked command in '/home/ubuntu/Intel_study/Intel7_Final_Project_5_Team/RoS2/Sensor_Ros2/build/crop_task_vision' returned '0': CMAKE_PREFIX_PATH=${CMAKE_PREFIX_PATH}:/home/ubuntu/turtlebot3_ws/install/turtlebot3_example:/home/ubuntu/Intel_study/Intel7_Final_Project_5_Team/RoS2/Sensor_Ros2/install/wall_follower:/opt/ros/humble /usr/bin/cmake --build /home/ubuntu/Intel_study/Intel7_Final_Project_5_Team/RoS2/Sensor_Ros2/build/crop_task_vision -- -j24 -l24
[5.528s] Invoking command in '/home/ubuntu/Intel_study/Intel7_Final_Project_5_Team/RoS2/Sensor_Ros2/build/crop_task_vision': CMAKE_PREFIX_PATH=${CMAKE_PREFIX_PATH}:/home/ubuntu/turtlebot3_ws/install/turtlebot3_example:/home/ubuntu/Intel_study/Intel7_Final_Project_5_Team/RoS2/Sensor_Ros2/install/wall_follower:/opt/ros/humble /usr/bin/cmake --install /home/ubuntu/Intel_study/Intel7_Final_Project_5_Team/RoS2/Sensor_Ros2/build/crop_task_vision
[5.532s] -- Install configuration: ""
[5.532s] -- Up-to-date: /home/ubuntu/Intel_study/Intel7_Final_Project_5_Team/RoS2/Sensor_Ros2/install/crop_task_vision/lib/libcrop_task_node_lib.a
[5.532s] -- Up-to-date: /home/ubuntu/Intel_study/Intel7_Final_Project_5_Team/RoS2/Sensor_Ros2/install/crop_task_vision/lib/crop_task_vision/crop_task_node
[5.532s] -- Installing: /home/ubuntu/Intel_study/Intel7_Final_Project_5_Team/RoS2/Sensor_Ros2/install/crop_task_vision/lib/crop_task_vision/lidar_guard_node
[5.535s] -- Set runtime path of "/home/ubuntu/Intel_study/Intel7_Final_Project_5_Team/RoS2/Sensor_Ros2/install/crop_task_vision/lib/crop_task_vision/lidar_guard_node" to ""
[5.535s] -- Up-to-date: /home/ubuntu/Intel_study/Intel7_Final_Project_5_Team/RoS2/Sensor_Ros2/install/crop_task_vision/include
[5.535s] -- Up-to-date: /home/ubuntu/Intel_study/Intel7_Final_Project_5_Team/RoS2/Sensor_Ros2/install/crop_task_vision/include/crop_task_vision
[5.535s] -- Installing: /home/ubuntu/Intel_study/Intel7_Final_Project_5_Team/RoS2/Sensor_Ros2/install/crop_task_vision/include/crop_task_vision/lidar_guard_node.hpp
[5.535s] -- Up-to-date: /home/ubuntu/Intel_study/Intel7_Final_Project_5_Team/RoS2/Sensor_Ros2/install/crop_task_vision/include/crop_task_vision/crop_task_node.hpp
[5.535s] -- Up-to-date: /home/ubuntu/Intel_study/Intel7_Final_Project_5_Team/RoS2/Sensor_Ros2/install/crop_task_vision/share/crop_task_vision/config
[5.535s] -- Up-to-date: /home/ubuntu/Intel_study/Intel7_Final_Project_5_Team/RoS2/Sensor_Ros2/install/crop_task_vision/share/crop_task_vision/config/crop_task_params.yaml
[5.535s] -- Up-to-date: /home/ubuntu/Intel_study/Intel7_Final_Project_5_Team/RoS2/Sensor_Ros2/install/crop_task_vision/share/crop_task_vision/environment/library_path.sh
[5.535s] -- Installing: /home/ubuntu/Intel_study/Intel7_Final_Project_5_Team/RoS2/Sensor_Ros2/install/crop_task_vision/share/crop_task_vision/environment/library_path.dsv
[5.535s] -- Up-to-date: /home/ubuntu/Intel_study/Intel7_Final_Project_5_Team/RoS2/Sensor_Ros2/install/crop_task_vision/share/ament_index/resource_index/package_run_dependencies/crop_task_vision
[5.535s] -- Up-to-date: /home/ubuntu/Intel_study/Intel7_Final_Project_5_Team/RoS2/Sensor_Ros2/install/crop_task_vision/share/ament_index/resource_index/parent_prefix_path/crop_task_vision
[5.535s] -- Up-to-date: /home/ubuntu/Intel_study/Intel7_Final_Project_5_Team/RoS2/Sensor_Ros2/install/crop_task_vision/share/crop_task_vision/environment/ament_prefix_path.sh
[5.535s] -- Installing: /home/ubuntu/Intel_study/Intel7_Final_Project_5_Team/RoS2/Sensor_Ros2/install/crop_task_vision/share/crop_task_vision/environment/ament_prefix_path.dsv
[5.535s] -- Up-to-date: /home/ubuntu/Intel_study/Intel7_Final_Project_5_Team/RoS2/Sensor_Ros2/install/crop_task_vision/share/crop_task_vision/environment/path.sh
[5.535s] -- Installing: /home/ubuntu/Intel_study/Intel7_Final_Project_5_Team/RoS2/Sensor_Ros2/install/crop_task_vision/share/crop_task_vision/environment/path.dsv
[5.535s] -- Up-to-date: /home/ubuntu/Intel_study/Intel7_Final_Project_5_Team/RoS2/Sensor_Ros2/install/crop_task_vision/share/crop_task_vision/local_setup.bash
[5.535s] -- Up-to-date: /home/ubuntu/Intel_study/Intel7_Final_Project_5_Team/RoS2/Sensor_Ros2/install/crop_task_vision/share/crop_task_vision/local_setup.sh
[5.535s] -- Up-to-date: /home/ubuntu/Intel_study/Intel7_Final_Project_5_Team/RoS2/Sensor_Ros2/install/crop_task_vision/share/crop_task_vision/local_setup.zsh
[5.535s] -- Installing: /home/ubuntu/Intel_study/Intel7_Final_Project_5_Team/RoS2/Sensor_Ros2/install/crop_task_vision/share/crop_task_vision/local_setup.dsv
[5.535s] -- Installing: /home/ubuntu/Intel_study/Intel7_Final_Project_5_Team/RoS2/Sensor_Ros2/install/crop_task_vision/share/crop_task_vision/package.dsv
[5.535s] -- Up-to-date: /home/ubuntu/Intel_study/Intel7_Final_Project_5_Team/RoS2/Sensor_Ros2/install/crop_task_vision/share/ament_index/resource_index/packages/crop_task_vision
[5.535s] -- Up-to-date: /home/ubuntu/Intel_study/Intel7_Final_Project_5_Team/RoS2/Sensor_Ros2/install/crop_task_vision/share/crop_task_vision/cmake/ament_cmake_export_include_directories-extras.cmake
[5.535s] -- Up-to-date: /home/ubuntu/Intel_study/Intel7_Final_Project_5_Team/RoS2/Sensor_Ros2/install/crop_task_vision/share/crop_task_vision/cmake/ament_cmake_export_libraries-extras.cmake
[5.535s] -- Up-to-date: /home/ubuntu/Intel_study/Intel7_Final_Project_5_Team/RoS2/Sensor_Ros2/install/crop_task_vision/share/crop_task_vision/cmake/crop_task_visionConfig.cmake
[5.536s] -- Up-to-date: /home/ubuntu/Intel_study/Intel7_Final_Project_5_Team/RoS2/Sensor_Ros2/install/crop_task_vision/share/crop_task_vision/cmake/crop_task_visionConfig-version.cmake
[5.536s] -- Up-to-date: /home/ubuntu/Intel_study/Intel7_Final_Project_5_Team/RoS2/Sensor_Ros2/install/crop_task_vision/share/crop_task_vision/package.xml
[30.026s] Invoked command in '/home/ubuntu/Intel_study/Intel7_Final_Project_5_Team/RoS2/Sensor_Ros2/build/crop_task_vision' returned '0': CMAKE_PREFIX_PATH=${CMAKE_PREFIX_PATH}:/home/ubuntu/turtlebot3_ws/install/turtlebot3_example:/home/ubuntu/Intel_study/Intel7_Final_Project_5_Team/RoS2/Sensor_Ros2/install/wall_follower:/opt/ros/humble /usr/bin/cmake --install /home/ubuntu/Intel_study/Intel7_Final_Project_5_Team/RoS2/Sensor_Ros2/build/crop_task_vision
