[0.070s] colcon DEBUG Command line arguments: ['/usr/bin/colcon', 'build', '--packages-select', 'crop_task_vision']
[0.070s] colcon DEBUG Parsed command line arguments: Namespace(log_base=None, log_level=None, verb_name='build', build_base='build', install_base='install', merge_install=False, symlink_install=False, test_result_base=None, continue_on_error=False, executor='parallel', parallel_workers=24, event_handlers=None, ignore_user_meta=False, metas=['./colcon.meta'], base_paths=['.'], packages_ignore=None, packages_ignore_regex=None, paths=None, packages_up_to=None, packages_up_to_regex=None, packages_above=None, packages_above_and_dependencies=None, packages_above_depth=None, packages_select_by_dep=None, packages_skip_by_dep=None, packages_skip_up_to=None, packages_select_build_failed=False, packages_skip_build_finished=False, packages_select_test_failures=False, packages_skip_test_passed=False, packages_select=['crop_task_vision'], packages_skip=None, packages_select_regex=None, packages_skip_regex=None, packages_start=None, packages_end=None, allow_overriding=[], cmake_args=None, cmake_target=None, cmake_target_skip_unavailable=False, cmake_clean_cache=False, cmake_clean_first=False, cmake_force_configure=False, ament_cmake_args=None, catkin_cmake_args=None, catkin_skip_building_tests=False, mixin_files=None, mixin=None, verb_parser=<colcon_mixin.mixin.mixin_argument.MixinArgumentDecorator object at 0x7fec8e143880>, verb_extension=<colcon_core.verb.build.BuildVerb object at 0x7fec8e143370>, main=<bound method BuildVerb.main of <colcon_core.verb.build.BuildVerb object at 0x7fec8e143370>>, mixin_verb=('build',))
[0.093s] colcon.colcon_core.package_discovery Level 1 discover_packages(colcon_meta) check parameters
[0.093s] colcon.colcon_core.package_discovery Level 1 discover_packages(recursive) check parameters
[0.093s] colcon.colcon_core.package_discovery Level 1 discover_packages(ignore) check parameters
[0.093s] colcon.colcon_core.package_discovery Level 1 discover_packages(path) check parameters
[0.093s] colcon.colcon_core.package_discovery Level 1 discover_packages(colcon_meta) discover
[0.093s] colcon.colcon_core.package_discovery Level 1 discover_packages(recursive) discover
[0.093s] colcon.colcon_core.package_discovery INFO Crawling recursively for packages in '/home/ubuntu/Intel_study/Intel7_Final_Project_5_Team/RoS2/Sensor_Ros2'
[0.093s] colcon.colcon_core.package_identification Level 1 _identify(.) by extensions ['ignore', 'ignore_ament_install']
[0.093s] colcon.colcon_core.package_identification Level 1 _identify(.) by extension 'ignore'
[0.093s] colcon.colcon_core.package_identification Level 1 _identify(.) by extension 'ignore_ament_install'
[0.093s] colcon.colcon_core.package_identification Level 1 _identify(.) by extensions ['colcon_pkg']
[0.093s] colcon.colcon_core.package_identification Level 1 _identify(.) by extension 'colcon_pkg'
[0.093s] colcon.colcon_core.package_identification Level 1 _identify(.) by extensions ['colcon_meta']
[0.093s] colcon.colcon_core.package_identification Level 1 _identify(.) by extension 'colcon_meta'
[0.093s] colcon.colcon_core.package_identification Level 1 _identify(.) by extensions ['ros']
[0.093s] colcon.colcon_core.package_identification Level 1 _identify(.) by extension 'ros'
[0.102s] colcon.colcon_core.package_identification Level 1 _identify(.) by extensions ['cmake', 'python']
[0.102s] colcon.colcon_core.package_identification Level 1 _identify(.) by extension 'cmake'
[0.102s] colcon.colcon_core.package_identification Level 1 _identify(.) by extension 'python'
[0.102s] colcon.colcon_core.package_identification Level 1 _identify(.) by extensions ['python_setup_py']
[0.102s] colcon.colcon_core.package_identification Level 1 _identify(.) by extension 'python_setup_py'
[0.102s] colcon.colcon_core.package_identification Level 1 _identify(build) by extensions ['ignore', 'ignore_ament_install']
[0.103s] colcon.colcon_core.package_identification Level 1 _identify(build) by extension 'ignore'
[0.103s] colcon.colcon_core.package_identification Level 1 _identify(build) ignored
[0.103s] colcon.colcon_core.package_identification Level 1 _identify(install) by extensions ['ignore', 'ignore_ament_install']
[0.103s] colcon.colcon_core.package_identification Level 1 _identify(install) by extension 'ignore'
[0.103s] colcon.colcon_core.package_identification Level 1 _identify(install) ignored
[0.103s] colcon.colcon_core.package_identification Level 1 _identify(log) by extensions ['ignore', 'ignore_ament_install']
[0.103s] colcon.colcon_core.package_identification Level 1 _identify(log) by extension 'ignore'
[0.103s] colcon.colcon_core.package_identification Level 1 _identify(log) ignored
[0.103s] colcon.colcon_core.package_identification Level 1 _identify(map_gazebo) by extensions ['ignore', 'ignore_ament_install']
[0.103s] colcon.colcon_core.package_identification Level 1 _identify(map_gazebo) by extension 'ignore'
[0.103s] colcon.colcon_core.package_identification Level 1 _identify(map_gazebo) by extension 'ignore_ament_install'
[0.103s] colcon.colcon_core.package_identification Level 1 _identify(map_gazebo) by extensions ['colcon_pkg']
[0.103s] colcon.colcon_core.package_identification Level 1 _identify(map_gazebo) by extension 'colcon_pkg'
[0.103s] colcon.colcon_core.package_identification Level 1 _identify(map_gazebo) by extensions ['colcon_meta']
[0.103s] colcon.colcon_core.package_identification Level 1 _identify(map_gazebo) by extension 'colcon_meta'
[0.103s] colcon.colcon_core.package_identification Level 1 _identify(map_gazebo) by extensions ['ros']
[0.103s] colcon.colcon_core.package_identification Level 1 _identify(map_gazebo) by extension 'ros'
[0.103s] colcon.colcon_core.package_identification Level 1 _identify(map_gazebo) by extensions ['cmake', 'python']
[0.103s] colcon.colcon_core.package_identification Level 1 _identify(map_gazebo) by extension 'cmake'
[0.103s] colcon.colcon_core.package_identification Level 1 _identify(map_gazebo) by extension 'python'
[0.103s] colcon.colcon_core.package_identification Level 1 _identify(map_gazebo) by extensions ['python_setup_py']
[0.103s] colcon.colcon_core.package_identification Level 1 _identify(map_gazebo) by extension 'python_setup_py'
[0.103s] colcon.colcon_core.package_identification Level 1 _identify(src) by extensions ['ignore', 'ignore_ament_install']
[0.103s] colcon.colcon_core.package_identification Level 1 _identify(src) by extension 'ignore'
[0.103s] colcon.colcon_core.package_identification Level 1 _identify(src) by extension 'ignore_ament_install'
[0.103s] colcon.colcon_core.package_identification Level 1 _identify(src) by extensions ['colcon_pkg']
[0.103s] colcon.colcon_core.package_identification Level 1 _identify(src) by extension 'colcon_pkg'
[0.103s] colcon.colcon_core.package_identification Level 1 _identify(src) by extensions ['colcon_meta']
[0.103s] colcon.colcon_core.package_identification Level 1 _identify(src) by extension 'colcon_meta'
[0.103s] colcon.colcon_core.package_identification Level 1 _identify(src) by extensions ['ros']
[0.103s] colcon.colcon_core.package_identification Level 1 _identify(src) by extension 'ros'
[0.103s] colcon.colcon_core.package_identification Level 1 _identify(src) by extensions ['cmake', 'python']
[0.103s] colcon.colcon_core.package_identification Level 1 _identify(src) by extension 'cmake'
[0.103s] colcon.colcon_core.package_identification Level 1 _identify(src) by extension 'python'
[0.103s] colcon.colcon_core.package_identification Level 1 _identify(src) by extensions ['python_setup_py']
[0.104s] colcon.colcon_core.package_identification Level 1 _identify(src) by extension 'python_setup_py'
[0.104s] colcon.colcon_core.package_identification Level 1 _identify(src/crop_task_vision) by extensions ['ignore', 'ignore_ament_install']
[0.104s] colcon.colcon_core.package_identification Level 1 _identify(src/crop_task_vision) by extension 'ignore'
[0.104s] colcon.colcon_core.package_identification Level 1 _identify(src/crop_task_vision) by extension 'ignore_ament_install'
[0.104s] colcon.colcon_core.package_identification Level 1 _identify(src/crop_task_vision) by extensions ['colcon_pkg']
[0.104s] colcon.colcon_core.package_identification Level 1 _identify(src/crop_task_vision) by extension 'colcon_pkg'
[0.104s] colcon.colcon_core.package_identification Level 1 _identify(src/crop_task_vision) by extensions ['colcon_meta']
[0.104s] colcon.colcon_core.package_identification Level 1 _identify(src/crop_task_vision) by extension 'colcon_meta'
[0.104s] colcon.colcon_core.package_identification Level 1 _identify(src/crop_task_vision) by extensions ['ros']
[0.104s] colcon.colcon_core.package_identification Level 1 _identify(src/crop_task_vision) by extension 'ros'
[0.106s] colcon.colcon_core.package_identification DEBUG Package 'src/crop_task_vision' with type 'ros.ament_cmake' and name 'crop_task_vision'
[0.106s] colcon.colcon_core.package_identification Level 1 _identify(src/sub_robot_bringup) by extensions ['ignore', 'ignore_ament_install']
[0.106s] colcon.colcon_core.package_identification Level 1 _identify(src/sub_robot_bringup) by extension 'ignore'
[0.106s] colcon.colcon_core.package_identification Level 1 _identify(src/sub_robot_bringup) by extension 'ignore_ament_install'
[0.106s] colcon.colcon_core.package_identification Level 1 _identify(src/sub_robot_bringup) by extensions ['colcon_pkg']
[0.106s] colcon.colcon_core.package_identification Level 1 _identify(src/sub_robot_bringup) by extension 'colcon_pkg'
[0.106s] colcon.colcon_core.package_identification Level 1 _identify(src/sub_robot_bringup) by extensions ['colcon_meta']
[0.106s] colcon.colcon_core.package_identification Level 1 _identify(src/sub_robot_bringup) by extension 'colcon_meta'
[0.106s] colcon.colcon_core.package_identification Level 1 _identify(src/sub_robot_bringup) by extensions ['ros']
[0.106s] colcon.colcon_core.package_identification Level 1 _identify(src/sub_robot_bringup) by extension 'ros'
[0.106s] colcon.colcon_core.package_identification DEBUG Package 'src/sub_robot_bringup' with type 'ros.ament_cmake' and name 'sub_robot_bringup'
[0.107s] colcon.colcon_core.package_identification Level 1 _identify(src/sub_robot_core) by extensions ['ignore', 'ignore_ament_install']
[0.107s] colcon.colcon_core.package_identification Level 1 _identify(src/sub_robot_core) by extension 'ignore'
[0.107s] colcon.colcon_core.package_identification Level 1 _identify(src/sub_robot_core) by extension 'ignore_ament_install'
[0.107s] colcon.colcon_core.package_identification Level 1 _identify(src/sub_robot_core) by extensions ['colcon_pkg']
[0.107s] colcon.colcon_core.package_identification Level 1 _identify(src/sub_robot_core) by extension 'colcon_pkg'
[0.107s] colcon.colcon_core.package_identification Level 1 _identify(src/sub_robot_core) by extensions ['colcon_meta']
[0.107s] colcon.colcon_core.package_identification Level 1 _identify(src/sub_robot_core) by extension 'colcon_meta'
[0.107s] colcon.colcon_core.package_identification Level 1 _identify(src/sub_robot_core) by extensions ['ros']
[0.107s] colcon.colcon_core.package_identification Level 1 _identify(src/sub_robot_core) by extension 'ros'
[0.107s] colcon.colcon_core.package_identification DEBUG Package 'src/sub_robot_core' with type 'ros.ament_cmake' and name 'sub_robot_core'
[0.107s] colcon.colcon_core.package_identification Level 1 _identify(src/sub_robot_sim) by extensions ['ignore', 'ignore_ament_install']
[0.107s] colcon.colcon_core.package_identification Level 1 _identify(src/sub_robot_sim) by extension 'ignore'
[0.107s] colcon.colcon_core.package_identification Level 1 _identify(src/sub_robot_sim) by extension 'ignore_ament_install'
[0.107s] colcon.colcon_core.package_identification Level 1 _identify(src/sub_robot_sim) by extensions ['colcon_pkg']
[0.107s] colcon.colcon_core.package_identification Level 1 _identify(src/sub_robot_sim) by extension 'colcon_pkg'
[0.107s] colcon.colcon_core.package_identification Level 1 _identify(src/sub_robot_sim) by extensions ['colcon_meta']
[0.107s] colcon.colcon_core.package_identification Level 1 _identify(src/sub_robot_sim) by extension 'colcon_meta'
[0.107s] colcon.colcon_core.package_identification Level 1 _identify(src/sub_robot_sim) by extensions ['ros']
[0.107s] colcon.colcon_core.package_identification Level 1 _identify(src/sub_robot_sim) by extension 'ros'
[0.108s] colcon.colcon_core.package_identification DEBUG Package 'src/sub_robot_sim' with type 'ros.ament_cmake' and name 'sub_robot_sim'
[0.108s] colcon.colcon_core.package_identification Level 1 _identify(src/wall_follower) by extensions ['ignore', 'ignore_ament_install']
[0.108s] colcon.colcon_core.package_identification Level 1 _identify(src/wall_follower) by extension 'ignore'
[0.108s] colcon.colcon_core.package_identification Level 1 _identify(src/wall_follower) by extension 'ignore_ament_install'
[0.108s] colcon.colcon_core.package_identification Level 1 _identify(src/wall_follower) by extensions ['colcon_pkg']
[0.108s] colcon.colcon_core.package_identification Level 1 _identify(src/wall_follower) by extension 'colcon_pkg'
[0.108s] colcon.colcon_core.package_identification Level 1 _identify(src/wall_follower) by extensions ['colcon_meta']
[0.108s] colcon.colcon_core.package_identification Level 1 _identify(src/wall_follower) by extension 'colcon_meta'
[0.108s] colcon.colcon_core.package_identification Level 1 _identify(src/wall_follower) by extensions ['ros']
[0.108s] colcon.colcon_core.package_identification Level 1 _identify(src/wall_follower) by extension 'ros'
[0.108s] colcon.colcon_core.package_identification DEBUG Package 'src/wall_follower' with type 'ros.ament_python' and name 'wall_follower'
[0.108s] colcon.colcon_core.package_discovery Level 1 discover_packages(recursive) using defaults
[0.108s] colcon.colcon_core.package_discovery Level 1 discover_packages(ignore) discover
[0.108s] colcon.colcon_core.package_discovery Level 1 discover_packages(ignore) using defaults
[0.108s] colcon.colcon_core.package_discovery Level 1 discover_packages(path) discover
[0.109s] colcon.colcon_core.package_discovery Level 1 discover_packages(path) using defaults
[0.119s] colcon.colcon_core.package_selection INFO Skipping not selected package 'sub_robot_core' in 'src/sub_robot_core'
[0.119s] colcon.colcon_core.package_selection INFO Skipping not selected package 'sub_robot_sim' in 'src/sub_robot_sim'
[0.119s] colcon.colcon_core.package_selection INFO Skipping not selected package 'wall_follower' in 'src/wall_follower'
[0.119s] colcon.colcon_core.package_selection INFO Skipping not selected package 'sub_robot_bringup' in 'src/sub_robot_bringup'
[0.119s] colcon.colcon_core.package_discovery Level 1 discover_packages(prefix_path) check parameters
[0.119s] colcon.colcon_core.package_discovery Level 1 discover_packages(prefix_path) discover
[0.120s] colcon.colcon_installed_package_information.package_discovery DEBUG Found 2 installed packages in /home/ubuntu/tb3_sim_ws/install
[0.120s] colcon.colcon_installed_package_information.package_discovery DEBUG Found 6 installed packages in /home/ubuntu/turtlebot3_ws/install
[0.121s] colcon.colcon_installed_package_information.package_discovery DEBUG Found 5 installed packages in /home/ubuntu/Intel_study/Intel7_Final_Project_5_Team/RoS2/Sensor_Ros2/install
[0.121s] colcon.colcon_installed_package_information.package_discovery DEBUG Found 397 installed packages in /opt/ros/humble
[0.123s] colcon.colcon_core.package_discovery Level 1 discover_packages(prefix_path) using defaults
[0.154s] colcon.colcon_core.verb Level 5 set package 'crop_task_vision' build argument 'cmake_args' from command line to 'None'
[0.154s] colcon.colcon_core.verb Level 5 set package 'crop_task_vision' build argument 'cmake_target' from command line to 'None'
[0.154s] colcon.colcon_core.verb Level 5 set package 'crop_task_vision' build argument 'cmake_target_skip_unavailable' from command line to 'False'
[0.154s] colcon.colcon_core.verb Level 5 set package 'crop_task_vision' build argument 'cmake_clean_cache' from command line to 'False'
[0.154s] colcon.colcon_core.verb Level 5 set package 'crop_task_vision' build argument 'cmake_clean_first' from command line to 'False'
[0.154s] colcon.colcon_core.verb Level 5 set package 'crop_task_vision' build argument 'cmake_force_configure' from command line to 'False'
[0.154s] colcon.colcon_core.verb Level 5 set package 'crop_task_vision' build argument 'ament_cmake_args' from command line to 'None'
[0.154s] colcon.colcon_core.verb Level 5 set package 'crop_task_vision' build argument 'catkin_cmake_args' from command line to 'None'
[0.154s] colcon.colcon_core.verb Level 5 set package 'crop_task_vision' build argument 'catkin_skip_building_tests' from command line to 'False'
[0.154s] colcon.colcon_core.verb DEBUG Building package 'crop_task_vision' with the following arguments: {'ament_cmake_args': None, 'build_base': '/home/ubuntu/Intel_study/Intel7_Final_Project_5_Team/RoS2/Sensor_Ros2/build/crop_task_vision', 'catkin_cmake_args': None, 'catkin_skip_building_tests': False, 'cmake_args': None, 'cmake_clean_cache': False, 'cmake_clean_first': False, 'cmake_force_configure': False, 'cmake_target': None, 'cmake_target_skip_unavailable': False, 'install_base': '/home/ubuntu/Intel_study/Intel7_Final_Project_5_Team/RoS2/Sensor_Ros2/install/crop_task_vision', 'merge_install': False, 'path': '/home/ubuntu/Intel_study/Intel7_Final_Project_5_Team/RoS2/Sensor_Ros2/src/crop_task_vision', 'symlink_install': False, 'test_result_base': None}
[0.154s] colcon.colcon_core.executor INFO Executing jobs using 'parallel' executor
[0.155s] colcon.colcon_parallel_executor.executor.parallel DEBUG run_until_complete
[0.155s] colcon.colcon_ros.task.ament_cmake.build INFO Building ROS package in '/home/ubuntu/Intel_study/Intel7_Final_Project_5_Team/RoS2/Sensor_Ros2/src/crop_task_vision' with build type 'ament_cmake'
[0.155s] colcon.colcon_cmake.task.cmake.build INFO Building CMake package in '/home/ubuntu/Intel_study/Intel7_Final_Project_5_Team/RoS2/Sensor_Ros2/src/crop_task_vision'
[0.156s] colcon.colcon_core.plugin_system INFO Skipping extension 'colcon_core.shell.bat': Not used on non-Windows systems
[0.156s] colcon.colcon_core.shell INFO Skip shell extension 'powershell' for command environment: Not usable outside of PowerShell
[0.156s] colcon.colcon_core.shell DEBUG Skip shell extension 'dsv' for command environment
[0.164s] colcon.colcon_core.event_handler.log_command DEBUG Invoking command in '/home/ubuntu/Intel_study/Intel7_Final_Project_5_Team/RoS2/Sensor_Ros2/build/crop_task_vision': CMAKE_PREFIX_PATH=${CMAKE_PREFIX_PATH}:/home/ubuntu/turtlebot3_ws/install/turtlebot3_example:/home/ubuntu/Intel_study/Intel7_Final_Project_5_Team/RoS2/Sensor_Ros2/install/wall_follower:/opt/ros/humble /usr/bin/cmake --build /home/ubuntu/Intel_study/Intel7_Final_Project_5_Team/RoS2/Sensor_Ros2/build/crop_task_vision -- -j24 -l24
[0.658s] colcon.colcon_core.event_handler.log_command DEBUG Invoked command in '/home/ubuntu/Intel_study/Intel7_Final_Project_5_Team/RoS2/Sensor_Ros2/build/crop_task_vision' returned '2': CMAKE_PREFIX_PATH=${CMAKE_PREFIX_PATH}:/home/ubuntu/turtlebot3_ws/install/turtlebot3_example:/home/ubuntu/Intel_study/Intel7_Final_Project_5_Team/RoS2/Sensor_Ros2/install/wall_follower:/opt/ros/humble /usr/bin/cmake --build /home/ubuntu/Intel_study/Intel7_Final_Project_5_Team/RoS2/Sensor_Ros2/build/crop_task_vision -- -j24 -l24
[0.659s] colcon.colcon_core.environment Level 1 create_environment_scripts_only(crop_task_vision)
[0.660s] colcon.colcon_core.environment Level 1 checking '/home/ubuntu/Intel_study/Intel7_Final_Project_5_Team/RoS2/Sensor_Ros2/install/crop_task_vision' for CMake module files
[0.660s] colcon.colcon_core.environment Level 1 checking '/home/ubuntu/Intel_study/Intel7_Final_Project_5_Team/RoS2/Sensor_Ros2/install/crop_task_vision' for CMake config files
[0.660s] colcon.colcon_core.shell Level 1 create_environment_hook('crop_task_vision', 'cmake_prefix_path')
[0.660s] colcon.colcon_core.shell INFO Creating environment hook '/home/ubuntu/Intel_study/Intel7_Final_Project_5_Team/RoS2/Sensor_Ros2/install/crop_task_vision/share/crop_task_vision/hook/cmake_prefix_path.ps1'
[0.661s] colcon.colcon_core.shell INFO Creating environment descriptor '/home/ubuntu/Intel_study/Intel7_Final_Project_5_Team/RoS2/Sensor_Ros2/install/crop_task_vision/share/crop_task_vision/hook/cmake_prefix_path.dsv'
[0.661s] colcon.colcon_core.shell INFO Creating environment hook '/home/ubuntu/Intel_study/Intel7_Final_Project_5_Team/RoS2/Sensor_Ros2/install/crop_task_vision/share/crop_task_vision/hook/cmake_prefix_path.sh'
[0.661s] colcon.colcon_core.environment Level 1 checking '/home/ubuntu/Intel_study/Intel7_Final_Project_5_Team/RoS2/Sensor_Ros2/install/crop_task_vision/lib'
[0.662s] colcon.colcon_core.environment Level 1 checking '/home/ubuntu/Intel_study/Intel7_Final_Project_5_Team/RoS2/Sensor_Ros2/install/crop_task_vision/bin'
[0.662s] colcon.colcon_core.environment Level 1 checking '/home/ubuntu/Intel_study/Intel7_Final_Project_5_Team/RoS2/Sensor_Ros2/install/crop_task_vision/lib/pkgconfig/crop_task_vision.pc'
[0.662s] colcon.colcon_core.environment Level 1 checking '/home/ubuntu/Intel_study/Intel7_Final_Project_5_Team/RoS2/Sensor_Ros2/install/crop_task_vision/lib/python3.10/site-packages'
[0.662s] colcon.colcon_core.environment Level 1 checking '/home/ubuntu/Intel_study/Intel7_Final_Project_5_Team/RoS2/Sensor_Ros2/install/crop_task_vision/bin'
[0.662s] colcon.colcon_core.shell INFO Creating package script '/home/ubuntu/Intel_study/Intel7_Final_Project_5_Team/RoS2/Sensor_Ros2/install/crop_task_vision/share/crop_task_vision/package.ps1'
[0.663s] colcon.colcon_core.shell INFO Creating package descriptor '/home/ubuntu/Intel_study/Intel7_Final_Project_5_Team/RoS2/Sensor_Ros2/install/crop_task_vision/share/crop_task_vision/package.dsv'
[0.663s] colcon.colcon_core.shell INFO Creating package script '/home/ubuntu/Intel_study/Intel7_Final_Project_5_Team/RoS2/Sensor_Ros2/install/crop_task_vision/share/crop_task_vision/package.sh'
[0.663s] colcon.colcon_core.shell INFO Creating package script '/home/ubuntu/Intel_study/Intel7_Final_Project_5_Team/RoS2/Sensor_Ros2/install/crop_task_vision/share/crop_task_vision/package.bash'
[0.664s] colcon.colcon_core.shell INFO Creating package script '/home/ubuntu/Intel_study/Intel7_Final_Project_5_Team/RoS2/Sensor_Ros2/install/crop_task_vision/share/crop_task_vision/package.zsh'
[0.664s] colcon.colcon_core.environment Level 1 create_file_with_runtime_dependencies(/home/ubuntu/Intel_study/Intel7_Final_Project_5_Team/RoS2/Sensor_Ros2/install/crop_task_vision/share/colcon-core/packages/crop_task_vision)
[0.674s] colcon.colcon_parallel_executor.executor.parallel DEBUG closing loop
[0.674s] colcon.colcon_parallel_executor.executor.parallel DEBUG loop closed
[0.674s] colcon.colcon_parallel_executor.executor.parallel DEBUG run_until_complete finished with '2'
[0.674s] colcon.colcon_core.event_reactor DEBUG joining thread
[0.680s] colcon.colcon_core.plugin_system INFO Skipping extension 'colcon_notification.desktop_notification.terminal_notifier': Not used on non-Darwin systems
[0.680s] colcon.colcon_core.plugin_system INFO Skipping extension 'colcon_notification.desktop_notification.win32': Not used on non-Windows systems
[0.680s] colcon.colcon_notification.desktop_notification INFO Sending desktop notification using 'notify2'
[0.680s] colcon.colcon_notification.desktop_notification.notify2 DEBUG Failed to initialize notify2: org.freedesktop.DBus.Error.AccessDenied: Failed to connect to socket /run/user/1000/bus: Operation not permitted
[0.680s] colcon.colcon_core.event_reactor DEBUG joined thread
[0.680s] colcon.colcon_core.shell INFO Creating prefix script '/home/ubuntu/Intel_study/Intel7_Final_Project_5_Team/RoS2/Sensor_Ros2/install/local_setup.ps1'
[0.681s] colcon.colcon_core.shell INFO Creating prefix util module '/home/ubuntu/Intel_study/Intel7_Final_Project_5_Team/RoS2/Sensor_Ros2/install/_local_setup_util_ps1.py'
[0.682s] colcon.colcon_core.shell INFO Creating prefix chain script '/home/ubuntu/Intel_study/Intel7_Final_Project_5_Team/RoS2/Sensor_Ros2/install/setup.ps1'
[0.683s] colcon.colcon_core.shell INFO Creating prefix script '/home/ubuntu/Intel_study/Intel7_Final_Project_5_Team/RoS2/Sensor_Ros2/install/local_setup.sh'
[0.683s] colcon.colcon_core.shell INFO Creating prefix util module '/home/ubuntu/Intel_study/Intel7_Final_Project_5_Team/RoS2/Sensor_Ros2/install/_local_setup_util_sh.py'
[0.683s] colcon.colcon_core.shell INFO Creating prefix chain script '/home/ubuntu/Intel_study/Intel7_Final_Project_5_Team/RoS2/Sensor_Ros2/install/setup.sh'
[0.684s] colcon.colcon_core.shell INFO Creating prefix script '/home/ubuntu/Intel_study/Intel7_Final_Project_5_Team/RoS2/Sensor_Ros2/install/local_setup.bash'
[0.685s] colcon.colcon_core.shell INFO Creating prefix chain script '/home/ubuntu/Intel_study/Intel7_Final_Project_5_Team/RoS2/Sensor_Ros2/install/setup.bash'
[0.686s] colcon.colcon_core.shell INFO Creating prefix script '/home/ubuntu/Intel_study/Intel7_Final_Project_5_Team/RoS2/Sensor_Ros2/install/local_setup.zsh'
[0.686s] colcon.colcon_core.shell INFO Creating prefix chain script '/home/ubuntu/Intel_study/Intel7_Final_Project_5_Team/RoS2/Sensor_Ros2/install/setup.zsh'
