[0.007s] Invoking command in '/home/ubuntu/Intel_study/Intel7_Final_Project_5_Team/RoS2/Sensor_Ros2/build/crop_task_vision': CMAKE_PREFIX_PATH=${CMAKE_PREFIX_PATH}:/home/ubuntu/turtlebot3_ws/install/turtlebot3_example:/home/ubuntu/Intel_study/Intel7_Final_Project_5_Team/RoS2/Sensor_Ros2/install/wall_follower:/opt/ros/humble /usr/bin/cmake --build /home/ubuntu/Intel_study/Intel7_Final_Project_5_Team/RoS2/Sensor_Ros2/build/crop_task_vision -- -j24 -l24
[0.041s] Consolidate compiler generated dependencies of target crop_task_node_lib
[0.051s] [ 25%] Building CXX object CMakeFiles/crop_task_node_lib.dir/src/crop_task_node.cpp.o
[6.788s] [ 50%] Linking CXX static library libcrop_task_node_lib.a
[6.998s] [ 50%] Built target crop_task_node_lib
[7.014s] [ 75%] Building CXX object CMakeFiles/crop_task_node.dir/src/crop_task_main.cpp.o
[8.659s] [100%] Linking CXX executable crop_task_node
[9.259s] [100%] Built target crop_task_node
[9.268s] Invoked command in '/home/ubuntu/Intel_study/Intel7_Final_Project_5_Team/RoS2/Sensor_Ros2/build/crop_task_vision' returned '0': CMAKE_PREFIX_PATH=${CMAKE_PREFIX_PATH}:/home/ubuntu/turtlebot3_ws/install/turtlebot3_example:/home/ubuntu/Intel_study/Intel7_Final_Project_5_Team/RoS2/Sensor_Ros2/install/wall_follower:/opt/ros/humble /usr/bin/cmake --build /home/ubuntu/Intel_study/Intel7_Final_Project_5_Team/RoS2/Sensor_Ros2/build/crop_task_vision -- -j24 -l24
[9.276s] Invoking command in '/home/ubuntu/Intel_study/Intel7_Final_Project_5_Team/RoS2/Sensor_Ros2/build/crop_task_vision': CMAKE_PREFIX_PATH=${CMAKE_PREFIX_PATH}:/home/ubuntu/turtlebot3_ws/install/turtlebot3_example:/home/ubuntu/Intel_study/Intel7_Final_Project_5_Team/RoS2/Sensor_Ros2/install/wall_follower:/opt/ros/humble /usr/bin/cmake --install /home/ubuntu/Intel_study/Intel7_Final_Project_5_Team/RoS2/Sensor_Ros2/build/crop_task_vision
[9.280s] -- Install configuration: ""
[9.280s] -- Installing: /home/ubuntu/Intel_study/Intel7_Final_Project_5_Team/RoS2/Sensor_Ros2/install/crop_task_vision/lib/libcrop_task_node_lib.a
[9.290s] -- Installing: /home/ubuntu/Intel_study/Intel7_Final_Project_5_Team/RoS2/Sensor_Ros2/install/crop_task_vision/lib/crop_task_vision/crop_task_node
[9.293s] -- Set runtime path of "/home/ubuntu/Intel_study/Intel7_Final_Project_5_Team/RoS2/Sensor_Ros2/install/crop_task_vision/lib/crop_task_vision/crop_task_node" to ""
[9.293s] -- Installing: /home/ubuntu/Intel_study/Intel7_Final_Project_5_Team/RoS2/Sensor_Ros2/install/crop_task_vision/include
[9.293s] -- Installing: /home/ubuntu/Intel_study/Intel7_Final_Project_5_Team/RoS2/Sensor_Ros2/install/crop_task_vision/include/crop_task_vision
[9.294s] -- Installing: /home/ubuntu/Intel_study/Intel7_Final_Project_5_Team/RoS2/Sensor_Ros2/install/crop_task_vision/include/crop_task_vision/crop_task_node.hpp
[9.294s] -- Installing: /home/ubuntu/Intel_study/Intel7_Final_Project_5_Team/RoS2/Sensor_Ros2/install/crop_task_vision/share/crop_task_vision/config
[9.294s] -- Installing: /home/ubuntu/Intel_study/Intel7_Final_Project_5_Team/RoS2/Sensor_Ros2/install/crop_task_vision/share/crop_task_vision/config/crop_task_params.yaml
[9.294s] -- Installing: /home/ubuntu/Intel_study/Intel7_Final_Project_5_Team/RoS2/Sensor_Ros2/install/crop_task_vision/share/crop_task_vision/environment/library_path.sh
[9.294s] -- Installing: /home/ubuntu/Intel_study/Intel7_Final_Project_5_Team/RoS2/Sensor_Ros2/install/crop_task_vision/share/crop_task_vision/environment/library_path.dsv
[9.294s] -- Installing: /home/ubuntu/Intel_study/Intel7_Final_Project_5_Team/RoS2/Sensor_Ros2/install/crop_task_vision/share/ament_index/resource_index/package_run_dependencies/crop_task_vision
[9.294s] -- Installing: /home/ubuntu/Intel_study/Intel7_Final_Project_5_Team/RoS2/Sensor_Ros2/install/crop_task_vision/share/ament_index/resource_index/parent_prefix_path/crop_task_vision
[9.294s] -- Installing: /home/ubuntu/Intel_study/Intel7_Final_Project_5_Team/RoS2/Sensor_Ros2/install/crop_task_vision/share/crop_task_vision/environment/ament_prefix_path.sh
[9.294s] -- Installing: /home/ubuntu/Intel_study/Intel7_Final_Project_5_Team/RoS2/Sensor_Ros2/install/crop_task_vision/share/crop_task_vision/environment/ament_prefix_path.dsv
[9.294s] -- Installing: /home/ubuntu/Intel_study/Intel7_Final_Project_5_Team/RoS2/Sensor_Ros2/install/crop_task_vision/share/crop_task_vision/environment/path.sh
[9.294s] -- Installing: /home/ubuntu/Intel_study/Intel7_Final_Project_5_Team/RoS2/Sensor_Ros2/install/crop_task_vision/share/crop_task_vision/environment/path.dsv
[9.294s] -- Installing: /home/ubuntu/Intel_study/Intel7_Final_Project_5_Team/RoS2/Sensor_Ros2/install/crop_task_vision/share/crop_task_vision/local_setup.bash
[9.294s] -- Installing: /home/ubuntu/Intel_study/Intel7_Final_Project_5_Team/RoS2/Sensor_Ros2/install/crop_task_vision/share/crop_task_vision/local_setup.sh
[9.294s] -- Installing: /home/ubuntu/Intel_study/Intel7_Final_Project_5_Team/RoS2/Sensor_Ros2/install/crop_task_vision/share/crop_task_vision/local_setup.zsh
[9.294s] -- Installing: /home/ubuntu/Intel_study/Intel7_Final_Project_5_Team/RoS2/Sensor_Ros2/install/crop_task_vision/share/crop_task_vision/local_setup.dsv
[9.294s] -- Installing: /home/ubuntu/Intel_study/Intel7_Final_Project_5_Team/RoS2/Sensor_Ros2/install/crop_task_vision/share/crop_task_vision/package.dsv
[9.294s] -- Installing: /home/ubuntu/Intel_study/Intel7_Final_Project_5_Team/RoS2/Sensor_Ros2/install/crop_task_vision/share/ament_index/resource_index/packages/crop_task_vision
[9.294s] -- Installing: /home/ubuntu/Intel_study/Intel7_Final_Project_5_Team/RoS2/Sensor_Ros2/install/crop_task_vision/share/crop_task_vision/cmake/ament_cmake_export_include_directories-extras.cmake
[9.294s] -- Installing: /home/ubuntu/Intel_study/Intel7_Final_Project_5_Team/RoS2/Sensor_Ros2/install/crop_task_vision/share/crop_task_vision/cmake/ament_cmake_export_libraries-extras.cmake
[9.294s] -- Installing: /home/ubuntu/Intel_study/Intel7_Final_Project_5_Team/RoS2/Sensor_Ros2/install/crop_task_vision/share/crop_task_vision/cmake/crop_task_visionConfig.cmake
[9.294s] -- Installing: /home/ubuntu/Intel_study/Intel7_Final_Project_5_Team/RoS2/Sensor_Ros2/install/crop_task_vision/share/crop_task_vision/cmake/crop_task_visionConfig-version.cmake
[9.295s] -- Installing: /home/ubuntu/Intel_study/Intel7_Final_Project_5_Team/RoS2/Sensor_Ros2/install/crop_task_vision/share/crop_task_vision/package.xml
[30.021s] Invoked command in '/home/ubuntu/Intel_study/Intel7_Final_Project_5_Team/RoS2/Sensor_Ros2/build/crop_task_vision' returned '0': CMAKE_PREFIX_PATH=${CMAKE_PREFIX_PATH}:/home/ubuntu/turtlebot3_ws/install/turtlebot3_example:/home/ubuntu/Intel_study/Intel7_Final_Project_5_Team/RoS2/Sensor_Ros2/install/wall_follower:/opt/ros/humble /usr/bin/cmake --install /home/ubuntu/Intel_study/Intel7_Final_Project_5_Team/RoS2/Sensor_Ros2/build/crop_task_vision
