Consolidate compiler generated dependencies of target i2c_distance_node
[ 50%] Building CXX object CMakeFiles/i2c_distance_node.dir/src/i2c_distance_node.cpp.o
[100%] Linking CXX executable i2c_distance_node
[100%] Built target i2c_distance_node
-- Install configuration: ""
-- Installing: /home/ubuntu/Intel_study/Intel7_Final_Project_5_Team/RoS2/Sensor_Ros2/install/i2c_distance_publisher/lib/i2c_distance_publisher/i2c_distance_node
-- Set runtime path of "/home/ubuntu/Intel_study/Intel7_Final_Project_5_Team/RoS2/Sensor_Ros2/install/i2c_distance_publisher/lib/i2c_distance_publisher/i2c_distance_node" to ""
-- Installing: /home/ubuntu/Intel_study/Intel7_Final_Project_5_Team/RoS2/Sensor_Ros2/install/i2c_distance_publisher/include
-- Installing: /home/ubuntu/Intel_study/Intel7_Final_Project_5_Team/RoS2/Sensor_Ros2/install/i2c_distance_publisher/include/i2c_distance_publisher
-- Installing: /home/ubuntu/Intel_study/Intel7_Final_Project_5_Team/RoS2/Sensor_Ros2/install/i2c_distance_publisher/include/i2c_distance_publisher/i2c_distance_node.hpp
-- Installing: /home/ubuntu/Intel_study/Intel7_Final_Project_5_Team/RoS2/Sensor_Ros2/install/i2c_distance_publisher/share/ament_index/resource_index/package_run_dependencies/i2c_distance_publisher
-- Installing: /home/ubuntu/Intel_study/Intel7_Final_Project_5_Team/RoS2/Sensor_Ros2/install/i2c_distance_publisher/share/ament_index/resource_index/parent_prefix_path/i2c_distance_publisher
-- Installing: /home/ubuntu/Intel_study/Intel7_Final_Project_5_Team/RoS2/Sensor_Ros2/install/i2c_distance_publisher/share/i2c_distance_publisher/environment/ament_prefix_path.sh
-- Installing: /home/ubuntu/Intel_study/Intel7_Final_Project_5_Team/RoS2/Sensor_Ros2/install/i2c_distance_publisher/share/i2c_distance_publisher/environment/ament_prefix_path.dsv
-- Installing: /home/ubuntu/Intel_study/Intel7_Final_Project_5_Team/RoS2/Sensor_Ros2/install/i2c_distance_publisher/share/i2c_distance_publisher/environment/path.sh
-- Installing: /home/ubuntu/Intel_study/Intel7_Final_Project_5_Team/RoS2/Sensor_Ros2/install/i2c_distance_publisher/share/i2c_distance_publisher/environment/path.dsv
-- Installing: /home/ubuntu/Intel_study/Intel7_Final_Project_5_Team/RoS2/Sensor_Ros2/install/i2c_distance_publisher/share/i2c_distance_publisher/local_setup.bash
-- Installing: /home/ubuntu/Intel_study/Intel7_Final_Project_5_Team/RoS2/Sensor_Ros2/install/i2c_distance_publisher/share/i2c_distance_publisher/local_setup.sh
-- Installing: /home/ubuntu/Intel_study/Intel7_Final_Project_5_Team/RoS2/Sensor_Ros2/install/i2c_distance_publisher/share/i2c_distance_publisher/local_setup.zsh
-- Installing: /home/ubuntu/Intel_study/Intel7_Final_Project_5_Team/RoS2/Sensor_Ros2/install/i2c_distance_publisher/share/i2c_distance_publisher/local_setup.dsv
-- Installing: /home/ubuntu/Intel_study/Intel7_Final_Project_5_Team/RoS2/Sensor_Ros2/install/i2c_distance_publisher/share/i2c_distance_publisher/package.dsv
-- Installing: /home/ubuntu/Intel_study/Intel7_Final_Project_5_Team/RoS2/Sensor_Ros2/install/i2c_distance_publisher/share/ament_index/resource_index/packages/i2c_distance_publisher
-- Installing: /home/ubuntu/Intel_study/Intel7_Final_Project_5_Team/RoS2/Sensor_Ros2/install/i2c_distance_publisher/share/i2c_distance_publisher/cmake/i2c_distance_publisherConfig.cmake
-- Installing: /home/ubuntu/Intel_study/Intel7_Final_Project_5_Team/RoS2/Sensor_Ros2/install/i2c_distance_publisher/share/i2c_distance_publisher/cmake/i2c_distance_publisherConfig-version.cmake
-- Installing: /home/ubuntu/Intel_study/Intel7_Final_Project_5_Team/RoS2/Sensor_Ros2/install/i2c_distance_publisher/share/i2c_distance_publisher/package.xml
