running develop
running egg_info
creating turtlebot3_automatic_parking.egg-info
writing turtlebot3_automatic_parking.egg-info/PKG-INFO
writing dependency_links to turtlebot3_automatic_parking.egg-info/dependency_links.txt
writing entry points to turtlebot3_automatic_parking.egg-info/entry_points.txt
writing requirements to turtlebot3_automatic_parking.egg-info/requires.txt
writing top-level names to turtlebot3_automatic_parking.egg-info/top_level.txt
writing manifest file 'turtlebot3_automatic_parking.egg-info/SOURCES.txt'
reading manifest file 'turtlebot3_automatic_parking.egg-info/SOURCES.txt'
writing manifest file 'turtlebot3_automatic_parking.egg-info/SOURCES.txt'
running build_ext
Creating /home/ubuntu/turtlebot3_ws/src/install/turtlebot3_automatic_parking/lib/python3.10/site-packages/turtlebot3-automatic-parking.egg-link (link to .)
Installing turtlebot3_automatic_parking script to /home/ubuntu/turtlebot3_ws/src/install/turtlebot3_automatic_parking/lib/turtlebot3_automatic_parking

Installed /home/ubuntu/turtlebot3_ws/src/build/turtlebot3_automatic_parking
running symlink_data
creating /home/ubuntu/turtlebot3_ws/src/install/turtlebot3_automatic_parking/share/ament_index
creating /home/ubuntu/turtlebot3_ws/src/install/turtlebot3_automatic_parking/share/ament_index/resource_index
creating /home/ubuntu/turtlebot3_ws/src/install/turtlebot3_automatic_parking/share/ament_index/resource_index/packages
symbolically linking /home/ubuntu/turtlebot3_ws/src/build/turtlebot3_automatic_parking/resource/turtlebot3_automatic_parking -> /home/ubuntu/turtlebot3_ws/src/install/turtlebot3_automatic_parking/share/ament_index/resource_index/packages
symbolically linking /home/ubuntu/turtlebot3_ws/src/build/turtlebot3_automatic_parking/package.xml -> /home/ubuntu/turtlebot3_ws/src/install/turtlebot3_automatic_parking/share/turtlebot3_automatic_parking
creating /home/ubuntu/turtlebot3_ws/src/install/turtlebot3_automatic_parking/share/turtlebot3_automatic_parking/launch
symbolically linking /home/ubuntu/turtlebot3_ws/src/build/turtlebot3_automatic_parking/launch/turtlebot3_automatic_parking.launch.py -> /home/ubuntu/turtlebot3_ws/src/install/turtlebot3_automatic_parking/share/turtlebot3_automatic_parking/launch
