[0.068s] colcon DEBUG Command line arguments: ['/usr/bin/colcon', 'build', '--packages-select', 'sub_robot_sim']
[0.068s] colcon DEBUG Parsed command line arguments: Namespace(log_base=None, log_level=None, verb_name='build', build_base='build', install_base='install', merge_install=False, symlink_install=False, test_result_base=None, continue_on_error=False, executor='parallel', parallel_workers=24, event_handlers=None, ignore_user_meta=False, metas=['./colcon.meta'], base_paths=['.'], packages_ignore=None, packages_ignore_regex=None, paths=None, packages_up_to=None, packages_up_to_regex=None, packages_above=None, packages_above_and_dependencies=None, packages_above_depth=None, packages_select_by_dep=None, packages_skip_by_dep=None, packages_skip_up_to=None, packages_select_build_failed=False, packages_skip_build_finished=False, packages_select_test_failures=False, packages_skip_test_passed=False, packages_select=['sub_robot_sim'], packages_skip=None, packages_select_regex=None, packages_skip_regex=None, packages_start=None, packages_end=None, allow_overriding=[], cmake_args=None, cmake_target=None, cmake_target_skip_unavailable=False, cmake_clean_cache=False, cmake_clean_first=False, cmake_force_configure=False, ament_cmake_args=None, catkin_cmake_args=None, catkin_skip_building_tests=False, mixin_files=None, mixin=None, verb_parser=<colcon_mixin.mixin.mixin_argument.MixinArgumentDecorator object at 0x7c758624b370>, verb_extension=<colcon_core.verb.build.BuildVerb object at 0x7c758624ae60>, main=<bound method BuildVerb.main of <colcon_core.verb.build.BuildVerb object at 0x7c758624ae60>>, mixin_verb=('build',))
[0.090s] colcon.colcon_core.package_discovery Level 1 discover_packages(colcon_meta) check parameters
[0.090s] colcon.colcon_core.package_discovery Level 1 discover_packages(recursive) check parameters
[0.090s] colcon.colcon_core.package_discovery Level 1 discover_packages(ignore) check parameters
[0.090s] colcon.colcon_core.package_discovery Level 1 discover_packages(path) check parameters
[0.090s] colcon.colcon_core.package_discovery Level 1 discover_packages(colcon_meta) discover
[0.090s] colcon.colcon_core.package_discovery Level 1 discover_packages(recursive) discover
[0.090s] colcon.colcon_core.package_discovery INFO Crawling recursively for packages in '/home/ubuntu/Intel_study/Intel7_Final_Project_5_Team/RoS2/Sensor_Ros2'
[0.090s] colcon.colcon_core.package_identification Level 1 _identify(.) by extensions ['ignore', 'ignore_ament_install']
[0.091s] colcon.colcon_core.package_identification Level 1 _identify(.) by extension 'ignore'
[0.091s] colcon.colcon_core.package_identification Level 1 _identify(.) by extension 'ignore_ament_install'
[0.091s] colcon.colcon_core.package_identification Level 1 _identify(.) by extensions ['colcon_pkg']
[0.091s] colcon.colcon_core.package_identification Level 1 _identify(.) by extension 'colcon_pkg'
[0.091s] colcon.colcon_core.package_identification Level 1 _identify(.) by extensions ['colcon_meta']
[0.091s] colcon.colcon_core.package_identification Level 1 _identify(.) by extension 'colcon_meta'
[0.091s] colcon.colcon_core.package_identification Level 1 _identify(.) by extensions ['ros']
[0.091s] colcon.colcon_core.package_identification Level 1 _identify(.) by extension 'ros'
[0.099s] colcon.colcon_core.package_identification Level 1 _identify(.) by extensions ['cmake', 'python']
[0.099s] colcon.colcon_core.package_identification Level 1 _identify(.) by extension 'cmake'
[0.099s] colcon.colcon_core.package_identification Level 1 _identify(.) by extension 'python'
[0.099s] colcon.colcon_core.package_identification Level 1 _identify(.) by extensions ['python_setup_py']
[0.099s] colcon.colcon_core.package_identification Level 1 _identify(.) by extension 'python_setup_py'
[0.099s] colcon.colcon_core.package_identification Level 1 _identify(build) by extensions ['ignore', 'ignore_ament_install']
[0.099s] colcon.colcon_core.package_identification Level 1 _identify(build) by extension 'ignore'
[0.099s] colcon.colcon_core.package_identification Level 1 _identify(build) ignored
[0.099s] colcon.colcon_core.package_identification Level 1 _identify(install) by extensions ['ignore', 'ignore_ament_install']
[0.099s] colcon.colcon_core.package_identification Level 1 _identify(install) by extension 'ignore'
[0.099s] colcon.colcon_core.package_identification Level 1 _identify(install) ignored
[0.099s] colcon.colcon_core.package_identification Level 1 _identify(log) by extensions ['ignore', 'ignore_ament_install']
[0.099s] colcon.colcon_core.package_identification Level 1 _identify(log) by extension 'ignore'
[0.099s] colcon.colcon_core.package_identification Level 1 _identify(log) ignored
[0.099s] colcon.colcon_core.package_identification Level 1 _identify(src) by extensions ['ignore', 'ignore_ament_install']
[0.099s] colcon.colcon_core.package_identification Level 1 _identify(src) by extension 'ignore'
[0.099s] colcon.colcon_core.package_identification Level 1 _identify(src) by extension 'ignore_ament_install'
[0.099s] colcon.colcon_core.package_identification Level 1 _identify(src) by extensions ['colcon_pkg']
[0.099s] colcon.colcon_core.package_identification Level 1 _identify(src) by extension 'colcon_pkg'
[0.099s] colcon.colcon_core.package_identification Level 1 _identify(src) by extensions ['colcon_meta']
[0.099s] colcon.colcon_core.package_identification Level 1 _identify(src) by extension 'colcon_meta'
[0.099s] colcon.colcon_core.package_identification Level 1 _identify(src) by extensions ['ros']
[0.099s] colcon.colcon_core.package_identification Level 1 _identify(src) by extension 'ros'
[0.099s] colcon.colcon_core.package_identification Level 1 _identify(src) by extensions ['cmake', 'python']
[0.099s] colcon.colcon_core.package_identification Level 1 _identify(src) by extension 'cmake'
[0.099s] colcon.colcon_core.package_identification Level 1 _identify(src) by extension 'python'
[0.099s] colcon.colcon_core.package_identification Level 1 _identify(src) by extensions ['python_setup_py']
[0.099s] colcon.colcon_core.package_identification Level 1 _identify(src) by extension 'python_setup_py'
[0.099s] colcon.colcon_core.package_identification Level 1 _identify(src/sub_robot_bringup) by extensions ['ignore', 'ignore_ament_install']
[0.099s] colcon.colcon_core.package_identification Level 1 _identify(src/sub_robot_bringup) by extension 'ignore'
[0.100s] colcon.colcon_core.package_identification Level 1 _identify(src/sub_robot_bringup) by extension 'ignore_ament_install'
[0.100s] colcon.colcon_core.package_identification Level 1 _identify(src/sub_robot_bringup) by extensions ['colcon_pkg']
[0.100s] colcon.colcon_core.package_identification Level 1 _identify(src/sub_robot_bringup) by extension 'colcon_pkg'
[0.100s] colcon.colcon_core.package_identification Level 1 _identify(src/sub_robot_bringup) by extensions ['colcon_meta']
[0.100s] colcon.colcon_core.package_identification Level 1 _identify(src/sub_robot_bringup) by extension 'colcon_meta'
[0.100s] colcon.colcon_core.package_identification Level 1 _identify(src/sub_robot_bringup) by extensions ['ros']
[0.100s] colcon.colcon_core.package_identification Level 1 _identify(src/sub_robot_bringup) by extension 'ros'
[0.101s] colcon.colcon_core.package_identification DEBUG Package 'src/sub_robot_bringup' with type 'ros.ament_cmake' and name 'sub_robot_bringup'
[0.102s] colcon.colcon_core.package_identification Level 1 _identify(src/sub_robot_core) by extensions ['ignore', 'ignore_ament_install']
[0.102s] colcon.colcon_core.package_identification Level 1 _identify(src/sub_robot_core) by extension 'ignore'
[0.102s] colcon.colcon_core.package_identification Level 1 _identify(src/sub_robot_core) by extension 'ignore_ament_install'
[0.102s] colcon.colcon_core.package_identification Level 1 _identify(src/sub_robot_core) by extensions ['colcon_pkg']
[0.102s] colcon.colcon_core.package_identification Level 1 _identify(src/sub_robot_core) by extension 'colcon_pkg'
[0.102s] colcon.colcon_core.package_identification Level 1 _identify(src/sub_robot_core) by extensions ['colcon_meta']
[0.102s] colcon.colcon_core.package_identification Level 1 _identify(src/sub_robot_core) by extension 'colcon_meta'
[0.102s] colcon.colcon_core.package_identification Level 1 _identify(src/sub_robot_core) by extensions ['ros']
[0.102s] colcon.colcon_core.package_identification Level 1 _identify(src/sub_robot_core) by extension 'ros'
[0.102s] colcon.colcon_core.package_identification DEBUG Package 'src/sub_robot_core' with type 'ros.ament_cmake' and name 'sub_robot_core'
[0.102s] colcon.colcon_core.package_identification Level 1 _identify(src/sub_robot_sim) by extensions ['ignore', 'ignore_ament_install']
[0.102s] colcon.colcon_core.package_identification Level 1 _identify(src/sub_robot_sim) by extension 'ignore'
[0.102s] colcon.colcon_core.package_identification Level 1 _identify(src/sub_robot_sim) by extension 'ignore_ament_install'
[0.102s] colcon.colcon_core.package_identification Level 1 _identify(src/sub_robot_sim) by extensions ['colcon_pkg']
[0.102s] colcon.colcon_core.package_identification Level 1 _identify(src/sub_robot_sim) by extension 'colcon_pkg'
[0.102s] colcon.colcon_core.package_identification Level 1 _identify(src/sub_robot_sim) by extensions ['colcon_meta']
[0.102s] colcon.colcon_core.package_identification Level 1 _identify(src/sub_robot_sim) by extension 'colcon_meta'
[0.102s] colcon.colcon_core.package_identification Level 1 _identify(src/sub_robot_sim) by extensions ['ros']
[0.102s] colcon.colcon_core.package_identification Level 1 _identify(src/sub_robot_sim) by extension 'ros'
[0.103s] colcon.colcon_core.package_identification DEBUG Package 'src/sub_robot_sim' with type 'ros.ament_cmake' and name 'sub_robot_sim'
[0.103s] colcon.colcon_core.package_discovery Level 1 discover_packages(recursive) using defaults
[0.103s] colcon.colcon_core.package_discovery Level 1 discover_packages(ignore) discover
[0.103s] colcon.colcon_core.package_discovery Level 1 discover_packages(ignore) using defaults
[0.103s] colcon.colcon_core.package_discovery Level 1 discover_packages(path) discover
[0.103s] colcon.colcon_core.package_discovery Level 1 discover_packages(path) using defaults
[0.111s] colcon.colcon_core.package_selection INFO Skipping not selected package 'sub_robot_core' in 'src/sub_robot_core'
[0.111s] colcon.colcon_core.package_selection INFO Skipping not selected package 'sub_robot_bringup' in 'src/sub_robot_bringup'
[0.111s] colcon.colcon_core.package_discovery Level 1 discover_packages(prefix_path) check parameters
[0.111s] colcon.colcon_core.package_discovery Level 1 discover_packages(prefix_path) discover
[0.112s] colcon.colcon_installed_package_information.package_discovery DEBUG Found 2 installed packages in /home/ubuntu/tb3_sim_ws/install
[0.112s] colcon.colcon_installed_package_information.package_discovery DEBUG Found 4 installed packages in /home/ubuntu/turtlebot3_ws/install
[0.113s] colcon.colcon_installed_package_information.package_discovery DEBUG Found 397 installed packages in /opt/ros/humble
[0.114s] colcon.colcon_core.package_discovery Level 1 discover_packages(prefix_path) using defaults
[0.137s] colcon.colcon_core.verb Level 5 set package 'sub_robot_sim' build argument 'cmake_args' from command line to 'None'
[0.137s] colcon.colcon_core.verb Level 5 set package 'sub_robot_sim' build argument 'cmake_target' from command line to 'None'
[0.137s] colcon.colcon_core.verb Level 5 set package 'sub_robot_sim' build argument 'cmake_target_skip_unavailable' from command line to 'False'
[0.137s] colcon.colcon_core.verb Level 5 set package 'sub_robot_sim' build argument 'cmake_clean_cache' from command line to 'False'
[0.137s] colcon.colcon_core.verb Level 5 set package 'sub_robot_sim' build argument 'cmake_clean_first' from command line to 'False'
[0.137s] colcon.colcon_core.verb Level 5 set package 'sub_robot_sim' build argument 'cmake_force_configure' from command line to 'False'
[0.137s] colcon.colcon_core.verb Level 5 set package 'sub_robot_sim' build argument 'ament_cmake_args' from command line to 'None'
[0.137s] colcon.colcon_core.verb Level 5 set package 'sub_robot_sim' build argument 'catkin_cmake_args' from command line to 'None'
[0.137s] colcon.colcon_core.verb Level 5 set package 'sub_robot_sim' build argument 'catkin_skip_building_tests' from command line to 'False'
[0.137s] colcon.colcon_core.verb DEBUG Building package 'sub_robot_sim' with the following arguments: {'ament_cmake_args': None, 'build_base': '/home/ubuntu/Intel_study/Intel7_Final_Project_5_Team/RoS2/Sensor_Ros2/build/sub_robot_sim', 'catkin_cmake_args': None, 'catkin_skip_building_tests': False, 'cmake_args': None, 'cmake_clean_cache': False, 'cmake_clean_first': False, 'cmake_force_configure': False, 'cmake_target': None, 'cmake_target_skip_unavailable': False, 'install_base': '/home/ubuntu/Intel_study/Intel7_Final_Project_5_Team/RoS2/Sensor_Ros2/install/sub_robot_sim', 'merge_install': False, 'path': '/home/ubuntu/Intel_study/Intel7_Final_Project_5_Team/RoS2/Sensor_Ros2/src/sub_robot_sim', 'symlink_install': False, 'test_result_base': None}
[0.137s] colcon.colcon_core.executor INFO Executing jobs using 'parallel' executor
[0.138s] colcon.colcon_parallel_executor.executor.parallel DEBUG run_until_complete
[0.138s] colcon.colcon_ros.task.ament_cmake.build INFO Building ROS package in '/home/ubuntu/Intel_study/Intel7_Final_Project_5_Team/RoS2/Sensor_Ros2/src/sub_robot_sim' with build type 'ament_cmake'
[0.138s] colcon.colcon_cmake.task.cmake.build INFO Building CMake package in '/home/ubuntu/Intel_study/Intel7_Final_Project_5_Team/RoS2/Sensor_Ros2/src/sub_robot_sim'
[0.139s] colcon.colcon_core.plugin_system INFO Skipping extension 'colcon_core.shell.bat': Not used on non-Windows systems
[0.139s] colcon.colcon_core.shell INFO Skip shell extension 'powershell' for command environment: Not usable outside of PowerShell
[0.139s] colcon.colcon_core.shell DEBUG Skip shell extension 'dsv' for command environment
[0.151s] colcon.colcon_core.event_handler.log_command DEBUG Invoking command in '/home/ubuntu/Intel_study/Intel7_Final_Project_5_Team/RoS2/Sensor_Ros2/build/sub_robot_sim': CMAKE_PREFIX_PATH=${CMAKE_PREFIX_PATH}:/opt/ros/humble /usr/bin/cmake --build /home/ubuntu/Intel_study/Intel7_Final_Project_5_Team/RoS2/Sensor_Ros2/build/sub_robot_sim -- -j24 -l24
[2.240s] colcon.colcon_core.event_handler.log_command DEBUG Invoked command in '/home/ubuntu/Intel_study/Intel7_Final_Project_5_Team/RoS2/Sensor_Ros2/build/sub_robot_sim' returned '2': CMAKE_PREFIX_PATH=${CMAKE_PREFIX_PATH}:/opt/ros/humble /usr/bin/cmake --build /home/ubuntu/Intel_study/Intel7_Final_Project_5_Team/RoS2/Sensor_Ros2/build/sub_robot_sim -- -j24 -l24
[2.241s] colcon.colcon_core.environment Level 1 create_environment_scripts_only(sub_robot_sim)
[2.242s] colcon.colcon_core.environment Level 1 checking '/home/ubuntu/Intel_study/Intel7_Final_Project_5_Team/RoS2/Sensor_Ros2/install/sub_robot_sim' for CMake module files
[2.242s] colcon.colcon_core.environment Level 1 checking '/home/ubuntu/Intel_study/Intel7_Final_Project_5_Team/RoS2/Sensor_Ros2/install/sub_robot_sim' for CMake config files
[2.242s] colcon.colcon_core.environment Level 1 checking '/home/ubuntu/Intel_study/Intel7_Final_Project_5_Team/RoS2/Sensor_Ros2/install/sub_robot_sim/bin'
[2.243s] colcon.colcon_core.environment Level 1 checking '/home/ubuntu/Intel_study/Intel7_Final_Project_5_Team/RoS2/Sensor_Ros2/install/sub_robot_sim/lib/pkgconfig/sub_robot_sim.pc'
[2.243s] colcon.colcon_core.environment Level 1 checking '/home/ubuntu/Intel_study/Intel7_Final_Project_5_Team/RoS2/Sensor_Ros2/install/sub_robot_sim/lib/python3.10/site-packages'
[2.243s] colcon.colcon_core.environment Level 1 checking '/home/ubuntu/Intel_study/Intel7_Final_Project_5_Team/RoS2/Sensor_Ros2/install/sub_robot_sim/bin'
[2.243s] colcon.colcon_core.shell INFO Creating package script '/home/ubuntu/Intel_study/Intel7_Final_Project_5_Team/RoS2/Sensor_Ros2/install/sub_robot_sim/share/sub_robot_sim/package.ps1'
[2.243s] colcon.colcon_core.shell INFO Creating package descriptor '/home/ubuntu/Intel_study/Intel7_Final_Project_5_Team/RoS2/Sensor_Ros2/install/sub_robot_sim/share/sub_robot_sim/package.dsv'
[2.244s] colcon.colcon_core.shell INFO Creating package script '/home/ubuntu/Intel_study/Intel7_Final_Project_5_Team/RoS2/Sensor_Ros2/install/sub_robot_sim/share/sub_robot_sim/package.sh'
[2.244s] colcon.colcon_core.shell INFO Creating package script '/home/ubuntu/Intel_study/Intel7_Final_Project_5_Team/RoS2/Sensor_Ros2/install/sub_robot_sim/share/sub_robot_sim/package.bash'
[2.245s] colcon.colcon_core.shell INFO Creating package script '/home/ubuntu/Intel_study/Intel7_Final_Project_5_Team/RoS2/Sensor_Ros2/install/sub_robot_sim/share/sub_robot_sim/package.zsh'
[2.245s] colcon.colcon_core.environment Level 1 create_file_with_runtime_dependencies(/home/ubuntu/Intel_study/Intel7_Final_Project_5_Team/RoS2/Sensor_Ros2/install/sub_robot_sim/share/colcon-core/packages/sub_robot_sim)
[2.255s] colcon.colcon_parallel_executor.executor.parallel DEBUG closing loop
[2.255s] colcon.colcon_parallel_executor.executor.parallel DEBUG loop closed
[2.255s] colcon.colcon_parallel_executor.executor.parallel DEBUG run_until_complete finished with '2'
[2.256s] colcon.colcon_core.event_reactor DEBUG joining thread
[2.259s] colcon.colcon_core.plugin_system INFO Skipping extension 'colcon_notification.desktop_notification.terminal_notifier': Not used on non-Darwin systems
[2.259s] colcon.colcon_core.plugin_system INFO Skipping extension 'colcon_notification.desktop_notification.win32': Not used on non-Windows systems
[2.259s] colcon.colcon_notification.desktop_notification INFO Sending desktop notification using 'notify2'
[2.266s] colcon.colcon_core.event_reactor DEBUG joined thread
[2.266s] colcon.colcon_core.shell INFO Creating prefix script '/home/ubuntu/Intel_study/Intel7_Final_Project_5_Team/RoS2/Sensor_Ros2/install/local_setup.ps1'
[2.267s] colcon.colcon_core.shell INFO Creating prefix util module '/home/ubuntu/Intel_study/Intel7_Final_Project_5_Team/RoS2/Sensor_Ros2/install/_local_setup_util_ps1.py'
[2.268s] colcon.colcon_core.shell INFO Creating prefix chain script '/home/ubuntu/Intel_study/Intel7_Final_Project_5_Team/RoS2/Sensor_Ros2/install/setup.ps1'
[2.269s] colcon.colcon_core.shell INFO Creating prefix script '/home/ubuntu/Intel_study/Intel7_Final_Project_5_Team/RoS2/Sensor_Ros2/install/local_setup.sh'
[2.270s] colcon.colcon_core.shell INFO Creating prefix util module '/home/ubuntu/Intel_study/Intel7_Final_Project_5_Team/RoS2/Sensor_Ros2/install/_local_setup_util_sh.py'
[2.271s] colcon.colcon_core.shell INFO Creating prefix chain script '/home/ubuntu/Intel_study/Intel7_Final_Project_5_Team/RoS2/Sensor_Ros2/install/setup.sh'
[2.272s] colcon.colcon_core.shell INFO Creating prefix script '/home/ubuntu/Intel_study/Intel7_Final_Project_5_Team/RoS2/Sensor_Ros2/install/local_setup.bash'
[2.272s] colcon.colcon_core.shell INFO Creating prefix chain script '/home/ubuntu/Intel_study/Intel7_Final_Project_5_Team/RoS2/Sensor_Ros2/install/setup.bash'
[2.273s] colcon.colcon_core.shell INFO Creating prefix script '/home/ubuntu/Intel_study/Intel7_Final_Project_5_Team/RoS2/Sensor_Ros2/install/local_setup.zsh'
[2.274s] colcon.colcon_core.shell INFO Creating prefix chain script '/home/ubuntu/Intel_study/Intel7_Final_Project_5_Team/RoS2/Sensor_Ros2/install/setup.zsh'
