running develop
running egg_info
creating turtlebot3_automatic_parking_vision.egg-info
writing turtlebot3_automatic_parking_vision.egg-info/PKG-INFO
writing dependency_links to turtlebot3_automatic_parking_vision.egg-info/dependency_links.txt
writing entry points to turtlebot3_automatic_parking_vision.egg-info/entry_points.txt
writing requirements to turtlebot3_automatic_parking_vision.egg-info/requires.txt
writing top-level names to turtlebot3_automatic_parking_vision.egg-info/top_level.txt
writing manifest file 'turtlebot3_automatic_parking_vision.egg-info/SOURCES.txt'
reading manifest file 'turtlebot3_automatic_parking_vision.egg-info/SOURCES.txt'
writing manifest file 'turtlebot3_automatic_parking_vision.egg-info/SOURCES.txt'
running build_ext
Creating /home/ubuntu/turtlebot3_ws/src/install/turtlebot3_automatic_parking_vision/lib/python3.10/site-packages/turtlebot3-automatic-parking-vision.egg-link (link to .)
Installing turtlebot3_automatic_parking_vision script to /home/ubuntu/turtlebot3_ws/src/install/turtlebot3_automatic_parking_vision/lib/turtlebot3_automatic_parking_vision

Installed /home/ubuntu/turtlebot3_ws/src/build/turtlebot3_automatic_parking_vision
running symlink_data
creating /home/ubuntu/turtlebot3_ws/src/install/turtlebot3_automatic_parking_vision/share/ament_index
creating /home/ubuntu/turtlebot3_ws/src/install/turtlebot3_automatic_parking_vision/share/ament_index/resource_index
creating /home/ubuntu/turtlebot3_ws/src/install/turtlebot3_automatic_parking_vision/share/ament_index/resource_index/packages
symbolically linking /home/ubuntu/turtlebot3_ws/src/build/turtlebot3_automatic_parking_vision/resource/turtlebot3_automatic_parking_vision -> /home/ubuntu/turtlebot3_ws/src/install/turtlebot3_automatic_parking_vision/share/ament_index/resource_index/packages
symbolically linking /home/ubuntu/turtlebot3_ws/src/build/turtlebot3_automatic_parking_vision/package.xml -> /home/ubuntu/turtlebot3_ws/src/install/turtlebot3_automatic_parking_vision/share/turtlebot3_automatic_parking_vision
creating /home/ubuntu/turtlebot3_ws/src/install/turtlebot3_automatic_parking_vision/share/turtlebot3_automatic_parking_vision/launch
symbolically linking /home/ubuntu/turtlebot3_ws/src/build/turtlebot3_automatic_parking_vision/launch/turtlebot3_automatic_parking_vision.launch.py -> /home/ubuntu/turtlebot3_ws/src/install/turtlebot3_automatic_parking_vision/share/turtlebot3_automatic_parking_vision/launch
