[60.063s] Invoking command in '/home/ubuntu/Intel_study/Intel7_Final_Project_5_Team/RoS2/Sensor_Ros2/src/wall_follower': PYTHONPATH=/home/ubuntu/Intel_study/Intel7_Final_Project_5_Team/RoS2/Sensor_Ros2/build/wall_follower/prefix_override:/usr/lib/python3/dist-packages/colcon_core/task/python/colcon_distutils_commands:/home/ubuntu/Intel_study/Intel7_Final_Project_5_Team/RoS2/Sensor_Ros2/install/wall_follower/lib/python3.10/site-packages:${PYTHONPATH} /usr/bin/python3 -W ignore:setup.py install is deprecated -W ignore:easy_install command is deprecated setup.py egg_info --egg-base ../../build/wall_follower build --build-base /home/ubuntu/Intel_study/Intel7_Final_Project_5_Team/RoS2/Sensor_Ros2/build/wall_follower/build install --record /home/ubuntu/Intel_study/Intel7_Final_Project_5_Team/RoS2/Sensor_Ros2/build/wall_follower/install.log --single-version-externally-managed install_data
[60.155s] /home/ubuntu/.local/lib/python3.10/site-packages/setuptools/_distutils/dist.py:289: UserWarning: Unknown distribution option: 'tests_require'
[60.155s]   warnings.warn(msg)
[60.213s] running egg_info
[60.222s] writing ../../build/wall_follower/wall_follower.egg-info/PKG-INFO
[60.222s] writing dependency_links to ../../build/wall_follower/wall_follower.egg-info/dependency_links.txt
[60.223s] writing entry points to ../../build/wall_follower/wall_follower.egg-info/entry_points.txt
[60.223s] writing requirements to ../../build/wall_follower/wall_follower.egg-info/requires.txt
[60.223s] writing top-level names to ../../build/wall_follower/wall_follower.egg-info/top_level.txt
[60.242s] reading manifest file '../../build/wall_follower/wall_follower.egg-info/SOURCES.txt'
[60.243s] writing manifest file '../../build/wall_follower/wall_follower.egg-info/SOURCES.txt'
[60.243s] running build
[60.243s] running build_py
[60.243s] copying wall_follower/wall_follow_terminal.py -> /home/ubuntu/Intel_study/Intel7_Final_Project_5_Team/RoS2/Sensor_Ros2/build/wall_follower/build/lib/wall_follower
[60.243s] copying wall_follower/wall_follow_controller.py -> /home/ubuntu/Intel_study/Intel7_Final_Project_5_Team/RoS2/Sensor_Ros2/build/wall_follower/build/lib/wall_follower
[60.243s] copying wall_follower/__init__.py -> /home/ubuntu/Intel_study/Intel7_Final_Project_5_Team/RoS2/Sensor_Ros2/build/wall_follower/build/lib/wall_follower
[60.243s] running install
[60.246s] running install_lib
[60.256s] running install_data
[60.256s] copying resource/wall_follower -> /home/ubuntu/Intel_study/Intel7_Final_Project_5_Team/RoS2/Sensor_Ros2/install/wall_follower/share/ament_index/resource_index/packages
[60.256s] copying package.xml -> /home/ubuntu/Intel_study/Intel7_Final_Project_5_Team/RoS2/Sensor_Ros2/install/wall_follower/share/wall_follower
[60.256s] copying launch/wall_follow.launch.py -> /home/ubuntu/Intel_study/Intel7_Final_Project_5_Team/RoS2/Sensor_Ros2/install/wall_follower/share/wall_follower/launch
[60.256s] copying config/wall_follow_params.yaml -> /home/ubuntu/Intel_study/Intel7_Final_Project_5_Team/RoS2/Sensor_Ros2/install/wall_follower/share/wall_follower/config
[60.256s] running install_egg_info
[60.267s] removing '/home/ubuntu/Intel_study/Intel7_Final_Project_5_Team/RoS2/Sensor_Ros2/install/wall_follower/lib/python3.10/site-packages/wall_follower-0.1.0-py3.10.egg-info' (and everything under it)
[60.267s] Copying ../../build/wall_follower/wall_follower.egg-info to /home/ubuntu/Intel_study/Intel7_Final_Project_5_Team/RoS2/Sensor_Ros2/install/wall_follower/lib/python3.10/site-packages/wall_follower-0.1.0-py3.10.egg-info
[60.267s] running install_scripts
[60.287s] Installing wall_follow_controller script to /home/ubuntu/Intel_study/Intel7_Final_Project_5_Team/RoS2/Sensor_Ros2/install/wall_follower/lib/wall_follower
[60.287s] Installing wall_follow_terminal script to /home/ubuntu/Intel_study/Intel7_Final_Project_5_Team/RoS2/Sensor_Ros2/install/wall_follower/lib/wall_follower
[60.287s] writing list of installed files to '/home/ubuntu/Intel_study/Intel7_Final_Project_5_Team/RoS2/Sensor_Ros2/build/wall_follower/install.log'
[60.300s] Invoked command in '/home/ubuntu/Intel_study/Intel7_Final_Project_5_Team/RoS2/Sensor_Ros2/src/wall_follower' returned '0': PYTHONPATH=/home/ubuntu/Intel_study/Intel7_Final_Project_5_Team/RoS2/Sensor_Ros2/build/wall_follower/prefix_override:/usr/lib/python3/dist-packages/colcon_core/task/python/colcon_distutils_commands:/home/ubuntu/Intel_study/Intel7_Final_Project_5_Team/RoS2/Sensor_Ros2/install/wall_follower/lib/python3.10/site-packages:${PYTHONPATH} /usr/bin/python3 -W ignore:setup.py install is deprecated -W ignore:easy_install command is deprecated setup.py egg_info --egg-base ../../build/wall_follower build --build-base /home/ubuntu/Intel_study/Intel7_Final_Project_5_Team/RoS2/Sensor_Ros2/build/wall_follower/build install --record /home/ubuntu/Intel_study/Intel7_Final_Project_5_Team/RoS2/Sensor_Ros2/build/wall_follower/install.log --single-version-externally-managed install_data
