[30.031s] Invoking command in '/home/ubuntu/Intel_study/Intel7_Final_Project_5_Team/RoS2/Sensor_Ros2/src/wall_follower': PYTHONPATH=/home/ubuntu/Intel_study/Intel7_Final_Project_5_Team/RoS2/Sensor_Ros2/build/wall_follower/prefix_override:/usr/lib/python3/dist-packages/colcon_core/task/python/colcon_distutils_commands:/home/ubuntu/Intel_study/Intel7_Final_Project_5_Team/RoS2/Sensor_Ros2/install/wall_follower/lib/python3.10/site-packages:${PYTHONPATH} /usr/bin/python3 -W ignore:setup.py install is deprecated -W ignore:easy_install command is deprecated setup.py egg_info --egg-base ../../build/wall_follower build --build-base /home/ubuntu/Intel_study/Intel7_Final_Project_5_Team/RoS2/Sensor_Ros2/build/wall_follower/build install --record /home/ubuntu/Intel_study/Intel7_Final_Project_5_Team/RoS2/Sensor_Ros2/build/wall_follower/install.log --single-version-externally-managed install_data
[30.171s] running egg_info
[30.180s] writing ../../build/wall_follower/wall_follower.egg-info/PKG-INFO
[30.180s] writing dependency_links to ../../build/wall_follower/wall_follower.egg-info/dependency_links.txt
[30.180s] writing entry points to ../../build/wall_follower/wall_follower.egg-info/entry_points.txt
[30.180s] writing requirements to ../../build/wall_follower/wall_follower.egg-info/requires.txt
[30.180s] writing top-level names to ../../build/wall_follower/wall_follower.egg-info/top_level.txt
[30.199s] reading manifest file '../../build/wall_follower/wall_follower.egg-info/SOURCES.txt'
[30.199s] writing manifest file '../../build/wall_follower/wall_follower.egg-info/SOURCES.txt'
[30.199s] running build
[30.199s] running build_py
[30.199s] copying wall_follower/wall_follow_terminal.py -> /home/ubuntu/Intel_study/Intel7_Final_Project_5_Team/RoS2/Sensor_Ros2/build/wall_follower/build/lib/wall_follower
[30.199s] copying wall_follower/wall_follow_controller.py -> /home/ubuntu/Intel_study/Intel7_Final_Project_5_Team/RoS2/Sensor_Ros2/build/wall_follower/build/lib/wall_follower
[30.200s] copying wall_follower/__init__.py -> /home/ubuntu/Intel_study/Intel7_Final_Project_5_Team/RoS2/Sensor_Ros2/build/wall_follower/build/lib/wall_follower
[30.200s] running install
[30.202s] running install_lib
[30.211s] running install_data
[30.211s] copying resource/wall_follower -> /home/ubuntu/Intel_study/Intel7_Final_Project_5_Team/RoS2/Sensor_Ros2/install/wall_follower/share/ament_index/resource_index/packages
[30.211s] copying package.xml -> /home/ubuntu/Intel_study/Intel7_Final_Project_5_Team/RoS2/Sensor_Ros2/install/wall_follower/share/wall_follower
[30.212s] copying launch/wall_follow.launch.py -> /home/ubuntu/Intel_study/Intel7_Final_Project_5_Team/RoS2/Sensor_Ros2/install/wall_follower/share/wall_follower/launch
[30.212s] copying config/wall_follow_params.yaml -> /home/ubuntu/Intel_study/Intel7_Final_Project_5_Team/RoS2/Sensor_Ros2/install/wall_follower/share/wall_follower/config
[30.212s] running install_egg_info
[30.221s] removing '/home/ubuntu/Intel_study/Intel7_Final_Project_5_Team/RoS2/Sensor_Ros2/install/wall_follower/lib/python3.10/site-packages/wall_follower-0.1.0-py3.10.egg-info' (and everything under it)
[30.221s] Copying ../../build/wall_follower/wall_follower.egg-info to /home/ubuntu/Intel_study/Intel7_Final_Project_5_Team/RoS2/Sensor_Ros2/install/wall_follower/lib/python3.10/site-packages/wall_follower-0.1.0-py3.10.egg-info
[30.222s] running install_scripts
[30.240s] Installing wall_follow_controller script to /home/ubuntu/Intel_study/Intel7_Final_Project_5_Team/RoS2/Sensor_Ros2/install/wall_follower/lib/wall_follower
[30.240s] Installing wall_follow_terminal script to /home/ubuntu/Intel_study/Intel7_Final_Project_5_Team/RoS2/Sensor_Ros2/install/wall_follower/lib/wall_follower
[30.241s] writing list of installed files to '/home/ubuntu/Intel_study/Intel7_Final_Project_5_Team/RoS2/Sensor_Ros2/build/wall_follower/install.log'
[30.252s] Invoked command in '/home/ubuntu/Intel_study/Intel7_Final_Project_5_Team/RoS2/Sensor_Ros2/src/wall_follower' returned '0': PYTHONPATH=/home/ubuntu/Intel_study/Intel7_Final_Project_5_Team/RoS2/Sensor_Ros2/build/wall_follower/prefix_override:/usr/lib/python3/dist-packages/colcon_core/task/python/colcon_distutils_commands:/home/ubuntu/Intel_study/Intel7_Final_Project_5_Team/RoS2/Sensor_Ros2/install/wall_follower/lib/python3.10/site-packages:${PYTHONPATH} /usr/bin/python3 -W ignore:setup.py install is deprecated -W ignore:easy_install command is deprecated setup.py egg_info --egg-base ../../build/wall_follower build --build-base /home/ubuntu/Intel_study/Intel7_Final_Project_5_Team/RoS2/Sensor_Ros2/build/wall_follower/build install --record /home/ubuntu/Intel_study/Intel7_Final_Project_5_Team/RoS2/Sensor_Ros2/build/wall_follower/install.log --single-version-externally-managed install_data
