[0.069s] colcon DEBUG Command line arguments: ['/usr/bin/colcon', 'build', '--packages-select', 'wall_follower']
[0.069s] colcon DEBUG Parsed command line arguments: Namespace(log_base=None, log_level=None, verb_name='build', build_base='build', install_base='install', merge_install=False, symlink_install=False, test_result_base=None, continue_on_error=False, executor='parallel', parallel_workers=24, event_handlers=None, ignore_user_meta=False, metas=['./colcon.meta'], base_paths=['.'], packages_ignore=None, packages_ignore_regex=None, paths=None, packages_up_to=None, packages_up_to_regex=None, packages_above=None, packages_above_and_dependencies=None, packages_above_depth=None, packages_select_by_dep=None, packages_skip_by_dep=None, packages_skip_up_to=None, packages_select_build_failed=False, packages_skip_build_finished=False, packages_select_test_failures=False, packages_skip_test_passed=False, packages_select=['wall_follower'], packages_skip=None, packages_select_regex=None, packages_skip_regex=None, packages_start=None, packages_end=None, allow_overriding=[], cmake_args=None, cmake_target=None, cmake_target_skip_unavailable=False, cmake_clean_cache=False, cmake_clean_first=False, cmake_force_configure=False, ament_cmake_args=None, catkin_cmake_args=None, catkin_skip_building_tests=False, mixin_files=None, mixin=None, verb_parser=<colcon_mixin.mixin.mixin_argument.MixinArgumentDecorator object at 0x728192a4b340>, verb_extension=<colcon_core.verb.build.BuildVerb object at 0x728192a4ae30>, main=<bound method BuildVerb.main of <colcon_core.verb.build.BuildVerb object at 0x728192a4ae30>>, mixin_verb=('build',))
[0.093s] colcon.colcon_core.package_discovery Level 1 discover_packages(colcon_meta) check parameters
[0.093s] colcon.colcon_core.package_discovery Level 1 discover_packages(recursive) check parameters
[0.093s] colcon.colcon_core.package_discovery Level 1 discover_packages(ignore) check parameters
[0.093s] colcon.colcon_core.package_discovery Level 1 discover_packages(path) check parameters
[0.093s] colcon.colcon_core.package_discovery Level 1 discover_packages(colcon_meta) discover
[0.093s] colcon.colcon_core.package_discovery Level 1 discover_packages(recursive) discover
[0.093s] colcon.colcon_core.package_discovery INFO Crawling recursively for packages in '/home/ubuntu/Intel_study/Intel7_Final_Project_5_Team/RoS2/Sensor_Ros2'
[0.093s] colcon.colcon_core.package_identification Level 1 _identify(.) by extensions ['ignore', 'ignore_ament_install']
[0.093s] colcon.colcon_core.package_identification Level 1 _identify(.) by extension 'ignore'
[0.093s] colcon.colcon_core.package_identification Level 1 _identify(.) by extension 'ignore_ament_install'
[0.093s] colcon.colcon_core.package_identification Level 1 _identify(.) by extensions ['colcon_pkg']
[0.093s] colcon.colcon_core.package_identification Level 1 _identify(.) by extension 'colcon_pkg'
[0.093s] colcon.colcon_core.package_identification Level 1 _identify(.) by extensions ['colcon_meta']
[0.093s] colcon.colcon_core.package_identification Level 1 _identify(.) by extension 'colcon_meta'
[0.093s] colcon.colcon_core.package_identification Level 1 _identify(.) by extensions ['ros']
[0.093s] colcon.colcon_core.package_identification Level 1 _identify(.) by extension 'ros'
[0.101s] colcon.colcon_core.package_identification Level 1 _identify(.) by extensions ['cmake', 'python']
[0.101s] colcon.colcon_core.package_identification Level 1 _identify(.) by extension 'cmake'
[0.101s] colcon.colcon_core.package_identification Level 1 _identify(.) by extension 'python'
[0.101s] colcon.colcon_core.package_identification Level 1 _identify(.) by extensions ['python_setup_py']
[0.102s] colcon.colcon_core.package_identification Level 1 _identify(.) by extension 'python_setup_py'
[0.102s] colcon.colcon_core.package_identification Level 1 _identify(build) by extensions ['ignore', 'ignore_ament_install']
[0.102s] colcon.colcon_core.package_identification Level 1 _identify(build) by extension 'ignore'
[0.102s] colcon.colcon_core.package_identification Level 1 _identify(build) ignored
[0.102s] colcon.colcon_core.package_identification Level 1 _identify(install) by extensions ['ignore', 'ignore_ament_install']
[0.102s] colcon.colcon_core.package_identification Level 1 _identify(install) by extension 'ignore'
[0.102s] colcon.colcon_core.package_identification Level 1 _identify(install) ignored
[0.102s] colcon.colcon_core.package_identification Level 1 _identify(log) by extensions ['ignore', 'ignore_ament_install']
[0.102s] colcon.colcon_core.package_identification Level 1 _identify(log) by extension 'ignore'
[0.102s] colcon.colcon_core.package_identification Level 1 _identify(log) ignored
[0.102s] colcon.colcon_core.package_identification Level 1 _identify(map_gazebo) by extensions ['ignore', 'ignore_ament_install']
[0.102s] colcon.colcon_core.package_identification Level 1 _identify(map_gazebo) by extension 'ignore'
[0.102s] colcon.colcon_core.package_identification Level 1 _identify(map_gazebo) by extension 'ignore_ament_install'
[0.102s] colcon.colcon_core.package_identification Level 1 _identify(map_gazebo) by extensions ['colcon_pkg']
[0.102s] colcon.colcon_core.package_identification Level 1 _identify(map_gazebo) by extension 'colcon_pkg'
[0.102s] colcon.colcon_core.package_identification Level 1 _identify(map_gazebo) by extensions ['colcon_meta']
[0.102s] colcon.colcon_core.package_identification Level 1 _identify(map_gazebo) by extension 'colcon_meta'
[0.102s] colcon.colcon_core.package_identification Level 1 _identify(map_gazebo) by extensions ['ros']
[0.102s] colcon.colcon_core.package_identification Level 1 _identify(map_gazebo) by extension 'ros'
[0.102s] colcon.colcon_core.package_identification Level 1 _identify(map_gazebo) by extensions ['cmake', 'python']
[0.102s] colcon.colcon_core.package_identification Level 1 _identify(map_gazebo) by extension 'cmake'
[0.102s] colcon.colcon_core.package_identification Level 1 _identify(map_gazebo) by extension 'python'
[0.102s] colcon.colcon_core.package_identification Level 1 _identify(map_gazebo) by extensions ['python_setup_py']
[0.102s] colcon.colcon_core.package_identification Level 1 _identify(map_gazebo) by extension 'python_setup_py'
[0.102s] colcon.colcon_core.package_identification Level 1 _identify(src) by extensions ['ignore', 'ignore_ament_install']
[0.102s] colcon.colcon_core.package_identification Level 1 _identify(src) by extension 'ignore'
[0.102s] colcon.colcon_core.package_identification Level 1 _identify(src) by extension 'ignore_ament_install'
[0.102s] colcon.colcon_core.package_identification Level 1 _identify(src) by extensions ['colcon_pkg']
[0.102s] colcon.colcon_core.package_identification Level 1 _identify(src) by extension 'colcon_pkg'
[0.102s] colcon.colcon_core.package_identification Level 1 _identify(src) by extensions ['colcon_meta']
[0.102s] colcon.colcon_core.package_identification Level 1 _identify(src) by extension 'colcon_meta'
[0.102s] colcon.colcon_core.package_identification Level 1 _identify(src) by extensions ['ros']
[0.102s] colcon.colcon_core.package_identification Level 1 _identify(src) by extension 'ros'
[0.102s] colcon.colcon_core.package_identification Level 1 _identify(src) by extensions ['cmake', 'python']
[0.102s] colcon.colcon_core.package_identification Level 1 _identify(src) by extension 'cmake'
[0.103s] colcon.colcon_core.package_identification Level 1 _identify(src) by extension 'python'
[0.103s] colcon.colcon_core.package_identification Level 1 _identify(src) by extensions ['python_setup_py']
[0.103s] colcon.colcon_core.package_identification Level 1 _identify(src) by extension 'python_setup_py'
[0.103s] colcon.colcon_core.package_identification Level 1 _identify(src/sub_robot_bringup) by extensions ['ignore', 'ignore_ament_install']
[0.103s] colcon.colcon_core.package_identification Level 1 _identify(src/sub_robot_bringup) by extension 'ignore'
[0.103s] colcon.colcon_core.package_identification Level 1 _identify(src/sub_robot_bringup) by extension 'ignore_ament_install'
[0.103s] colcon.colcon_core.package_identification Level 1 _identify(src/sub_robot_bringup) by extensions ['colcon_pkg']
[0.103s] colcon.colcon_core.package_identification Level 1 _identify(src/sub_robot_bringup) by extension 'colcon_pkg'
[0.103s] colcon.colcon_core.package_identification Level 1 _identify(src/sub_robot_bringup) by extensions ['colcon_meta']
[0.103s] colcon.colcon_core.package_identification Level 1 _identify(src/sub_robot_bringup) by extension 'colcon_meta'
[0.103s] colcon.colcon_core.package_identification Level 1 _identify(src/sub_robot_bringup) by extensions ['ros']
[0.103s] colcon.colcon_core.package_identification Level 1 _identify(src/sub_robot_bringup) by extension 'ros'
[0.105s] colcon.colcon_core.package_identification DEBUG Package 'src/sub_robot_bringup' with type 'ros.ament_cmake' and name 'sub_robot_bringup'
[0.105s] colcon.colcon_core.package_identification Level 1 _identify(src/sub_robot_core) by extensions ['ignore', 'ignore_ament_install']
[0.105s] colcon.colcon_core.package_identification Level 1 _identify(src/sub_robot_core) by extension 'ignore'
[0.105s] colcon.colcon_core.package_identification Level 1 _identify(src/sub_robot_core) by extension 'ignore_ament_install'
[0.105s] colcon.colcon_core.package_identification Level 1 _identify(src/sub_robot_core) by extensions ['colcon_pkg']
[0.105s] colcon.colcon_core.package_identification Level 1 _identify(src/sub_robot_core) by extension 'colcon_pkg'
[0.105s] colcon.colcon_core.package_identification Level 1 _identify(src/sub_robot_core) by extensions ['colcon_meta']
[0.105s] colcon.colcon_core.package_identification Level 1 _identify(src/sub_robot_core) by extension 'colcon_meta'
[0.105s] colcon.colcon_core.package_identification Level 1 _identify(src/sub_robot_core) by extensions ['ros']
[0.106s] colcon.colcon_core.package_identification Level 1 _identify(src/sub_robot_core) by extension 'ros'
[0.106s] colcon.colcon_core.package_identification DEBUG Package 'src/sub_robot_core' with type 'ros.ament_cmake' and name 'sub_robot_core'
[0.106s] colcon.colcon_core.package_identification Level 1 _identify(src/sub_robot_sim) by extensions ['ignore', 'ignore_ament_install']
[0.106s] colcon.colcon_core.package_identification Level 1 _identify(src/sub_robot_sim) by extension 'ignore'
[0.106s] colcon.colcon_core.package_identification Level 1 _identify(src/sub_robot_sim) by extension 'ignore_ament_install'
[0.106s] colcon.colcon_core.package_identification Level 1 _identify(src/sub_robot_sim) by extensions ['colcon_pkg']
[0.106s] colcon.colcon_core.package_identification Level 1 _identify(src/sub_robot_sim) by extension 'colcon_pkg'
[0.106s] colcon.colcon_core.package_identification Level 1 _identify(src/sub_robot_sim) by extensions ['colcon_meta']
[0.106s] colcon.colcon_core.package_identification Level 1 _identify(src/sub_robot_sim) by extension 'colcon_meta'
[0.106s] colcon.colcon_core.package_identification Level 1 _identify(src/sub_robot_sim) by extensions ['ros']
[0.106s] colcon.colcon_core.package_identification Level 1 _identify(src/sub_robot_sim) by extension 'ros'
[0.107s] colcon.colcon_core.package_identification DEBUG Package 'src/sub_robot_sim' with type 'ros.ament_cmake' and name 'sub_robot_sim'
[0.107s] colcon.colcon_core.package_identification Level 1 _identify(src/wall_follower) by extensions ['ignore', 'ignore_ament_install']
[0.107s] colcon.colcon_core.package_identification Level 1 _identify(src/wall_follower) by extension 'ignore'
[0.107s] colcon.colcon_core.package_identification Level 1 _identify(src/wall_follower) by extension 'ignore_ament_install'
[0.107s] colcon.colcon_core.package_identification Level 1 _identify(src/wall_follower) by extensions ['colcon_pkg']
[0.107s] colcon.colcon_core.package_identification Level 1 _identify(src/wall_follower) by extension 'colcon_pkg'
[0.107s] colcon.colcon_core.package_identification Level 1 _identify(src/wall_follower) by extensions ['colcon_meta']
[0.107s] colcon.colcon_core.package_identification Level 1 _identify(src/wall_follower) by extension 'colcon_meta'
[0.107s] colcon.colcon_core.package_identification Level 1 _identify(src/wall_follower) by extensions ['ros']
[0.107s] colcon.colcon_core.package_identification Level 1 _identify(src/wall_follower) by extension 'ros'
[0.107s] colcon.colcon_core.package_identification DEBUG Package 'src/wall_follower' with type 'ros.ament_python' and name 'wall_follower'
[0.107s] colcon.colcon_core.package_discovery Level 1 discover_packages(recursive) using defaults
[0.107s] colcon.colcon_core.package_discovery Level 1 discover_packages(ignore) discover
[0.107s] colcon.colcon_core.package_discovery Level 1 discover_packages(ignore) using defaults
[0.107s] colcon.colcon_core.package_discovery Level 1 discover_packages(path) discover
[0.107s] colcon.colcon_core.package_discovery Level 1 discover_packages(path) using defaults
[0.116s] colcon.colcon_core.package_selection INFO Skipping not selected package 'sub_robot_core' in 'src/sub_robot_core'
[0.116s] colcon.colcon_core.package_selection INFO Skipping not selected package 'sub_robot_sim' in 'src/sub_robot_sim'
[0.116s] colcon.colcon_core.package_selection INFO Skipping not selected package 'sub_robot_bringup' in 'src/sub_robot_bringup'
[0.117s] colcon.colcon_core.package_discovery Level 1 discover_packages(prefix_path) check parameters
[0.117s] colcon.colcon_core.package_discovery Level 1 discover_packages(prefix_path) discover
[0.118s] colcon.colcon_installed_package_information.package_discovery DEBUG Found 2 installed packages in /home/ubuntu/tb3_sim_ws/install
[0.118s] colcon.colcon_installed_package_information.package_discovery DEBUG Found 5 installed packages in /home/ubuntu/turtlebot3_ws/install
[0.119s] colcon.colcon_installed_package_information.package_discovery DEBUG Found 397 installed packages in /opt/ros/humble
[0.120s] colcon.colcon_core.package_discovery Level 1 discover_packages(prefix_path) using defaults
[0.146s] colcon.colcon_core.verb Level 5 set package 'wall_follower' build argument 'cmake_args' from command line to 'None'
[0.146s] colcon.colcon_core.verb Level 5 set package 'wall_follower' build argument 'cmake_target' from command line to 'None'
[0.146s] colcon.colcon_core.verb Level 5 set package 'wall_follower' build argument 'cmake_target_skip_unavailable' from command line to 'False'
[0.146s] colcon.colcon_core.verb Level 5 set package 'wall_follower' build argument 'cmake_clean_cache' from command line to 'False'
[0.146s] colcon.colcon_core.verb Level 5 set package 'wall_follower' build argument 'cmake_clean_first' from command line to 'False'
[0.146s] colcon.colcon_core.verb Level 5 set package 'wall_follower' build argument 'cmake_force_configure' from command line to 'False'
[0.146s] colcon.colcon_core.verb Level 5 set package 'wall_follower' build argument 'ament_cmake_args' from command line to 'None'
[0.146s] colcon.colcon_core.verb Level 5 set package 'wall_follower' build argument 'catkin_cmake_args' from command line to 'None'
[0.146s] colcon.colcon_core.verb Level 5 set package 'wall_follower' build argument 'catkin_skip_building_tests' from command line to 'False'
[0.146s] colcon.colcon_core.verb DEBUG Building package 'wall_follower' with the following arguments: {'ament_cmake_args': None, 'build_base': '/home/ubuntu/Intel_study/Intel7_Final_Project_5_Team/RoS2/Sensor_Ros2/build/wall_follower', 'catkin_cmake_args': None, 'catkin_skip_building_tests': False, 'cmake_args': None, 'cmake_clean_cache': False, 'cmake_clean_first': False, 'cmake_force_configure': False, 'cmake_target': None, 'cmake_target_skip_unavailable': False, 'install_base': '/home/ubuntu/Intel_study/Intel7_Final_Project_5_Team/RoS2/Sensor_Ros2/install/wall_follower', 'merge_install': False, 'path': '/home/ubuntu/Intel_study/Intel7_Final_Project_5_Team/RoS2/Sensor_Ros2/src/wall_follower', 'symlink_install': False, 'test_result_base': None}
[0.146s] colcon.colcon_core.executor INFO Executing jobs using 'parallel' executor
[0.147s] colcon.colcon_parallel_executor.executor.parallel DEBUG run_until_complete
[0.147s] colcon.colcon_ros.task.ament_python.build INFO Building ROS package in '/home/ubuntu/Intel_study/Intel7_Final_Project_5_Team/RoS2/Sensor_Ros2/src/wall_follower' with build type 'ament_python'
[0.147s] colcon.colcon_core.shell Level 1 create_environment_hook('wall_follower', 'ament_prefix_path')
[0.148s] colcon.colcon_core.plugin_system INFO Skipping extension 'colcon_core.shell.bat': Not used on non-Windows systems
[0.148s] colcon.colcon_core.shell INFO Creating environment hook '/home/ubuntu/Intel_study/Intel7_Final_Project_5_Team/RoS2/Sensor_Ros2/install/wall_follower/share/wall_follower/hook/ament_prefix_path.ps1'
[0.148s] colcon.colcon_core.shell INFO Creating environment descriptor '/home/ubuntu/Intel_study/Intel7_Final_Project_5_Team/RoS2/Sensor_Ros2/install/wall_follower/share/wall_follower/hook/ament_prefix_path.dsv'
[0.149s] colcon.colcon_core.shell INFO Creating environment hook '/home/ubuntu/Intel_study/Intel7_Final_Project_5_Team/RoS2/Sensor_Ros2/install/wall_follower/share/wall_follower/hook/ament_prefix_path.sh'
[0.149s] colcon.colcon_core.shell INFO Skip shell extension 'powershell' for command environment: Not usable outside of PowerShell
[0.149s] colcon.colcon_core.shell DEBUG Skip shell extension 'dsv' for command environment
[0.284s] colcon.colcon_core.task.python.build INFO Building Python package in '/home/ubuntu/Intel_study/Intel7_Final_Project_5_Team/RoS2/Sensor_Ros2/src/wall_follower'
[0.284s] colcon.colcon_core.shell INFO Skip shell extension 'powershell' for command environment: Not usable outside of PowerShell
[0.284s] colcon.colcon_core.shell DEBUG Skip shell extension 'dsv' for command environment
[0.538s] colcon.colcon_core.event_handler.log_command DEBUG Invoking command in '/home/ubuntu/Intel_study/Intel7_Final_Project_5_Team/RoS2/Sensor_Ros2/src/wall_follower': PYTHONPATH=/home/ubuntu/Intel_study/Intel7_Final_Project_5_Team/RoS2/Sensor_Ros2/build/wall_follower/prefix_override:/usr/lib/python3/dist-packages/colcon_core/task/python/colcon_distutils_commands:/home/ubuntu/Intel_study/Intel7_Final_Project_5_Team/RoS2/Sensor_Ros2/install/wall_follower/lib/python3.10/site-packages:${PYTHONPATH} /usr/bin/python3 -W ignore:setup.py install is deprecated -W ignore:easy_install command is deprecated setup.py egg_info --egg-base ../../build/wall_follower build --build-base /home/ubuntu/Intel_study/Intel7_Final_Project_5_Team/RoS2/Sensor_Ros2/build/wall_follower/build install --record /home/ubuntu/Intel_study/Intel7_Final_Project_5_Team/RoS2/Sensor_Ros2/build/wall_follower/install.log --single-version-externally-managed install_data
