[0.056s] DEBUG:colcon:Command line arguments: ['/usr/bin/colcon', 'build', '--packages-select', 'turtlebot3_parallel_follower']
[0.056s] DEBUG:colcon:Parsed command line arguments: Namespace(log_base=None, log_level=None, verb_name='build', build_base='build', install_base='install', merge_install=False, symlink_install=False, test_result_base=None, continue_on_error=False, executor='parallel', parallel_workers=24, event_handlers=None, ignore_user_meta=False, metas=['./colcon.meta'], base_paths=['.'], packages_ignore=None, packages_ignore_regex=None, paths=None, packages_up_to=None, packages_up_to_regex=None, packages_above=None, packages_above_and_dependencies=None, packages_above_depth=None, packages_select_by_dep=None, packages_skip_by_dep=None, packages_skip_up_to=None, packages_select_build_failed=False, packages_skip_build_finished=False, packages_select_test_failures=False, packages_skip_test_passed=False, packages_select=['turtlebot3_parallel_follower'], packages_skip=None, packages_select_regex=None, packages_skip_regex=None, packages_start=None, packages_end=None, allow_overriding=[], cmake_args=None, cmake_target=None, cmake_target_skip_unavailable=False, cmake_clean_cache=False, cmake_clean_first=False, cmake_force_configure=False, ament_cmake_args=None, catkin_cmake_args=None, catkin_skip_building_tests=False, mixin_files=None, mixin=None, verb_parser=<colcon_mixin.mixin.mixin_argument.MixinArgumentDecorator object at 0x7f64f6fc0970>, verb_extension=<colcon_core.verb.build.BuildVerb object at 0x7f64f70d18d0>, main=<bound method BuildVerb.main of <colcon_core.verb.build.BuildVerb object at 0x7f64f70d18d0>>, mixin_verb=('build',))
[0.151s] Level 1:colcon.colcon_core.package_discovery:discover_packages(colcon_meta) check parameters
[0.151s] Level 1:colcon.colcon_core.package_discovery:discover_packages(recursive) check parameters
[0.151s] Level 1:colcon.colcon_core.package_discovery:discover_packages(ignore) check parameters
[0.151s] Level 1:colcon.colcon_core.package_discovery:discover_packages(path) check parameters
[0.151s] Level 1:colcon.colcon_core.package_discovery:discover_packages(colcon_meta) discover
[0.151s] Level 1:colcon.colcon_core.package_discovery:discover_packages(recursive) discover
[0.151s] INFO:colcon.colcon_core.package_discovery:Crawling recursively for packages in '/home/ubuntu/turtlebot3_ws/src/turtlebot3_applications'
[0.151s] Level 1:colcon.colcon_core.package_identification:_identify(.) by extensions ['ignore', 'ignore_ament_install']
[0.151s] Level 1:colcon.colcon_core.package_identification:_identify(.) by extension 'ignore'
[0.151s] Level 1:colcon.colcon_core.package_identification:_identify(.) by extension 'ignore_ament_install'
[0.151s] Level 1:colcon.colcon_core.package_identification:_identify(.) by extensions ['colcon_pkg']
[0.151s] Level 1:colcon.colcon_core.package_identification:_identify(.) by extension 'colcon_pkg'
[0.151s] Level 1:colcon.colcon_core.package_identification:_identify(.) by extensions ['colcon_meta']
[0.151s] Level 1:colcon.colcon_core.package_identification:_identify(.) by extension 'colcon_meta'
[0.151s] Level 1:colcon.colcon_core.package_identification:_identify(.) by extensions ['ros']
[0.151s] Level 1:colcon.colcon_core.package_identification:_identify(.) by extension 'ros'
[0.163s] Level 1:colcon.colcon_core.package_identification:_identify(.) by extensions ['cmake', 'python']
[0.163s] Level 1:colcon.colcon_core.package_identification:_identify(.) by extension 'cmake'
[0.163s] Level 1:colcon.colcon_core.package_identification:_identify(.) by extension 'python'
[0.163s] Level 1:colcon.colcon_core.package_identification:_identify(.) by extensions ['python_setup_py']
[0.163s] Level 1:colcon.colcon_core.package_identification:_identify(.) by extension 'python_setup_py'
[0.163s] Level 1:colcon.colcon_core.package_identification:_identify(build) by extensions ['ignore', 'ignore_ament_install']
[0.163s] Level 1:colcon.colcon_core.package_identification:_identify(build) by extension 'ignore'
[0.163s] Level 1:colcon.colcon_core.package_identification:_identify(build) ignored
[0.163s] Level 1:colcon.colcon_core.package_identification:_identify(install) by extensions ['ignore', 'ignore_ament_install']
[0.163s] Level 1:colcon.colcon_core.package_identification:_identify(install) by extension 'ignore'
[0.163s] Level 1:colcon.colcon_core.package_identification:_identify(install) ignored
[0.163s] Level 1:colcon.colcon_core.package_identification:_identify(log) by extensions ['ignore', 'ignore_ament_install']
[0.163s] Level 1:colcon.colcon_core.package_identification:_identify(log) by extension 'ignore'
[0.163s] Level 1:colcon.colcon_core.package_identification:_identify(log) ignored
[0.163s] Level 1:colcon.colcon_core.package_identification:_identify(turtlebot3_applications) by extensions ['ignore', 'ignore_ament_install']
[0.163s] Level 1:colcon.colcon_core.package_identification:_identify(turtlebot3_applications) by extension 'ignore'
[0.163s] Level 1:colcon.colcon_core.package_identification:_identify(turtlebot3_applications) by extension 'ignore_ament_install'
[0.163s] Level 1:colcon.colcon_core.package_identification:_identify(turtlebot3_applications) by extensions ['colcon_pkg']
[0.163s] Level 1:colcon.colcon_core.package_identification:_identify(turtlebot3_applications) by extension 'colcon_pkg'
[0.163s] Level 1:colcon.colcon_core.package_identification:_identify(turtlebot3_applications) by extensions ['colcon_meta']
[0.163s] Level 1:colcon.colcon_core.package_identification:_identify(turtlebot3_applications) by extension 'colcon_meta'
[0.163s] Level 1:colcon.colcon_core.package_identification:_identify(turtlebot3_applications) by extensions ['ros']
[0.163s] Level 1:colcon.colcon_core.package_identification:_identify(turtlebot3_applications) by extension 'ros'
[0.165s] DEBUG:colcon.colcon_core.package_identification:Package 'turtlebot3_applications' with type 'ros.ament_cmake' and name 'turtlebot3_applications'
[0.165s] Level 1:colcon.colcon_core.package_identification:_identify(turtlebot3_aruco_tracker) by extensions ['ignore', 'ignore_ament_install']
[0.165s] Level 1:colcon.colcon_core.package_identification:_identify(turtlebot3_aruco_tracker) by extension 'ignore'
[0.165s] Level 1:colcon.colcon_core.package_identification:_identify(turtlebot3_aruco_tracker) by extension 'ignore_ament_install'
[0.165s] Level 1:colcon.colcon_core.package_identification:_identify(turtlebot3_aruco_tracker) by extensions ['colcon_pkg']
[0.165s] Level 1:colcon.colcon_core.package_identification:_identify(turtlebot3_aruco_tracker) by extension 'colcon_pkg'
[0.165s] Level 1:colcon.colcon_core.package_identification:_identify(turtlebot3_aruco_tracker) by extensions ['colcon_meta']
[0.165s] Level 1:colcon.colcon_core.package_identification:_identify(turtlebot3_aruco_tracker) by extension 'colcon_meta'
[0.165s] Level 1:colcon.colcon_core.package_identification:_identify(turtlebot3_aruco_tracker) by extensions ['ros']
[0.165s] Level 1:colcon.colcon_core.package_identification:_identify(turtlebot3_aruco_tracker) by extension 'ros'
[0.165s] DEBUG:colcon.colcon_core.package_identification:Package 'turtlebot3_aruco_tracker' with type 'ros.ament_python' and name 'turtlebot3_aruco_tracker'
[0.165s] Level 1:colcon.colcon_core.package_identification:_identify(turtlebot3_automatic_parking) by extensions ['ignore', 'ignore_ament_install']
[0.165s] Level 1:colcon.colcon_core.package_identification:_identify(turtlebot3_automatic_parking) by extension 'ignore'
[0.165s] Level 1:colcon.colcon_core.package_identification:_identify(turtlebot3_automatic_parking) by extension 'ignore_ament_install'
[0.165s] Level 1:colcon.colcon_core.package_identification:_identify(turtlebot3_automatic_parking) by extensions ['colcon_pkg']
[0.165s] Level 1:colcon.colcon_core.package_identification:_identify(turtlebot3_automatic_parking) by extension 'colcon_pkg'
[0.165s] Level 1:colcon.colcon_core.package_identification:_identify(turtlebot3_automatic_parking) by extensions ['colcon_meta']
[0.165s] Level 1:colcon.colcon_core.package_identification:_identify(turtlebot3_automatic_parking) by extension 'colcon_meta'
[0.165s] Level 1:colcon.colcon_core.package_identification:_identify(turtlebot3_automatic_parking) by extensions ['ros']
[0.165s] Level 1:colcon.colcon_core.package_identification:_identify(turtlebot3_automatic_parking) by extension 'ros'
[0.166s] DEBUG:colcon.colcon_core.package_identification:Package 'turtlebot3_automatic_parking' with type 'ros.ament_python' and name 'turtlebot3_automatic_parking'
[0.166s] Level 1:colcon.colcon_core.package_identification:_identify(turtlebot3_automatic_parking_vision) by extensions ['ignore', 'ignore_ament_install']
[0.166s] Level 1:colcon.colcon_core.package_identification:_identify(turtlebot3_automatic_parking_vision) by extension 'ignore'
[0.166s] Level 1:colcon.colcon_core.package_identification:_identify(turtlebot3_automatic_parking_vision) by extension 'ignore_ament_install'
[0.166s] Level 1:colcon.colcon_core.package_identification:_identify(turtlebot3_automatic_parking_vision) by extensions ['colcon_pkg']
[0.166s] Level 1:colcon.colcon_core.package_identification:_identify(turtlebot3_automatic_parking_vision) by extension 'colcon_pkg'
[0.166s] Level 1:colcon.colcon_core.package_identification:_identify(turtlebot3_automatic_parking_vision) by extensions ['colcon_meta']
[0.166s] Level 1:colcon.colcon_core.package_identification:_identify(turtlebot3_automatic_parking_vision) by extension 'colcon_meta'
[0.166s] Level 1:colcon.colcon_core.package_identification:_identify(turtlebot3_automatic_parking_vision) by extensions ['ros']
[0.166s] Level 1:colcon.colcon_core.package_identification:_identify(turtlebot3_automatic_parking_vision) by extension 'ros'
[0.166s] DEBUG:colcon.colcon_core.package_identification:Package 'turtlebot3_automatic_parking_vision' with type 'ros.ament_python' and name 'turtlebot3_automatic_parking_vision'
[0.166s] Level 1:colcon.colcon_core.package_identification:_identify(turtlebot3_follower) by extensions ['ignore', 'ignore_ament_install']
[0.166s] Level 1:colcon.colcon_core.package_identification:_identify(turtlebot3_follower) by extension 'ignore'
[0.166s] Level 1:colcon.colcon_core.package_identification:_identify(turtlebot3_follower) by extension 'ignore_ament_install'
[0.166s] Level 1:colcon.colcon_core.package_identification:_identify(turtlebot3_follower) by extensions ['colcon_pkg']
[0.166s] Level 1:colcon.colcon_core.package_identification:_identify(turtlebot3_follower) by extension 'colcon_pkg'
[0.166s] Level 1:colcon.colcon_core.package_identification:_identify(turtlebot3_follower) by extensions ['colcon_meta']
[0.166s] Level 1:colcon.colcon_core.package_identification:_identify(turtlebot3_follower) by extension 'colcon_meta'
[0.167s] Level 1:colcon.colcon_core.package_identification:_identify(turtlebot3_follower) by extensions ['ros']
[0.167s] Level 1:colcon.colcon_core.package_identification:_identify(turtlebot3_follower) by extension 'ros'
[0.167s] DEBUG:colcon.colcon_core.package_identification:Package 'turtlebot3_follower' with type 'ros.ament_cmake' and name 'turtlebot3_follower'
[0.167s] Level 1:colcon.colcon_core.package_identification:_identify(turtlebot3_panorama) by extensions ['ignore', 'ignore_ament_install']
[0.167s] Level 1:colcon.colcon_core.package_identification:_identify(turtlebot3_panorama) by extension 'ignore'
[0.167s] Level 1:colcon.colcon_core.package_identification:_identify(turtlebot3_panorama) by extension 'ignore_ament_install'
[0.167s] Level 1:colcon.colcon_core.package_identification:_identify(turtlebot3_panorama) by extensions ['colcon_pkg']
[0.167s] Level 1:colcon.colcon_core.package_identification:_identify(turtlebot3_panorama) by extension 'colcon_pkg'
[0.167s] Level 1:colcon.colcon_core.package_identification:_identify(turtlebot3_panorama) by extensions ['colcon_meta']
[0.167s] Level 1:colcon.colcon_core.package_identification:_identify(turtlebot3_panorama) by extension 'colcon_meta'
[0.167s] Level 1:colcon.colcon_core.package_identification:_identify(turtlebot3_panorama) by extensions ['ros']
[0.167s] Level 1:colcon.colcon_core.package_identification:_identify(turtlebot3_panorama) by extension 'ros'
[0.168s] DEBUG:colcon.colcon_core.package_identification:Package 'turtlebot3_panorama' with type 'ros.ament_cmake' and name 'turtlebot3_panorama'
[0.168s] Level 1:colcon.colcon_core.package_identification:_identify(turtlebot3_yolo_object_detection) by extensions ['ignore', 'ignore_ament_install']
[0.168s] Level 1:colcon.colcon_core.package_identification:_identify(turtlebot3_yolo_object_detection) by extension 'ignore'
[0.168s] Level 1:colcon.colcon_core.package_identification:_identify(turtlebot3_yolo_object_detection) by extension 'ignore_ament_install'
[0.168s] Level 1:colcon.colcon_core.package_identification:_identify(turtlebot3_yolo_object_detection) by extensions ['colcon_pkg']
[0.168s] Level 1:colcon.colcon_core.package_identification:_identify(turtlebot3_yolo_object_detection) by extension 'colcon_pkg'
[0.168s] Level 1:colcon.colcon_core.package_identification:_identify(turtlebot3_yolo_object_detection) by extensions ['colcon_meta']
[0.168s] Level 1:colcon.colcon_core.package_identification:_identify(turtlebot3_yolo_object_detection) by extension 'colcon_meta'
[0.168s] Level 1:colcon.colcon_core.package_identification:_identify(turtlebot3_yolo_object_detection) by extensions ['ros']
[0.168s] Level 1:colcon.colcon_core.package_identification:_identify(turtlebot3_yolo_object_detection) by extension 'ros'
[0.168s] DEBUG:colcon.colcon_core.package_identification:Package 'turtlebot3_yolo_object_detection' with type 'ros.ament_python' and name 'turtlebot3_yolo_object_detection'
[0.168s] Level 1:colcon.colcon_core.package_discovery:discover_packages(recursive) using defaults
[0.168s] Level 1:colcon.colcon_core.package_discovery:discover_packages(ignore) discover
[0.168s] Level 1:colcon.colcon_core.package_discovery:discover_packages(ignore) using defaults
[0.168s] Level 1:colcon.colcon_core.package_discovery:discover_packages(path) discover
[0.168s] Level 1:colcon.colcon_core.package_discovery:discover_packages(path) using defaults
[0.168s] WARNING:colcon.colcon_core.package_selection:ignoring unknown package 'turtlebot3_parallel_follower' in --packages-select
[0.179s] INFO:colcon.colcon_core.package_selection:Skipping not selected package 'turtlebot3_aruco_tracker' in 'turtlebot3_aruco_tracker'
[0.179s] INFO:colcon.colcon_core.package_selection:Skipping not selected package 'turtlebot3_automatic_parking' in 'turtlebot3_automatic_parking'
[0.179s] INFO:colcon.colcon_core.package_selection:Skipping not selected package 'turtlebot3_automatic_parking_vision' in 'turtlebot3_automatic_parking_vision'
[0.179s] INFO:colcon.colcon_core.package_selection:Skipping not selected package 'turtlebot3_follower' in 'turtlebot3_follower'
[0.179s] INFO:colcon.colcon_core.package_selection:Skipping not selected package 'turtlebot3_panorama' in 'turtlebot3_panorama'
[0.179s] INFO:colcon.colcon_core.package_selection:Skipping not selected package 'turtlebot3_yolo_object_detection' in 'turtlebot3_yolo_object_detection'
[0.179s] INFO:colcon.colcon_core.package_selection:Skipping not selected package 'turtlebot3_applications' in 'turtlebot3_applications'
[0.179s] Level 1:colcon.colcon_core.package_discovery:discover_packages(prefix_path) check parameters
[0.179s] Level 1:colcon.colcon_core.package_discovery:discover_packages(prefix_path) discover
[0.181s] DEBUG:colcon.colcon_installed_package_information.package_discovery:Found 14 installed packages in /home/ubuntu/Intel7_Final_Project_5_Team/source/turtlebot3_ws/install
[0.181s] DEBUG:colcon.colcon_installed_package_information.package_discovery:Found 24 installed packages in /home/ubuntu/turtlebot3_ws/install
[0.182s] DEBUG:colcon.colcon_installed_package_information.package_discovery:Found 2 installed packages in /home/ubuntu/ros2_ws/install
[0.182s] DEBUG:colcon.colcon_installed_package_information.package_discovery:Found 364 installed packages in /opt/ros/humble
[0.183s] Level 1:colcon.colcon_core.package_discovery:discover_packages(prefix_path) using defaults
[0.203s] INFO:colcon.colcon_core.executor:Executing jobs using 'parallel' executor
[0.203s] DEBUG:colcon.colcon_parallel_executor.executor.parallel:run_until_complete
[0.204s] DEBUG:colcon.colcon_parallel_executor.executor.parallel:closing loop
[0.204s] DEBUG:colcon.colcon_parallel_executor.executor.parallel:loop closed
[0.204s] DEBUG:colcon.colcon_parallel_executor.executor.parallel:run_until_complete finished with '0'
[0.204s] DEBUG:colcon.colcon_core.event_reactor:joining thread
[0.206s] INFO:colcon.colcon_core.plugin_system:Skipping extension 'colcon_notification.desktop_notification.terminal_notifier': Not used on non-Darwin systems
[0.206s] INFO:colcon.colcon_core.plugin_system:Skipping extension 'colcon_notification.desktop_notification.win32': Not used on non-Windows systems
[0.206s] INFO:colcon.colcon_notification.desktop_notification:Sending desktop notification using 'notify2'
[0.214s] DEBUG:colcon.colcon_core.event_reactor:joined thread
[0.216s] INFO:colcon.colcon_core.plugin_system:Skipping extension 'colcon_core.shell.bat': Not used on non-Windows systems
[0.216s] INFO:colcon.colcon_core.shell:Creating prefix script '/home/ubuntu/turtlebot3_ws/src/turtlebot3_applications/install/local_setup.ps1'
[0.216s] INFO:colcon.colcon_core.shell:Creating prefix util module '/home/ubuntu/turtlebot3_ws/src/turtlebot3_applications/install/_local_setup_util_ps1.py'
[0.217s] INFO:colcon.colcon_core.shell:Creating prefix chain script '/home/ubuntu/turtlebot3_ws/src/turtlebot3_applications/install/setup.ps1'
[0.218s] INFO:colcon.colcon_core.shell:Creating prefix script '/home/ubuntu/turtlebot3_ws/src/turtlebot3_applications/install/local_setup.sh'
[0.218s] INFO:colcon.colcon_core.shell:Creating prefix util module '/home/ubuntu/turtlebot3_ws/src/turtlebot3_applications/install/_local_setup_util_sh.py'
[0.218s] INFO:colcon.colcon_core.shell:Creating prefix chain script '/home/ubuntu/turtlebot3_ws/src/turtlebot3_applications/install/setup.sh'
[0.219s] INFO:colcon.colcon_core.shell:Creating prefix script '/home/ubuntu/turtlebot3_ws/src/turtlebot3_applications/install/local_setup.bash'
[0.220s] INFO:colcon.colcon_core.shell:Creating prefix chain script '/home/ubuntu/turtlebot3_ws/src/turtlebot3_applications/install/setup.bash'
[0.221s] INFO:colcon.colcon_core.shell:Creating prefix script '/home/ubuntu/turtlebot3_ws/src/turtlebot3_applications/install/local_setup.zsh'
[0.221s] INFO:colcon.colcon_core.shell:Creating prefix chain script '/home/ubuntu/turtlebot3_ws/src/turtlebot3_applications/install/setup.zsh'
