running develop
running egg_info
creating turtlebot3_yolo_object_detection.egg-info
writing turtlebot3_yolo_object_detection.egg-info/PKG-INFO
writing dependency_links to turtlebot3_yolo_object_detection.egg-info/dependency_links.txt
writing entry points to turtlebot3_yolo_object_detection.egg-info/entry_points.txt
writing requirements to turtlebot3_yolo_object_detection.egg-info/requires.txt
writing top-level names to turtlebot3_yolo_object_detection.egg-info/top_level.txt
writing manifest file 'turtlebot3_yolo_object_detection.egg-info/SOURCES.txt'
reading manifest file 'turtlebot3_yolo_object_detection.egg-info/SOURCES.txt'
writing manifest file 'turtlebot3_yolo_object_detection.egg-info/SOURCES.txt'
running build_ext
Creating /home/ubuntu/turtlebot3_ws/src/install/turtlebot3_yolo_object_detection/lib/python3.10/site-packages/turtlebot3-yolo-object-detection.egg-link (link to .)
Installing turtlebot3_yolo_object_detection script to /home/ubuntu/turtlebot3_ws/src/install/turtlebot3_yolo_object_detection/lib/turtlebot3_yolo_object_detection

Installed /home/ubuntu/turtlebot3_ws/src/build/turtlebot3_yolo_object_detection
running symlink_data
creating /home/ubuntu/turtlebot3_ws/src/install/turtlebot3_yolo_object_detection/share/ament_index
creating /home/ubuntu/turtlebot3_ws/src/install/turtlebot3_yolo_object_detection/share/ament_index/resource_index
creating /home/ubuntu/turtlebot3_ws/src/install/turtlebot3_yolo_object_detection/share/ament_index/resource_index/packages
symbolically linking /home/ubuntu/turtlebot3_ws/src/build/turtlebot3_yolo_object_detection/resource/turtlebot3_yolo_object_detection -> /home/ubuntu/turtlebot3_ws/src/install/turtlebot3_yolo_object_detection/share/ament_index/resource_index/packages
symbolically linking /home/ubuntu/turtlebot3_ws/src/build/turtlebot3_yolo_object_detection/package.xml -> /home/ubuntu/turtlebot3_ws/src/install/turtlebot3_yolo_object_detection/share/turtlebot3_yolo_object_detection
creating /home/ubuntu/turtlebot3_ws/src/install/turtlebot3_yolo_object_detection/share/turtlebot3_yolo_object_detection/launch
symbolically linking /home/ubuntu/turtlebot3_ws/src/build/turtlebot3_yolo_object_detection/launch/turtlebot3_yolo_object_detection.launch.py -> /home/ubuntu/turtlebot3_ws/src/install/turtlebot3_yolo_object_detection/share/turtlebot3_yolo_object_detection/launch
