[1.486s] Invoking command in '/home/ubuntu/turtlebot3_ws/src/build/turtlebot3_yolo_object_detection': PYTHONPATH=/home/ubuntu/turtlebot3_ws/src/build/turtlebot3_yolo_object_detection/prefix_override:/usr/lib/python3/dist-packages/colcon_core/task/python/colcon_distutils_commands:/home/ubuntu/turtlebot3_ws/src/install/turtlebot3_yolo_object_detection/lib/python3.10/site-packages:${PYTHONPATH} /usr/bin/python3 -W ignore:setup.py install is deprecated -W ignore:easy_install command is deprecated setup.py develop --editable --build-directory /home/ubuntu/turtlebot3_ws/src/build/turtlebot3_yolo_object_detection/build --no-deps symlink_data
[1.687s] running develop
[1.874s] running egg_info
[1.874s] creating turtlebot3_yolo_object_detection.egg-info
[1.874s] writing turtlebot3_yolo_object_detection.egg-info/PKG-INFO
[1.874s] writing dependency_links to turtlebot3_yolo_object_detection.egg-info/dependency_links.txt
[1.874s] writing entry points to turtlebot3_yolo_object_detection.egg-info/entry_points.txt
[1.874s] writing requirements to turtlebot3_yolo_object_detection.egg-info/requires.txt
[1.874s] writing top-level names to turtlebot3_yolo_object_detection.egg-info/top_level.txt
[1.874s] writing manifest file 'turtlebot3_yolo_object_detection.egg-info/SOURCES.txt'
[1.874s] reading manifest file 'turtlebot3_yolo_object_detection.egg-info/SOURCES.txt'
[1.875s] writing manifest file 'turtlebot3_yolo_object_detection.egg-info/SOURCES.txt'
[1.876s] running build_ext
[1.876s] Creating /home/ubuntu/turtlebot3_ws/src/install/turtlebot3_yolo_object_detection/lib/python3.10/site-packages/turtlebot3-yolo-object-detection.egg-link (link to .)
[1.876s] Installing turtlebot3_yolo_object_detection script to /home/ubuntu/turtlebot3_ws/src/install/turtlebot3_yolo_object_detection/lib/turtlebot3_yolo_object_detection
[1.876s] 
[1.876s] Installed /home/ubuntu/turtlebot3_ws/src/build/turtlebot3_yolo_object_detection
[1.877s] running symlink_data
[1.877s] creating /home/ubuntu/turtlebot3_ws/src/install/turtlebot3_yolo_object_detection/share/ament_index
[1.877s] creating /home/ubuntu/turtlebot3_ws/src/install/turtlebot3_yolo_object_detection/share/ament_index/resource_index
[1.877s] creating /home/ubuntu/turtlebot3_ws/src/install/turtlebot3_yolo_object_detection/share/ament_index/resource_index/packages
[1.877s] symbolically linking /home/ubuntu/turtlebot3_ws/src/build/turtlebot3_yolo_object_detection/resource/turtlebot3_yolo_object_detection -> /home/ubuntu/turtlebot3_ws/src/install/turtlebot3_yolo_object_detection/share/ament_index/resource_index/packages
[1.877s] symbolically linking /home/ubuntu/turtlebot3_ws/src/build/turtlebot3_yolo_object_detection/package.xml -> /home/ubuntu/turtlebot3_ws/src/install/turtlebot3_yolo_object_detection/share/turtlebot3_yolo_object_detection
[1.877s] creating /home/ubuntu/turtlebot3_ws/src/install/turtlebot3_yolo_object_detection/share/turtlebot3_yolo_object_detection/launch
[1.877s] symbolically linking /home/ubuntu/turtlebot3_ws/src/build/turtlebot3_yolo_object_detection/launch/turtlebot3_yolo_object_detection.launch.py -> /home/ubuntu/turtlebot3_ws/src/install/turtlebot3_yolo_object_detection/share/turtlebot3_yolo_object_detection/launch
[1.930s] Invoked command in '/home/ubuntu/turtlebot3_ws/src/build/turtlebot3_yolo_object_detection' returned '0': PYTHONPATH=/home/ubuntu/turtlebot3_ws/src/build/turtlebot3_yolo_object_detection/prefix_override:/usr/lib/python3/dist-packages/colcon_core/task/python/colcon_distutils_commands:/home/ubuntu/turtlebot3_ws/src/install/turtlebot3_yolo_object_detection/lib/python3.10/site-packages:${PYTHONPATH} /usr/bin/python3 -W ignore:setup.py install is deprecated -W ignore:easy_install command is deprecated setup.py develop --editable --build-directory /home/ubuntu/turtlebot3_ws/src/build/turtlebot3_yolo_object_detection/build --no-deps symlink_data
