[0.041s] Invoking command in '/home/ubuntu/turtlebot3_ws/src/build/turtlebot3_msgs': CMAKE_PREFIX_PATH=${CMAKE_PREFIX_PATH}:/home/ubuntu/turtlebot3_ws/install/turtlebot3_teleop:/home/ubuntu/turtlebot3_ws/install/turtlebot3_example:/opt/ros/humble /usr/bin/cmake /home/ubuntu/turtlebot3_ws/src/turtlebot3_msgs -DAMENT_CMAKE_SYMLINK_INSTALL=1 -DCMAKE_INSTALL_PREFIX=/home/ubuntu/turtlebot3_ws/src/install/turtlebot3_msgs
[0.744s] -- The C compiler identification is GNU 12.3.0
[0.745s] -- The CXX compiler identification is GNU 11.4.0
[0.746s] -- Detecting C compiler ABI info
[0.746s] -- Detecting C compiler ABI info - done
[0.746s] -- Check for working C compiler: /usr/bin/cc - skipped
[0.746s] -- Detecting C compile features
[0.746s] -- Detecting C compile features - done
[0.746s] -- Detecting CXX compiler ABI info
[0.746s] -- Detecting CXX compiler ABI info - done
[0.746s] -- Check for working CXX compiler: /usr/bin/c++ - skipped
[0.746s] -- Detecting CXX compile features
[0.746s] -- Detecting CXX compile features - done
[0.746s] -- Found action_msgs: 1.2.2 (/opt/ros/humble/share/action_msgs/cmake)
[0.746s] -- Found Python3: /usr/bin/python3 (found version "3.10.12") found components: Interpreter 
[0.746s] -- Override CMake install command with custom implementation using symlinks instead of copying resources
[0.747s] -- Found rosidl_generator_c: 3.1.7 (/opt/ros/humble/share/rosidl_generator_c/cmake)
[0.747s] -- Found rosidl_adapter: 3.1.7 (/opt/ros/humble/share/rosidl_adapter/cmake)
[0.747s] -- Found rosidl_generator_cpp: 3.1.7 (/opt/ros/humble/share/rosidl_generator_cpp/cmake)
[0.747s] -- Using all available rosidl_typesupport_c: rosidl_typesupport_fastrtps_c;rosidl_typesupport_introspection_c
[0.747s] -- Using all available rosidl_typesupport_cpp: rosidl_typesupport_fastrtps_cpp;rosidl_typesupport_introspection_cpp
[0.747s] -- Found rosidl_default_generators: 1.2.0 (/opt/ros/humble/share/rosidl_default_generators/cmake)
[0.747s] -- Found std_msgs: 4.9.0 (/opt/ros/humble/share/std_msgs/cmake)
[0.747s] -- Found geometry_msgs: 4.9.0 (/opt/ros/humble/share/geometry_msgs/cmake)
[0.772s] -- Found ament_cmake_cppcheck: 0.12.14 (/opt/ros/humble/share/ament_cmake_cppcheck/cmake)
[0.774s] -- Found ament_cmake_cpplint: 0.12.14 (/opt/ros/humble/share/ament_cmake_cpplint/cmake)
[0.776s] -- Found ament_cmake_uncrustify: 0.12.14 (/opt/ros/humble/share/ament_cmake_uncrustify/cmake)
[0.778s] -- Found ament_cmake_ros: 0.10.0 (/opt/ros/humble/share/ament_cmake_ros/cmake)
[1.214s] -- Using all available rosidl_typesupport_c: rosidl_typesupport_fastrtps_c;rosidl_typesupport_introspection_c
[1.433s] -- Using all available rosidl_typesupport_cpp: rosidl_typesupport_fastrtps_cpp;rosidl_typesupport_introspection_cpp
[1.456s] -- Found PythonInterp: /usr/bin/python3 (found suitable version "3.10.12", minimum required is "3.6") 
[1.458s] -- Found python_cmake_module: 0.10.0 (/opt/ros/humble/share/python_cmake_module/cmake)
[1.481s] -- Found PythonLibs: /usr/lib/x86_64-linux-gnu/libpython3.10.so (found suitable version "3.10.12", minimum required is "3.5") 
[1.481s] -- Using PYTHON_EXECUTABLE: /usr/bin/python3
[1.481s] -- Using PYTHON_INCLUDE_DIRS: /usr/include/python3.10
[1.481s] -- Using PYTHON_LIBRARIES: /usr/lib/x86_64-linux-gnu/libpython3.10.so
[1.509s] -- Found PythonExtra: .so  
[1.599s] -- Found ament_cmake_flake8: 0.12.14 (/opt/ros/humble/share/ament_cmake_flake8/cmake)
[1.603s] -- Found ament_cmake_pep257: 0.12.14 (/opt/ros/humble/share/ament_cmake_pep257/cmake)
[1.615s] -- Configuring done
[1.665s] -- Generating done
[1.679s] -- Build files have been written to: /home/ubuntu/turtlebot3_ws/src/build/turtlebot3_msgs
[1.700s] Invoked command in '/home/ubuntu/turtlebot3_ws/src/build/turtlebot3_msgs' returned '0': CMAKE_PREFIX_PATH=${CMAKE_PREFIX_PATH}:/home/ubuntu/turtlebot3_ws/install/turtlebot3_teleop:/home/ubuntu/turtlebot3_ws/install/turtlebot3_example:/opt/ros/humble /usr/bin/cmake /home/ubuntu/turtlebot3_ws/src/turtlebot3_msgs -DAMENT_CMAKE_SYMLINK_INSTALL=1 -DCMAKE_INSTALL_PREFIX=/home/ubuntu/turtlebot3_ws/src/install/turtlebot3_msgs
[1.702s] Invoking command in '/home/ubuntu/turtlebot3_ws/src/build/turtlebot3_msgs': CMAKE_PREFIX_PATH=${CMAKE_PREFIX_PATH}:/home/ubuntu/turtlebot3_ws/install/turtlebot3_teleop:/home/ubuntu/turtlebot3_ws/install/turtlebot3_example:/opt/ros/humble /usr/bin/cmake --build /home/ubuntu/turtlebot3_ws/src/build/turtlebot3_msgs -- -j24 -l24
[1.745s] [  1%] [34m[1mGenerating C code for ROS interfaces[0m
[1.755s] [  2%] [34m[1mGenerating C++ code for ROS interfaces[0m
[1.761s] [  2%] Built target ament_cmake_python_symlink_turtlebot3_msgs
[2.066s] running egg_info
[2.066s] creating turtlebot3_msgs.egg-info
[2.066s] writing turtlebot3_msgs.egg-info/PKG-INFO
[2.066s] writing dependency_links to turtlebot3_msgs.egg-info/dependency_links.txt
[2.066s] writing top-level names to turtlebot3_msgs.egg-info/top_level.txt
[2.066s] writing manifest file 'turtlebot3_msgs.egg-info/SOURCES.txt'
[2.071s] reading manifest file 'turtlebot3_msgs.egg-info/SOURCES.txt'
[2.071s] writing manifest file 'turtlebot3_msgs.egg-info/SOURCES.txt'
[2.109s] [  2%] Built target ament_cmake_python_build_turtlebot3_msgs_egg
[2.545s] [  3%] [32mBuilding C object CMakeFiles/turtlebot3_msgs__rosidl_generator_c.dir/rosidl_generator_c/turtlebot3_msgs/msg/detail/version_info__functions.c.o[0m
[2.545s] [  5%] [32mBuilding C object CMakeFiles/turtlebot3_msgs__rosidl_generator_c.dir/rosidl_generator_c/turtlebot3_msgs/msg/detail/sound__functions.c.o[0m
[2.546s] [  6%] [32mBuilding C object CMakeFiles/turtlebot3_msgs__rosidl_generator_c.dir/rosidl_generator_c/turtlebot3_msgs/msg/detail/sensor_state__functions.c.o[0m
[2.546s] [  7%] [32mBuilding C object CMakeFiles/turtlebot3_msgs__rosidl_generator_c.dir/rosidl_generator_c/turtlebot3_msgs/srv/detail/goal__functions.c.o[0m
[2.547s] [  8%] [32mBuilding C object CMakeFiles/turtlebot3_msgs__rosidl_generator_c.dir/rosidl_generator_c/turtlebot3_msgs/action/detail/patrol__functions.c.o[0m
[2.547s] [ 11%] [32mBuilding C object CMakeFiles/turtlebot3_msgs__rosidl_generator_c.dir/rosidl_generator_c/turtlebot3_msgs/srv/detail/dqn__functions.c.o[0m
[2.547s] [ 11%] [32mBuilding C object CMakeFiles/turtlebot3_msgs__rosidl_generator_c.dir/rosidl_generator_c/turtlebot3_msgs/srv/detail/sound__functions.c.o[0m
[2.648s] [ 11%] Built target turtlebot3_msgs__cpp
[2.655s] [ 13%] [34m[1mGenerating C++ type support dispatch for ROS interfaces[0m
[2.655s] [ 13%] [34m[1mGenerating C++ introspection for ROS interfaces[0m
[2.658s] [ 15%] [34m[1mGenerating C++ type support for eProsima Fast-RTPS[0m
[2.662s] [ 16%] [32m[1mLinking C shared library libturtlebot3_msgs__rosidl_generator_c.so[0m
[2.698s] [ 16%] Built target turtlebot3_msgs__rosidl_generator_c
[2.706s] [ 17%] [34m[1mGenerating C type support for eProsima Fast-RTPS[0m
[2.707s] [ 18%] [34m[1mGenerating C introspection for ROS interfaces[0m
[2.708s] [ 20%] [34m[1mGenerating C type support dispatch for ROS interfaces[0m
[3.446s] [ 29%] [32mBuilding CXX object CMakeFiles/turtlebot3_msgs__rosidl_typesupport_cpp.dir/rosidl_typesupport_cpp/turtlebot3_msgs/srv/goal__type_support.cpp.o[0m
[3.447s] [ 29%] [32mBuilding CXX object CMakeFiles/turtlebot3_msgs__rosidl_typesupport_cpp.dir/rosidl_typesupport_cpp/turtlebot3_msgs/msg/sound__type_support.cpp.o[0m
[3.447s] [ 29%] [32mBuilding CXX object CMakeFiles/turtlebot3_msgs__rosidl_typesupport_cpp.dir/rosidl_typesupport_cpp/turtlebot3_msgs/srv/sound__type_support.cpp.o[0m
[3.447s] [ 29%] [32mBuilding CXX object CMakeFiles/turtlebot3_msgs__rosidl_typesupport_cpp.dir/rosidl_typesupport_cpp/turtlebot3_msgs/srv/dqn__type_support.cpp.o[0m
[3.447s] [ 29%] [32mBuilding CXX object CMakeFiles/turtlebot3_msgs__rosidl_typesupport_cpp.dir/rosidl_typesupport_cpp/turtlebot3_msgs/action/patrol__type_support.cpp.o[0m
[3.447s] [ 29%] [32mBuilding CXX object CMakeFiles/turtlebot3_msgs__rosidl_typesupport_cpp.dir/rosidl_typesupport_cpp/turtlebot3_msgs/msg/sensor_state__type_support.cpp.o[0m
[3.447s] [ 29%] [32mBuilding CXX object CMakeFiles/turtlebot3_msgs__rosidl_typesupport_cpp.dir/rosidl_typesupport_cpp/turtlebot3_msgs/msg/version_info__type_support.cpp.o[0m
[3.567s] [ 30%] [32mBuilding CXX object CMakeFiles/turtlebot3_msgs__rosidl_typesupport_c.dir/rosidl_typesupport_c/turtlebot3_msgs/msg/sound__type_support.cpp.o[0m
[3.567s] [ 32%] [32mBuilding CXX object CMakeFiles/turtlebot3_msgs__rosidl_typesupport_c.dir/rosidl_typesupport_c/turtlebot3_msgs/msg/sensor_state__type_support.cpp.o[0m
[3.567s] [ 32%] [32mBuilding CXX object CMakeFiles/turtlebot3_msgs__rosidl_typesupport_c.dir/rosidl_typesupport_c/turtlebot3_msgs/srv/dqn__type_support.cpp.o[0m
[3.570s] [ 34%] [32mBuilding CXX object CMakeFiles/turtlebot3_msgs__rosidl_typesupport_c.dir/rosidl_typesupport_c/turtlebot3_msgs/msg/version_info__type_support.cpp.o[0m
[3.571s] [ 35%] [32mBuilding CXX object CMakeFiles/turtlebot3_msgs__rosidl_typesupport_c.dir/rosidl_typesupport_c/turtlebot3_msgs/action/patrol__type_support.cpp.o[0m
[3.573s] [ 36%] [32mBuilding CXX object CMakeFiles/turtlebot3_msgs__rosidl_typesupport_c.dir/rosidl_typesupport_c/turtlebot3_msgs/srv/sound__type_support.cpp.o[0m
[3.574s] [ 37%] [32mBuilding CXX object CMakeFiles/turtlebot3_msgs__rosidl_typesupport_c.dir/rosidl_typesupport_c/turtlebot3_msgs/srv/goal__type_support.cpp.o[0m
[3.644s] [ 39%] [32m[1mLinking CXX shared library libturtlebot3_msgs__rosidl_typesupport_c.so[0m
[3.706s] [ 39%] Built target turtlebot3_msgs__rosidl_typesupport_c
[3.731s] [ 40%] [32mBuilding CXX object CMakeFiles/turtlebot3_msgs__rosidl_typesupport_introspection_cpp.dir/rosidl_typesupport_introspection_cpp/turtlebot3_msgs/msg/detail/sensor_state__type_support.cpp.o[0m
[3.737s] [ 44%] [32mBuilding CXX object CMakeFiles/turtlebot3_msgs__rosidl_typesupport_introspection_cpp.dir/rosidl_typesupport_introspection_cpp/turtlebot3_msgs/msg/detail/version_info__type_support.cpp.o[0m
[3.737s] [ 44%] [32mBuilding CXX object CMakeFiles/turtlebot3_msgs__rosidl_typesupport_introspection_cpp.dir/rosidl_typesupport_introspection_cpp/turtlebot3_msgs/msg/detail/sound__type_support.cpp.o[0m
[3.737s] [ 45%] [32mBuilding CXX object CMakeFiles/turtlebot3_msgs__rosidl_typesupport_introspection_cpp.dir/rosidl_typesupport_introspection_cpp/turtlebot3_msgs/srv/detail/dqn__type_support.cpp.o[0m
[3.737s] [ 46%] [32mBuilding CXX object CMakeFiles/turtlebot3_msgs__rosidl_typesupport_introspection_cpp.dir/rosidl_typesupport_introspection_cpp/turtlebot3_msgs/srv/detail/goal__type_support.cpp.o[0m
[3.737s] [ 46%] [32mBuilding CXX object CMakeFiles/turtlebot3_msgs__rosidl_typesupport_introspection_cpp.dir/rosidl_typesupport_introspection_cpp/turtlebot3_msgs/srv/detail/sound__type_support.cpp.o[0m
[3.741s] [ 48%] [32mBuilding CXX object CMakeFiles/turtlebot3_msgs__rosidl_typesupport_introspection_cpp.dir/rosidl_typesupport_introspection_cpp/turtlebot3_msgs/action/detail/patrol__type_support.cpp.o[0m
[3.754s] [ 49%] [32mBuilding CXX object CMakeFiles/turtlebot3_msgs__rosidl_typesupport_fastrtps_cpp.dir/rosidl_typesupport_fastrtps_cpp/turtlebot3_msgs/msg/detail/dds_fastrtps/version_info__type_support.cpp.o[0m
[3.754s] [ 50%] [32mBuilding CXX object CMakeFiles/turtlebot3_msgs__rosidl_typesupport_fastrtps_cpp.dir/rosidl_typesupport_fastrtps_cpp/turtlebot3_msgs/msg/detail/dds_fastrtps/sound__type_support.cpp.o[0m
[3.755s] [ 51%] [32mBuilding CXX object CMakeFiles/turtlebot3_msgs__rosidl_typesupport_fastrtps_cpp.dir/rosidl_typesupport_fastrtps_cpp/turtlebot3_msgs/msg/detail/dds_fastrtps/sensor_state__type_support.cpp.o[0m
[3.755s] [ 53%] [32mBuilding CXX object CMakeFiles/turtlebot3_msgs__rosidl_typesupport_fastrtps_cpp.dir/rosidl_typesupport_fastrtps_cpp/turtlebot3_msgs/srv/detail/dds_fastrtps/dqn__type_support.cpp.o[0m
[3.756s] [ 54%] [32mBuilding CXX object CMakeFiles/turtlebot3_msgs__rosidl_typesupport_fastrtps_cpp.dir/rosidl_typesupport_fastrtps_cpp/turtlebot3_msgs/srv/detail/dds_fastrtps/sound__type_support.cpp.o[0m
[3.762s] [ 55%] [32mBuilding CXX object CMakeFiles/turtlebot3_msgs__rosidl_typesupport_fastrtps_cpp.dir/rosidl_typesupport_fastrtps_cpp/turtlebot3_msgs/action/detail/dds_fastrtps/patrol__type_support.cpp.o[0m
[3.764s] [ 58%] [32mBuilding C object CMakeFiles/turtlebot3_msgs__rosidl_typesupport_introspection_c.dir/rosidl_typesupport_introspection_c/turtlebot3_msgs/msg/detail/sensor_state__type_support.c.o[0m
[3.764s] [ 58%] [32mBuilding CXX object CMakeFiles/turtlebot3_msgs__rosidl_typesupport_fastrtps_cpp.dir/rosidl_typesupport_fastrtps_cpp/turtlebot3_msgs/srv/detail/dds_fastrtps/goal__type_support.cpp.o[0m
[3.777s] [ 59%] [32mBuilding C object CMakeFiles/turtlebot3_msgs__rosidl_typesupport_introspection_c.dir/rosidl_typesupport_introspection_c/turtlebot3_msgs/msg/detail/sound__type_support.c.o[0m
[3.783s] [ 60%] [32mBuilding C object CMakeFiles/turtlebot3_msgs__rosidl_typesupport_introspection_c.dir/rosidl_typesupport_introspection_c/turtlebot3_msgs/msg/detail/version_info__type_support.c.o[0m
[3.795s] [ 63%] [32mBuilding C object CMakeFiles/turtlebot3_msgs__rosidl_typesupport_introspection_c.dir/rosidl_typesupport_introspection_c/turtlebot3_msgs/srv/detail/goal__type_support.c.o[0m
[3.795s] [ 63%] [32mBuilding C object CMakeFiles/turtlebot3_msgs__rosidl_typesupport_introspection_c.dir/rosidl_typesupport_introspection_c/turtlebot3_msgs/srv/detail/sound__type_support.c.o[0m
[3.798s] [ 65%] [32mBuilding C object CMakeFiles/turtlebot3_msgs__rosidl_typesupport_introspection_c.dir/rosidl_typesupport_introspection_c/turtlebot3_msgs/srv/detail/dqn__type_support.c.o[0m
[3.800s] [ 65%] [32mBuilding C object CMakeFiles/turtlebot3_msgs__rosidl_typesupport_introspection_c.dir/rosidl_typesupport_introspection_c/turtlebot3_msgs/action/detail/patrol__type_support.c.o[0m
[3.950s] [ 67%] [32m[1mLinking C shared library libturtlebot3_msgs__rosidl_typesupport_introspection_c.so[0m
[3.953s] [ 68%] [32mBuilding CXX object CMakeFiles/turtlebot3_msgs__rosidl_typesupport_fastrtps_c.dir/rosidl_typesupport_fastrtps_c/turtlebot3_msgs/msg/detail/sensor_state__type_support_c.cpp.o[0m
[3.957s] [ 69%] [32mBuilding CXX object CMakeFiles/turtlebot3_msgs__rosidl_typesupport_fastrtps_c.dir/rosidl_typesupport_fastrtps_c/turtlebot3_msgs/msg/detail/sound__type_support_c.cpp.o[0m
[3.961s] [ 70%] [32mBuilding CXX object CMakeFiles/turtlebot3_msgs__rosidl_typesupport_fastrtps_c.dir/rosidl_typesupport_fastrtps_c/turtlebot3_msgs/srv/detail/sound__type_support_c.cpp.o[0m
[3.964s] [ 72%] [32mBuilding CXX object CMakeFiles/turtlebot3_msgs__rosidl_typesupport_fastrtps_c.dir/rosidl_typesupport_fastrtps_c/turtlebot3_msgs/msg/detail/version_info__type_support_c.cpp.o[0m
[3.976s] [ 74%] [32mBuilding CXX object CMakeFiles/turtlebot3_msgs__rosidl_typesupport_fastrtps_c.dir/rosidl_typesupport_fastrtps_c/turtlebot3_msgs/srv/detail/goal__type_support_c.cpp.o[0m
[3.976s] [ 74%] [32mBuilding CXX object CMakeFiles/turtlebot3_msgs__rosidl_typesupport_fastrtps_c.dir/rosidl_typesupport_fastrtps_c/turtlebot3_msgs/srv/detail/dqn__type_support_c.cpp.o[0m
[3.985s] [ 75%] [32mBuilding CXX object CMakeFiles/turtlebot3_msgs__rosidl_typesupport_fastrtps_c.dir/rosidl_typesupport_fastrtps_c/turtlebot3_msgs/action/detail/patrol__type_support_c.cpp.o[0m
[4.055s] [ 75%] Built target turtlebot3_msgs__rosidl_typesupport_introspection_c
[4.063s] [ 77%] [32m[1mLinking CXX shared library libturtlebot3_msgs__rosidl_typesupport_cpp.so[0m
[4.197s] [ 77%] Built target turtlebot3_msgs__rosidl_typesupport_cpp
[4.504s] [ 78%] [32m[1mLinking CXX shared library libturtlebot3_msgs__rosidl_typesupport_fastrtps_cpp.so[0m
[4.568s] [ 78%] Built target turtlebot3_msgs__rosidl_typesupport_fastrtps_cpp
[4.588s] [ 79%] [32m[1mLinking CXX shared library libturtlebot3_msgs__rosidl_typesupport_introspection_cpp.so[0m
[4.599s] [ 81%] [32m[1mLinking CXX shared library libturtlebot3_msgs__rosidl_typesupport_fastrtps_c.so[0m
[4.657s] [ 81%] Built target turtlebot3_msgs__rosidl_typesupport_introspection_cpp
[4.667s] [ 81%] Built target turtlebot3_msgs__rosidl_typesupport_fastrtps_c
[4.688s] [ 81%] Built target turtlebot3_msgs
[4.705s] [ 82%] [34m[1mGenerating Python code for ROS interfaces[0m
[5.828s] [ 82%] Built target turtlebot3_msgs__py
[5.846s] [ 84%] [32mBuilding C object CMakeFiles/turtlebot3_msgs__rosidl_generator_py.dir/rosidl_generator_py/turtlebot3_msgs/srv/_sound_s.c.o[0m
[5.846s] [ 83%] [32mBuilding C object CMakeFiles/turtlebot3_msgs__rosidl_generator_py.dir/rosidl_generator_py/turtlebot3_msgs/msg/_sound_s.c.o[0m
[5.846s] [ 86%] [32mBuilding C object CMakeFiles/turtlebot3_msgs__rosidl_generator_py.dir/rosidl_generator_py/turtlebot3_msgs/msg/_sensor_state_s.c.o[0m
[5.848s] [ 87%] [32mBuilding C object CMakeFiles/turtlebot3_msgs__rosidl_generator_py.dir/rosidl_generator_py/turtlebot3_msgs/srv/_goal_s.c.o[0m
[5.848s] [ 89%] [32mBuilding C object CMakeFiles/turtlebot3_msgs__rosidl_generator_py.dir/rosidl_generator_py/turtlebot3_msgs/action/_patrol_s.c.o[0m
[5.848s] [ 89%] [32mBuilding C object CMakeFiles/turtlebot3_msgs__rosidl_generator_py.dir/rosidl_generator_py/turtlebot3_msgs/msg/_version_info_s.c.o[0m
[5.849s] [ 91%] [32mBuilding C object CMakeFiles/turtlebot3_msgs__rosidl_generator_py.dir/rosidl_generator_py/turtlebot3_msgs/srv/_dqn_s.c.o[0m
[6.042s] [ 92%] [32m[1mLinking C shared library rosidl_generator_py/turtlebot3_msgs/libturtlebot3_msgs__rosidl_generator_py.so[0m
[6.088s] [ 92%] Built target turtlebot3_msgs__rosidl_generator_py
[6.108s] [ 93%] [32mBuilding C object CMakeFiles/turtlebot3_msgs__rosidl_typesupport_fastrtps_c__pyext.dir/rosidl_generator_py/turtlebot3_msgs/_turtlebot3_msgs_s.ep.rosidl_typesupport_fastrtps_c.c.o[0m
[6.109s] [ 94%] [32mBuilding C object CMakeFiles/turtlebot3_msgs__rosidl_typesupport_c__pyext.dir/rosidl_generator_py/turtlebot3_msgs/_turtlebot3_msgs_s.ep.rosidl_typesupport_c.c.o[0m
[6.109s] [ 96%] [32mBuilding C object CMakeFiles/turtlebot3_msgs__rosidl_typesupport_introspection_c__pyext.dir/rosidl_generator_py/turtlebot3_msgs/_turtlebot3_msgs_s.ep.rosidl_typesupport_introspection_c.c.o[0m
[6.219s] [ 98%] [32m[1mLinking C shared library rosidl_generator_py/turtlebot3_msgs/turtlebot3_msgs_s__rosidl_typesupport_fastrtps_c.cpython-310-x86_64-linux-gnu.so[0m
[6.220s] [ 98%] [32m[1mLinking C shared library rosidl_generator_py/turtlebot3_msgs/turtlebot3_msgs_s__rosidl_typesupport_c.cpython-310-x86_64-linux-gnu.so[0m
[6.262s] [ 98%] Built target turtlebot3_msgs__rosidl_typesupport_c__pyext
[6.271s] [ 98%] Built target turtlebot3_msgs__rosidl_typesupport_fastrtps_c__pyext
[6.289s] [100%] [32m[1mLinking C shared library rosidl_generator_py/turtlebot3_msgs/turtlebot3_msgs_s__rosidl_typesupport_introspection_c.cpython-310-x86_64-linux-gnu.so[0m
[6.339s] [100%] Built target turtlebot3_msgs__rosidl_typesupport_introspection_c__pyext
[6.351s] Invoked command in '/home/ubuntu/turtlebot3_ws/src/build/turtlebot3_msgs' returned '0': CMAKE_PREFIX_PATH=${CMAKE_PREFIX_PATH}:/home/ubuntu/turtlebot3_ws/install/turtlebot3_teleop:/home/ubuntu/turtlebot3_ws/install/turtlebot3_example:/opt/ros/humble /usr/bin/cmake --build /home/ubuntu/turtlebot3_ws/src/build/turtlebot3_msgs -- -j24 -l24
[6.353s] Invoking command in '/home/ubuntu/turtlebot3_ws/src/build/turtlebot3_msgs': CMAKE_PREFIX_PATH=${CMAKE_PREFIX_PATH}:/home/ubuntu/turtlebot3_ws/install/turtlebot3_teleop:/home/ubuntu/turtlebot3_ws/install/turtlebot3_example:/opt/ros/humble /usr/bin/cmake --install /home/ubuntu/turtlebot3_ws/src/build/turtlebot3_msgs
[6.361s] -- Install configuration: ""
[6.361s] -- Execute custom install script
[6.361s] -- Symlinking: /home/ubuntu/turtlebot3_ws/src/install/turtlebot3_msgs/share/ament_index/resource_index/rosidl_interfaces/turtlebot3_msgs
[6.372s] -- Symlinking: /home/ubuntu/turtlebot3_ws/src/install/turtlebot3_msgs/include/turtlebot3_msgs/turtlebot3_msgs/action/detail/patrol__functions.h
[6.382s] -- Symlinking: /home/ubuntu/turtlebot3_ws/src/install/turtlebot3_msgs/include/turtlebot3_msgs/turtlebot3_msgs/action/detail/patrol__struct.h
[6.392s] -- Symlinking: /home/ubuntu/turtlebot3_ws/src/install/turtlebot3_msgs/include/turtlebot3_msgs/turtlebot3_msgs/action/detail/patrol__type_support.h
[6.403s] -- Symlinking: /home/ubuntu/turtlebot3_ws/src/install/turtlebot3_msgs/include/turtlebot3_msgs/turtlebot3_msgs/action/patrol.h
[6.413s] -- Symlinking: /home/ubuntu/turtlebot3_ws/src/install/turtlebot3_msgs/include/turtlebot3_msgs/turtlebot3_msgs/msg/detail/sensor_state__functions.h
[6.423s] -- Symlinking: /home/ubuntu/turtlebot3_ws/src/install/turtlebot3_msgs/include/turtlebot3_msgs/turtlebot3_msgs/msg/detail/sensor_state__struct.h
[6.434s] -- Symlinking: /home/ubuntu/turtlebot3_ws/src/install/turtlebot3_msgs/include/turtlebot3_msgs/turtlebot3_msgs/msg/detail/sensor_state__type_support.h
[6.444s] -- Symlinking: /home/ubuntu/turtlebot3_ws/src/install/turtlebot3_msgs/include/turtlebot3_msgs/turtlebot3_msgs/msg/detail/sound__functions.h
[6.455s] -- Symlinking: /home/ubuntu/turtlebot3_ws/src/install/turtlebot3_msgs/include/turtlebot3_msgs/turtlebot3_msgs/msg/detail/sound__struct.h
[6.465s] -- Symlinking: /home/ubuntu/turtlebot3_ws/src/install/turtlebot3_msgs/include/turtlebot3_msgs/turtlebot3_msgs/msg/detail/sound__type_support.h
[6.472s] -- Symlinking: /home/ubuntu/turtlebot3_ws/src/install/turtlebot3_msgs/include/turtlebot3_msgs/turtlebot3_msgs/msg/detail/version_info__functions.h
[6.482s] -- Symlinking: /home/ubuntu/turtlebot3_ws/src/install/turtlebot3_msgs/include/turtlebot3_msgs/turtlebot3_msgs/msg/detail/version_info__struct.h
[6.490s] -- Symlinking: /home/ubuntu/turtlebot3_ws/src/install/turtlebot3_msgs/include/turtlebot3_msgs/turtlebot3_msgs/msg/detail/version_info__type_support.h
[6.500s] -- Symlinking: /home/ubuntu/turtlebot3_ws/src/install/turtlebot3_msgs/include/turtlebot3_msgs/turtlebot3_msgs/msg/rosidl_generator_c__visibility_control.h
[6.510s] -- Symlinking: /home/ubuntu/turtlebot3_ws/src/install/turtlebot3_msgs/include/turtlebot3_msgs/turtlebot3_msgs/msg/sensor_state.h
[6.519s] -- Symlinking: /home/ubuntu/turtlebot3_ws/src/install/turtlebot3_msgs/include/turtlebot3_msgs/turtlebot3_msgs/msg/sound.h
[6.529s] -- Symlinking: /home/ubuntu/turtlebot3_ws/src/install/turtlebot3_msgs/include/turtlebot3_msgs/turtlebot3_msgs/msg/version_info.h
[6.539s] -- Symlinking: /home/ubuntu/turtlebot3_ws/src/install/turtlebot3_msgs/include/turtlebot3_msgs/turtlebot3_msgs/srv/detail/dqn__functions.h
[6.549s] -- Symlinking: /home/ubuntu/turtlebot3_ws/src/install/turtlebot3_msgs/include/turtlebot3_msgs/turtlebot3_msgs/srv/detail/dqn__struct.h
[6.559s] -- Symlinking: /home/ubuntu/turtlebot3_ws/src/install/turtlebot3_msgs/include/turtlebot3_msgs/turtlebot3_msgs/srv/detail/dqn__type_support.h
[6.569s] -- Symlinking: /home/ubuntu/turtlebot3_ws/src/install/turtlebot3_msgs/include/turtlebot3_msgs/turtlebot3_msgs/srv/detail/goal__functions.h
[6.580s] -- Symlinking: /home/ubuntu/turtlebot3_ws/src/install/turtlebot3_msgs/include/turtlebot3_msgs/turtlebot3_msgs/srv/detail/goal__struct.h
[6.589s] -- Symlinking: /home/ubuntu/turtlebot3_ws/src/install/turtlebot3_msgs/include/turtlebot3_msgs/turtlebot3_msgs/srv/detail/goal__type_support.h
[6.600s] -- Symlinking: /home/ubuntu/turtlebot3_ws/src/install/turtlebot3_msgs/include/turtlebot3_msgs/turtlebot3_msgs/srv/detail/sound__functions.h
[6.610s] -- Symlinking: /home/ubuntu/turtlebot3_ws/src/install/turtlebot3_msgs/include/turtlebot3_msgs/turtlebot3_msgs/srv/detail/sound__struct.h
[6.617s] -- Symlinking: /home/ubuntu/turtlebot3_ws/src/install/turtlebot3_msgs/include/turtlebot3_msgs/turtlebot3_msgs/srv/detail/sound__type_support.h
[6.627s] -- Symlinking: /home/ubuntu/turtlebot3_ws/src/install/turtlebot3_msgs/include/turtlebot3_msgs/turtlebot3_msgs/srv/dqn.h
[6.638s] -- Symlinking: /home/ubuntu/turtlebot3_ws/src/install/turtlebot3_msgs/include/turtlebot3_msgs/turtlebot3_msgs/srv/goal.h
[6.648s] -- Symlinking: /home/ubuntu/turtlebot3_ws/src/install/turtlebot3_msgs/include/turtlebot3_msgs/turtlebot3_msgs/srv/sound.h
[6.656s] -- Symlinking: /home/ubuntu/turtlebot3_ws/src/install/turtlebot3_msgs/share/turtlebot3_msgs/environment/library_path.sh
[6.664s] -- Symlinking: /home/ubuntu/turtlebot3_ws/src/install/turtlebot3_msgs/share/turtlebot3_msgs/environment/library_path.dsv
[6.674s] -- Symlinking: /home/ubuntu/turtlebot3_ws/src/install/turtlebot3_msgs/include/turtlebot3_msgs/turtlebot3_msgs/action/detail/patrol__rosidl_typesupport_fastrtps_c.h
[6.684s] -- Symlinking: /home/ubuntu/turtlebot3_ws/src/install/turtlebot3_msgs/include/turtlebot3_msgs/turtlebot3_msgs/msg/detail/sensor_state__rosidl_typesupport_fastrtps_c.h
[6.694s] -- Symlinking: /home/ubuntu/turtlebot3_ws/src/install/turtlebot3_msgs/include/turtlebot3_msgs/turtlebot3_msgs/msg/detail/sound__rosidl_typesupport_fastrtps_c.h
[6.704s] -- Symlinking: /home/ubuntu/turtlebot3_ws/src/install/turtlebot3_msgs/include/turtlebot3_msgs/turtlebot3_msgs/msg/detail/version_info__rosidl_typesupport_fastrtps_c.h
[6.712s] -- Symlinking: /home/ubuntu/turtlebot3_ws/src/install/turtlebot3_msgs/include/turtlebot3_msgs/turtlebot3_msgs/msg/rosidl_typesupport_fastrtps_c__visibility_control.h
[6.722s] -- Symlinking: /home/ubuntu/turtlebot3_ws/src/install/turtlebot3_msgs/include/turtlebot3_msgs/turtlebot3_msgs/srv/detail/dqn__rosidl_typesupport_fastrtps_c.h
[6.732s] -- Symlinking: /home/ubuntu/turtlebot3_ws/src/install/turtlebot3_msgs/include/turtlebot3_msgs/turtlebot3_msgs/srv/detail/goal__rosidl_typesupport_fastrtps_c.h
[6.742s] -- Symlinking: /home/ubuntu/turtlebot3_ws/src/install/turtlebot3_msgs/include/turtlebot3_msgs/turtlebot3_msgs/srv/detail/sound__rosidl_typesupport_fastrtps_c.h
[6.752s] -- Symlinking: /home/ubuntu/turtlebot3_ws/src/install/turtlebot3_msgs/include/turtlebot3_msgs/turtlebot3_msgs/action/detail/patrol__builder.hpp
[6.762s] -- Symlinking: /home/ubuntu/turtlebot3_ws/src/install/turtlebot3_msgs/include/turtlebot3_msgs/turtlebot3_msgs/action/detail/patrol__struct.hpp
[6.772s] -- Symlinking: /home/ubuntu/turtlebot3_ws/src/install/turtlebot3_msgs/include/turtlebot3_msgs/turtlebot3_msgs/action/detail/patrol__traits.hpp
[6.782s] -- Symlinking: /home/ubuntu/turtlebot3_ws/src/install/turtlebot3_msgs/include/turtlebot3_msgs/turtlebot3_msgs/action/detail/patrol__type_support.hpp
[6.793s] -- Symlinking: /home/ubuntu/turtlebot3_ws/src/install/turtlebot3_msgs/include/turtlebot3_msgs/turtlebot3_msgs/action/patrol.hpp
[6.804s] -- Symlinking: /home/ubuntu/turtlebot3_ws/src/install/turtlebot3_msgs/include/turtlebot3_msgs/turtlebot3_msgs/msg/detail/sensor_state__builder.hpp
[6.811s] -- Symlinking: /home/ubuntu/turtlebot3_ws/src/install/turtlebot3_msgs/include/turtlebot3_msgs/turtlebot3_msgs/msg/detail/sensor_state__struct.hpp
[6.821s] -- Symlinking: /home/ubuntu/turtlebot3_ws/src/install/turtlebot3_msgs/include/turtlebot3_msgs/turtlebot3_msgs/msg/detail/sensor_state__traits.hpp
[6.831s] -- Symlinking: /home/ubuntu/turtlebot3_ws/src/install/turtlebot3_msgs/include/turtlebot3_msgs/turtlebot3_msgs/msg/detail/sensor_state__type_support.hpp
[6.842s] -- Symlinking: /home/ubuntu/turtlebot3_ws/src/install/turtlebot3_msgs/include/turtlebot3_msgs/turtlebot3_msgs/msg/detail/sound__builder.hpp
[6.853s] -- Symlinking: /home/ubuntu/turtlebot3_ws/src/install/turtlebot3_msgs/include/turtlebot3_msgs/turtlebot3_msgs/msg/detail/sound__struct.hpp
[6.860s] -- Symlinking: /home/ubuntu/turtlebot3_ws/src/install/turtlebot3_msgs/include/turtlebot3_msgs/turtlebot3_msgs/msg/detail/sound__traits.hpp
[6.869s] -- Symlinking: /home/ubuntu/turtlebot3_ws/src/install/turtlebot3_msgs/include/turtlebot3_msgs/turtlebot3_msgs/msg/detail/sound__type_support.hpp
[6.880s] -- Symlinking: /home/ubuntu/turtlebot3_ws/src/install/turtlebot3_msgs/include/turtlebot3_msgs/turtlebot3_msgs/msg/detail/version_info__builder.hpp
[6.890s] -- Symlinking: /home/ubuntu/turtlebot3_ws/src/install/turtlebot3_msgs/include/turtlebot3_msgs/turtlebot3_msgs/msg/detail/version_info__struct.hpp
[6.901s] -- Symlinking: /home/ubuntu/turtlebot3_ws/src/install/turtlebot3_msgs/include/turtlebot3_msgs/turtlebot3_msgs/msg/detail/version_info__traits.hpp
[6.912s] -- Symlinking: /home/ubuntu/turtlebot3_ws/src/install/turtlebot3_msgs/include/turtlebot3_msgs/turtlebot3_msgs/msg/detail/version_info__type_support.hpp
[6.923s] -- Symlinking: /home/ubuntu/turtlebot3_ws/src/install/turtlebot3_msgs/include/turtlebot3_msgs/turtlebot3_msgs/msg/rosidl_generator_cpp__visibility_control.hpp
[6.934s] -- Symlinking: /home/ubuntu/turtlebot3_ws/src/install/turtlebot3_msgs/include/turtlebot3_msgs/turtlebot3_msgs/msg/sensor_state.hpp
[6.944s] -- Symlinking: /home/ubuntu/turtlebot3_ws/src/install/turtlebot3_msgs/include/turtlebot3_msgs/turtlebot3_msgs/msg/sound.hpp
[6.955s] -- Symlinking: /home/ubuntu/turtlebot3_ws/src/install/turtlebot3_msgs/include/turtlebot3_msgs/turtlebot3_msgs/msg/version_info.hpp
[6.966s] -- Symlinking: /home/ubuntu/turtlebot3_ws/src/install/turtlebot3_msgs/include/turtlebot3_msgs/turtlebot3_msgs/srv/detail/dqn__builder.hpp
[6.978s] -- Symlinking: /home/ubuntu/turtlebot3_ws/src/install/turtlebot3_msgs/include/turtlebot3_msgs/turtlebot3_msgs/srv/detail/dqn__struct.hpp
[6.989s] -- Symlinking: /home/ubuntu/turtlebot3_ws/src/install/turtlebot3_msgs/include/turtlebot3_msgs/turtlebot3_msgs/srv/detail/dqn__traits.hpp
[6.997s] -- Symlinking: /home/ubuntu/turtlebot3_ws/src/install/turtlebot3_msgs/include/turtlebot3_msgs/turtlebot3_msgs/srv/detail/dqn__type_support.hpp
[7.009s] -- Symlinking: /home/ubuntu/turtlebot3_ws/src/install/turtlebot3_msgs/include/turtlebot3_msgs/turtlebot3_msgs/srv/detail/goal__builder.hpp
[7.019s] -- Symlinking: /home/ubuntu/turtlebot3_ws/src/install/turtlebot3_msgs/include/turtlebot3_msgs/turtlebot3_msgs/srv/detail/goal__struct.hpp
[7.031s] -- Symlinking: /home/ubuntu/turtlebot3_ws/src/install/turtlebot3_msgs/include/turtlebot3_msgs/turtlebot3_msgs/srv/detail/goal__traits.hpp
[7.042s] -- Symlinking: /home/ubuntu/turtlebot3_ws/src/install/turtlebot3_msgs/include/turtlebot3_msgs/turtlebot3_msgs/srv/detail/goal__type_support.hpp
[7.054s] -- Symlinking: /home/ubuntu/turtlebot3_ws/src/install/turtlebot3_msgs/include/turtlebot3_msgs/turtlebot3_msgs/srv/detail/sound__builder.hpp
[7.065s] -- Symlinking: /home/ubuntu/turtlebot3_ws/src/install/turtlebot3_msgs/include/turtlebot3_msgs/turtlebot3_msgs/srv/detail/sound__struct.hpp
[7.073s] -- Symlinking: /home/ubuntu/turtlebot3_ws/src/install/turtlebot3_msgs/include/turtlebot3_msgs/turtlebot3_msgs/srv/detail/sound__traits.hpp
[7.080s] -- Symlinking: /home/ubuntu/turtlebot3_ws/src/install/turtlebot3_msgs/include/turtlebot3_msgs/turtlebot3_msgs/srv/detail/sound__type_support.hpp
[7.092s] -- Symlinking: /home/ubuntu/turtlebot3_ws/src/install/turtlebot3_msgs/include/turtlebot3_msgs/turtlebot3_msgs/srv/dqn.hpp
[7.102s] -- Symlinking: /home/ubuntu/turtlebot3_ws/src/install/turtlebot3_msgs/include/turtlebot3_msgs/turtlebot3_msgs/srv/goal.hpp
[7.114s] -- Symlinking: /home/ubuntu/turtlebot3_ws/src/install/turtlebot3_msgs/include/turtlebot3_msgs/turtlebot3_msgs/srv/sound.hpp
[7.124s] -- Symlinking: /home/ubuntu/turtlebot3_ws/src/install/turtlebot3_msgs/include/turtlebot3_msgs/turtlebot3_msgs/action/detail/patrol__rosidl_typesupport_fastrtps_cpp.hpp
[7.132s] -- Symlinking: /home/ubuntu/turtlebot3_ws/src/install/turtlebot3_msgs/include/turtlebot3_msgs/turtlebot3_msgs/msg/detail/sensor_state__rosidl_typesupport_fastrtps_cpp.hpp
[7.140s] -- Symlinking: /home/ubuntu/turtlebot3_ws/src/install/turtlebot3_msgs/include/turtlebot3_msgs/turtlebot3_msgs/msg/detail/sound__rosidl_typesupport_fastrtps_cpp.hpp
[7.151s] -- Symlinking: /home/ubuntu/turtlebot3_ws/src/install/turtlebot3_msgs/include/turtlebot3_msgs/turtlebot3_msgs/msg/detail/version_info__rosidl_typesupport_fastrtps_cpp.hpp
[7.162s] -- Symlinking: /home/ubuntu/turtlebot3_ws/src/install/turtlebot3_msgs/include/turtlebot3_msgs/turtlebot3_msgs/msg/rosidl_typesupport_fastrtps_cpp__visibility_control.h
[7.173s] -- Symlinking: /home/ubuntu/turtlebot3_ws/src/install/turtlebot3_msgs/include/turtlebot3_msgs/turtlebot3_msgs/srv/detail/dqn__rosidl_typesupport_fastrtps_cpp.hpp
[7.181s] -- Symlinking: /home/ubuntu/turtlebot3_ws/src/install/turtlebot3_msgs/include/turtlebot3_msgs/turtlebot3_msgs/srv/detail/goal__rosidl_typesupport_fastrtps_cpp.hpp
[7.192s] -- Symlinking: /home/ubuntu/turtlebot3_ws/src/install/turtlebot3_msgs/include/turtlebot3_msgs/turtlebot3_msgs/srv/detail/sound__rosidl_typesupport_fastrtps_cpp.hpp
[7.201s] -- Symlinking: /home/ubuntu/turtlebot3_ws/src/install/turtlebot3_msgs/include/turtlebot3_msgs/turtlebot3_msgs/action/detail/patrol__rosidl_typesupport_introspection_c.h
[7.213s] -- Symlinking: /home/ubuntu/turtlebot3_ws/src/install/turtlebot3_msgs/include/turtlebot3_msgs/turtlebot3_msgs/msg/detail/sensor_state__rosidl_typesupport_introspection_c.h
[7.224s] -- Symlinking: /home/ubuntu/turtlebot3_ws/src/install/turtlebot3_msgs/include/turtlebot3_msgs/turtlebot3_msgs/msg/detail/sound__rosidl_typesupport_introspection_c.h
[7.230s] -- Symlinking: /home/ubuntu/turtlebot3_ws/src/install/turtlebot3_msgs/include/turtlebot3_msgs/turtlebot3_msgs/msg/detail/version_info__rosidl_typesupport_introspection_c.h
[7.240s] -- Symlinking: /home/ubuntu/turtlebot3_ws/src/install/turtlebot3_msgs/include/turtlebot3_msgs/turtlebot3_msgs/msg/rosidl_typesupport_introspection_c__visibility_control.h
[7.251s] -- Symlinking: /home/ubuntu/turtlebot3_ws/src/install/turtlebot3_msgs/include/turtlebot3_msgs/turtlebot3_msgs/srv/detail/dqn__rosidl_typesupport_introspection_c.h
[7.261s] -- Symlinking: /home/ubuntu/turtlebot3_ws/src/install/turtlebot3_msgs/include/turtlebot3_msgs/turtlebot3_msgs/srv/detail/goal__rosidl_typesupport_introspection_c.h
[7.272s] -- Symlinking: /home/ubuntu/turtlebot3_ws/src/install/turtlebot3_msgs/include/turtlebot3_msgs/turtlebot3_msgs/srv/detail/sound__rosidl_typesupport_introspection_c.h
[7.279s] -- Symlinking: /home/ubuntu/turtlebot3_ws/src/install/turtlebot3_msgs/include/turtlebot3_msgs/turtlebot3_msgs/action/detail/patrol__rosidl_typesupport_introspection_cpp.hpp
[7.290s] -- Symlinking: /home/ubuntu/turtlebot3_ws/src/install/turtlebot3_msgs/include/turtlebot3_msgs/turtlebot3_msgs/msg/detail/sensor_state__rosidl_typesupport_introspection_cpp.hpp
[7.299s] -- Symlinking: /home/ubuntu/turtlebot3_ws/src/install/turtlebot3_msgs/include/turtlebot3_msgs/turtlebot3_msgs/msg/detail/sound__rosidl_typesupport_introspection_cpp.hpp
[7.310s] -- Symlinking: /home/ubuntu/turtlebot3_ws/src/install/turtlebot3_msgs/include/turtlebot3_msgs/turtlebot3_msgs/msg/detail/version_info__rosidl_typesupport_introspection_cpp.hpp
[7.320s] -- Symlinking: /home/ubuntu/turtlebot3_ws/src/install/turtlebot3_msgs/include/turtlebot3_msgs/turtlebot3_msgs/srv/detail/dqn__rosidl_typesupport_introspection_cpp.hpp
[7.327s] -- Symlinking: /home/ubuntu/turtlebot3_ws/src/install/turtlebot3_msgs/include/turtlebot3_msgs/turtlebot3_msgs/srv/detail/goal__rosidl_typesupport_introspection_cpp.hpp
[7.338s] -- Symlinking: /home/ubuntu/turtlebot3_ws/src/install/turtlebot3_msgs/include/turtlebot3_msgs/turtlebot3_msgs/srv/detail/sound__rosidl_typesupport_introspection_cpp.hpp
[7.345s] -- Symlinking: /home/ubuntu/turtlebot3_ws/src/install/turtlebot3_msgs/share/turtlebot3_msgs/environment/pythonpath.sh
[7.352s] -- Symlinking: /home/ubuntu/turtlebot3_ws/src/install/turtlebot3_msgs/share/turtlebot3_msgs/environment/pythonpath.dsv
[7.363s] -- Symlinking: /home/ubuntu/turtlebot3_ws/src/install/turtlebot3_msgs/local/lib/python3.10/dist-packages/turtlebot3_msgs-2.4.0-py3.10.egg-info/PKG-INFO
[7.374s] -- Symlinking: /home/ubuntu/turtlebot3_ws/src/install/turtlebot3_msgs/local/lib/python3.10/dist-packages/turtlebot3_msgs-2.4.0-py3.10.egg-info/SOURCES.txt
[7.383s] -- Symlinking: /home/ubuntu/turtlebot3_ws/src/install/turtlebot3_msgs/local/lib/python3.10/dist-packages/turtlebot3_msgs-2.4.0-py3.10.egg-info/dependency_links.txt
[7.392s] -- Symlinking: /home/ubuntu/turtlebot3_ws/src/install/turtlebot3_msgs/local/lib/python3.10/dist-packages/turtlebot3_msgs-2.4.0-py3.10.egg-info/top_level.txt
[7.400s] -- Symlinking: /home/ubuntu/turtlebot3_ws/src/install/turtlebot3_msgs/local/lib/python3.10/dist-packages/turtlebot3_msgs/__init__.py
[7.411s] -- Symlinking: /home/ubuntu/turtlebot3_ws/src/install/turtlebot3_msgs/local/lib/python3.10/dist-packages/turtlebot3_msgs/_turtlebot3_msgs_s.ep.rosidl_typesupport_c.c
[7.421s] -- Symlinking: /home/ubuntu/turtlebot3_ws/src/install/turtlebot3_msgs/local/lib/python3.10/dist-packages/turtlebot3_msgs/_turtlebot3_msgs_s.ep.rosidl_typesupport_fastrtps_c.c
[7.432s] -- Symlinking: /home/ubuntu/turtlebot3_ws/src/install/turtlebot3_msgs/local/lib/python3.10/dist-packages/turtlebot3_msgs/_turtlebot3_msgs_s.ep.rosidl_typesupport_introspection_c.c
[7.443s] -- Symlinking: /home/ubuntu/turtlebot3_ws/src/install/turtlebot3_msgs/local/lib/python3.10/dist-packages/turtlebot3_msgs/action/__init__.py
[7.453s] -- Symlinking: /home/ubuntu/turtlebot3_ws/src/install/turtlebot3_msgs/local/lib/python3.10/dist-packages/turtlebot3_msgs/action/_patrol.py
[7.464s] -- Symlinking: /home/ubuntu/turtlebot3_ws/src/install/turtlebot3_msgs/local/lib/python3.10/dist-packages/turtlebot3_msgs/action/_patrol_s.c
[7.471s] -- Symlinking: /home/ubuntu/turtlebot3_ws/src/install/turtlebot3_msgs/local/lib/python3.10/dist-packages/turtlebot3_msgs/libturtlebot3_msgs__rosidl_generator_py.so
[7.482s] -- Symlinking: /home/ubuntu/turtlebot3_ws/src/install/turtlebot3_msgs/local/lib/python3.10/dist-packages/turtlebot3_msgs/msg/__init__.py
[7.492s] -- Symlinking: /home/ubuntu/turtlebot3_ws/src/install/turtlebot3_msgs/local/lib/python3.10/dist-packages/turtlebot3_msgs/msg/_sensor_state.py
[7.502s] -- Symlinking: /home/ubuntu/turtlebot3_ws/src/install/turtlebot3_msgs/local/lib/python3.10/dist-packages/turtlebot3_msgs/msg/_sensor_state_s.c
[7.512s] -- Symlinking: /home/ubuntu/turtlebot3_ws/src/install/turtlebot3_msgs/local/lib/python3.10/dist-packages/turtlebot3_msgs/msg/_sound.py
[7.520s] -- Symlinking: /home/ubuntu/turtlebot3_ws/src/install/turtlebot3_msgs/local/lib/python3.10/dist-packages/turtlebot3_msgs/msg/_sound_s.c
[7.531s] -- Symlinking: /home/ubuntu/turtlebot3_ws/src/install/turtlebot3_msgs/local/lib/python3.10/dist-packages/turtlebot3_msgs/msg/_version_info.py
[7.541s] -- Symlinking: /home/ubuntu/turtlebot3_ws/src/install/turtlebot3_msgs/local/lib/python3.10/dist-packages/turtlebot3_msgs/msg/_version_info_s.c
[7.551s] -- Symlinking: /home/ubuntu/turtlebot3_ws/src/install/turtlebot3_msgs/local/lib/python3.10/dist-packages/turtlebot3_msgs/srv/__init__.py
[7.562s] -- Symlinking: /home/ubuntu/turtlebot3_ws/src/install/turtlebot3_msgs/local/lib/python3.10/dist-packages/turtlebot3_msgs/srv/_dqn.py
[7.569s] -- Symlinking: /home/ubuntu/turtlebot3_ws/src/install/turtlebot3_msgs/local/lib/python3.10/dist-packages/turtlebot3_msgs/srv/_dqn_s.c
[7.579s] -- Symlinking: /home/ubuntu/turtlebot3_ws/src/install/turtlebot3_msgs/local/lib/python3.10/dist-packages/turtlebot3_msgs/srv/_goal.py
[7.589s] -- Symlinking: /home/ubuntu/turtlebot3_ws/src/install/turtlebot3_msgs/local/lib/python3.10/dist-packages/turtlebot3_msgs/srv/_goal_s.c
[7.600s] -- Symlinking: /home/ubuntu/turtlebot3_ws/src/install/turtlebot3_msgs/local/lib/python3.10/dist-packages/turtlebot3_msgs/srv/_sound.py
[7.610s] -- Symlinking: /home/ubuntu/turtlebot3_ws/src/install/turtlebot3_msgs/local/lib/python3.10/dist-packages/turtlebot3_msgs/srv/_sound_s.c
[7.617s] -- Symlinking: /home/ubuntu/turtlebot3_ws/src/install/turtlebot3_msgs/local/lib/python3.10/dist-packages/turtlebot3_msgs/turtlebot3_msgs_s__rosidl_typesupport_c.cpython-310-x86_64-linux-gnu.so
[7.627s] -- Symlinking: /home/ubuntu/turtlebot3_ws/src/install/turtlebot3_msgs/local/lib/python3.10/dist-packages/turtlebot3_msgs/turtlebot3_msgs_s__rosidl_typesupport_fastrtps_c.cpython-310-x86_64-linux-gnu.so
[7.638s] -- Symlinking: /home/ubuntu/turtlebot3_ws/src/install/turtlebot3_msgs/local/lib/python3.10/dist-packages/turtlebot3_msgs/turtlebot3_msgs_s__rosidl_typesupport_introspection_c.cpython-310-x86_64-linux-gnu.so
[7.648s] -- Up-to-date symlink: /home/ubuntu/turtlebot3_ws/src/install/turtlebot3_msgs/local/lib/python3.10/dist-packages/turtlebot3_msgs/turtlebot3_msgs_s__rosidl_typesupport_fastrtps_c.cpython-310-x86_64-linux-gnu.so
[7.649s] -- Up-to-date symlink: /home/ubuntu/turtlebot3_ws/src/install/turtlebot3_msgs/local/lib/python3.10/dist-packages/turtlebot3_msgs/turtlebot3_msgs_s__rosidl_typesupport_introspection_c.cpython-310-x86_64-linux-gnu.so
[7.649s] -- Up-to-date symlink: /home/ubuntu/turtlebot3_ws/src/install/turtlebot3_msgs/local/lib/python3.10/dist-packages/turtlebot3_msgs/turtlebot3_msgs_s__rosidl_typesupport_c.cpython-310-x86_64-linux-gnu.so
[7.649s] -- Symlinking: /home/ubuntu/turtlebot3_ws/src/install/turtlebot3_msgs/share/turtlebot3_msgs/msg/SensorState.idl
[7.659s] -- Symlinking: /home/ubuntu/turtlebot3_ws/src/install/turtlebot3_msgs/share/turtlebot3_msgs/msg/Sound.idl
[7.669s] -- Symlinking: /home/ubuntu/turtlebot3_ws/src/install/turtlebot3_msgs/share/turtlebot3_msgs/msg/VersionInfo.idl
[7.679s] -- Symlinking: /home/ubuntu/turtlebot3_ws/src/install/turtlebot3_msgs/share/turtlebot3_msgs/srv/Sound.idl
[7.690s] -- Symlinking: /home/ubuntu/turtlebot3_ws/src/install/turtlebot3_msgs/share/turtlebot3_msgs/srv/Dqn.idl
[7.701s] -- Symlinking: /home/ubuntu/turtlebot3_ws/src/install/turtlebot3_msgs/share/turtlebot3_msgs/srv/Goal.idl
[7.710s] -- Symlinking: /home/ubuntu/turtlebot3_ws/src/install/turtlebot3_msgs/share/turtlebot3_msgs/action/Patrol.idl
[7.720s] -- Symlinking: /home/ubuntu/turtlebot3_ws/src/install/turtlebot3_msgs/share/turtlebot3_msgs/msg/SensorState.msg
[7.731s] -- Symlinking: /home/ubuntu/turtlebot3_ws/src/install/turtlebot3_msgs/share/turtlebot3_msgs/msg/Sound.msg
[7.742s] -- Symlinking: /home/ubuntu/turtlebot3_ws/src/install/turtlebot3_msgs/share/turtlebot3_msgs/msg/VersionInfo.msg
[7.753s] -- Symlinking: /home/ubuntu/turtlebot3_ws/src/install/turtlebot3_msgs/share/turtlebot3_msgs/srv/Sound.srv
[7.763s] -- Symlinking: /home/ubuntu/turtlebot3_ws/src/install/turtlebot3_msgs/share/turtlebot3_msgs/srv/Sound_Request.msg
[7.773s] -- Symlinking: /home/ubuntu/turtlebot3_ws/src/install/turtlebot3_msgs/share/turtlebot3_msgs/srv/Sound_Response.msg
[7.782s] -- Symlinking: /home/ubuntu/turtlebot3_ws/src/install/turtlebot3_msgs/share/turtlebot3_msgs/srv/Dqn.srv
[7.793s] -- Symlinking: /home/ubuntu/turtlebot3_ws/src/install/turtlebot3_msgs/share/turtlebot3_msgs/srv/Dqn_Request.msg
[7.801s] -- Symlinking: /home/ubuntu/turtlebot3_ws/src/install/turtlebot3_msgs/share/turtlebot3_msgs/srv/Dqn_Response.msg
[7.808s] -- Symlinking: /home/ubuntu/turtlebot3_ws/src/install/turtlebot3_msgs/share/turtlebot3_msgs/srv/Goal.srv
[7.819s] -- Symlinking: /home/ubuntu/turtlebot3_ws/src/install/turtlebot3_msgs/share/turtlebot3_msgs/srv/Goal_Request.msg
[7.828s] -- Symlinking: /home/ubuntu/turtlebot3_ws/src/install/turtlebot3_msgs/share/turtlebot3_msgs/srv/Goal_Response.msg
[7.839s] -- Symlinking: /home/ubuntu/turtlebot3_ws/src/install/turtlebot3_msgs/share/turtlebot3_msgs/action/Patrol.action
[7.846s] -- Symlinking: /home/ubuntu/turtlebot3_ws/src/install/turtlebot3_msgs/share/ament_index/resource_index/package_run_dependencies/turtlebot3_msgs
[7.856s] -- Symlinking: /home/ubuntu/turtlebot3_ws/src/install/turtlebot3_msgs/share/ament_index/resource_index/parent_prefix_path/turtlebot3_msgs
[7.866s] -- Symlinking: /home/ubuntu/turtlebot3_ws/src/install/turtlebot3_msgs/share/turtlebot3_msgs/environment/ament_prefix_path.sh
[7.877s] -- Symlinking: /home/ubuntu/turtlebot3_ws/src/install/turtlebot3_msgs/share/turtlebot3_msgs/environment/ament_prefix_path.dsv
[7.887s] -- Symlinking: /home/ubuntu/turtlebot3_ws/src/install/turtlebot3_msgs/share/turtlebot3_msgs/environment/path.sh
[7.897s] -- Symlinking: /home/ubuntu/turtlebot3_ws/src/install/turtlebot3_msgs/share/turtlebot3_msgs/environment/path.dsv
[7.905s] -- Symlinking: /home/ubuntu/turtlebot3_ws/src/install/turtlebot3_msgs/share/turtlebot3_msgs/local_setup.bash
[7.915s] -- Symlinking: /home/ubuntu/turtlebot3_ws/src/install/turtlebot3_msgs/share/turtlebot3_msgs/local_setup.sh
[7.922s] -- Symlinking: /home/ubuntu/turtlebot3_ws/src/install/turtlebot3_msgs/share/turtlebot3_msgs/local_setup.zsh
[7.930s] -- Symlinking: /home/ubuntu/turtlebot3_ws/src/install/turtlebot3_msgs/share/turtlebot3_msgs/local_setup.dsv
[7.940s] -- Symlinking: /home/ubuntu/turtlebot3_ws/src/install/turtlebot3_msgs/share/turtlebot3_msgs/package.dsv
[7.949s] -- Symlinking: /home/ubuntu/turtlebot3_ws/src/install/turtlebot3_msgs/share/ament_index/resource_index/packages/turtlebot3_msgs
[7.960s] -- Symlinking: /home/ubuntu/turtlebot3_ws/src/install/turtlebot3_msgs/share/turtlebot3_msgs/cmake/rosidl_cmake-extras.cmake
[7.968s] -- Symlinking: /home/ubuntu/turtlebot3_ws/src/install/turtlebot3_msgs/share/turtlebot3_msgs/cmake/ament_cmake_export_dependencies-extras.cmake
[7.975s] -- Symlinking: /home/ubuntu/turtlebot3_ws/src/install/turtlebot3_msgs/share/turtlebot3_msgs/cmake/ament_cmake_export_include_directories-extras.cmake
[7.985s] -- Symlinking: /home/ubuntu/turtlebot3_ws/src/install/turtlebot3_msgs/share/turtlebot3_msgs/cmake/ament_cmake_export_libraries-extras.cmake
[7.995s] -- Symlinking: /home/ubuntu/turtlebot3_ws/src/install/turtlebot3_msgs/share/turtlebot3_msgs/cmake/ament_cmake_export_targets-extras.cmake
[8.005s] -- Symlinking: /home/ubuntu/turtlebot3_ws/src/install/turtlebot3_msgs/share/turtlebot3_msgs/cmake/rosidl_cmake_export_typesupport_targets-extras.cmake
[8.015s] -- Symlinking: /home/ubuntu/turtlebot3_ws/src/install/turtlebot3_msgs/share/turtlebot3_msgs/cmake/rosidl_cmake_export_typesupport_libraries-extras.cmake
[8.024s] -- Symlinking: /home/ubuntu/turtlebot3_ws/src/install/turtlebot3_msgs/share/turtlebot3_msgs/cmake/turtlebot3_msgsConfig.cmake
[8.034s] -- Symlinking: /home/ubuntu/turtlebot3_ws/src/install/turtlebot3_msgs/share/turtlebot3_msgs/cmake/turtlebot3_msgsConfig-version.cmake
[8.045s] -- Symlinking: /home/ubuntu/turtlebot3_ws/src/install/turtlebot3_msgs/share/turtlebot3_msgs/package.xml
[8.056s] -- Installing: /home/ubuntu/turtlebot3_ws/src/install/turtlebot3_msgs/lib/libturtlebot3_msgs__rosidl_generator_c.so
[8.056s] -- Set runtime path of "/home/ubuntu/turtlebot3_ws/src/install/turtlebot3_msgs/lib/libturtlebot3_msgs__rosidl_generator_c.so" to ""
[8.056s] -- Installing: /home/ubuntu/turtlebot3_ws/src/install/turtlebot3_msgs/lib/libturtlebot3_msgs__rosidl_typesupport_fastrtps_c.so
[8.056s] -- Set runtime path of "/home/ubuntu/turtlebot3_ws/src/install/turtlebot3_msgs/lib/libturtlebot3_msgs__rosidl_typesupport_fastrtps_c.so" to ""
[8.056s] -- Installing: /home/ubuntu/turtlebot3_ws/src/install/turtlebot3_msgs/lib/libturtlebot3_msgs__rosidl_typesupport_fastrtps_cpp.so
[8.057s] -- Set runtime path of "/home/ubuntu/turtlebot3_ws/src/install/turtlebot3_msgs/lib/libturtlebot3_msgs__rosidl_typesupport_fastrtps_cpp.so" to ""
[8.057s] -- Installing: /home/ubuntu/turtlebot3_ws/src/install/turtlebot3_msgs/lib/libturtlebot3_msgs__rosidl_typesupport_introspection_c.so
[8.057s] -- Set runtime path of "/home/ubuntu/turtlebot3_ws/src/install/turtlebot3_msgs/lib/libturtlebot3_msgs__rosidl_typesupport_introspection_c.so" to ""
[8.057s] -- Installing: /home/ubuntu/turtlebot3_ws/src/install/turtlebot3_msgs/lib/libturtlebot3_msgs__rosidl_typesupport_c.so
[8.057s] -- Set runtime path of "/home/ubuntu/turtlebot3_ws/src/install/turtlebot3_msgs/lib/libturtlebot3_msgs__rosidl_typesupport_c.so" to ""
[8.057s] -- Installing: /home/ubuntu/turtlebot3_ws/src/install/turtlebot3_msgs/lib/libturtlebot3_msgs__rosidl_typesupport_introspection_cpp.so
[8.058s] -- Set runtime path of "/home/ubuntu/turtlebot3_ws/src/install/turtlebot3_msgs/lib/libturtlebot3_msgs__rosidl_typesupport_introspection_cpp.so" to ""
[8.058s] -- Installing: /home/ubuntu/turtlebot3_ws/src/install/turtlebot3_msgs/lib/libturtlebot3_msgs__rosidl_typesupport_cpp.so
[8.058s] -- Set runtime path of "/home/ubuntu/turtlebot3_ws/src/install/turtlebot3_msgs/lib/libturtlebot3_msgs__rosidl_typesupport_cpp.so" to ""
[8.111s] Listing '/home/ubuntu/turtlebot3_ws/src/install/turtlebot3_msgs/local/lib/python3.10/dist-packages/turtlebot3_msgs'...
[8.111s] Compiling '/home/ubuntu/turtlebot3_ws/src/install/turtlebot3_msgs/local/lib/python3.10/dist-packages/turtlebot3_msgs/__init__.py'...
[8.111s] Listing '/home/ubuntu/turtlebot3_ws/src/install/turtlebot3_msgs/local/lib/python3.10/dist-packages/turtlebot3_msgs/action'...
[8.111s] Compiling '/home/ubuntu/turtlebot3_ws/src/install/turtlebot3_msgs/local/lib/python3.10/dist-packages/turtlebot3_msgs/action/__init__.py'...
[8.111s] Compiling '/home/ubuntu/turtlebot3_ws/src/install/turtlebot3_msgs/local/lib/python3.10/dist-packages/turtlebot3_msgs/action/_patrol.py'...
[8.111s] Listing '/home/ubuntu/turtlebot3_ws/src/install/turtlebot3_msgs/local/lib/python3.10/dist-packages/turtlebot3_msgs/msg'...
[8.111s] Compiling '/home/ubuntu/turtlebot3_ws/src/install/turtlebot3_msgs/local/lib/python3.10/dist-packages/turtlebot3_msgs/msg/__init__.py'...
[8.111s] Compiling '/home/ubuntu/turtlebot3_ws/src/install/turtlebot3_msgs/local/lib/python3.10/dist-packages/turtlebot3_msgs/msg/_sensor_state.py'...
[8.111s] Compiling '/home/ubuntu/turtlebot3_ws/src/install/turtlebot3_msgs/local/lib/python3.10/dist-packages/turtlebot3_msgs/msg/_sound.py'...
[8.111s] Compiling '/home/ubuntu/turtlebot3_ws/src/install/turtlebot3_msgs/local/lib/python3.10/dist-packages/turtlebot3_msgs/msg/_version_info.py'...
[8.111s] Listing '/home/ubuntu/turtlebot3_ws/src/install/turtlebot3_msgs/local/lib/python3.10/dist-packages/turtlebot3_msgs/srv'...
[8.111s] Compiling '/home/ubuntu/turtlebot3_ws/src/install/turtlebot3_msgs/local/lib/python3.10/dist-packages/turtlebot3_msgs/srv/__init__.py'...
[8.111s] Compiling '/home/ubuntu/turtlebot3_ws/src/install/turtlebot3_msgs/local/lib/python3.10/dist-packages/turtlebot3_msgs/srv/_dqn.py'...
[8.111s] Compiling '/home/ubuntu/turtlebot3_ws/src/install/turtlebot3_msgs/local/lib/python3.10/dist-packages/turtlebot3_msgs/srv/_goal.py'...
[8.111s] Compiling '/home/ubuntu/turtlebot3_ws/src/install/turtlebot3_msgs/local/lib/python3.10/dist-packages/turtlebot3_msgs/srv/_sound.py'...
[8.116s] -- Installing: /home/ubuntu/turtlebot3_ws/src/install/turtlebot3_msgs/lib/libturtlebot3_msgs__rosidl_generator_py.so
[8.117s] -- Set runtime path of "/home/ubuntu/turtlebot3_ws/src/install/turtlebot3_msgs/lib/libturtlebot3_msgs__rosidl_generator_py.so" to ""
[8.117s] -- Installing: /home/ubuntu/turtlebot3_ws/src/install/turtlebot3_msgs/share/turtlebot3_msgs/cmake/export_turtlebot3_msgs__rosidl_generator_cExport.cmake
[8.117s] -- Installing: /home/ubuntu/turtlebot3_ws/src/install/turtlebot3_msgs/share/turtlebot3_msgs/cmake/export_turtlebot3_msgs__rosidl_generator_cExport-noconfig.cmake
[8.117s] -- Installing: /home/ubuntu/turtlebot3_ws/src/install/turtlebot3_msgs/share/turtlebot3_msgs/cmake/export_turtlebot3_msgs__rosidl_typesupport_fastrtps_cExport.cmake
[8.117s] -- Installing: /home/ubuntu/turtlebot3_ws/src/install/turtlebot3_msgs/share/turtlebot3_msgs/cmake/export_turtlebot3_msgs__rosidl_typesupport_fastrtps_cExport-noconfig.cmake
[8.117s] -- Installing: /home/ubuntu/turtlebot3_ws/src/install/turtlebot3_msgs/share/turtlebot3_msgs/cmake/export_turtlebot3_msgs__rosidl_generator_cppExport.cmake
[8.117s] -- Installing: /home/ubuntu/turtlebot3_ws/src/install/turtlebot3_msgs/share/turtlebot3_msgs/cmake/export_turtlebot3_msgs__rosidl_typesupport_fastrtps_cppExport.cmake
[8.117s] -- Installing: /home/ubuntu/turtlebot3_ws/src/install/turtlebot3_msgs/share/turtlebot3_msgs/cmake/export_turtlebot3_msgs__rosidl_typesupport_fastrtps_cppExport-noconfig.cmake
[8.117s] -- Installing: /home/ubuntu/turtlebot3_ws/src/install/turtlebot3_msgs/share/turtlebot3_msgs/cmake/turtlebot3_msgs__rosidl_typesupport_introspection_cExport.cmake
[8.117s] -- Installing: /home/ubuntu/turtlebot3_ws/src/install/turtlebot3_msgs/share/turtlebot3_msgs/cmake/turtlebot3_msgs__rosidl_typesupport_introspection_cExport-noconfig.cmake
[8.118s] -- Installing: /home/ubuntu/turtlebot3_ws/src/install/turtlebot3_msgs/share/turtlebot3_msgs/cmake/turtlebot3_msgs__rosidl_typesupport_cExport.cmake
[8.118s] -- Installing: /home/ubuntu/turtlebot3_ws/src/install/turtlebot3_msgs/share/turtlebot3_msgs/cmake/turtlebot3_msgs__rosidl_typesupport_cExport-noconfig.cmake
[8.118s] -- Installing: /home/ubuntu/turtlebot3_ws/src/install/turtlebot3_msgs/share/turtlebot3_msgs/cmake/turtlebot3_msgs__rosidl_typesupport_introspection_cppExport.cmake
[8.118s] -- Installing: /home/ubuntu/turtlebot3_ws/src/install/turtlebot3_msgs/share/turtlebot3_msgs/cmake/turtlebot3_msgs__rosidl_typesupport_introspection_cppExport-noconfig.cmake
[8.118s] -- Installing: /home/ubuntu/turtlebot3_ws/src/install/turtlebot3_msgs/share/turtlebot3_msgs/cmake/turtlebot3_msgs__rosidl_typesupport_cppExport.cmake
[8.118s] -- Installing: /home/ubuntu/turtlebot3_ws/src/install/turtlebot3_msgs/share/turtlebot3_msgs/cmake/turtlebot3_msgs__rosidl_typesupport_cppExport-noconfig.cmake
[8.118s] -- Installing: /home/ubuntu/turtlebot3_ws/src/install/turtlebot3_msgs/share/turtlebot3_msgs/cmake/export_turtlebot3_msgs__rosidl_generator_pyExport.cmake
[8.118s] -- Installing: /home/ubuntu/turtlebot3_ws/src/install/turtlebot3_msgs/share/turtlebot3_msgs/cmake/export_turtlebot3_msgs__rosidl_generator_pyExport-noconfig.cmake
