[0.056s] Invoking command in '/home/ros/turtlebot3_ws/src/robot_arm/build/robot_arm': CMAKE_PREFIX_PATH=${CMAKE_PREFIX_PATH}:/home/ros/turtlebot3_ws/install/turtlebot3_teleop:/home/ros/turtlebot3_ws/install/turtlebot3_example:/opt/ros/humble /usr/bin/cmake /home/ros/turtlebot3_ws/src/robot_arm -DCMAKE_INSTALL_PREFIX=/home/ros/turtlebot3_ws/src/robot_arm/install/robot_arm
[0.853s] -- The C compiler identification is GNU 11.4.0
[1.166s] -- The CXX compiler identification is GNU 11.4.0
[1.214s] -- Detecting C compiler ABI info
[1.628s] -- Detecting C compiler ABI info - done
[1.659s] -- Check for working C compiler: /usr/bin/cc - skipped
[1.663s] -- Detecting C compile features
[1.666s] -- Detecting C compile features - done
[1.682s] -- Detecting CXX compiler ABI info
[2.107s] -- Detecting CXX compiler ABI info - done
[2.137s] -- Check for working CXX compiler: /usr/bin/c++ - skipped
[2.138s] -- Detecting CXX compile features
[2.140s] -- Detecting CXX compile features - done
[2.195s] -- Found ament_cmake: 1.3.12 (/opt/ros/humble/share/ament_cmake/cmake)
[3.098s] -- Found Python3: /usr/bin/python3 (found version "3.10.12") found components: Interpreter 
[4.032s] -- Found rclcpp: 16.0.15 (/opt/ros/humble/share/rclcpp/cmake)
[4.642s] -- Found rosidl_generator_c: 3.1.7 (/opt/ros/humble/share/rosidl_generator_c/cmake)
[4.738s] -- Found rosidl_adapter: 3.1.7 (/opt/ros/humble/share/rosidl_adapter/cmake)
[4.845s] -- Found rosidl_generator_cpp: 3.1.7 (/opt/ros/humble/share/rosidl_generator_cpp/cmake)
[4.971s] -- Using all available rosidl_typesupport_c: rosidl_typesupport_fastrtps_c;rosidl_typesupport_introspection_c
[5.148s] -- Using all available rosidl_typesupport_cpp: rosidl_typesupport_fastrtps_cpp;rosidl_typesupport_introspection_cpp
[5.676s] -- Found rmw_implementation_cmake: 6.1.2 (/opt/ros/humble/share/rmw_implementation_cmake/cmake)
[5.723s] -- Found rmw_fastrtps_cpp: 6.2.8 (/opt/ros/humble/share/rmw_fastrtps_cpp/cmake)
[6.533s] -- Found OpenSSL: /usr/lib/aarch64-linux-gnu/libcrypto.so (found version "3.0.2")  
[6.844s] -- Found FastRTPS: /opt/ros/humble/include  
[7.348s] -- Using RMW implementation 'rmw_fastrtps_cpp' as default
[7.492s] -- Looking for pthread.h
[7.888s] -- Looking for pthread.h - found
[7.891s] -- Performing Test CMAKE_HAVE_LIBC_PTHREAD
[8.308s] -- Performing Test CMAKE_HAVE_LIBC_PTHREAD - Success
[8.313s] -- Found Threads: TRUE  
[8.711s] -- Found rosidl_default_generators: 1.2.0 (/opt/ros/humble/share/rosidl_default_generators/cmake)
[10.118s] -- Found ament_cmake_ros: 0.10.0 (/opt/ros/humble/share/ament_cmake_ros/cmake)
[11.825s] -- Using all available rosidl_typesupport_c: rosidl_typesupport_fastrtps_c;rosidl_typesupport_introspection_c
[12.458s] -- Using all available rosidl_typesupport_cpp: rosidl_typesupport_fastrtps_cpp;rosidl_typesupport_introspection_cpp
[12.587s] -- Found PythonInterp: /usr/bin/python3 (found suitable version "3.10.12", minimum required is "3.6") 
[12.629s] -- Found python_cmake_module: 0.10.0 (/opt/ros/humble/share/python_cmake_module/cmake)
[12.776s] -- Found PythonLibs: /usr/lib/aarch64-linux-gnu/libpython3.10.so (found suitable version "3.10.12", minimum required is "3.5") 
[12.777s] -- Using PYTHON_EXECUTABLE: /usr/bin/python3
[12.778s] -- Using PYTHON_INCLUDE_DIRS: /usr/include/python3.10
[12.778s] -- Using PYTHON_LIBRARIES: /usr/lib/aarch64-linux-gnu/libpython3.10.so
[12.899s] -- Found PythonExtra: .so  
[13.089s] [0mCMake Deprecation Warning at /opt/ros/humble/share/rosidl_cmake/cmake/rosidl_target_interfaces.cmake:32 (message):
[13.089s]   Use rosidl_get_typesupport_target() and target_link_libraries() instead of
[13.090s]   rosidl_target_interfaces()
[13.090s] Call Stack (most recent call first):
[13.090s]   CMakeLists.txt:25 (rosidl_target_interfaces)
[13.091s] 
[13.091s] [0m
[13.092s] [0mCMake Deprecation Warning at /opt/ros/humble/share/rosidl_cmake/cmake/rosidl_target_interfaces.cmake:32 (message):
[13.092s]   Use rosidl_get_typesupport_target() and target_link_libraries() instead of
[13.092s]   rosidl_target_interfaces()
[13.092s] Call Stack (most recent call first):
[13.093s]   CMakeLists.txt:30 (rosidl_target_interfaces)
[13.093s] 
[13.094s] [0m
[13.131s] -- Found ament_lint_auto: 0.12.14 (/opt/ros/humble/share/ament_lint_auto/cmake)
[13.181s] -- Configuring done
[13.415s] -- Generating done
[13.476s] -- Build files have been written to: /home/ros/turtlebot3_ws/src/robot_arm/build/robot_arm
[13.523s] Invoked command in '/home/ros/turtlebot3_ws/src/robot_arm/build/robot_arm' returned '0': CMAKE_PREFIX_PATH=${CMAKE_PREFIX_PATH}:/home/ros/turtlebot3_ws/install/turtlebot3_teleop:/home/ros/turtlebot3_ws/install/turtlebot3_example:/opt/ros/humble /usr/bin/cmake /home/ros/turtlebot3_ws/src/robot_arm -DCMAKE_INSTALL_PREFIX=/home/ros/turtlebot3_ws/src/robot_arm/install/robot_arm
[13.534s] Invoking command in '/home/ros/turtlebot3_ws/src/robot_arm/build/robot_arm': CMAKE_PREFIX_PATH=${CMAKE_PREFIX_PATH}:/home/ros/turtlebot3_ws/install/turtlebot3_teleop:/home/ros/turtlebot3_ws/install/turtlebot3_example:/opt/ros/humble /usr/bin/cmake --build /home/ros/turtlebot3_ws/src/robot_arm/build/robot_arm -- -j4 -l4
[13.748s] [  2%] [34m[1mGenerating C code for ROS interfaces[0m
[13.802s] [  5%] [34m[1mGenerating C++ code for ROS interfaces[0m
[13.849s] [  5%] Built target ament_cmake_python_copy_robot_arm
[15.691s] running egg_info
[15.696s] creating robot_arm.egg-info
[15.697s] writing robot_arm.egg-info/PKG-INFO
[15.698s] writing dependency_links to robot_arm.egg-info/dependency_links.txt
[15.701s] writing top-level names to robot_arm.egg-info/top_level.txt
[15.703s] writing manifest file 'robot_arm.egg-info/SOURCES.txt'
[15.717s] reading manifest file 'robot_arm.egg-info/SOURCES.txt'
[15.723s] writing manifest file 'robot_arm.egg-info/SOURCES.txt'
[15.741s] [  5%] Built target robot_arm__cpp
[15.818s] [  8%] [34m[1mGenerating C++ type support dispatch for ROS interfaces[0m
[15.842s] [ 11%] [34m[1mGenerating C++ type support for eProsima Fast-RTPS[0m
[15.886s] [ 14%] [32mBuilding C object CMakeFiles/robot_arm__rosidl_generator_c.dir/rosidl_generator_c/robot_arm/srv/detail/robot_arm_command__functions.c.o[0m
[15.922s] [ 14%] Built target ament_cmake_python_build_robot_arm_egg
[16.001s] [ 17%] [34m[1mGenerating C++ introspection for ROS interfaces[0m
[16.374s] [ 20%] [32m[1mLinking C shared library librobot_arm__rosidl_generator_c.so[0m
[16.606s] [ 20%] Built target robot_arm__rosidl_generator_c
[16.668s] [ 22%] [34m[1mGenerating C type support for eProsima Fast-RTPS[0m
[17.743s] [ 25%] [32mBuilding CXX object CMakeFiles/robot_arm__rosidl_typesupport_cpp.dir/rosidl_typesupport_cpp/robot_arm/srv/robot_arm_command__type_support.cpp.o[0m
[17.807s] [ 28%] [32mBuilding CXX object CMakeFiles/robot_arm__rosidl_typesupport_introspection_cpp.dir/rosidl_typesupport_introspection_cpp/robot_arm/srv/detail/robot_arm_command__type_support.cpp.o[0m
[18.022s] [ 31%] [32mBuilding CXX object CMakeFiles/robot_arm__rosidl_typesupport_fastrtps_cpp.dir/rosidl_typesupport_fastrtps_cpp/robot_arm/srv/detail/dds_fastrtps/robot_arm_command__type_support.cpp.o[0m
[18.739s] [ 34%] [32mBuilding CXX object CMakeFiles/robot_arm__rosidl_typesupport_fastrtps_c.dir/rosidl_typesupport_fastrtps_c/robot_arm/srv/detail/robot_arm_command__type_support_c.cpp.o[0m
[19.938s] [ 37%] [32m[1mLinking CXX shared library librobot_arm__rosidl_typesupport_cpp.so[0m
[20.214s] [ 37%] Built target robot_arm__rosidl_typesupport_cpp
[20.288s] [ 40%] [34m[1mGenerating C introspection for ROS interfaces[0m
[20.497s] [ 42%] [32m[1mLinking CXX shared library librobot_arm__rosidl_typesupport_introspection_cpp.so[0m
[21.024s] [ 42%] Built target robot_arm__rosidl_typesupport_introspection_cpp
[21.089s] [ 45%] [34m[1mGenerating C type support dispatch for ROS interfaces[0m
[21.239s] [ 48%] [32m[1mLinking CXX shared library librobot_arm__rosidl_typesupport_fastrtps_cpp.so[0m
[21.466s] [ 51%] [32m[1mLinking CXX shared library librobot_arm__rosidl_typesupport_fastrtps_c.so[0m
[21.811s] [ 51%] Built target robot_arm__rosidl_typesupport_fastrtps_cpp
[21.960s] [ 51%] Built target robot_arm__rosidl_typesupport_fastrtps_c
[22.180s] [ 54%] [32mBuilding C object CMakeFiles/robot_arm__rosidl_typesupport_introspection_c.dir/rosidl_typesupport_introspection_c/robot_arm/srv/detail/robot_arm_command__type_support.c.o[0m
[22.410s] [ 57%] [32m[1mLinking C shared library librobot_arm__rosidl_typesupport_introspection_c.so[0m
[22.587s] [ 57%] Built target robot_arm__rosidl_typesupport_introspection_c
[22.641s] [ 60%] [32mBuilding CXX object CMakeFiles/robot_arm__rosidl_typesupport_c.dir/rosidl_typesupport_c/robot_arm/srv/robot_arm_command__type_support.cpp.o[0m
[22.830s] [ 62%] [32m[1mLinking CXX shared library librobot_arm__rosidl_typesupport_c.so[0m
[23.032s] [ 62%] Built target robot_arm__rosidl_typesupport_c
[23.145s] [ 62%] Built target robot_arm
[23.261s] [ 65%] [34m[1mGenerating Python code for ROS interfaces[0m
[23.267s] [ 68%] [32mBuilding CXX object CMakeFiles/robot_arm_client.dir/src/robot_arm_client.cpp.o[0m
[23.272s] [ 71%] [32mBuilding CXX object CMakeFiles/robot_arm_server.dir/src/robot_arm_server.cpp.o[0m
[25.446s] [ 71%] Built target robot_arm__py
[25.581s] [ 74%] [32mBuilding C object CMakeFiles/robot_arm__rosidl_generator_py.dir/rosidl_generator_py/robot_arm/srv/_robot_arm_command_s.c.o[0m
[26.437s] [ 77%] [32m[1mLinking C shared library rosidl_generator_py/robot_arm/librobot_arm__rosidl_generator_py.so[0m
[26.695s] [ 77%] Built target robot_arm__rosidl_generator_py
[26.839s] [ 80%] [32mBuilding C object CMakeFiles/robot_arm__rosidl_typesupport_introspection_c__pyext.dir/rosidl_generator_py/robot_arm/_robot_arm_s.ep.rosidl_typesupport_introspection_c.c.o[0m
[26.892s] [ 82%] [32mBuilding C object CMakeFiles/robot_arm__rosidl_typesupport_fastrtps_c__pyext.dir/rosidl_generator_py/robot_arm/_robot_arm_s.ep.rosidl_typesupport_fastrtps_c.c.o[0m
[27.511s] [ 85%] [32m[1mLinking C shared library rosidl_generator_py/robot_arm/robot_arm_s__rosidl_typesupport_introspection_c.cpython-310-aarch64-linux-gnu.so[0m
[27.630s] [ 88%] [32m[1mLinking C shared library rosidl_generator_py/robot_arm/robot_arm_s__rosidl_typesupport_fastrtps_c.cpython-310-aarch64-linux-gnu.so[0m
[27.747s] [ 88%] Built target robot_arm__rosidl_typesupport_introspection_c__pyext
[27.871s] [ 88%] Built target robot_arm__rosidl_typesupport_fastrtps_c__pyext
[27.900s] [ 91%] [32mBuilding C object CMakeFiles/robot_arm__rosidl_typesupport_c__pyext.dir/rosidl_generator_py/robot_arm/_robot_arm_s.ep.rosidl_typesupport_c.c.o[0m
[28.561s] [ 94%] [32m[1mLinking C shared library rosidl_generator_py/robot_arm/robot_arm_s__rosidl_typesupport_c.cpython-310-aarch64-linux-gnu.so[0m
[28.770s] [ 94%] Built target robot_arm__rosidl_typesupport_c__pyext
[36.534s] [01m[K/home/ros/turtlebot3_ws/src/robot_arm/src/robot_arm_server.cpp:103:13:[m[K [01;31m[Kerror: [m[Kexpected unqualified-id before ‘[01m[K[[m[K’ token
[36.535s]   103 | std::thread([01;31m[K[[m[Kthis]() {
[36.536s]       |             [01;31m[K^[m[K
[36.537s] [01m[K/home/ros/turtlebot3_ws/src/robot_arm/src/robot_arm_server.cpp:103:13:[m[K [01;31m[Kerror: [m[Kexpected ‘[01m[K)[m[K’ before ‘[01m[K[[m[K’ token
[36.537s]   103 | std::thread[34m[K([m[K[01;31m[K[[m[Kthis]() {
[36.538s]       |            [34m[K~[m[K[01;31m[K^[m[K
[36.538s]       |             [32m[K)[m[K
[36.539s] [01m[K/home/ros/turtlebot3_ws/src/robot_arm/src/robot_arm_server.cpp:112:2:[m[K [01;31m[Kerror: [m[Kexpected unqualified-id before ‘[01m[K)[m[K’ token
[36.540s]   112 | }[01;31m[K)[m[K.detach();
[36.540s]       |  [01;31m[K^[m[K
[39.247s] gmake[2]: *** [CMakeFiles/robot_arm_server.dir/build.make:76: CMakeFiles/robot_arm_server.dir/src/robot_arm_server.cpp.o] Error 1
[39.248s] gmake[1]: *** [CMakeFiles/Makefile2:596: CMakeFiles/robot_arm_server.dir/all] Error 2
[39.248s] gmake[1]: *** Waiting for unfinished jobs....
[42.042s] [ 97%] [32m[1mLinking CXX executable robot_arm_client[0m
[42.982s] [ 97%] Built target robot_arm_client
[42.987s] gmake: *** [Makefile:146: all] Error 2
[43.002s] Invoked command in '/home/ros/turtlebot3_ws/src/robot_arm/build/robot_arm' returned '2': CMAKE_PREFIX_PATH=${CMAKE_PREFIX_PATH}:/home/ros/turtlebot3_ws/install/turtlebot3_teleop:/home/ros/turtlebot3_ws/install/turtlebot3_example:/opt/ros/humble /usr/bin/cmake --build /home/ros/turtlebot3_ws/src/robot_arm/build/robot_arm -- -j4 -l4
