[0.423s] Invoking command in '/home/ubuntu/Intel_study/Intel7_Final_Project_5_Team/RoS2/Sensor_Ros2/src/wall_follower': PYTHONPATH=/home/ubuntu/Intel_study/Intel7_Final_Project_5_Team/RoS2/Sensor_Ros2/build/wall_follower/prefix_override:/usr/lib/python3/dist-packages/colcon_core/task/python/colcon_distutils_commands:/home/ubuntu/Intel_study/Intel7_Final_Project_5_Team/RoS2/Sensor_Ros2/install/wall_follower/lib/python3.10/site-packages:${PYTHONPATH} /usr/bin/python3 -W ignore:setup.py install is deprecated -W ignore:easy_install command is deprecated setup.py egg_info --egg-base ../../build/wall_follower build --build-base /home/ubuntu/Intel_study/Intel7_Final_Project_5_Team/RoS2/Sensor_Ros2/build/wall_follower/build install --record /home/ubuntu/Intel_study/Intel7_Final_Project_5_Team/RoS2/Sensor_Ros2/build/wall_follower/install.log --install-scripts $base/lib/wall_follower --single-version-externally-managed install_data
[0.509s] /home/ubuntu/.local/lib/python3.10/site-packages/setuptools/dist.py:599: SetuptoolsDeprecationWarning: Invalid dash-separated key 'script-dir' in 'develop' (setup.cfg), please use the underscore name 'script_dir' instead.
[0.509s] !!
[0.509s] 
[0.509s]         ********************************************************************************
[0.509s]         Usage of dash-separated 'script-dir' will not be supported in future
[0.509s]         versions. Please use the underscore name 'script_dir' instead.
[0.509s] 
[0.509s]         By 2026-Mar-03, you need to update your project and remove deprecated calls
[0.509s]         or your builds will no longer be supported.
[0.509s] 
[0.509s]         See https://setuptools.pypa.io/en/latest/userguide/declarative_config.html for details.
[0.509s]         ********************************************************************************
[0.509s] 
[0.509s] !!
[0.509s]   opt = self._enforce_underscore(opt, section)
[0.518s] /home/ubuntu/.local/lib/python3.10/site-packages/setuptools/_distutils/dist.py:289: UserWarning: Unknown distribution option: 'tests_require'
[0.518s]   warnings.warn(msg)
[0.536s] /home/ubuntu/.local/lib/python3.10/site-packages/setuptools/dist.py:599: SetuptoolsDeprecationWarning: Invalid dash-separated key 'script-dir' in 'develop' (setup.cfg), please use the underscore name 'script_dir' instead.
[0.536s] !!
[0.536s] 
[0.536s]         ********************************************************************************
[0.536s]         Usage of dash-separated 'script-dir' will not be supported in future
[0.537s]         versions. Please use the underscore name 'script_dir' instead.
[0.537s]         (Affected: wall_follower).
[0.537s] 
[0.537s]         By 2026-Mar-03, you need to update your project and remove deprecated calls
[0.537s]         or your builds will no longer be supported.
[0.537s] 
[0.537s]         See https://setuptools.pypa.io/en/latest/userguide/declarative_config.html for details.
[0.537s]         ********************************************************************************
[0.537s] 
[0.537s] !!
[0.537s]   opt = self._enforce_underscore(opt, section)
[0.574s] running egg_info
[0.583s] creating ../../build/wall_follower/wall_follower.egg-info
[0.583s] writing ../../build/wall_follower/wall_follower.egg-info/PKG-INFO
[0.583s] writing dependency_links to ../../build/wall_follower/wall_follower.egg-info/dependency_links.txt
[0.583s] writing entry points to ../../build/wall_follower/wall_follower.egg-info/entry_points.txt
[0.583s] writing requirements to ../../build/wall_follower/wall_follower.egg-info/requires.txt
[0.584s] writing top-level names to ../../build/wall_follower/wall_follower.egg-info/top_level.txt
[0.584s] writing manifest file '../../build/wall_follower/wall_follower.egg-info/SOURCES.txt'
[0.603s] reading manifest file '../../build/wall_follower/wall_follower.egg-info/SOURCES.txt'
[0.604s] writing manifest file '../../build/wall_follower/wall_follower.egg-info/SOURCES.txt'
[0.604s] running build
[0.604s] running build_py
[0.604s] creating /home/ubuntu/Intel_study/Intel7_Final_Project_5_Team/RoS2/Sensor_Ros2/build/wall_follower/build/lib/wall_follower
[0.604s] copying wall_follower/wall_follow_terminal.py -> /home/ubuntu/Intel_study/Intel7_Final_Project_5_Team/RoS2/Sensor_Ros2/build/wall_follower/build/lib/wall_follower
[0.604s] copying wall_follower/wall_follow_controller.py -> /home/ubuntu/Intel_study/Intel7_Final_Project_5_Team/RoS2/Sensor_Ros2/build/wall_follower/build/lib/wall_follower
[0.604s] copying wall_follower/__init__.py -> /home/ubuntu/Intel_study/Intel7_Final_Project_5_Team/RoS2/Sensor_Ros2/build/wall_follower/build/lib/wall_follower
[0.604s] running install
[0.607s] running install_lib
[0.615s] creating /home/ubuntu/Intel_study/Intel7_Final_Project_5_Team/RoS2/Sensor_Ros2/install/wall_follower/lib/python3.10/site-packages/wall_follower
[0.615s] copying /home/ubuntu/Intel_study/Intel7_Final_Project_5_Team/RoS2/Sensor_Ros2/build/wall_follower/build/lib/wall_follower/wall_follow_terminal.py -> /home/ubuntu/Intel_study/Intel7_Final_Project_5_Team/RoS2/Sensor_Ros2/install/wall_follower/lib/python3.10/site-packages/wall_follower
[0.616s] copying /home/ubuntu/Intel_study/Intel7_Final_Project_5_Team/RoS2/Sensor_Ros2/build/wall_follower/build/lib/wall_follower/wall_follow_controller.py -> /home/ubuntu/Intel_study/Intel7_Final_Project_5_Team/RoS2/Sensor_Ros2/install/wall_follower/lib/python3.10/site-packages/wall_follower
[0.616s] copying /home/ubuntu/Intel_study/Intel7_Final_Project_5_Team/RoS2/Sensor_Ros2/build/wall_follower/build/lib/wall_follower/__init__.py -> /home/ubuntu/Intel_study/Intel7_Final_Project_5_Team/RoS2/Sensor_Ros2/install/wall_follower/lib/python3.10/site-packages/wall_follower
[0.616s] byte-compiling /home/ubuntu/Intel_study/Intel7_Final_Project_5_Team/RoS2/Sensor_Ros2/install/wall_follower/lib/python3.10/site-packages/wall_follower/wall_follow_terminal.py to wall_follow_terminal.cpython-310.pyc
[0.616s] byte-compiling /home/ubuntu/Intel_study/Intel7_Final_Project_5_Team/RoS2/Sensor_Ros2/install/wall_follower/lib/python3.10/site-packages/wall_follower/wall_follow_controller.py to wall_follow_controller.cpython-310.pyc
[0.618s] byte-compiling /home/ubuntu/Intel_study/Intel7_Final_Project_5_Team/RoS2/Sensor_Ros2/install/wall_follower/lib/python3.10/site-packages/wall_follower/__init__.py to __init__.cpython-310.pyc
[0.618s] running install_data
[0.618s] creating /home/ubuntu/Intel_study/Intel7_Final_Project_5_Team/RoS2/Sensor_Ros2/install/wall_follower/share/ament_index/resource_index/packages
[0.618s] copying resource/wall_follower -> /home/ubuntu/Intel_study/Intel7_Final_Project_5_Team/RoS2/Sensor_Ros2/install/wall_follower/share/ament_index/resource_index/packages
[0.618s] copying package.xml -> /home/ubuntu/Intel_study/Intel7_Final_Project_5_Team/RoS2/Sensor_Ros2/install/wall_follower/share/wall_follower
[0.618s] creating /home/ubuntu/Intel_study/Intel7_Final_Project_5_Team/RoS2/Sensor_Ros2/install/wall_follower/share/wall_follower/launch
[0.618s] copying launch/wall_follow.launch.py -> /home/ubuntu/Intel_study/Intel7_Final_Project_5_Team/RoS2/Sensor_Ros2/install/wall_follower/share/wall_follower/launch
[0.619s] creating /home/ubuntu/Intel_study/Intel7_Final_Project_5_Team/RoS2/Sensor_Ros2/install/wall_follower/share/wall_follower/config
[0.619s] copying config/wall_follow_params.yaml -> /home/ubuntu/Intel_study/Intel7_Final_Project_5_Team/RoS2/Sensor_Ros2/install/wall_follower/share/wall_follower/config
[0.619s] running install_egg_info
[0.629s] Copying ../../build/wall_follower/wall_follower.egg-info to /home/ubuntu/Intel_study/Intel7_Final_Project_5_Team/RoS2/Sensor_Ros2/install/wall_follower/lib/python3.10/site-packages/wall_follower-0.1.0-py3.10.egg-info
[0.629s] running install_scripts
[0.649s] Installing wall_follow_controller script to /home/ubuntu/Intel_study/Intel7_Final_Project_5_Team/RoS2/Sensor_Ros2/install/wall_follower/lib/wall_follower
[0.649s] Installing wall_follow_terminal script to /home/ubuntu/Intel_study/Intel7_Final_Project_5_Team/RoS2/Sensor_Ros2/install/wall_follower/lib/wall_follower
[0.649s] writing list of installed files to '/home/ubuntu/Intel_study/Intel7_Final_Project_5_Team/RoS2/Sensor_Ros2/build/wall_follower/install.log'
[0.662s] Invoked command in '/home/ubuntu/Intel_study/Intel7_Final_Project_5_Team/RoS2/Sensor_Ros2/src/wall_follower' returned '0': PYTHONPATH=/home/ubuntu/Intel_study/Intel7_Final_Project_5_Team/RoS2/Sensor_Ros2/build/wall_follower/prefix_override:/usr/lib/python3/dist-packages/colcon_core/task/python/colcon_distutils_commands:/home/ubuntu/Intel_study/Intel7_Final_Project_5_Team/RoS2/Sensor_Ros2/install/wall_follower/lib/python3.10/site-packages:${PYTHONPATH} /usr/bin/python3 -W ignore:setup.py install is deprecated -W ignore:easy_install command is deprecated setup.py egg_info --egg-base ../../build/wall_follower build --build-base /home/ubuntu/Intel_study/Intel7_Final_Project_5_Team/RoS2/Sensor_Ros2/build/wall_follower/build install --record /home/ubuntu/Intel_study/Intel7_Final_Project_5_Team/RoS2/Sensor_Ros2/build/wall_follower/install.log --install-scripts $base/lib/wall_follower --single-version-externally-managed install_data
