[0.037s] Invoking command in '/home/ubuntu/turtlebot3_ws/src/build/turtlebot3_applications_msgs': CMAKE_PREFIX_PATH=${CMAKE_PREFIX_PATH}:/home/ubuntu/turtlebot3_ws/install/turtlebot3_teleop:/home/ubuntu/turtlebot3_ws/install/turtlebot3_example:/opt/ros/humble /usr/bin/cmake /home/ubuntu/turtlebot3_ws/src/turtlebot3_applications_msgs -DAMENT_CMAKE_SYMLINK_INSTALL=1 -DCMAKE_INSTALL_PREFIX=/home/ubuntu/turtlebot3_ws/src/install/turtlebot3_applications_msgs
[0.744s] -- The C compiler identification is GNU 12.3.0
[0.744s] -- The CXX compiler identification is GNU 11.4.0
[0.744s] -- Detecting C compiler ABI info
[0.744s] -- Detecting C compiler ABI info - done
[0.744s] -- Check for working C compiler: /usr/bin/cc - skipped
[0.744s] -- Detecting C compile features
[0.744s] -- Detecting C compile features - done
[0.744s] -- Detecting CXX compiler ABI info
[0.744s] -- Detecting CXX compiler ABI info - done
[0.744s] -- Check for working CXX compiler: /usr/bin/c++ - skipped
[0.744s] -- Detecting CXX compile features
[0.744s] -- Detecting CXX compile features - done
[0.744s] -- Found ament_cmake: 1.3.12 (/opt/ros/humble/share/ament_cmake/cmake)
[0.745s] -- Found Python3: /usr/bin/python3 (found version "3.10.12") found components: Interpreter 
[0.745s] -- Override CMake install command with custom implementation using symlinks instead of copying resources
[0.745s] -- Found builtin_interfaces: 1.2.2 (/opt/ros/humble/share/builtin_interfaces/cmake)
[0.745s] -- Found rosidl_generator_c: 3.1.7 (/opt/ros/humble/share/rosidl_generator_c/cmake)
[0.745s] -- Found rosidl_adapter: 3.1.7 (/opt/ros/humble/share/rosidl_adapter/cmake)
[0.745s] -- Found rosidl_generator_cpp: 3.1.7 (/opt/ros/humble/share/rosidl_generator_cpp/cmake)
[0.745s] -- Using all available rosidl_typesupport_c: rosidl_typesupport_fastrtps_c;rosidl_typesupport_introspection_c
[0.745s] -- Using all available rosidl_typesupport_cpp: rosidl_typesupport_fastrtps_cpp;rosidl_typesupport_introspection_cpp
[0.745s] -- Found rosidl_default_generators: 1.2.0 (/opt/ros/humble/share/rosidl_default_generators/cmake)
[0.745s] -- Found std_msgs: 4.9.0 (/opt/ros/humble/share/std_msgs/cmake)
[0.745s] -- Found sensor_msgs: 4.9.0 (/opt/ros/humble/share/sensor_msgs/cmake)
[0.758s] -- Found ament_cmake_cppcheck: 0.12.14 (/opt/ros/humble/share/ament_cmake_cppcheck/cmake)
[0.760s] -- Found ament_cmake_cpplint: 0.12.14 (/opt/ros/humble/share/ament_cmake_cpplint/cmake)
[0.762s] -- Found ament_cmake_uncrustify: 0.12.14 (/opt/ros/humble/share/ament_cmake_uncrustify/cmake)
[0.764s] -- Found ament_cmake_ros: 0.10.0 (/opt/ros/humble/share/ament_cmake_ros/cmake)
[1.285s] -- Using all available rosidl_typesupport_c: rosidl_typesupport_fastrtps_c;rosidl_typesupport_introspection_c
[1.491s] -- Using all available rosidl_typesupport_cpp: rosidl_typesupport_fastrtps_cpp;rosidl_typesupport_introspection_cpp
[1.512s] -- Found PythonInterp: /usr/bin/python3 (found suitable version "3.10.12", minimum required is "3.6") 
[1.516s] -- Found python_cmake_module: 0.10.0 (/opt/ros/humble/share/python_cmake_module/cmake)
[1.538s] -- Found PythonLibs: /usr/lib/x86_64-linux-gnu/libpython3.10.so (found suitable version "3.10.12", minimum required is "3.5") 
[1.538s] -- Using PYTHON_EXECUTABLE: /usr/bin/python3
[1.538s] -- Using PYTHON_INCLUDE_DIRS: /usr/include/python3.10
[1.538s] -- Using PYTHON_LIBRARIES: /usr/lib/x86_64-linux-gnu/libpython3.10.so
[1.567s] -- Found PythonExtra: .so  
[1.640s] -- Found ament_cmake_flake8: 0.12.14 (/opt/ros/humble/share/ament_cmake_flake8/cmake)
[1.643s] -- Found ament_cmake_pep257: 0.12.14 (/opt/ros/humble/share/ament_cmake_pep257/cmake)
[1.650s] -- Configuring done
[1.680s] -- Generating done
[1.696s] -- Build files have been written to: /home/ubuntu/turtlebot3_ws/src/build/turtlebot3_applications_msgs
[1.708s] Invoked command in '/home/ubuntu/turtlebot3_ws/src/build/turtlebot3_applications_msgs' returned '0': CMAKE_PREFIX_PATH=${CMAKE_PREFIX_PATH}:/home/ubuntu/turtlebot3_ws/install/turtlebot3_teleop:/home/ubuntu/turtlebot3_ws/install/turtlebot3_example:/opt/ros/humble /usr/bin/cmake /home/ubuntu/turtlebot3_ws/src/turtlebot3_applications_msgs -DAMENT_CMAKE_SYMLINK_INSTALL=1 -DCMAKE_INSTALL_PREFIX=/home/ubuntu/turtlebot3_ws/src/install/turtlebot3_applications_msgs
[1.710s] Invoking command in '/home/ubuntu/turtlebot3_ws/src/build/turtlebot3_applications_msgs': CMAKE_PREFIX_PATH=${CMAKE_PREFIX_PATH}:/home/ubuntu/turtlebot3_ws/install/turtlebot3_teleop:/home/ubuntu/turtlebot3_ws/install/turtlebot3_example:/opt/ros/humble /usr/bin/cmake --build /home/ubuntu/turtlebot3_ws/src/build/turtlebot3_applications_msgs -- -j24 -l24
[1.750s] [  2%] [34m[1mGenerating C code for ROS interfaces[0m
[1.761s] [  4%] [34m[1mGenerating C++ code for ROS interfaces[0m
[1.770s] [  4%] Built target ament_cmake_python_symlink_turtlebot3_applications_msgs
[2.118s] running egg_info
[2.120s] creating turtlebot3_applications_msgs.egg-info
[2.120s] writing turtlebot3_applications_msgs.egg-info/PKG-INFO
[2.120s] writing dependency_links to turtlebot3_applications_msgs.egg-info/dependency_links.txt
[2.120s] writing top-level names to turtlebot3_applications_msgs.egg-info/top_level.txt
[2.120s] writing manifest file 'turtlebot3_applications_msgs.egg-info/SOURCES.txt'
[2.123s] reading manifest file 'turtlebot3_applications_msgs.egg-info/SOURCES.txt'
[2.124s] writing manifest file 'turtlebot3_applications_msgs.egg-info/SOURCES.txt'
[2.174s] [  4%] Built target ament_cmake_python_build_turtlebot3_applications_msgs_egg
[2.288s] [  6%] [32mBuilding C object CMakeFiles/turtlebot3_applications_msgs__rosidl_generator_c.dir/rosidl_generator_c/turtlebot3_applications_msgs/srv/detail/set_follow_state__functions.c.o[0m
[2.288s] [  8%] [32mBuilding C object CMakeFiles/turtlebot3_applications_msgs__rosidl_generator_c.dir/rosidl_generator_c/turtlebot3_applications_msgs/srv/detail/take_panorama__functions.c.o[0m
[2.290s] [ 10%] [32mBuilding C object CMakeFiles/turtlebot3_applications_msgs__rosidl_generator_c.dir/rosidl_generator_c/turtlebot3_applications_msgs/msg/detail/panorama_img__functions.c.o[0m
[2.335s] [ 12%] [32m[1mLinking C shared library libturtlebot3_applications_msgs__rosidl_generator_c.so[0m
[2.364s] [ 12%] Built target turtlebot3_applications_msgs__rosidl_generator_c
[2.372s] [ 14%] [34m[1mGenerating C type support for eProsima Fast-RTPS[0m
[2.373s] [ 17%] [34m[1mGenerating C introspection for ROS interfaces[0m
[2.374s] [ 19%] [34m[1mGenerating C type support dispatch for ROS interfaces[0m
[2.376s] [ 19%] Built target turtlebot3_applications_msgs__cpp
[2.383s] [ 25%] [34m[1mGenerating C++ type support dispatch for ROS interfaces[0m
[2.383s] [ 25%] [34m[1mGenerating C++ type support for eProsima Fast-RTPS[0m
[2.383s] [ 25%] [34m[1mGenerating C++ introspection for ROS interfaces[0m
[2.721s] [ 27%] [32mBuilding CXX object CMakeFiles/turtlebot3_applications_msgs__rosidl_typesupport_introspection_cpp.dir/rosidl_typesupport_introspection_cpp/turtlebot3_applications_msgs/srv/detail/take_panorama__type_support.cpp.o[0m
[2.721s] [ 29%] [32mBuilding CXX object CMakeFiles/turtlebot3_applications_msgs__rosidl_typesupport_introspection_cpp.dir/rosidl_typesupport_introspection_cpp/turtlebot3_applications_msgs/msg/detail/panorama_img__type_support.cpp.o[0m
[2.721s] [ 31%] [32mBuilding CXX object CMakeFiles/turtlebot3_applications_msgs__rosidl_typesupport_introspection_cpp.dir/rosidl_typesupport_introspection_cpp/turtlebot3_applications_msgs/srv/detail/set_follow_state__type_support.cpp.o[0m
[2.732s] [ 34%] [32mBuilding C object CMakeFiles/turtlebot3_applications_msgs__rosidl_typesupport_introspection_c.dir/rosidl_typesupport_introspection_c/turtlebot3_applications_msgs/srv/detail/take_panorama__type_support.c.o[0m
[2.733s] [ 36%] [32mBuilding C object CMakeFiles/turtlebot3_applications_msgs__rosidl_typesupport_introspection_c.dir/rosidl_typesupport_introspection_c/turtlebot3_applications_msgs/srv/detail/set_follow_state__type_support.c.o[0m
[2.733s] [ 38%] [32mBuilding C object CMakeFiles/turtlebot3_applications_msgs__rosidl_typesupport_introspection_c.dir/rosidl_typesupport_introspection_c/turtlebot3_applications_msgs/msg/detail/panorama_img__type_support.c.o[0m
[2.758s] [ 40%] [32mBuilding CXX object CMakeFiles/turtlebot3_applications_msgs__rosidl_typesupport_cpp.dir/rosidl_typesupport_cpp/turtlebot3_applications_msgs/msg/panorama_img__type_support.cpp.o[0m
[2.768s] [ 42%] [32mBuilding CXX object CMakeFiles/turtlebot3_applications_msgs__rosidl_typesupport_cpp.dir/rosidl_typesupport_cpp/turtlebot3_applications_msgs/srv/set_follow_state__type_support.cpp.o[0m
[2.768s] [ 44%] [32mBuilding CXX object CMakeFiles/turtlebot3_applications_msgs__rosidl_typesupport_cpp.dir/rosidl_typesupport_cpp/turtlebot3_applications_msgs/srv/take_panorama__type_support.cpp.o[0m
[2.776s] [ 46%] [32m[1mLinking C shared library libturtlebot3_applications_msgs__rosidl_typesupport_introspection_c.so[0m
[2.814s] [ 46%] Built target turtlebot3_applications_msgs__rosidl_typesupport_introspection_c
[2.840s] [ 48%] [32mBuilding CXX object CMakeFiles/turtlebot3_applications_msgs__rosidl_typesupport_fastrtps_cpp.dir/rosidl_typesupport_fastrtps_cpp/turtlebot3_applications_msgs/msg/detail/dds_fastrtps/panorama_img__type_support.cpp.o[0m
[2.842s] [ 51%] [32mBuilding CXX object CMakeFiles/turtlebot3_applications_msgs__rosidl_typesupport_fastrtps_cpp.dir/rosidl_typesupport_fastrtps_cpp/turtlebot3_applications_msgs/srv/detail/dds_fastrtps/set_follow_state__type_support.cpp.o[0m
[2.854s] [ 53%] [32mBuilding CXX object CMakeFiles/turtlebot3_applications_msgs__rosidl_typesupport_fastrtps_cpp.dir/rosidl_typesupport_fastrtps_cpp/turtlebot3_applications_msgs/srv/detail/dds_fastrtps/take_panorama__type_support.cpp.o[0m
[2.913s] [ 55%] [32mBuilding CXX object CMakeFiles/turtlebot3_applications_msgs__rosidl_typesupport_c.dir/rosidl_typesupport_c/turtlebot3_applications_msgs/msg/panorama_img__type_support.cpp.o[0m
[2.913s] [ 57%] [32mBuilding CXX object CMakeFiles/turtlebot3_applications_msgs__rosidl_typesupport_c.dir/rosidl_typesupport_c/turtlebot3_applications_msgs/srv/take_panorama__type_support.cpp.o[0m
[2.913s] [ 59%] [32mBuilding CXX object CMakeFiles/turtlebot3_applications_msgs__rosidl_typesupport_c.dir/rosidl_typesupport_c/turtlebot3_applications_msgs/srv/set_follow_state__type_support.cpp.o[0m
[2.983s] [ 61%] [32m[1mLinking CXX shared library libturtlebot3_applications_msgs__rosidl_typesupport_c.so[0m
[2.989s] [ 63%] [32mBuilding CXX object CMakeFiles/turtlebot3_applications_msgs__rosidl_typesupport_fastrtps_c.dir/rosidl_typesupport_fastrtps_c/turtlebot3_applications_msgs/msg/detail/panorama_img__type_support_c.cpp.o[0m
[3.003s] [ 65%] [32mBuilding CXX object CMakeFiles/turtlebot3_applications_msgs__rosidl_typesupport_fastrtps_c.dir/rosidl_typesupport_fastrtps_c/turtlebot3_applications_msgs/srv/detail/take_panorama__type_support_c.cpp.o[0m
[3.008s] [ 68%] [32mBuilding CXX object CMakeFiles/turtlebot3_applications_msgs__rosidl_typesupport_fastrtps_c.dir/rosidl_typesupport_fastrtps_c/turtlebot3_applications_msgs/srv/detail/set_follow_state__type_support_c.cpp.o[0m
[3.090s] [ 68%] Built target turtlebot3_applications_msgs__rosidl_typesupport_c
[3.098s] [ 70%] [32m[1mLinking CXX shared library libturtlebot3_applications_msgs__rosidl_typesupport_cpp.so[0m
[3.160s] [ 72%] [32m[1mLinking CXX shared library libturtlebot3_applications_msgs__rosidl_typesupport_introspection_cpp.so[0m
[3.171s] [ 72%] Built target turtlebot3_applications_msgs__rosidl_typesupport_cpp
[3.227s] [ 72%] Built target turtlebot3_applications_msgs__rosidl_typesupport_introspection_cpp
[3.361s] [ 74%] [32m[1mLinking CXX shared library libturtlebot3_applications_msgs__rosidl_typesupport_fastrtps_c.so[0m
[3.373s] [ 76%] [32m[1mLinking CXX shared library libturtlebot3_applications_msgs__rosidl_typesupport_fastrtps_cpp.so[0m
[3.494s] [ 76%] Built target turtlebot3_applications_msgs__rosidl_typesupport_fastrtps_c
[3.506s] [ 76%] Built target turtlebot3_applications_msgs__rosidl_typesupport_fastrtps_cpp
[3.537s] [ 76%] Built target turtlebot3_applications_msgs
[3.568s] [ 78%] [34m[1mGenerating Python code for ROS interfaces[0m
[4.670s] [ 78%] Built target turtlebot3_applications_msgs__py
[4.686s] [ 80%] [32mBuilding C object CMakeFiles/turtlebot3_applications_msgs__rosidl_generator_py.dir/rosidl_generator_py/turtlebot3_applications_msgs/srv/_set_follow_state_s.c.o[0m
[4.689s] [ 85%] [32mBuilding C object CMakeFiles/turtlebot3_applications_msgs__rosidl_generator_py.dir/rosidl_generator_py/turtlebot3_applications_msgs/srv/_take_panorama_s.c.o[0m
[4.689s] [ 85%] [32mBuilding C object CMakeFiles/turtlebot3_applications_msgs__rosidl_generator_py.dir/rosidl_generator_py/turtlebot3_applications_msgs/msg/_panorama_img_s.c.o[0m
[4.782s] [ 87%] [32m[1mLinking C shared library rosidl_generator_py/turtlebot3_applications_msgs/libturtlebot3_applications_msgs__rosidl_generator_py.so[0m
[4.823s] [ 87%] Built target turtlebot3_applications_msgs__rosidl_generator_py
[4.843s] [ 91%] [32mBuilding C object CMakeFiles/turtlebot3_applications_msgs__rosidl_typesupport_c__pyext.dir/rosidl_generator_py/turtlebot3_applications_msgs/_turtlebot3_applications_msgs_s.ep.rosidl_typesupport_c.c.o[0m
[4.843s] [ 91%] [32mBuilding C object CMakeFiles/turtlebot3_applications_msgs__rosidl_typesupport_fastrtps_c__pyext.dir/rosidl_generator_py/turtlebot3_applications_msgs/_turtlebot3_applications_msgs_s.ep.rosidl_typesupport_fastrtps_c.c.o[0m
[4.843s] [ 93%] [32mBuilding C object CMakeFiles/turtlebot3_applications_msgs__rosidl_typesupport_introspection_c__pyext.dir/rosidl_generator_py/turtlebot3_applications_msgs/_turtlebot3_applications_msgs_s.ep.rosidl_typesupport_introspection_c.c.o[0m
[4.931s] [ 95%] [32m[1mLinking C shared library rosidl_generator_py/turtlebot3_applications_msgs/turtlebot3_applications_msgs_s__rosidl_typesupport_fastrtps_c.cpython-310-x86_64-linux-gnu.so[0m
[4.933s] [ 97%] [32m[1mLinking C shared library rosidl_generator_py/turtlebot3_applications_msgs/turtlebot3_applications_msgs_s__rosidl_typesupport_introspection_c.cpython-310-x86_64-linux-gnu.so[0m
[4.934s] [100%] [32m[1mLinking C shared library rosidl_generator_py/turtlebot3_applications_msgs/turtlebot3_applications_msgs_s__rosidl_typesupport_c.cpython-310-x86_64-linux-gnu.so[0m
[4.967s] [100%] Built target turtlebot3_applications_msgs__rosidl_typesupport_introspection_c__pyext
[4.970s] [100%] Built target turtlebot3_applications_msgs__rosidl_typesupport_fastrtps_c__pyext
[4.979s] [100%] Built target turtlebot3_applications_msgs__rosidl_typesupport_c__pyext
[4.990s] Invoked command in '/home/ubuntu/turtlebot3_ws/src/build/turtlebot3_applications_msgs' returned '0': CMAKE_PREFIX_PATH=${CMAKE_PREFIX_PATH}:/home/ubuntu/turtlebot3_ws/install/turtlebot3_teleop:/home/ubuntu/turtlebot3_ws/install/turtlebot3_example:/opt/ros/humble /usr/bin/cmake --build /home/ubuntu/turtlebot3_ws/src/build/turtlebot3_applications_msgs -- -j24 -l24
[4.991s] Invoking command in '/home/ubuntu/turtlebot3_ws/src/build/turtlebot3_applications_msgs': CMAKE_PREFIX_PATH=${CMAKE_PREFIX_PATH}:/home/ubuntu/turtlebot3_ws/install/turtlebot3_teleop:/home/ubuntu/turtlebot3_ws/install/turtlebot3_example:/opt/ros/humble /usr/bin/cmake --install /home/ubuntu/turtlebot3_ws/src/build/turtlebot3_applications_msgs
[5.000s] -- Install configuration: ""
[5.001s] -- Execute custom install script
[5.001s] -- Symlinking: /home/ubuntu/turtlebot3_ws/src/install/turtlebot3_applications_msgs/share/ament_index/resource_index/rosidl_interfaces/turtlebot3_applications_msgs
[5.010s] -- Symlinking: /home/ubuntu/turtlebot3_ws/src/install/turtlebot3_applications_msgs/include/turtlebot3_applications_msgs/turtlebot3_applications_msgs/msg/detail/panorama_img__functions.h
[5.019s] -- Symlinking: /home/ubuntu/turtlebot3_ws/src/install/turtlebot3_applications_msgs/include/turtlebot3_applications_msgs/turtlebot3_applications_msgs/msg/detail/panorama_img__struct.h
[5.027s] -- Symlinking: /home/ubuntu/turtlebot3_ws/src/install/turtlebot3_applications_msgs/include/turtlebot3_applications_msgs/turtlebot3_applications_msgs/msg/detail/panorama_img__type_support.h
[5.033s] -- Symlinking: /home/ubuntu/turtlebot3_ws/src/install/turtlebot3_applications_msgs/include/turtlebot3_applications_msgs/turtlebot3_applications_msgs/msg/panorama_img.h
[5.040s] -- Symlinking: /home/ubuntu/turtlebot3_ws/src/install/turtlebot3_applications_msgs/include/turtlebot3_applications_msgs/turtlebot3_applications_msgs/msg/rosidl_generator_c__visibility_control.h
[5.050s] -- Symlinking: /home/ubuntu/turtlebot3_ws/src/install/turtlebot3_applications_msgs/include/turtlebot3_applications_msgs/turtlebot3_applications_msgs/srv/detail/set_follow_state__functions.h
[5.057s] -- Symlinking: /home/ubuntu/turtlebot3_ws/src/install/turtlebot3_applications_msgs/include/turtlebot3_applications_msgs/turtlebot3_applications_msgs/srv/detail/set_follow_state__struct.h
[5.064s] -- Symlinking: /home/ubuntu/turtlebot3_ws/src/install/turtlebot3_applications_msgs/include/turtlebot3_applications_msgs/turtlebot3_applications_msgs/srv/detail/set_follow_state__type_support.h
[5.074s] -- Symlinking: /home/ubuntu/turtlebot3_ws/src/install/turtlebot3_applications_msgs/include/turtlebot3_applications_msgs/turtlebot3_applications_msgs/srv/detail/take_panorama__functions.h
[5.084s] -- Symlinking: /home/ubuntu/turtlebot3_ws/src/install/turtlebot3_applications_msgs/include/turtlebot3_applications_msgs/turtlebot3_applications_msgs/srv/detail/take_panorama__struct.h
[5.092s] -- Symlinking: /home/ubuntu/turtlebot3_ws/src/install/turtlebot3_applications_msgs/include/turtlebot3_applications_msgs/turtlebot3_applications_msgs/srv/detail/take_panorama__type_support.h
[5.101s] -- Symlinking: /home/ubuntu/turtlebot3_ws/src/install/turtlebot3_applications_msgs/include/turtlebot3_applications_msgs/turtlebot3_applications_msgs/srv/set_follow_state.h
[5.109s] -- Symlinking: /home/ubuntu/turtlebot3_ws/src/install/turtlebot3_applications_msgs/include/turtlebot3_applications_msgs/turtlebot3_applications_msgs/srv/take_panorama.h
[5.118s] -- Symlinking: /home/ubuntu/turtlebot3_ws/src/install/turtlebot3_applications_msgs/share/turtlebot3_applications_msgs/environment/library_path.sh
[5.130s] -- Symlinking: /home/ubuntu/turtlebot3_ws/src/install/turtlebot3_applications_msgs/share/turtlebot3_applications_msgs/environment/library_path.dsv
[5.141s] -- Symlinking: /home/ubuntu/turtlebot3_ws/src/install/turtlebot3_applications_msgs/include/turtlebot3_applications_msgs/turtlebot3_applications_msgs/msg/detail/panorama_img__rosidl_typesupport_fastrtps_c.h
[5.149s] -- Symlinking: /home/ubuntu/turtlebot3_ws/src/install/turtlebot3_applications_msgs/include/turtlebot3_applications_msgs/turtlebot3_applications_msgs/msg/rosidl_typesupport_fastrtps_c__visibility_control.h
[5.158s] -- Symlinking: /home/ubuntu/turtlebot3_ws/src/install/turtlebot3_applications_msgs/include/turtlebot3_applications_msgs/turtlebot3_applications_msgs/srv/detail/set_follow_state__rosidl_typesupport_fastrtps_c.h
[5.168s] -- Symlinking: /home/ubuntu/turtlebot3_ws/src/install/turtlebot3_applications_msgs/include/turtlebot3_applications_msgs/turtlebot3_applications_msgs/srv/detail/take_panorama__rosidl_typesupport_fastrtps_c.h
[5.179s] -- Symlinking: /home/ubuntu/turtlebot3_ws/src/install/turtlebot3_applications_msgs/include/turtlebot3_applications_msgs/turtlebot3_applications_msgs/msg/detail/panorama_img__builder.hpp
[5.190s] -- Symlinking: /home/ubuntu/turtlebot3_ws/src/install/turtlebot3_applications_msgs/include/turtlebot3_applications_msgs/turtlebot3_applications_msgs/msg/detail/panorama_img__struct.hpp
[5.202s] -- Symlinking: /home/ubuntu/turtlebot3_ws/src/install/turtlebot3_applications_msgs/include/turtlebot3_applications_msgs/turtlebot3_applications_msgs/msg/detail/panorama_img__traits.hpp
[5.212s] -- Symlinking: /home/ubuntu/turtlebot3_ws/src/install/turtlebot3_applications_msgs/include/turtlebot3_applications_msgs/turtlebot3_applications_msgs/msg/detail/panorama_img__type_support.hpp
[5.222s] -- Symlinking: /home/ubuntu/turtlebot3_ws/src/install/turtlebot3_applications_msgs/include/turtlebot3_applications_msgs/turtlebot3_applications_msgs/msg/panorama_img.hpp
[5.230s] -- Symlinking: /home/ubuntu/turtlebot3_ws/src/install/turtlebot3_applications_msgs/include/turtlebot3_applications_msgs/turtlebot3_applications_msgs/msg/rosidl_generator_cpp__visibility_control.hpp
[5.240s] -- Symlinking: /home/ubuntu/turtlebot3_ws/src/install/turtlebot3_applications_msgs/include/turtlebot3_applications_msgs/turtlebot3_applications_msgs/srv/detail/set_follow_state__builder.hpp
[5.251s] -- Symlinking: /home/ubuntu/turtlebot3_ws/src/install/turtlebot3_applications_msgs/include/turtlebot3_applications_msgs/turtlebot3_applications_msgs/srv/detail/set_follow_state__struct.hpp
[5.259s] -- Symlinking: /home/ubuntu/turtlebot3_ws/src/install/turtlebot3_applications_msgs/include/turtlebot3_applications_msgs/turtlebot3_applications_msgs/srv/detail/set_follow_state__traits.hpp
[5.266s] -- Symlinking: /home/ubuntu/turtlebot3_ws/src/install/turtlebot3_applications_msgs/include/turtlebot3_applications_msgs/turtlebot3_applications_msgs/srv/detail/set_follow_state__type_support.hpp
[5.278s] -- Symlinking: /home/ubuntu/turtlebot3_ws/src/install/turtlebot3_applications_msgs/include/turtlebot3_applications_msgs/turtlebot3_applications_msgs/srv/detail/take_panorama__builder.hpp
[5.287s] -- Symlinking: /home/ubuntu/turtlebot3_ws/src/install/turtlebot3_applications_msgs/include/turtlebot3_applications_msgs/turtlebot3_applications_msgs/srv/detail/take_panorama__struct.hpp
[5.294s] -- Symlinking: /home/ubuntu/turtlebot3_ws/src/install/turtlebot3_applications_msgs/include/turtlebot3_applications_msgs/turtlebot3_applications_msgs/srv/detail/take_panorama__traits.hpp
[5.303s] -- Symlinking: /home/ubuntu/turtlebot3_ws/src/install/turtlebot3_applications_msgs/include/turtlebot3_applications_msgs/turtlebot3_applications_msgs/srv/detail/take_panorama__type_support.hpp
[5.315s] -- Symlinking: /home/ubuntu/turtlebot3_ws/src/install/turtlebot3_applications_msgs/include/turtlebot3_applications_msgs/turtlebot3_applications_msgs/srv/set_follow_state.hpp
[5.322s] -- Symlinking: /home/ubuntu/turtlebot3_ws/src/install/turtlebot3_applications_msgs/include/turtlebot3_applications_msgs/turtlebot3_applications_msgs/srv/take_panorama.hpp
[5.333s] -- Symlinking: /home/ubuntu/turtlebot3_ws/src/install/turtlebot3_applications_msgs/include/turtlebot3_applications_msgs/turtlebot3_applications_msgs/msg/detail/panorama_img__rosidl_typesupport_fastrtps_cpp.hpp
[5.343s] -- Symlinking: /home/ubuntu/turtlebot3_ws/src/install/turtlebot3_applications_msgs/include/turtlebot3_applications_msgs/turtlebot3_applications_msgs/msg/rosidl_typesupport_fastrtps_cpp__visibility_control.h
[5.353s] -- Symlinking: /home/ubuntu/turtlebot3_ws/src/install/turtlebot3_applications_msgs/include/turtlebot3_applications_msgs/turtlebot3_applications_msgs/srv/detail/set_follow_state__rosidl_typesupport_fastrtps_cpp.hpp
[5.366s] -- Symlinking: /home/ubuntu/turtlebot3_ws/src/install/turtlebot3_applications_msgs/include/turtlebot3_applications_msgs/turtlebot3_applications_msgs/srv/detail/take_panorama__rosidl_typesupport_fastrtps_cpp.hpp
[5.377s] -- Symlinking: /home/ubuntu/turtlebot3_ws/src/install/turtlebot3_applications_msgs/include/turtlebot3_applications_msgs/turtlebot3_applications_msgs/msg/detail/panorama_img__rosidl_typesupport_introspection_c.h
[5.387s] -- Symlinking: /home/ubuntu/turtlebot3_ws/src/install/turtlebot3_applications_msgs/include/turtlebot3_applications_msgs/turtlebot3_applications_msgs/msg/rosidl_typesupport_introspection_c__visibility_control.h
[5.397s] -- Symlinking: /home/ubuntu/turtlebot3_ws/src/install/turtlebot3_applications_msgs/include/turtlebot3_applications_msgs/turtlebot3_applications_msgs/srv/detail/set_follow_state__rosidl_typesupport_introspection_c.h
[5.407s] -- Symlinking: /home/ubuntu/turtlebot3_ws/src/install/turtlebot3_applications_msgs/include/turtlebot3_applications_msgs/turtlebot3_applications_msgs/srv/detail/take_panorama__rosidl_typesupport_introspection_c.h
[5.414s] -- Symlinking: /home/ubuntu/turtlebot3_ws/src/install/turtlebot3_applications_msgs/include/turtlebot3_applications_msgs/turtlebot3_applications_msgs/msg/detail/panorama_img__rosidl_typesupport_introspection_cpp.hpp
[5.425s] -- Symlinking: /home/ubuntu/turtlebot3_ws/src/install/turtlebot3_applications_msgs/include/turtlebot3_applications_msgs/turtlebot3_applications_msgs/srv/detail/set_follow_state__rosidl_typesupport_introspection_cpp.hpp
[5.434s] -- Symlinking: /home/ubuntu/turtlebot3_ws/src/install/turtlebot3_applications_msgs/include/turtlebot3_applications_msgs/turtlebot3_applications_msgs/srv/detail/take_panorama__rosidl_typesupport_introspection_cpp.hpp
[5.445s] -- Symlinking: /home/ubuntu/turtlebot3_ws/src/install/turtlebot3_applications_msgs/share/turtlebot3_applications_msgs/environment/pythonpath.sh
[5.452s] -- Symlinking: /home/ubuntu/turtlebot3_ws/src/install/turtlebot3_applications_msgs/share/turtlebot3_applications_msgs/environment/pythonpath.dsv
[5.460s] -- Symlinking: /home/ubuntu/turtlebot3_ws/src/install/turtlebot3_applications_msgs/local/lib/python3.10/dist-packages/turtlebot3_applications_msgs-1.0.1-py3.10.egg-info/PKG-INFO
[5.469s] -- Symlinking: /home/ubuntu/turtlebot3_ws/src/install/turtlebot3_applications_msgs/local/lib/python3.10/dist-packages/turtlebot3_applications_msgs-1.0.1-py3.10.egg-info/SOURCES.txt
[5.480s] -- Symlinking: /home/ubuntu/turtlebot3_ws/src/install/turtlebot3_applications_msgs/local/lib/python3.10/dist-packages/turtlebot3_applications_msgs-1.0.1-py3.10.egg-info/dependency_links.txt
[5.487s] -- Symlinking: /home/ubuntu/turtlebot3_ws/src/install/turtlebot3_applications_msgs/local/lib/python3.10/dist-packages/turtlebot3_applications_msgs-1.0.1-py3.10.egg-info/top_level.txt
[5.498s] -- Symlinking: /home/ubuntu/turtlebot3_ws/src/install/turtlebot3_applications_msgs/local/lib/python3.10/dist-packages/turtlebot3_applications_msgs/__init__.py
[5.508s] -- Symlinking: /home/ubuntu/turtlebot3_ws/src/install/turtlebot3_applications_msgs/local/lib/python3.10/dist-packages/turtlebot3_applications_msgs/_turtlebot3_applications_msgs_s.ep.rosidl_typesupport_c.c
[5.518s] -- Symlinking: /home/ubuntu/turtlebot3_ws/src/install/turtlebot3_applications_msgs/local/lib/python3.10/dist-packages/turtlebot3_applications_msgs/_turtlebot3_applications_msgs_s.ep.rosidl_typesupport_fastrtps_c.c
[5.529s] -- Symlinking: /home/ubuntu/turtlebot3_ws/src/install/turtlebot3_applications_msgs/local/lib/python3.10/dist-packages/turtlebot3_applications_msgs/_turtlebot3_applications_msgs_s.ep.rosidl_typesupport_introspection_c.c
[5.537s] -- Symlinking: /home/ubuntu/turtlebot3_ws/src/install/turtlebot3_applications_msgs/local/lib/python3.10/dist-packages/turtlebot3_applications_msgs/libturtlebot3_applications_msgs__rosidl_generator_py.so
[5.548s] -- Symlinking: /home/ubuntu/turtlebot3_ws/src/install/turtlebot3_applications_msgs/local/lib/python3.10/dist-packages/turtlebot3_applications_msgs/msg/__init__.py
[5.557s] -- Symlinking: /home/ubuntu/turtlebot3_ws/src/install/turtlebot3_applications_msgs/local/lib/python3.10/dist-packages/turtlebot3_applications_msgs/msg/_panorama_img.py
[5.568s] -- Symlinking: /home/ubuntu/turtlebot3_ws/src/install/turtlebot3_applications_msgs/local/lib/python3.10/dist-packages/turtlebot3_applications_msgs/msg/_panorama_img_s.c
[5.577s] -- Symlinking: /home/ubuntu/turtlebot3_ws/src/install/turtlebot3_applications_msgs/local/lib/python3.10/dist-packages/turtlebot3_applications_msgs/srv/__init__.py
[5.587s] -- Symlinking: /home/ubuntu/turtlebot3_ws/src/install/turtlebot3_applications_msgs/local/lib/python3.10/dist-packages/turtlebot3_applications_msgs/srv/_set_follow_state.py
[5.594s] -- Symlinking: /home/ubuntu/turtlebot3_ws/src/install/turtlebot3_applications_msgs/local/lib/python3.10/dist-packages/turtlebot3_applications_msgs/srv/_set_follow_state_s.c
[5.603s] -- Symlinking: /home/ubuntu/turtlebot3_ws/src/install/turtlebot3_applications_msgs/local/lib/python3.10/dist-packages/turtlebot3_applications_msgs/srv/_take_panorama.py
[5.610s] -- Symlinking: /home/ubuntu/turtlebot3_ws/src/install/turtlebot3_applications_msgs/local/lib/python3.10/dist-packages/turtlebot3_applications_msgs/srv/_take_panorama_s.c
[5.618s] -- Symlinking: /home/ubuntu/turtlebot3_ws/src/install/turtlebot3_applications_msgs/local/lib/python3.10/dist-packages/turtlebot3_applications_msgs/turtlebot3_applications_msgs_s__rosidl_typesupport_c.cpython-310-x86_64-linux-gnu.so
[5.629s] -- Symlinking: /home/ubuntu/turtlebot3_ws/src/install/turtlebot3_applications_msgs/local/lib/python3.10/dist-packages/turtlebot3_applications_msgs/turtlebot3_applications_msgs_s__rosidl_typesupport_fastrtps_c.cpython-310-x86_64-linux-gnu.so
[5.638s] -- Symlinking: /home/ubuntu/turtlebot3_ws/src/install/turtlebot3_applications_msgs/local/lib/python3.10/dist-packages/turtlebot3_applications_msgs/turtlebot3_applications_msgs_s__rosidl_typesupport_introspection_c.cpython-310-x86_64-linux-gnu.so
[5.646s] -- Up-to-date symlink: /home/ubuntu/turtlebot3_ws/src/install/turtlebot3_applications_msgs/local/lib/python3.10/dist-packages/turtlebot3_applications_msgs/turtlebot3_applications_msgs_s__rosidl_typesupport_fastrtps_c.cpython-310-x86_64-linux-gnu.so
[5.646s] -- Up-to-date symlink: /home/ubuntu/turtlebot3_ws/src/install/turtlebot3_applications_msgs/local/lib/python3.10/dist-packages/turtlebot3_applications_msgs/turtlebot3_applications_msgs_s__rosidl_typesupport_introspection_c.cpython-310-x86_64-linux-gnu.so
[5.646s] -- Up-to-date symlink: /home/ubuntu/turtlebot3_ws/src/install/turtlebot3_applications_msgs/local/lib/python3.10/dist-packages/turtlebot3_applications_msgs/turtlebot3_applications_msgs_s__rosidl_typesupport_c.cpython-310-x86_64-linux-gnu.so
[5.646s] -- Symlinking: /home/ubuntu/turtlebot3_ws/src/install/turtlebot3_applications_msgs/share/turtlebot3_applications_msgs/msg/PanoramaImg.idl
[5.656s] -- Symlinking: /home/ubuntu/turtlebot3_ws/src/install/turtlebot3_applications_msgs/share/turtlebot3_applications_msgs/srv/SetFollowState.idl
[5.665s] -- Symlinking: /home/ubuntu/turtlebot3_ws/src/install/turtlebot3_applications_msgs/share/turtlebot3_applications_msgs/srv/TakePanorama.idl
[5.673s] -- Symlinking: /home/ubuntu/turtlebot3_ws/src/install/turtlebot3_applications_msgs/share/turtlebot3_applications_msgs/msg/PanoramaImg.msg
[5.680s] -- Symlinking: /home/ubuntu/turtlebot3_ws/src/install/turtlebot3_applications_msgs/share/turtlebot3_applications_msgs/srv/SetFollowState.srv
[5.689s] -- Symlinking: /home/ubuntu/turtlebot3_ws/src/install/turtlebot3_applications_msgs/share/turtlebot3_applications_msgs/srv/SetFollowState_Request.msg
[5.698s] -- Symlinking: /home/ubuntu/turtlebot3_ws/src/install/turtlebot3_applications_msgs/share/turtlebot3_applications_msgs/srv/SetFollowState_Response.msg
[5.707s] -- Symlinking: /home/ubuntu/turtlebot3_ws/src/install/turtlebot3_applications_msgs/share/turtlebot3_applications_msgs/srv/TakePanorama.srv
[5.713s] -- Symlinking: /home/ubuntu/turtlebot3_ws/src/install/turtlebot3_applications_msgs/share/turtlebot3_applications_msgs/srv/TakePanorama_Request.msg
[5.722s] -- Symlinking: /home/ubuntu/turtlebot3_ws/src/install/turtlebot3_applications_msgs/share/turtlebot3_applications_msgs/srv/TakePanorama_Response.msg
[5.729s] -- Symlinking: /home/ubuntu/turtlebot3_ws/src/install/turtlebot3_applications_msgs/share/ament_index/resource_index/package_run_dependencies/turtlebot3_applications_msgs
[5.740s] -- Symlinking: /home/ubuntu/turtlebot3_ws/src/install/turtlebot3_applications_msgs/share/ament_index/resource_index/parent_prefix_path/turtlebot3_applications_msgs
[5.750s] -- Symlinking: /home/ubuntu/turtlebot3_ws/src/install/turtlebot3_applications_msgs/share/turtlebot3_applications_msgs/environment/ament_prefix_path.sh
[5.760s] -- Symlinking: /home/ubuntu/turtlebot3_ws/src/install/turtlebot3_applications_msgs/share/turtlebot3_applications_msgs/environment/ament_prefix_path.dsv
[5.771s] -- Symlinking: /home/ubuntu/turtlebot3_ws/src/install/turtlebot3_applications_msgs/share/turtlebot3_applications_msgs/environment/path.sh
[5.780s] -- Symlinking: /home/ubuntu/turtlebot3_ws/src/install/turtlebot3_applications_msgs/share/turtlebot3_applications_msgs/environment/path.dsv
[5.792s] -- Symlinking: /home/ubuntu/turtlebot3_ws/src/install/turtlebot3_applications_msgs/share/turtlebot3_applications_msgs/local_setup.bash
[5.807s] -- Symlinking: /home/ubuntu/turtlebot3_ws/src/install/turtlebot3_applications_msgs/share/turtlebot3_applications_msgs/local_setup.sh
[5.811s] -- Symlinking: /home/ubuntu/turtlebot3_ws/src/install/turtlebot3_applications_msgs/share/turtlebot3_applications_msgs/local_setup.zsh
[5.818s] -- Symlinking: /home/ubuntu/turtlebot3_ws/src/install/turtlebot3_applications_msgs/share/turtlebot3_applications_msgs/local_setup.dsv
[5.828s] -- Symlinking: /home/ubuntu/turtlebot3_ws/src/install/turtlebot3_applications_msgs/share/turtlebot3_applications_msgs/package.dsv
[5.838s] -- Symlinking: /home/ubuntu/turtlebot3_ws/src/install/turtlebot3_applications_msgs/share/ament_index/resource_index/packages/turtlebot3_applications_msgs
[5.850s] -- Symlinking: /home/ubuntu/turtlebot3_ws/src/install/turtlebot3_applications_msgs/share/turtlebot3_applications_msgs/cmake/rosidl_cmake-extras.cmake
[5.862s] -- Symlinking: /home/ubuntu/turtlebot3_ws/src/install/turtlebot3_applications_msgs/share/turtlebot3_applications_msgs/cmake/ament_cmake_export_dependencies-extras.cmake
[5.870s] -- Symlinking: /home/ubuntu/turtlebot3_ws/src/install/turtlebot3_applications_msgs/share/turtlebot3_applications_msgs/cmake/ament_cmake_export_include_directories-extras.cmake
[5.880s] -- Symlinking: /home/ubuntu/turtlebot3_ws/src/install/turtlebot3_applications_msgs/share/turtlebot3_applications_msgs/cmake/ament_cmake_export_libraries-extras.cmake
[5.892s] -- Symlinking: /home/ubuntu/turtlebot3_ws/src/install/turtlebot3_applications_msgs/share/turtlebot3_applications_msgs/cmake/ament_cmake_export_targets-extras.cmake
[5.904s] -- Symlinking: /home/ubuntu/turtlebot3_ws/src/install/turtlebot3_applications_msgs/share/turtlebot3_applications_msgs/cmake/rosidl_cmake_export_typesupport_targets-extras.cmake
[5.917s] -- Symlinking: /home/ubuntu/turtlebot3_ws/src/install/turtlebot3_applications_msgs/share/turtlebot3_applications_msgs/cmake/rosidl_cmake_export_typesupport_libraries-extras.cmake
[5.925s] -- Symlinking: /home/ubuntu/turtlebot3_ws/src/install/turtlebot3_applications_msgs/share/turtlebot3_applications_msgs/cmake/turtlebot3_applications_msgsConfig.cmake
[5.934s] -- Symlinking: /home/ubuntu/turtlebot3_ws/src/install/turtlebot3_applications_msgs/share/turtlebot3_applications_msgs/cmake/turtlebot3_applications_msgsConfig-version.cmake
[5.945s] -- Symlinking: /home/ubuntu/turtlebot3_ws/src/install/turtlebot3_applications_msgs/share/turtlebot3_applications_msgs/package.xml
[5.952s] -- Installing: /home/ubuntu/turtlebot3_ws/src/install/turtlebot3_applications_msgs/lib/libturtlebot3_applications_msgs__rosidl_generator_c.so
[5.952s] -- Set runtime path of "/home/ubuntu/turtlebot3_ws/src/install/turtlebot3_applications_msgs/lib/libturtlebot3_applications_msgs__rosidl_generator_c.so" to ""
[5.952s] -- Installing: /home/ubuntu/turtlebot3_ws/src/install/turtlebot3_applications_msgs/lib/libturtlebot3_applications_msgs__rosidl_typesupport_fastrtps_c.so
[5.953s] -- Set runtime path of "/home/ubuntu/turtlebot3_ws/src/install/turtlebot3_applications_msgs/lib/libturtlebot3_applications_msgs__rosidl_typesupport_fastrtps_c.so" to ""
[5.953s] -- Installing: /home/ubuntu/turtlebot3_ws/src/install/turtlebot3_applications_msgs/lib/libturtlebot3_applications_msgs__rosidl_typesupport_fastrtps_cpp.so
[5.953s] -- Set runtime path of "/home/ubuntu/turtlebot3_ws/src/install/turtlebot3_applications_msgs/lib/libturtlebot3_applications_msgs__rosidl_typesupport_fastrtps_cpp.so" to ""
[5.953s] -- Installing: /home/ubuntu/turtlebot3_ws/src/install/turtlebot3_applications_msgs/lib/libturtlebot3_applications_msgs__rosidl_typesupport_introspection_c.so
[5.953s] -- Set runtime path of "/home/ubuntu/turtlebot3_ws/src/install/turtlebot3_applications_msgs/lib/libturtlebot3_applications_msgs__rosidl_typesupport_introspection_c.so" to ""
[5.953s] -- Installing: /home/ubuntu/turtlebot3_ws/src/install/turtlebot3_applications_msgs/lib/libturtlebot3_applications_msgs__rosidl_typesupport_c.so
[5.953s] -- Set runtime path of "/home/ubuntu/turtlebot3_ws/src/install/turtlebot3_applications_msgs/lib/libturtlebot3_applications_msgs__rosidl_typesupport_c.so" to ""
[5.953s] -- Installing: /home/ubuntu/turtlebot3_ws/src/install/turtlebot3_applications_msgs/lib/libturtlebot3_applications_msgs__rosidl_typesupport_introspection_cpp.so
[5.953s] -- Set runtime path of "/home/ubuntu/turtlebot3_ws/src/install/turtlebot3_applications_msgs/lib/libturtlebot3_applications_msgs__rosidl_typesupport_introspection_cpp.so" to ""
[5.953s] -- Installing: /home/ubuntu/turtlebot3_ws/src/install/turtlebot3_applications_msgs/lib/libturtlebot3_applications_msgs__rosidl_typesupport_cpp.so
[5.953s] -- Set runtime path of "/home/ubuntu/turtlebot3_ws/src/install/turtlebot3_applications_msgs/lib/libturtlebot3_applications_msgs__rosidl_typesupport_cpp.so" to ""
[5.984s] Listing '/home/ubuntu/turtlebot3_ws/src/install/turtlebot3_applications_msgs/local/lib/python3.10/dist-packages/turtlebot3_applications_msgs'...
[5.984s] Compiling '/home/ubuntu/turtlebot3_ws/src/install/turtlebot3_applications_msgs/local/lib/python3.10/dist-packages/turtlebot3_applications_msgs/__init__.py'...
[5.984s] Listing '/home/ubuntu/turtlebot3_ws/src/install/turtlebot3_applications_msgs/local/lib/python3.10/dist-packages/turtlebot3_applications_msgs/msg'...
[5.984s] Compiling '/home/ubuntu/turtlebot3_ws/src/install/turtlebot3_applications_msgs/local/lib/python3.10/dist-packages/turtlebot3_applications_msgs/msg/__init__.py'...
[5.984s] Compiling '/home/ubuntu/turtlebot3_ws/src/install/turtlebot3_applications_msgs/local/lib/python3.10/dist-packages/turtlebot3_applications_msgs/msg/_panorama_img.py'...
[5.984s] Listing '/home/ubuntu/turtlebot3_ws/src/install/turtlebot3_applications_msgs/local/lib/python3.10/dist-packages/turtlebot3_applications_msgs/srv'...
[5.984s] Compiling '/home/ubuntu/turtlebot3_ws/src/install/turtlebot3_applications_msgs/local/lib/python3.10/dist-packages/turtlebot3_applications_msgs/srv/__init__.py'...
[5.984s] Compiling '/home/ubuntu/turtlebot3_ws/src/install/turtlebot3_applications_msgs/local/lib/python3.10/dist-packages/turtlebot3_applications_msgs/srv/_set_follow_state.py'...
[5.984s] Compiling '/home/ubuntu/turtlebot3_ws/src/install/turtlebot3_applications_msgs/local/lib/python3.10/dist-packages/turtlebot3_applications_msgs/srv/_take_panorama.py'...
[5.987s] -- Installing: /home/ubuntu/turtlebot3_ws/src/install/turtlebot3_applications_msgs/lib/libturtlebot3_applications_msgs__rosidl_generator_py.so
[5.987s] -- Set runtime path of "/home/ubuntu/turtlebot3_ws/src/install/turtlebot3_applications_msgs/lib/libturtlebot3_applications_msgs__rosidl_generator_py.so" to ""
[5.988s] -- Installing: /home/ubuntu/turtlebot3_ws/src/install/turtlebot3_applications_msgs/share/turtlebot3_applications_msgs/cmake/export_turtlebot3_applications_msgs__rosidl_generator_cExport.cmake
[5.988s] -- Installing: /home/ubuntu/turtlebot3_ws/src/install/turtlebot3_applications_msgs/share/turtlebot3_applications_msgs/cmake/export_turtlebot3_applications_msgs__rosidl_generator_cExport-noconfig.cmake
[5.988s] -- Installing: /home/ubuntu/turtlebot3_ws/src/install/turtlebot3_applications_msgs/share/turtlebot3_applications_msgs/cmake/export_turtlebot3_applications_msgs__rosidl_typesupport_fastrtps_cExport.cmake
[5.988s] -- Installing: /home/ubuntu/turtlebot3_ws/src/install/turtlebot3_applications_msgs/share/turtlebot3_applications_msgs/cmake/export_turtlebot3_applications_msgs__rosidl_typesupport_fastrtps_cExport-noconfig.cmake
[5.988s] -- Installing: /home/ubuntu/turtlebot3_ws/src/install/turtlebot3_applications_msgs/share/turtlebot3_applications_msgs/cmake/export_turtlebot3_applications_msgs__rosidl_generator_cppExport.cmake
[5.988s] -- Installing: /home/ubuntu/turtlebot3_ws/src/install/turtlebot3_applications_msgs/share/turtlebot3_applications_msgs/cmake/export_turtlebot3_applications_msgs__rosidl_typesupport_fastrtps_cppExport.cmake
[5.988s] -- Installing: /home/ubuntu/turtlebot3_ws/src/install/turtlebot3_applications_msgs/share/turtlebot3_applications_msgs/cmake/export_turtlebot3_applications_msgs__rosidl_typesupport_fastrtps_cppExport-noconfig.cmake
[5.988s] -- Installing: /home/ubuntu/turtlebot3_ws/src/install/turtlebot3_applications_msgs/share/turtlebot3_applications_msgs/cmake/turtlebot3_applications_msgs__rosidl_typesupport_introspection_cExport.cmake
[5.988s] -- Installing: /home/ubuntu/turtlebot3_ws/src/install/turtlebot3_applications_msgs/share/turtlebot3_applications_msgs/cmake/turtlebot3_applications_msgs__rosidl_typesupport_introspection_cExport-noconfig.cmake
[5.988s] -- Installing: /home/ubuntu/turtlebot3_ws/src/install/turtlebot3_applications_msgs/share/turtlebot3_applications_msgs/cmake/turtlebot3_applications_msgs__rosidl_typesupport_cExport.cmake
[5.988s] -- Installing: /home/ubuntu/turtlebot3_ws/src/install/turtlebot3_applications_msgs/share/turtlebot3_applications_msgs/cmake/turtlebot3_applications_msgs__rosidl_typesupport_cExport-noconfig.cmake
[5.988s] -- Installing: /home/ubuntu/turtlebot3_ws/src/install/turtlebot3_applications_msgs/share/turtlebot3_applications_msgs/cmake/turtlebot3_applications_msgs__rosidl_typesupport_introspection_cppExport.cmake
[5.989s] -- Installing: /home/ubuntu/turtlebot3_ws/src/install/turtlebot3_applications_msgs/share/turtlebot3_applications_msgs/cmake/turtlebot3_applications_msgs__rosidl_typesupport_introspection_cppExport-noconfig.cmake
[5.989s] -- Installing: /home/ubuntu/turtlebot3_ws/src/install/turtlebot3_applications_msgs/share/turtlebot3_applications_msgs/cmake/turtlebot3_applications_msgs__rosidl_typesupport_cppExport.cmake
[5.989s] -- Installing: /home/ubuntu/turtlebot3_ws/src/install/turtlebot3_applications_msgs/share/turtlebot3_applications_msgs/cmake/turtlebot3_applications_msgs__rosidl_typesupport_cppExport-noconfig.cmake
[5.989s] -- Installing: /home/ubuntu/turtlebot3_ws/src/install/turtlebot3_applications_msgs/share/turtlebot3_applications_msgs/cmake/export_turtlebot3_applications_msgs__rosidl_generator_pyExport.cmake
[5.989s] -- Installing: /home/ubuntu/turtlebot3_ws/src/install/turtlebot3_applications_msgs/share/turtlebot3_applications_msgs/cmake/export_turtlebot3_applications_msgs__rosidl_generator_pyExport-noconfig.cmake
[5.992s] Invoked command in '/home/ubuntu/turtlebot3_ws/src/build/turtlebot3_applications_msgs' returned '0': CMAKE_PREFIX_PATH=${CMAKE_PREFIX_PATH}:/home/ubuntu/turtlebot3_ws/install/turtlebot3_teleop:/home/ubuntu/turtlebot3_ws/install/turtlebot3_example:/opt/ros/humble /usr/bin/cmake --install /home/ubuntu/turtlebot3_ws/src/build/turtlebot3_applications_msgs
