[0.531s] Invoking command in '/home/ubuntu/turtlebot3_ws/src/build/turtlebot3_follower': CMAKE_PREFIX_PATH=${CMAKE_PREFIX_PATH}:/home/ubuntu/turtlebot3_ws/install/turtlebot3_teleop:/home/ubuntu/turtlebot3_ws/install/turtlebot3_example:/opt/ros/humble /usr/bin/cmake /home/ubuntu/turtlebot3_ws/src/turtlebot3_applications/turtlebot3_follower -DAMENT_CMAKE_SYMLINK_INSTALL=1 -DCMAKE_INSTALL_PREFIX=/home/ubuntu/turtlebot3_ws/src/install/turtlebot3_follower
[0.731s] -- The C compiler identification is GNU 12.3.0
[0.731s] -- The CXX compiler identification is GNU 11.4.0
[0.731s] -- Detecting C compiler ABI info
[0.731s] -- Detecting C compiler ABI info - done
[0.731s] -- Check for working C compiler: /usr/bin/cc - skipped
[0.731s] -- Detecting C compile features
[0.731s] -- Detecting C compile features - done
[0.731s] -- Detecting CXX compiler ABI info
[0.756s] -- Detecting CXX compiler ABI info - done
[0.763s] -- Check for working CXX compiler: /usr/bin/c++ - skipped
[0.764s] -- Detecting CXX compile features
[0.764s] -- Detecting CXX compile features - done
[0.767s] -- Found ament_cmake: 1.3.12 (/opt/ros/humble/share/ament_cmake/cmake)
[0.883s] -- Found Python3: /usr/bin/python3 (found version "3.10.12") found components: Interpreter 
[0.935s] -- Override CMake install command with custom implementation using symlinks instead of copying resources
[0.972s] -- Found geometry_msgs: 4.9.0 (/opt/ros/humble/share/geometry_msgs/cmake)
[1.086s] -- Found rosidl_generator_c: 3.1.7 (/opt/ros/humble/share/rosidl_generator_c/cmake)
[1.092s] -- Found rosidl_adapter: 3.1.7 (/opt/ros/humble/share/rosidl_adapter/cmake)
[1.104s] -- Found rosidl_generator_cpp: 3.1.7 (/opt/ros/humble/share/rosidl_generator_cpp/cmake)
[1.125s] -- Using all available rosidl_typesupport_c: rosidl_typesupport_fastrtps_c;rosidl_typesupport_introspection_c
[1.144s] -- Using all available rosidl_typesupport_cpp: rosidl_typesupport_fastrtps_cpp;rosidl_typesupport_introspection_cpp
[1.195s] -- Found nav2_msgs: 1.1.18 (/opt/ros/humble/share/nav2_msgs/cmake)
[1.276s] -- Found rclcpp: 16.0.15 (/opt/ros/humble/share/rclcpp/cmake)
[1.332s] -- Found rmw_implementation_cmake: 6.1.2 (/opt/ros/humble/share/rmw_implementation_cmake/cmake)
[1.339s] -- Found rmw_fastrtps_cpp: 6.2.8 (/opt/ros/humble/share/rmw_fastrtps_cpp/cmake)
[1.437s] -- Found OpenSSL: /usr/lib/x86_64-linux-gnu/libcrypto.so (found version "3.0.2")  
[1.462s] -- Found FastRTPS: /opt/ros/humble/include  
[1.495s] -- Using RMW implementation 'rmw_fastrtps_cpp' as default
[1.505s] -- Looking for pthread.h
[1.558s] -- Looking for pthread.h - found
[1.558s] -- Performing Test CMAKE_HAVE_LIBC_PTHREAD
[1.621s] -- Performing Test CMAKE_HAVE_LIBC_PTHREAD - Success
[1.622s] -- Found Threads: TRUE  
[1.672s] -- Found tf2: 0.25.16 (/opt/ros/humble/share/tf2/cmake)
[1.687s] -- Found tf2_geometry_msgs: 0.25.16 (/opt/ros/humble/share/tf2_geometry_msgs/cmake)
[1.711s] -- Found eigen3_cmake_module: 0.1.1 (/opt/ros/humble/share/eigen3_cmake_module/cmake)
[1.712s] -- Found Eigen3: TRUE (found version "3.4.0") 
[1.712s] -- Ensuring Eigen3 include directory is part of orocos-kdl CMake target
[1.931s] -- Configuring done
[1.945s] -- Generating done
[1.952s] -- Build files have been written to: /home/ubuntu/turtlebot3_ws/src/build/turtlebot3_follower
[1.979s] Invoked command in '/home/ubuntu/turtlebot3_ws/src/build/turtlebot3_follower' returned '0': CMAKE_PREFIX_PATH=${CMAKE_PREFIX_PATH}:/home/ubuntu/turtlebot3_ws/install/turtlebot3_teleop:/home/ubuntu/turtlebot3_ws/install/turtlebot3_example:/opt/ros/humble /usr/bin/cmake /home/ubuntu/turtlebot3_ws/src/turtlebot3_applications/turtlebot3_follower -DAMENT_CMAKE_SYMLINK_INSTALL=1 -DCMAKE_INSTALL_PREFIX=/home/ubuntu/turtlebot3_ws/src/install/turtlebot3_follower
[1.980s] Invoking command in '/home/ubuntu/turtlebot3_ws/src/build/turtlebot3_follower': CMAKE_PREFIX_PATH=${CMAKE_PREFIX_PATH}:/home/ubuntu/turtlebot3_ws/install/turtlebot3_teleop:/home/ubuntu/turtlebot3_ws/install/turtlebot3_example:/opt/ros/humble /usr/bin/cmake --build /home/ubuntu/turtlebot3_ws/src/build/turtlebot3_follower -- -j24 -l24
[2.036s] [ 50%] [32mBuilding CXX object CMakeFiles/follower.dir/src/follower.cpp.o[0m
[9.006s] [100%] [32m[1mLinking CXX executable follower[0m
[9.206s] [100%] Built target follower
