[1.363s] Invoking command in '/home/ubuntu/turtlebot3_ws/src/build/turtlebot3_teleop': PYTHONPATH=/home/ubuntu/turtlebot3_ws/src/build/turtlebot3_teleop/prefix_override:/usr/lib/python3/dist-packages/colcon_core/task/python/colcon_distutils_commands:/home/ubuntu/turtlebot3_ws/src/install/turtlebot3_teleop/lib/python3.10/site-packages:${PYTHONPATH} /usr/bin/python3 -W ignore:setup.py install is deprecated -W ignore:easy_install command is deprecated setup.py develop --editable --build-directory /home/ubuntu/turtlebot3_ws/src/build/turtlebot3_teleop/build --no-deps symlink_data
[1.715s] running develop
[2.008s] running egg_info
[2.010s] creating turtlebot3_teleop.egg-info
[2.010s] writing turtlebot3_teleop.egg-info/PKG-INFO
[2.010s] writing dependency_links to turtlebot3_teleop.egg-info/dependency_links.txt
[2.010s] writing entry points to turtlebot3_teleop.egg-info/entry_points.txt
[2.010s] writing requirements to turtlebot3_teleop.egg-info/requires.txt
[2.010s] writing top-level names to turtlebot3_teleop.egg-info/top_level.txt
[2.011s] writing manifest file 'turtlebot3_teleop.egg-info/SOURCES.txt'
[2.013s] reading manifest file 'turtlebot3_teleop.egg-info/SOURCES.txt'
[2.014s] writing manifest file 'turtlebot3_teleop.egg-info/SOURCES.txt'
[2.016s] running build_ext
[2.016s] Creating /home/ubuntu/turtlebot3_ws/src/install/turtlebot3_teleop/lib/python3.10/site-packages/turtlebot3-teleop.egg-link (link to .)
[2.017s] Installing teleop_keyboard script to /home/ubuntu/turtlebot3_ws/src/install/turtlebot3_teleop/lib/turtlebot3_teleop
[2.017s] 
[2.017s] Installed /home/ubuntu/turtlebot3_ws/src/build/turtlebot3_teleop
[2.017s] running symlink_data
[2.017s] creating /home/ubuntu/turtlebot3_ws/src/install/turtlebot3_teleop/share/ament_index
[2.017s] creating /home/ubuntu/turtlebot3_ws/src/install/turtlebot3_teleop/share/ament_index/resource_index
[2.018s] creating /home/ubuntu/turtlebot3_ws/src/install/turtlebot3_teleop/share/ament_index/resource_index/packages
[2.018s] symbolically linking /home/ubuntu/turtlebot3_ws/src/build/turtlebot3_teleop/resource/turtlebot3_teleop -> /home/ubuntu/turtlebot3_ws/src/install/turtlebot3_teleop/share/ament_index/resource_index/packages
[2.018s] symbolically linking /home/ubuntu/turtlebot3_ws/src/build/turtlebot3_teleop/package.xml -> /home/ubuntu/turtlebot3_ws/src/install/turtlebot3_teleop/share/turtlebot3_teleop
[2.120s] Invoked command in '/home/ubuntu/turtlebot3_ws/src/build/turtlebot3_teleop' returned '0': PYTHONPATH=/home/ubuntu/turtlebot3_ws/src/build/turtlebot3_teleop/prefix_override:/usr/lib/python3/dist-packages/colcon_core/task/python/colcon_distutils_commands:/home/ubuntu/turtlebot3_ws/src/install/turtlebot3_teleop/lib/python3.10/site-packages:${PYTHONPATH} /usr/bin/python3 -W ignore:setup.py install is deprecated -W ignore:easy_install command is deprecated setup.py develop --editable --build-directory /home/ubuntu/turtlebot3_ws/src/build/turtlebot3_teleop/build --no-deps symlink_data
