[0.113s] colcon DEBUG Command line arguments: ['/usr/bin/colcon', 'build', '--packages-select', 'sub_robot_sim', 'sub_robot_core']
[0.113s] colcon DEBUG Parsed command line arguments: Namespace(log_base=None, log_level=None, verb_name='build', build_base='build', install_base='install', merge_install=False, symlink_install=False, test_result_base=None, continue_on_error=False, executor='parallel', parallel_workers=24, event_handlers=None, ignore_user_meta=False, metas=['./colcon.meta'], base_paths=['.'], packages_ignore=None, packages_ignore_regex=None, paths=None, packages_up_to=None, packages_up_to_regex=None, packages_above=None, packages_above_and_dependencies=None, packages_above_depth=None, packages_select_by_dep=None, packages_skip_by_dep=None, packages_skip_up_to=None, packages_select_build_failed=False, packages_skip_build_finished=False, packages_select_test_failures=False, packages_skip_test_passed=False, packages_select=['sub_robot_sim', 'sub_robot_core'], packages_skip=None, packages_select_regex=None, packages_skip_regex=None, packages_start=None, packages_end=None, allow_overriding=[], cmake_args=None, cmake_target=None, cmake_target_skip_unavailable=False, cmake_clean_cache=False, cmake_clean_first=False, cmake_force_configure=False, ament_cmake_args=None, catkin_cmake_args=None, catkin_skip_building_tests=False, mixin_files=None, mixin=None, verb_parser=<colcon_mixin.mixin.mixin_argument.MixinArgumentDecorator object at 0x758e9523b3a0>, verb_extension=<colcon_core.verb.build.BuildVerb object at 0x758e9523ae90>, main=<bound method BuildVerb.main of <colcon_core.verb.build.BuildVerb object at 0x758e9523ae90>>, mixin_verb=('build',))
[0.145s] colcon.colcon_core.package_discovery Level 1 discover_packages(colcon_meta) check parameters
[0.146s] colcon.colcon_core.package_discovery Level 1 discover_packages(recursive) check parameters
[0.146s] colcon.colcon_core.package_discovery Level 1 discover_packages(ignore) check parameters
[0.146s] colcon.colcon_core.package_discovery Level 1 discover_packages(path) check parameters
[0.146s] colcon.colcon_core.package_discovery Level 1 discover_packages(colcon_meta) discover
[0.146s] colcon.colcon_core.package_discovery Level 1 discover_packages(recursive) discover
[0.146s] colcon.colcon_core.package_discovery INFO Crawling recursively for packages in '/home/ubuntu/Intel_study/Intel7_Final_Project_5_Team/RoS2/Sensor_Ros2'
[0.146s] colcon.colcon_core.package_identification Level 1 _identify(.) by extensions ['ignore', 'ignore_ament_install']
[0.146s] colcon.colcon_core.package_identification Level 1 _identify(.) by extension 'ignore'
[0.146s] colcon.colcon_core.package_identification Level 1 _identify(.) by extension 'ignore_ament_install'
[0.146s] colcon.colcon_core.package_identification Level 1 _identify(.) by extensions ['colcon_pkg']
[0.146s] colcon.colcon_core.package_identification Level 1 _identify(.) by extension 'colcon_pkg'
[0.146s] colcon.colcon_core.package_identification Level 1 _identify(.) by extensions ['colcon_meta']
[0.146s] colcon.colcon_core.package_identification Level 1 _identify(.) by extension 'colcon_meta'
[0.146s] colcon.colcon_core.package_identification Level 1 _identify(.) by extensions ['ros']
[0.146s] colcon.colcon_core.package_identification Level 1 _identify(.) by extension 'ros'
[0.164s] colcon.colcon_core.package_identification Level 1 _identify(.) by extensions ['cmake', 'python']
[0.164s] colcon.colcon_core.package_identification Level 1 _identify(.) by extension 'cmake'
[0.164s] colcon.colcon_core.package_identification Level 1 _identify(.) by extension 'python'
[0.165s] colcon.colcon_core.package_identification Level 1 _identify(.) by extensions ['python_setup_py']
[0.165s] colcon.colcon_core.package_identification Level 1 _identify(.) by extension 'python_setup_py'
[0.165s] colcon.colcon_core.package_identification Level 1 _identify(build) by extensions ['ignore', 'ignore_ament_install']
[0.165s] colcon.colcon_core.package_identification Level 1 _identify(build) by extension 'ignore'
[0.165s] colcon.colcon_core.package_identification Level 1 _identify(build) ignored
[0.165s] colcon.colcon_core.package_identification Level 1 _identify(install) by extensions ['ignore', 'ignore_ament_install']
[0.165s] colcon.colcon_core.package_identification Level 1 _identify(install) by extension 'ignore'
[0.165s] colcon.colcon_core.package_identification Level 1 _identify(install) ignored
[0.165s] colcon.colcon_core.package_identification Level 1 _identify(log) by extensions ['ignore', 'ignore_ament_install']
[0.165s] colcon.colcon_core.package_identification Level 1 _identify(log) by extension 'ignore'
[0.165s] colcon.colcon_core.package_identification Level 1 _identify(log) ignored
[0.166s] colcon.colcon_core.package_identification Level 1 _identify(src) by extensions ['ignore', 'ignore_ament_install']
[0.166s] colcon.colcon_core.package_identification Level 1 _identify(src) by extension 'ignore'
[0.166s] colcon.colcon_core.package_identification Level 1 _identify(src) by extension 'ignore_ament_install'
[0.166s] colcon.colcon_core.package_identification Level 1 _identify(src) by extensions ['colcon_pkg']
[0.166s] colcon.colcon_core.package_identification Level 1 _identify(src) by extension 'colcon_pkg'
[0.166s] colcon.colcon_core.package_identification Level 1 _identify(src) by extensions ['colcon_meta']
[0.166s] colcon.colcon_core.package_identification Level 1 _identify(src) by extension 'colcon_meta'
[0.166s] colcon.colcon_core.package_identification Level 1 _identify(src) by extensions ['ros']
[0.166s] colcon.colcon_core.package_identification Level 1 _identify(src) by extension 'ros'
[0.166s] colcon.colcon_core.package_identification Level 1 _identify(src) by extensions ['cmake', 'python']
[0.166s] colcon.colcon_core.package_identification Level 1 _identify(src) by extension 'cmake'
[0.166s] colcon.colcon_core.package_identification Level 1 _identify(src) by extension 'python'
[0.166s] colcon.colcon_core.package_identification Level 1 _identify(src) by extensions ['python_setup_py']
[0.166s] colcon.colcon_core.package_identification Level 1 _identify(src) by extension 'python_setup_py'
[0.166s] colcon.colcon_core.package_identification Level 1 _identify(src/sub_robot_bringup) by extensions ['ignore', 'ignore_ament_install']
[0.166s] colcon.colcon_core.package_identification Level 1 _identify(src/sub_robot_bringup) by extension 'ignore'
[0.166s] colcon.colcon_core.package_identification Level 1 _identify(src/sub_robot_bringup) by extension 'ignore_ament_install'
[0.166s] colcon.colcon_core.package_identification Level 1 _identify(src/sub_robot_bringup) by extensions ['colcon_pkg']
[0.166s] colcon.colcon_core.package_identification Level 1 _identify(src/sub_robot_bringup) by extension 'colcon_pkg'
[0.166s] colcon.colcon_core.package_identification Level 1 _identify(src/sub_robot_bringup) by extensions ['colcon_meta']
[0.167s] colcon.colcon_core.package_identification Level 1 _identify(src/sub_robot_bringup) by extension 'colcon_meta'
[0.167s] colcon.colcon_core.package_identification Level 1 _identify(src/sub_robot_bringup) by extensions ['ros']
[0.167s] colcon.colcon_core.package_identification Level 1 _identify(src/sub_robot_bringup) by extension 'ros'
[0.171s] colcon.colcon_core.package_identification DEBUG Package 'src/sub_robot_bringup' with type 'ros.ament_cmake' and name 'sub_robot_bringup'
[0.171s] colcon.colcon_core.package_identification Level 1 _identify(src/sub_robot_core) by extensions ['ignore', 'ignore_ament_install']
[0.171s] colcon.colcon_core.package_identification Level 1 _identify(src/sub_robot_core) by extension 'ignore'
[0.171s] colcon.colcon_core.package_identification Level 1 _identify(src/sub_robot_core) by extension 'ignore_ament_install'
[0.171s] colcon.colcon_core.package_identification Level 1 _identify(src/sub_robot_core) by extensions ['colcon_pkg']
[0.171s] colcon.colcon_core.package_identification Level 1 _identify(src/sub_robot_core) by extension 'colcon_pkg'
[0.171s] colcon.colcon_core.package_identification Level 1 _identify(src/sub_robot_core) by extensions ['colcon_meta']
[0.171s] colcon.colcon_core.package_identification Level 1 _identify(src/sub_robot_core) by extension 'colcon_meta'
[0.171s] colcon.colcon_core.package_identification Level 1 _identify(src/sub_robot_core) by extensions ['ros']
[0.171s] colcon.colcon_core.package_identification Level 1 _identify(src/sub_robot_core) by extension 'ros'
[0.172s] colcon.colcon_core.package_identification DEBUG Package 'src/sub_robot_core' with type 'ros.ament_cmake' and name 'sub_robot_core'
[0.172s] colcon.colcon_core.package_identification Level 1 _identify(src/sub_robot_sim) by extensions ['ignore', 'ignore_ament_install']
[0.173s] colcon.colcon_core.package_identification Level 1 _identify(src/sub_robot_sim) by extension 'ignore'
[0.173s] colcon.colcon_core.package_identification Level 1 _identify(src/sub_robot_sim) by extension 'ignore_ament_install'
[0.173s] colcon.colcon_core.package_identification Level 1 _identify(src/sub_robot_sim) by extensions ['colcon_pkg']
[0.173s] colcon.colcon_core.package_identification Level 1 _identify(src/sub_robot_sim) by extension 'colcon_pkg'
[0.173s] colcon.colcon_core.package_identification Level 1 _identify(src/sub_robot_sim) by extensions ['colcon_meta']
[0.173s] colcon.colcon_core.package_identification Level 1 _identify(src/sub_robot_sim) by extension 'colcon_meta'
[0.173s] colcon.colcon_core.package_identification Level 1 _identify(src/sub_robot_sim) by extensions ['ros']
[0.173s] colcon.colcon_core.package_identification Level 1 _identify(src/sub_robot_sim) by extension 'ros'
[0.174s] colcon.colcon_core.package_identification DEBUG Package 'src/sub_robot_sim' with type 'ros.ament_cmake' and name 'sub_robot_sim'
[0.174s] colcon.colcon_core.package_discovery Level 1 discover_packages(recursive) using defaults
[0.174s] colcon.colcon_core.package_discovery Level 1 discover_packages(ignore) discover
[0.174s] colcon.colcon_core.package_discovery Level 1 discover_packages(ignore) using defaults
[0.174s] colcon.colcon_core.package_discovery Level 1 discover_packages(path) discover
[0.174s] colcon.colcon_core.package_discovery Level 1 discover_packages(path) using defaults
[0.193s] colcon.colcon_core.package_selection INFO Skipping not selected package 'sub_robot_bringup' in 'src/sub_robot_bringup'
[0.193s] colcon.colcon_core.package_discovery Level 1 discover_packages(prefix_path) check parameters
[0.194s] colcon.colcon_core.package_discovery Level 1 discover_packages(prefix_path) discover
[0.195s] colcon.colcon_installed_package_information.package_discovery DEBUG Found 2 installed packages in /home/ubuntu/tb3_sim_ws/install
[0.196s] colcon.colcon_installed_package_information.package_discovery DEBUG Found 4 installed packages in /home/ubuntu/turtlebot3_ws/install
[0.197s] colcon.colcon_installed_package_information.package_discovery DEBUG Found 397 installed packages in /opt/ros/humble
[0.199s] colcon.colcon_core.package_discovery Level 1 discover_packages(prefix_path) using defaults
[0.233s] colcon.colcon_core.verb Level 5 set package 'sub_robot_core' build argument 'cmake_args' from command line to 'None'
[0.233s] colcon.colcon_core.verb Level 5 set package 'sub_robot_core' build argument 'cmake_target' from command line to 'None'
[0.233s] colcon.colcon_core.verb Level 5 set package 'sub_robot_core' build argument 'cmake_target_skip_unavailable' from command line to 'False'
[0.233s] colcon.colcon_core.verb Level 5 set package 'sub_robot_core' build argument 'cmake_clean_cache' from command line to 'False'
[0.233s] colcon.colcon_core.verb Level 5 set package 'sub_robot_core' build argument 'cmake_clean_first' from command line to 'False'
[0.233s] colcon.colcon_core.verb Level 5 set package 'sub_robot_core' build argument 'cmake_force_configure' from command line to 'False'
[0.233s] colcon.colcon_core.verb Level 5 set package 'sub_robot_core' build argument 'ament_cmake_args' from command line to 'None'
[0.233s] colcon.colcon_core.verb Level 5 set package 'sub_robot_core' build argument 'catkin_cmake_args' from command line to 'None'
[0.233s] colcon.colcon_core.verb Level 5 set package 'sub_robot_core' build argument 'catkin_skip_building_tests' from command line to 'False'
[0.233s] colcon.colcon_core.verb DEBUG Building package 'sub_robot_core' with the following arguments: {'ament_cmake_args': None, 'build_base': '/home/ubuntu/Intel_study/Intel7_Final_Project_5_Team/RoS2/Sensor_Ros2/build/sub_robot_core', 'catkin_cmake_args': None, 'catkin_skip_building_tests': False, 'cmake_args': None, 'cmake_clean_cache': False, 'cmake_clean_first': False, 'cmake_force_configure': False, 'cmake_target': None, 'cmake_target_skip_unavailable': False, 'install_base': '/home/ubuntu/Intel_study/Intel7_Final_Project_5_Team/RoS2/Sensor_Ros2/install/sub_robot_core', 'merge_install': False, 'path': '/home/ubuntu/Intel_study/Intel7_Final_Project_5_Team/RoS2/Sensor_Ros2/src/sub_robot_core', 'symlink_install': False, 'test_result_base': None}
[0.233s] colcon.colcon_core.verb Level 5 set package 'sub_robot_sim' build argument 'cmake_args' from command line to 'None'
[0.233s] colcon.colcon_core.verb Level 5 set package 'sub_robot_sim' build argument 'cmake_target' from command line to 'None'
[0.234s] colcon.colcon_core.verb Level 5 set package 'sub_robot_sim' build argument 'cmake_target_skip_unavailable' from command line to 'False'
[0.234s] colcon.colcon_core.verb Level 5 set package 'sub_robot_sim' build argument 'cmake_clean_cache' from command line to 'False'
[0.234s] colcon.colcon_core.verb Level 5 set package 'sub_robot_sim' build argument 'cmake_clean_first' from command line to 'False'
[0.234s] colcon.colcon_core.verb Level 5 set package 'sub_robot_sim' build argument 'cmake_force_configure' from command line to 'False'
[0.234s] colcon.colcon_core.verb Level 5 set package 'sub_robot_sim' build argument 'ament_cmake_args' from command line to 'None'
[0.234s] colcon.colcon_core.verb Level 5 set package 'sub_robot_sim' build argument 'catkin_cmake_args' from command line to 'None'
[0.234s] colcon.colcon_core.verb Level 5 set package 'sub_robot_sim' build argument 'catkin_skip_building_tests' from command line to 'False'
[0.234s] colcon.colcon_core.verb DEBUG Building package 'sub_robot_sim' with the following arguments: {'ament_cmake_args': None, 'build_base': '/home/ubuntu/Intel_study/Intel7_Final_Project_5_Team/RoS2/Sensor_Ros2/build/sub_robot_sim', 'catkin_cmake_args': None, 'catkin_skip_building_tests': False, 'cmake_args': None, 'cmake_clean_cache': False, 'cmake_clean_first': False, 'cmake_force_configure': False, 'cmake_target': None, 'cmake_target_skip_unavailable': False, 'install_base': '/home/ubuntu/Intel_study/Intel7_Final_Project_5_Team/RoS2/Sensor_Ros2/install/sub_robot_sim', 'merge_install': False, 'path': '/home/ubuntu/Intel_study/Intel7_Final_Project_5_Team/RoS2/Sensor_Ros2/src/sub_robot_sim', 'symlink_install': False, 'test_result_base': None}
[0.234s] colcon.colcon_core.executor INFO Executing jobs using 'parallel' executor
[0.234s] colcon.colcon_parallel_executor.executor.parallel DEBUG run_until_complete
[0.235s] colcon.colcon_ros.task.ament_cmake.build INFO Building ROS package in '/home/ubuntu/Intel_study/Intel7_Final_Project_5_Team/RoS2/Sensor_Ros2/src/sub_robot_core' with build type 'ament_cmake'
[0.235s] colcon.colcon_cmake.task.cmake.build INFO Building CMake package in '/home/ubuntu/Intel_study/Intel7_Final_Project_5_Team/RoS2/Sensor_Ros2/src/sub_robot_core'
[0.236s] colcon.colcon_core.plugin_system INFO Skipping extension 'colcon_core.shell.bat': Not used on non-Windows systems
[0.236s] colcon.colcon_core.shell INFO Skip shell extension 'powershell' for command environment: Not usable outside of PowerShell
[0.236s] colcon.colcon_core.shell DEBUG Skip shell extension 'dsv' for command environment
[0.246s] colcon.colcon_ros.task.ament_cmake.build INFO Building ROS package in '/home/ubuntu/Intel_study/Intel7_Final_Project_5_Team/RoS2/Sensor_Ros2/src/sub_robot_sim' with build type 'ament_cmake'
[0.246s] colcon.colcon_cmake.task.cmake.build INFO Building CMake package in '/home/ubuntu/Intel_study/Intel7_Final_Project_5_Team/RoS2/Sensor_Ros2/src/sub_robot_sim'
[0.246s] colcon.colcon_core.shell INFO Skip shell extension 'powershell' for command environment: Not usable outside of PowerShell
[0.246s] colcon.colcon_core.shell DEBUG Skip shell extension 'dsv' for command environment
[0.252s] colcon.colcon_core.event_handler.log_command DEBUG Invoking command in '/home/ubuntu/Intel_study/Intel7_Final_Project_5_Team/RoS2/Sensor_Ros2/build/sub_robot_core': CMAKE_PREFIX_PATH=${CMAKE_PREFIX_PATH}:/opt/ros/humble /usr/bin/cmake --build /home/ubuntu/Intel_study/Intel7_Final_Project_5_Team/RoS2/Sensor_Ros2/build/sub_robot_core -- -j24 -l24
[0.254s] colcon.colcon_core.event_handler.log_command DEBUG Invoking command in '/home/ubuntu/Intel_study/Intel7_Final_Project_5_Team/RoS2/Sensor_Ros2/build/sub_robot_sim': CMAKE_PREFIX_PATH=${CMAKE_PREFIX_PATH}:/opt/ros/humble /usr/bin/cmake --build /home/ubuntu/Intel_study/Intel7_Final_Project_5_Team/RoS2/Sensor_Ros2/build/sub_robot_sim -- -j24 -l24
[3.363s] colcon.colcon_core.environment Level 1 create_environment_scripts_only(sub_robot_sim)
[3.364s] colcon.colcon_core.event_handler.log_command DEBUG Invoked command in '/home/ubuntu/Intel_study/Intel7_Final_Project_5_Team/RoS2/Sensor_Ros2/build/sub_robot_sim' returned '2': CMAKE_PREFIX_PATH=${CMAKE_PREFIX_PATH}:/opt/ros/humble /usr/bin/cmake --build /home/ubuntu/Intel_study/Intel7_Final_Project_5_Team/RoS2/Sensor_Ros2/build/sub_robot_sim -- -j24 -l24
[3.366s] colcon.colcon_core.environment Level 1 checking '/home/ubuntu/Intel_study/Intel7_Final_Project_5_Team/RoS2/Sensor_Ros2/install/sub_robot_sim' for CMake module files
[3.367s] colcon.colcon_core.environment Level 1 checking '/home/ubuntu/Intel_study/Intel7_Final_Project_5_Team/RoS2/Sensor_Ros2/install/sub_robot_sim' for CMake config files
[3.367s] colcon.colcon_core.shell Level 1 create_environment_hook('sub_robot_sim', 'cmake_prefix_path')
[3.367s] colcon.colcon_core.shell INFO Creating environment hook '/home/ubuntu/Intel_study/Intel7_Final_Project_5_Team/RoS2/Sensor_Ros2/install/sub_robot_sim/share/sub_robot_sim/hook/cmake_prefix_path.ps1'
[3.368s] colcon.colcon_core.shell INFO Creating environment descriptor '/home/ubuntu/Intel_study/Intel7_Final_Project_5_Team/RoS2/Sensor_Ros2/install/sub_robot_sim/share/sub_robot_sim/hook/cmake_prefix_path.dsv'
[3.369s] colcon.colcon_core.shell INFO Creating environment hook '/home/ubuntu/Intel_study/Intel7_Final_Project_5_Team/RoS2/Sensor_Ros2/install/sub_robot_sim/share/sub_robot_sim/hook/cmake_prefix_path.sh'
[3.370s] colcon.colcon_core.environment Level 1 checking '/home/ubuntu/Intel_study/Intel7_Final_Project_5_Team/RoS2/Sensor_Ros2/install/sub_robot_sim/lib'
[3.370s] colcon.colcon_core.environment Level 1 checking '/home/ubuntu/Intel_study/Intel7_Final_Project_5_Team/RoS2/Sensor_Ros2/install/sub_robot_sim/bin'
[3.370s] colcon.colcon_core.environment Level 1 checking '/home/ubuntu/Intel_study/Intel7_Final_Project_5_Team/RoS2/Sensor_Ros2/install/sub_robot_sim/lib/pkgconfig/sub_robot_sim.pc'
[3.370s] colcon.colcon_core.environment Level 1 checking '/home/ubuntu/Intel_study/Intel7_Final_Project_5_Team/RoS2/Sensor_Ros2/install/sub_robot_sim/lib/python3.10/site-packages'
[3.370s] colcon.colcon_core.environment Level 1 checking '/home/ubuntu/Intel_study/Intel7_Final_Project_5_Team/RoS2/Sensor_Ros2/install/sub_robot_sim/bin'
[3.370s] colcon.colcon_core.shell INFO Creating package script '/home/ubuntu/Intel_study/Intel7_Final_Project_5_Team/RoS2/Sensor_Ros2/install/sub_robot_sim/share/sub_robot_sim/package.ps1'
[3.371s] colcon.colcon_core.shell INFO Creating package descriptor '/home/ubuntu/Intel_study/Intel7_Final_Project_5_Team/RoS2/Sensor_Ros2/install/sub_robot_sim/share/sub_robot_sim/package.dsv'
[3.372s] colcon.colcon_core.shell INFO Creating package script '/home/ubuntu/Intel_study/Intel7_Final_Project_5_Team/RoS2/Sensor_Ros2/install/sub_robot_sim/share/sub_robot_sim/package.sh'
[3.372s] colcon.colcon_core.shell INFO Creating package script '/home/ubuntu/Intel_study/Intel7_Final_Project_5_Team/RoS2/Sensor_Ros2/install/sub_robot_sim/share/sub_robot_sim/package.bash'
[3.373s] colcon.colcon_core.shell INFO Creating package script '/home/ubuntu/Intel_study/Intel7_Final_Project_5_Team/RoS2/Sensor_Ros2/install/sub_robot_sim/share/sub_robot_sim/package.zsh'
[3.373s] colcon.colcon_core.environment Level 1 create_file_with_runtime_dependencies(/home/ubuntu/Intel_study/Intel7_Final_Project_5_Team/RoS2/Sensor_Ros2/install/sub_robot_sim/share/colcon-core/packages/sub_robot_sim)
