running develop
running egg_info
creating turtlebot3_aruco_tracker.egg-info
writing turtlebot3_aruco_tracker.egg-info/PKG-INFO
writing dependency_links to turtlebot3_aruco_tracker.egg-info/dependency_links.txt
writing entry points to turtlebot3_aruco_tracker.egg-info/entry_points.txt
writing requirements to turtlebot3_aruco_tracker.egg-info/requires.txt
writing top-level names to turtlebot3_aruco_tracker.egg-info/top_level.txt
writing manifest file 'turtlebot3_aruco_tracker.egg-info/SOURCES.txt'
reading manifest file 'turtlebot3_aruco_tracker.egg-info/SOURCES.txt'
writing manifest file 'turtlebot3_aruco_tracker.egg-info/SOURCES.txt'
running build_ext
Creating /home/ubuntu/turtlebot3_ws/src/install/turtlebot3_aruco_tracker/lib/python3.10/site-packages/turtlebot3-aruco-tracker.egg-link (link to .)
Installing turtlebot3_aruco_tracker script to /home/ubuntu/turtlebot3_ws/src/install/turtlebot3_aruco_tracker/lib/turtlebot3_aruco_tracker
Installing turtlebot3_camera_decoder script to /home/ubuntu/turtlebot3_ws/src/install/turtlebot3_aruco_tracker/lib/turtlebot3_aruco_tracker

Installed /home/ubuntu/turtlebot3_ws/src/build/turtlebot3_aruco_tracker
running symlink_data
creating /home/ubuntu/turtlebot3_ws/src/install/turtlebot3_aruco_tracker/share/ament_index
creating /home/ubuntu/turtlebot3_ws/src/install/turtlebot3_aruco_tracker/share/ament_index/resource_index
creating /home/ubuntu/turtlebot3_ws/src/install/turtlebot3_aruco_tracker/share/ament_index/resource_index/packages
symbolically linking /home/ubuntu/turtlebot3_ws/src/build/turtlebot3_aruco_tracker/resource/turtlebot3_aruco_tracker -> /home/ubuntu/turtlebot3_ws/src/install/turtlebot3_aruco_tracker/share/ament_index/resource_index/packages
symbolically linking /home/ubuntu/turtlebot3_ws/src/build/turtlebot3_aruco_tracker/package.xml -> /home/ubuntu/turtlebot3_ws/src/install/turtlebot3_aruco_tracker/share/turtlebot3_aruco_tracker
creating /home/ubuntu/turtlebot3_ws/src/install/turtlebot3_aruco_tracker/share/turtlebot3_aruco_tracker/launch
symbolically linking /home/ubuntu/turtlebot3_ws/src/build/turtlebot3_aruco_tracker/launch/turtlebot3_aruco_tracker.launch.py -> /home/ubuntu/turtlebot3_ws/src/install/turtlebot3_aruco_tracker/share/turtlebot3_aruco_tracker/launch
