[0.528s] Invoking command in '/home/ubuntu/turtlebot3_ws/src/build/turtlebot3_navigation2': CMAKE_PREFIX_PATH=${CMAKE_PREFIX_PATH}:/home/ubuntu/turtlebot3_ws/install/turtlebot3_teleop:/home/ubuntu/turtlebot3_ws/install/turtlebot3_example:/opt/ros/humble /usr/bin/cmake /home/ubuntu/turtlebot3_ws/src/turtlebot3/turtlebot3_navigation2 -DAMENT_CMAKE_SYMLINK_INSTALL=1 -DCMAKE_INSTALL_PREFIX=/home/ubuntu/turtlebot3_ws/src/install/turtlebot3_navigation2
[0.725s] -- The C compiler identification is GNU 12.3.0
[0.726s] -- The CXX compiler identification is GNU 11.4.0
[0.726s] -- Detecting C compiler ABI info
[0.726s] -- Detecting C compiler ABI info - done
[0.726s] -- Check for working C compiler: /usr/bin/cc - skipped
[0.726s] -- Detecting C compile features
[0.726s] -- Detecting C compile features - done
[0.726s] -- Detecting CXX compiler ABI info
[0.737s] -- Detecting CXX compiler ABI info - done
[0.742s] -- Check for working CXX compiler: /usr/bin/c++ - skipped
[0.742s] -- Detecting CXX compile features
[0.742s] -- Detecting CXX compile features - done
[0.744s] -- Found ament_cmake: 1.3.12 (/opt/ros/humble/share/ament_cmake/cmake)
[0.872s] -- Found Python3: /usr/bin/python3 (found version "3.10.12") found components: Interpreter 
[0.917s] -- Override CMake install command with custom implementation using symlinks instead of copying resources
[1.082s] -- Configuring done
[1.086s] -- Generating done
[1.088s] -- Build files have been written to: /home/ubuntu/turtlebot3_ws/src/build/turtlebot3_navigation2
[1.108s] Invoked command in '/home/ubuntu/turtlebot3_ws/src/build/turtlebot3_navigation2' returned '0': CMAKE_PREFIX_PATH=${CMAKE_PREFIX_PATH}:/home/ubuntu/turtlebot3_ws/install/turtlebot3_teleop:/home/ubuntu/turtlebot3_ws/install/turtlebot3_example:/opt/ros/humble /usr/bin/cmake /home/ubuntu/turtlebot3_ws/src/turtlebot3/turtlebot3_navigation2 -DAMENT_CMAKE_SYMLINK_INSTALL=1 -DCMAKE_INSTALL_PREFIX=/home/ubuntu/turtlebot3_ws/src/install/turtlebot3_navigation2
[1.109s] Invoking command in '/home/ubuntu/turtlebot3_ws/src/build/turtlebot3_navigation2': CMAKE_PREFIX_PATH=${CMAKE_PREFIX_PATH}:/home/ubuntu/turtlebot3_ws/install/turtlebot3_teleop:/home/ubuntu/turtlebot3_ws/install/turtlebot3_example:/opt/ros/humble /usr/bin/cmake --build /home/ubuntu/turtlebot3_ws/src/build/turtlebot3_navigation2 -- -j24 -l24
[1.151s] Invoked command in '/home/ubuntu/turtlebot3_ws/src/build/turtlebot3_navigation2' returned '0': CMAKE_PREFIX_PATH=${CMAKE_PREFIX_PATH}:/home/ubuntu/turtlebot3_ws/install/turtlebot3_teleop:/home/ubuntu/turtlebot3_ws/install/turtlebot3_example:/opt/ros/humble /usr/bin/cmake --build /home/ubuntu/turtlebot3_ws/src/build/turtlebot3_navigation2 -- -j24 -l24
[1.153s] Invoking command in '/home/ubuntu/turtlebot3_ws/src/build/turtlebot3_navigation2': CMAKE_PREFIX_PATH=${CMAKE_PREFIX_PATH}:/home/ubuntu/turtlebot3_ws/install/turtlebot3_teleop:/home/ubuntu/turtlebot3_ws/install/turtlebot3_example:/opt/ros/humble /usr/bin/cmake --install /home/ubuntu/turtlebot3_ws/src/build/turtlebot3_navigation2
[1.163s] -- Install configuration: ""
[1.163s] -- Execute custom install script
[1.165s] -- Symlinking: /home/ubuntu/turtlebot3_ws/src/install/turtlebot3_navigation2/share/turtlebot3_navigation2/launch/navigation2.launch.py
[1.173s] -- Symlinking: /home/ubuntu/turtlebot3_ws/src/install/turtlebot3_navigation2/share/turtlebot3_navigation2/map/map.pgm
[1.181s] -- Symlinking: /home/ubuntu/turtlebot3_ws/src/install/turtlebot3_navigation2/share/turtlebot3_navigation2/map/map.yaml
[1.191s] -- Symlinking: /home/ubuntu/turtlebot3_ws/src/install/turtlebot3_navigation2/share/turtlebot3_navigation2/param/burger.yaml
[1.200s] -- Symlinking: /home/ubuntu/turtlebot3_ws/src/install/turtlebot3_navigation2/share/turtlebot3_navigation2/param/burger_cam.yaml
[1.211s] -- Symlinking: /home/ubuntu/turtlebot3_ws/src/install/turtlebot3_navigation2/share/turtlebot3_navigation2/param/humble/burger.yaml
[1.220s] -- Symlinking: /home/ubuntu/turtlebot3_ws/src/install/turtlebot3_navigation2/share/turtlebot3_navigation2/param/humble/burger_cam.yaml
[1.230s] -- Symlinking: /home/ubuntu/turtlebot3_ws/src/install/turtlebot3_navigation2/share/turtlebot3_navigation2/param/humble/waffle.yaml
[1.240s] -- Symlinking: /home/ubuntu/turtlebot3_ws/src/install/turtlebot3_navigation2/share/turtlebot3_navigation2/param/humble/waffle_pi.yaml
[1.253s] -- Symlinking: /home/ubuntu/turtlebot3_ws/src/install/turtlebot3_navigation2/share/turtlebot3_navigation2/param/waffle.yaml
[1.262s] -- Symlinking: /home/ubuntu/turtlebot3_ws/src/install/turtlebot3_navigation2/share/turtlebot3_navigation2/param/waffle_pi.yaml
[1.272s] -- Symlinking: /home/ubuntu/turtlebot3_ws/src/install/turtlebot3_navigation2/share/turtlebot3_navigation2/rviz/tb3_navigation2.rviz
[1.282s] -- Symlinking: /home/ubuntu/turtlebot3_ws/src/install/turtlebot3_navigation2/share/ament_index/resource_index/package_run_dependencies/turtlebot3_navigation2
[1.293s] -- Symlinking: /home/ubuntu/turtlebot3_ws/src/install/turtlebot3_navigation2/share/ament_index/resource_index/parent_prefix_path/turtlebot3_navigation2
[1.301s] -- Symlinking: /home/ubuntu/turtlebot3_ws/src/install/turtlebot3_navigation2/share/turtlebot3_navigation2/environment/ament_prefix_path.sh
[1.316s] -- Symlinking: /home/ubuntu/turtlebot3_ws/src/install/turtlebot3_navigation2/share/turtlebot3_navigation2/environment/ament_prefix_path.dsv
[1.322s] -- Symlinking: /home/ubuntu/turtlebot3_ws/src/install/turtlebot3_navigation2/share/turtlebot3_navigation2/environment/path.sh
[1.334s] -- Symlinking: /home/ubuntu/turtlebot3_ws/src/install/turtlebot3_navigation2/share/turtlebot3_navigation2/environment/path.dsv
[1.348s] -- Symlinking: /home/ubuntu/turtlebot3_ws/src/install/turtlebot3_navigation2/share/turtlebot3_navigation2/local_setup.bash
[1.359s] -- Symlinking: /home/ubuntu/turtlebot3_ws/src/install/turtlebot3_navigation2/share/turtlebot3_navigation2/local_setup.sh
[1.372s] -- Symlinking: /home/ubuntu/turtlebot3_ws/src/install/turtlebot3_navigation2/share/turtlebot3_navigation2/local_setup.zsh
[1.381s] -- Symlinking: /home/ubuntu/turtlebot3_ws/src/install/turtlebot3_navigation2/share/turtlebot3_navigation2/local_setup.dsv
[1.390s] -- Symlinking: /home/ubuntu/turtlebot3_ws/src/install/turtlebot3_navigation2/share/turtlebot3_navigation2/package.dsv
[1.399s] -- Symlinking: /home/ubuntu/turtlebot3_ws/src/install/turtlebot3_navigation2/share/ament_index/resource_index/packages/turtlebot3_navigation2
[1.408s] -- Symlinking: /home/ubuntu/turtlebot3_ws/src/install/turtlebot3_navigation2/share/turtlebot3_navigation2/cmake/turtlebot3_navigation2Config.cmake
[1.419s] -- Symlinking: /home/ubuntu/turtlebot3_ws/src/install/turtlebot3_navigation2/share/turtlebot3_navigation2/cmake/turtlebot3_navigation2Config-version.cmake
[1.425s] -- Symlinking: /home/ubuntu/turtlebot3_ws/src/install/turtlebot3_navigation2/share/turtlebot3_navigation2/package.xml
[1.437s] Invoked command in '/home/ubuntu/turtlebot3_ws/src/build/turtlebot3_navigation2' returned '0': CMAKE_PREFIX_PATH=${CMAKE_PREFIX_PATH}:/home/ubuntu/turtlebot3_ws/install/turtlebot3_teleop:/home/ubuntu/turtlebot3_ws/install/turtlebot3_example:/opt/ros/humble /usr/bin/cmake --install /home/ubuntu/turtlebot3_ws/src/build/turtlebot3_navigation2
