-- The C compiler identification is GNU 11.4.0
-- The CXX compiler identification is GNU 11.4.0
-- Detecting C compiler ABI info
-- Detecting C compiler ABI info - done
-- Check for working C compiler: /usr/bin/cc - skipped
-- Detecting C compile features
-- Detecting C compile features - done
-- Detecting CXX compiler ABI info
-- Detecting CXX compiler ABI info - done
-- Check for working CXX compiler: /usr/bin/c++ - skipped
-- Detecting CXX compile features
-- Detecting CXX compile features - done
-- Found ament_cmake: 1.3.12 (/opt/ros/humble/share/ament_cmake/cmake)
-- Found Python3: /usr/bin/python3 (found version "3.10.12") found components: Interpreter 
-- Found rclcpp: 16.0.15 (/opt/ros/humble/share/rclcpp/cmake)
-- Found rosidl_generator_c: 3.1.7 (/opt/ros/humble/share/rosidl_generator_c/cmake)
-- Found rosidl_adapter: 3.1.7 (/opt/ros/humble/share/rosidl_adapter/cmake)
-- Found rosidl_generator_cpp: 3.1.7 (/opt/ros/humble/share/rosidl_generator_cpp/cmake)
-- Using all available rosidl_typesupport_c: rosidl_typesupport_fastrtps_c;rosidl_typesupport_introspection_c
-- Using all available rosidl_typesupport_cpp: rosidl_typesupport_fastrtps_cpp;rosidl_typesupport_introspection_cpp
-- Found rmw_implementation_cmake: 6.1.2 (/opt/ros/humble/share/rmw_implementation_cmake/cmake)
-- Found rmw_fastrtps_cpp: 6.2.8 (/opt/ros/humble/share/rmw_fastrtps_cpp/cmake)
-- Found OpenSSL: /usr/lib/aarch64-linux-gnu/libcrypto.so (found version "3.0.2")  
-- Found FastRTPS: /opt/ros/humble/include  
-- Using RMW implementation 'rmw_fastrtps_cpp' as default
-- Looking for pthread.h
-- Looking for pthread.h - found
-- Performing Test CMAKE_HAVE_LIBC_PTHREAD
-- Performing Test CMAKE_HAVE_LIBC_PTHREAD - Success
-- Found Threads: TRUE  
-- Found rosidl_default_generators: 1.2.0 (/opt/ros/humble/share/rosidl_default_generators/cmake)
-- Found ament_cmake_ros: 0.10.0 (/opt/ros/humble/share/ament_cmake_ros/cmake)
-- Using all available rosidl_typesupport_c: rosidl_typesupport_fastrtps_c;rosidl_typesupport_introspection_c
-- Using all available rosidl_typesupport_cpp: rosidl_typesupport_fastrtps_cpp;rosidl_typesupport_introspection_cpp
-- Found PythonInterp: /usr/bin/python3 (found suitable version "3.10.12", minimum required is "3.6") 
-- Found python_cmake_module: 0.10.0 (/opt/ros/humble/share/python_cmake_module/cmake)
-- Found PythonLibs: /usr/lib/aarch64-linux-gnu/libpython3.10.so (found suitable version "3.10.12", minimum required is "3.5") 
-- Using PYTHON_EXECUTABLE: /usr/bin/python3
-- Using PYTHON_INCLUDE_DIRS: /usr/include/python3.10
-- Using PYTHON_LIBRARIES: /usr/lib/aarch64-linux-gnu/libpython3.10.so
-- Found PythonExtra: .so  
-- Found ament_lint_auto: 0.12.14 (/opt/ros/humble/share/ament_lint_auto/cmake)
-- Configuring done
-- Generating done
-- Build files have been written to: /home/ros/turtlebot3_ws/src/robot_arm/build/robot_arm
[  2%] [34m[1mGenerating C code for ROS interfaces[0m
[  5%] [34m[1mGenerating C++ code for ROS interfaces[0m
[  5%] Built target ament_cmake_python_copy_robot_arm
running egg_info
creating robot_arm.egg-info
writing robot_arm.egg-info/PKG-INFO
writing dependency_links to robot_arm.egg-info/dependency_links.txt
writing top-level names to robot_arm.egg-info/top_level.txt
writing manifest file 'robot_arm.egg-info/SOURCES.txt'
reading manifest file 'robot_arm.egg-info/SOURCES.txt'
writing manifest file 'robot_arm.egg-info/SOURCES.txt'
[  5%] Built target robot_arm__cpp
[  8%] [34m[1mGenerating C++ type support dispatch for ROS interfaces[0m
[ 11%] [34m[1mGenerating C++ type support for eProsima Fast-RTPS[0m
[ 14%] [32mBuilding C object CMakeFiles/robot_arm__rosidl_generator_c.dir/rosidl_generator_c/robot_arm/srv/detail/robot_arm_command__functions.c.o[0m
[ 14%] Built target ament_cmake_python_build_robot_arm_egg
[ 17%] [34m[1mGenerating C++ introspection for ROS interfaces[0m
[ 20%] [32m[1mLinking C shared library librobot_arm__rosidl_generator_c.so[0m
[ 20%] Built target robot_arm__rosidl_generator_c
[ 22%] [34m[1mGenerating C type support for eProsima Fast-RTPS[0m
[ 25%] [32mBuilding CXX object CMakeFiles/robot_arm__rosidl_typesupport_cpp.dir/rosidl_typesupport_cpp/robot_arm/srv/robot_arm_command__type_support.cpp.o[0m
[ 28%] [32mBuilding CXX object CMakeFiles/robot_arm__rosidl_typesupport_introspection_cpp.dir/rosidl_typesupport_introspection_cpp/robot_arm/srv/detail/robot_arm_command__type_support.cpp.o[0m
[ 31%] [32mBuilding CXX object CMakeFiles/robot_arm__rosidl_typesupport_fastrtps_cpp.dir/rosidl_typesupport_fastrtps_cpp/robot_arm/srv/detail/dds_fastrtps/robot_arm_command__type_support.cpp.o[0m
[ 34%] [32mBuilding CXX object CMakeFiles/robot_arm__rosidl_typesupport_fastrtps_c.dir/rosidl_typesupport_fastrtps_c/robot_arm/srv/detail/robot_arm_command__type_support_c.cpp.o[0m
[ 37%] [32m[1mLinking CXX shared library librobot_arm__rosidl_typesupport_cpp.so[0m
[ 37%] Built target robot_arm__rosidl_typesupport_cpp
[ 40%] [34m[1mGenerating C introspection for ROS interfaces[0m
[ 42%] [32m[1mLinking CXX shared library librobot_arm__rosidl_typesupport_introspection_cpp.so[0m
[ 42%] Built target robot_arm__rosidl_typesupport_introspection_cpp
[ 45%] [34m[1mGenerating C type support dispatch for ROS interfaces[0m
[ 48%] [32m[1mLinking CXX shared library librobot_arm__rosidl_typesupport_fastrtps_cpp.so[0m
[ 51%] [32m[1mLinking CXX shared library librobot_arm__rosidl_typesupport_fastrtps_c.so[0m
[ 51%] Built target robot_arm__rosidl_typesupport_fastrtps_cpp
[ 51%] Built target robot_arm__rosidl_typesupport_fastrtps_c
[ 54%] [32mBuilding C object CMakeFiles/robot_arm__rosidl_typesupport_introspection_c.dir/rosidl_typesupport_introspection_c/robot_arm/srv/detail/robot_arm_command__type_support.c.o[0m
[ 57%] [32m[1mLinking C shared library librobot_arm__rosidl_typesupport_introspection_c.so[0m
[ 57%] Built target robot_arm__rosidl_typesupport_introspection_c
[ 60%] [32mBuilding CXX object CMakeFiles/robot_arm__rosidl_typesupport_c.dir/rosidl_typesupport_c/robot_arm/srv/robot_arm_command__type_support.cpp.o[0m
[ 62%] [32m[1mLinking CXX shared library librobot_arm__rosidl_typesupport_c.so[0m
[ 62%] Built target robot_arm__rosidl_typesupport_c
[ 62%] Built target robot_arm
[ 65%] [34m[1mGenerating Python code for ROS interfaces[0m
[ 68%] [32mBuilding CXX object CMakeFiles/robot_arm_client.dir/src/robot_arm_client.cpp.o[0m
[ 71%] [32mBuilding CXX object CMakeFiles/robot_arm_server.dir/src/robot_arm_server.cpp.o[0m
[ 71%] Built target robot_arm__py
[ 74%] [32mBuilding C object CMakeFiles/robot_arm__rosidl_generator_py.dir/rosidl_generator_py/robot_arm/srv/_robot_arm_command_s.c.o[0m
[ 77%] [32m[1mLinking C shared library rosidl_generator_py/robot_arm/librobot_arm__rosidl_generator_py.so[0m
[ 77%] Built target robot_arm__rosidl_generator_py
[ 80%] [32mBuilding C object CMakeFiles/robot_arm__rosidl_typesupport_introspection_c__pyext.dir/rosidl_generator_py/robot_arm/_robot_arm_s.ep.rosidl_typesupport_introspection_c.c.o[0m
[ 82%] [32mBuilding C object CMakeFiles/robot_arm__rosidl_typesupport_fastrtps_c__pyext.dir/rosidl_generator_py/robot_arm/_robot_arm_s.ep.rosidl_typesupport_fastrtps_c.c.o[0m
[ 85%] [32m[1mLinking C shared library rosidl_generator_py/robot_arm/robot_arm_s__rosidl_typesupport_introspection_c.cpython-310-aarch64-linux-gnu.so[0m
[ 88%] [32m[1mLinking C shared library rosidl_generator_py/robot_arm/robot_arm_s__rosidl_typesupport_fastrtps_c.cpython-310-aarch64-linux-gnu.so[0m
[ 88%] Built target robot_arm__rosidl_typesupport_introspection_c__pyext
[ 88%] Built target robot_arm__rosidl_typesupport_fastrtps_c__pyext
[ 91%] [32mBuilding C object CMakeFiles/robot_arm__rosidl_typesupport_c__pyext.dir/rosidl_generator_py/robot_arm/_robot_arm_s.ep.rosidl_typesupport_c.c.o[0m
[ 94%] [32m[1mLinking C shared library rosidl_generator_py/robot_arm/robot_arm_s__rosidl_typesupport_c.cpython-310-aarch64-linux-gnu.so[0m
[ 94%] Built target robot_arm__rosidl_typesupport_c__pyext
[ 97%] [32m[1mLinking CXX executable robot_arm_client[0m
[ 97%] Built target robot_arm_client
