[0mCMake Deprecation Warning at /opt/ros/humble/share/rosidl_cmake/cmake/rosidl_target_interfaces.cmake:32 (message):
  Use rosidl_get_typesupport_target() and target_link_libraries() instead of
  rosidl_target_interfaces()
Call Stack (most recent call first):
  CMakeLists.txt:25 (rosidl_target_interfaces)

[0m
[0mCMake Deprecation Warning at /opt/ros/humble/share/rosidl_cmake/cmake/rosidl_target_interfaces.cmake:32 (message):
  Use rosidl_get_typesupport_target() and target_link_libraries() instead of
  rosidl_target_interfaces()
Call Stack (most recent call first):
  CMakeLists.txt:30 (rosidl_target_interfaces)

[0m
[01m[K/home/ros/turtlebot3_ws/src/robot_arm/src/robot_arm_server.cpp:103:13:[m[K [01;31m[Kerror: [m[Kexpected unqualified-id before ‘[01m[K[[m[K’ token
  103 | std::thread([01;31m[K[[m[Kthis]() {
      |             [01;31m[K^[m[K
[01m[K/home/ros/turtlebot3_ws/src/robot_arm/src/robot_arm_server.cpp:103:13:[m[K [01;31m[Kerror: [m[Kexpected ‘[01m[K)[m[K’ before ‘[01m[K[[m[K’ token
  103 | std::thread[34m[K([m[K[01;31m[K[[m[Kthis]() {
      |            [34m[K~[m[K[01;31m[K^[m[K
      |             [32m[K)[m[K
[01m[K/home/ros/turtlebot3_ws/src/robot_arm/src/robot_arm_server.cpp:112:2:[m[K [01;31m[Kerror: [m[Kexpected unqualified-id before ‘[01m[K)[m[K’ token
  112 | }[01;31m[K)[m[K.detach();
      |  [01;31m[K^[m[K
gmake[2]: *** [CMakeFiles/robot_arm_server.dir/build.make:76: CMakeFiles/robot_arm_server.dir/src/robot_arm_server.cpp.o] Error 1
gmake[1]: *** [CMakeFiles/Makefile2:596: CMakeFiles/robot_arm_server.dir/all] Error 2
gmake[1]: *** Waiting for unfinished jobs....
gmake: *** [Makefile:146: all] Error 2
