[0.154s] colcon DEBUG Command line arguments: ['/usr/bin/colcon', 'build', '--packages-select', 'sub_robot_core']
[0.154s] colcon DEBUG Parsed command line arguments: Namespace(log_base=None, log_level=None, verb_name='build', build_base='build', install_base='install', merge_install=False, symlink_install=False, test_result_base=None, continue_on_error=False, executor='parallel', parallel_workers=24, event_handlers=None, ignore_user_meta=False, metas=['./colcon.meta'], base_paths=['.'], packages_ignore=None, packages_ignore_regex=None, paths=None, packages_up_to=None, packages_up_to_regex=None, packages_above=None, packages_above_and_dependencies=None, packages_above_depth=None, packages_select_by_dep=None, packages_skip_by_dep=None, packages_skip_up_to=None, packages_select_build_failed=False, packages_skip_build_finished=False, packages_select_test_failures=False, packages_skip_test_passed=False, packages_select=['sub_robot_core'], packages_skip=None, packages_select_regex=None, packages_skip_regex=None, packages_start=None, packages_end=None, allow_overriding=[], cmake_args=None, cmake_target=None, cmake_target_skip_unavailable=False, cmake_clean_cache=False, cmake_clean_first=False, cmake_force_configure=False, ament_cmake_args=None, catkin_cmake_args=None, catkin_skip_building_tests=False, mixin_files=None, mixin=None, verb_parser=<colcon_mixin.mixin.mixin_argument.MixinArgumentDecorator object at 0x79a613343370>, verb_extension=<colcon_core.verb.build.BuildVerb object at 0x79a613342e60>, main=<bound method BuildVerb.main of <colcon_core.verb.build.BuildVerb object at 0x79a613342e60>>, mixin_verb=('build',))
[0.191s] colcon.colcon_core.package_discovery Level 1 discover_packages(colcon_meta) check parameters
[0.191s] colcon.colcon_core.package_discovery Level 1 discover_packages(recursive) check parameters
[0.191s] colcon.colcon_core.package_discovery Level 1 discover_packages(ignore) check parameters
[0.191s] colcon.colcon_core.package_discovery Level 1 discover_packages(path) check parameters
[0.191s] colcon.colcon_core.package_discovery Level 1 discover_packages(colcon_meta) discover
[0.191s] colcon.colcon_core.package_discovery Level 1 discover_packages(recursive) discover
[0.191s] colcon.colcon_core.package_discovery INFO Crawling recursively for packages in '/home/ubuntu/Intel_study/Intel7_Final_Project_5_Team/RoS2/Sensor_Ros2'
[0.191s] colcon.colcon_core.package_identification Level 1 _identify(.) by extensions ['ignore', 'ignore_ament_install']
[0.191s] colcon.colcon_core.package_identification Level 1 _identify(.) by extension 'ignore'
[0.191s] colcon.colcon_core.package_identification Level 1 _identify(.) by extension 'ignore_ament_install'
[0.191s] colcon.colcon_core.package_identification Level 1 _identify(.) by extensions ['colcon_pkg']
[0.191s] colcon.colcon_core.package_identification Level 1 _identify(.) by extension 'colcon_pkg'
[0.191s] colcon.colcon_core.package_identification Level 1 _identify(.) by extensions ['colcon_meta']
[0.191s] colcon.colcon_core.package_identification Level 1 _identify(.) by extension 'colcon_meta'
[0.192s] colcon.colcon_core.package_identification Level 1 _identify(.) by extensions ['ros']
[0.192s] colcon.colcon_core.package_identification Level 1 _identify(.) by extension 'ros'
[0.200s] colcon.colcon_core.package_identification Level 1 _identify(.) by extensions ['cmake', 'python']
[0.200s] colcon.colcon_core.package_identification Level 1 _identify(.) by extension 'cmake'
[0.200s] colcon.colcon_core.package_identification Level 1 _identify(.) by extension 'python'
[0.200s] colcon.colcon_core.package_identification Level 1 _identify(.) by extensions ['python_setup_py']
[0.200s] colcon.colcon_core.package_identification Level 1 _identify(.) by extension 'python_setup_py'
[0.200s] colcon.colcon_core.package_identification Level 1 _identify(build) by extensions ['ignore', 'ignore_ament_install']
[0.200s] colcon.colcon_core.package_identification Level 1 _identify(build) by extension 'ignore'
[0.200s] colcon.colcon_core.package_identification Level 1 _identify(build) ignored
[0.201s] colcon.colcon_core.package_identification Level 1 _identify(install) by extensions ['ignore', 'ignore_ament_install']
[0.201s] colcon.colcon_core.package_identification Level 1 _identify(install) by extension 'ignore'
[0.201s] colcon.colcon_core.package_identification Level 1 _identify(install) ignored
[0.201s] colcon.colcon_core.package_identification Level 1 _identify(log) by extensions ['ignore', 'ignore_ament_install']
[0.201s] colcon.colcon_core.package_identification Level 1 _identify(log) by extension 'ignore'
[0.201s] colcon.colcon_core.package_identification Level 1 _identify(log) ignored
[0.201s] colcon.colcon_core.package_identification Level 1 _identify(src) by extensions ['ignore', 'ignore_ament_install']
[0.201s] colcon.colcon_core.package_identification Level 1 _identify(src) by extension 'ignore'
[0.201s] colcon.colcon_core.package_identification Level 1 _identify(src) by extension 'ignore_ament_install'
[0.201s] colcon.colcon_core.package_identification Level 1 _identify(src) by extensions ['colcon_pkg']
[0.201s] colcon.colcon_core.package_identification Level 1 _identify(src) by extension 'colcon_pkg'
[0.201s] colcon.colcon_core.package_identification Level 1 _identify(src) by extensions ['colcon_meta']
[0.201s] colcon.colcon_core.package_identification Level 1 _identify(src) by extension 'colcon_meta'
[0.201s] colcon.colcon_core.package_identification Level 1 _identify(src) by extensions ['ros']
[0.201s] colcon.colcon_core.package_identification Level 1 _identify(src) by extension 'ros'
[0.201s] colcon.colcon_core.package_identification Level 1 _identify(src) by extensions ['cmake', 'python']
[0.201s] colcon.colcon_core.package_identification Level 1 _identify(src) by extension 'cmake'
[0.201s] colcon.colcon_core.package_identification Level 1 _identify(src) by extension 'python'
[0.201s] colcon.colcon_core.package_identification Level 1 _identify(src) by extensions ['python_setup_py']
[0.201s] colcon.colcon_core.package_identification Level 1 _identify(src) by extension 'python_setup_py'
[0.201s] colcon.colcon_core.package_identification Level 1 _identify(src/sub_robot_bringup) by extensions ['ignore', 'ignore_ament_install']
[0.201s] colcon.colcon_core.package_identification Level 1 _identify(src/sub_robot_bringup) by extension 'ignore'
[0.201s] colcon.colcon_core.package_identification Level 1 _identify(src/sub_robot_bringup) by extension 'ignore_ament_install'
[0.201s] colcon.colcon_core.package_identification Level 1 _identify(src/sub_robot_bringup) by extensions ['colcon_pkg']
[0.201s] colcon.colcon_core.package_identification Level 1 _identify(src/sub_robot_bringup) by extension 'colcon_pkg'
[0.201s] colcon.colcon_core.package_identification Level 1 _identify(src/sub_robot_bringup) by extensions ['colcon_meta']
[0.201s] colcon.colcon_core.package_identification Level 1 _identify(src/sub_robot_bringup) by extension 'colcon_meta'
[0.201s] colcon.colcon_core.package_identification Level 1 _identify(src/sub_robot_bringup) by extensions ['ros']
[0.201s] colcon.colcon_core.package_identification Level 1 _identify(src/sub_robot_bringup) by extension 'ros'
[0.203s] colcon.colcon_core.package_identification DEBUG Package 'src/sub_robot_bringup' with type 'ros.ament_cmake' and name 'sub_robot_bringup'
[0.203s] colcon.colcon_core.package_identification Level 1 _identify(src/sub_robot_core) by extensions ['ignore', 'ignore_ament_install']
[0.203s] colcon.colcon_core.package_identification Level 1 _identify(src/sub_robot_core) by extension 'ignore'
[0.203s] colcon.colcon_core.package_identification Level 1 _identify(src/sub_robot_core) by extension 'ignore_ament_install'
[0.203s] colcon.colcon_core.package_identification Level 1 _identify(src/sub_robot_core) by extensions ['colcon_pkg']
[0.203s] colcon.colcon_core.package_identification Level 1 _identify(src/sub_robot_core) by extension 'colcon_pkg'
[0.203s] colcon.colcon_core.package_identification Level 1 _identify(src/sub_robot_core) by extensions ['colcon_meta']
[0.203s] colcon.colcon_core.package_identification Level 1 _identify(src/sub_robot_core) by extension 'colcon_meta'
[0.203s] colcon.colcon_core.package_identification Level 1 _identify(src/sub_robot_core) by extensions ['ros']
[0.203s] colcon.colcon_core.package_identification Level 1 _identify(src/sub_robot_core) by extension 'ros'
[0.204s] colcon.colcon_core.package_identification DEBUG Package 'src/sub_robot_core' with type 'ros.ament_cmake' and name 'sub_robot_core'
[0.204s] colcon.colcon_core.package_identification Level 1 _identify(src/sub_robot_sim) by extensions ['ignore', 'ignore_ament_install']
[0.204s] colcon.colcon_core.package_identification Level 1 _identify(src/sub_robot_sim) by extension 'ignore'
[0.204s] colcon.colcon_core.package_identification Level 1 _identify(src/sub_robot_sim) by extension 'ignore_ament_install'
[0.204s] colcon.colcon_core.package_identification Level 1 _identify(src/sub_robot_sim) by extensions ['colcon_pkg']
[0.204s] colcon.colcon_core.package_identification Level 1 _identify(src/sub_robot_sim) by extension 'colcon_pkg'
[0.204s] colcon.colcon_core.package_identification Level 1 _identify(src/sub_robot_sim) by extensions ['colcon_meta']
[0.204s] colcon.colcon_core.package_identification Level 1 _identify(src/sub_robot_sim) by extension 'colcon_meta'
[0.204s] colcon.colcon_core.package_identification Level 1 _identify(src/sub_robot_sim) by extensions ['ros']
[0.204s] colcon.colcon_core.package_identification Level 1 _identify(src/sub_robot_sim) by extension 'ros'
[0.205s] colcon.colcon_core.package_identification DEBUG Package 'src/sub_robot_sim' with type 'ros.ament_cmake' and name 'sub_robot_sim'
[0.205s] colcon.colcon_core.package_discovery Level 1 discover_packages(recursive) using defaults
[0.205s] colcon.colcon_core.package_discovery Level 1 discover_packages(ignore) discover
[0.205s] colcon.colcon_core.package_discovery Level 1 discover_packages(ignore) using defaults
[0.205s] colcon.colcon_core.package_discovery Level 1 discover_packages(path) discover
[0.205s] colcon.colcon_core.package_discovery Level 1 discover_packages(path) using defaults
[0.217s] colcon.colcon_core.package_selection INFO Skipping not selected package 'sub_robot_sim' in 'src/sub_robot_sim'
[0.217s] colcon.colcon_core.package_selection INFO Skipping not selected package 'sub_robot_bringup' in 'src/sub_robot_bringup'
[0.218s] colcon.colcon_core.package_discovery Level 1 discover_packages(prefix_path) check parameters
[0.218s] colcon.colcon_core.package_discovery Level 1 discover_packages(prefix_path) discover
[0.219s] colcon.colcon_installed_package_information.package_discovery DEBUG Found 2 installed packages in /home/ubuntu/tb3_sim_ws/install
[0.219s] colcon.colcon_installed_package_information.package_discovery DEBUG Found 4 installed packages in /home/ubuntu/turtlebot3_ws/install
[0.220s] colcon.colcon_installed_package_information.package_discovery DEBUG Found 397 installed packages in /opt/ros/humble
[0.221s] colcon.colcon_core.package_discovery Level 1 discover_packages(prefix_path) using defaults
[0.273s] colcon.colcon_core.verb Level 5 set package 'sub_robot_core' build argument 'cmake_args' from command line to 'None'
[0.273s] colcon.colcon_core.verb Level 5 set package 'sub_robot_core' build argument 'cmake_target' from command line to 'None'
[0.273s] colcon.colcon_core.verb Level 5 set package 'sub_robot_core' build argument 'cmake_target_skip_unavailable' from command line to 'False'
[0.273s] colcon.colcon_core.verb Level 5 set package 'sub_robot_core' build argument 'cmake_clean_cache' from command line to 'False'
[0.273s] colcon.colcon_core.verb Level 5 set package 'sub_robot_core' build argument 'cmake_clean_first' from command line to 'False'
[0.273s] colcon.colcon_core.verb Level 5 set package 'sub_robot_core' build argument 'cmake_force_configure' from command line to 'False'
[0.273s] colcon.colcon_core.verb Level 5 set package 'sub_robot_core' build argument 'ament_cmake_args' from command line to 'None'
[0.274s] colcon.colcon_core.verb Level 5 set package 'sub_robot_core' build argument 'catkin_cmake_args' from command line to 'None'
[0.274s] colcon.colcon_core.verb Level 5 set package 'sub_robot_core' build argument 'catkin_skip_building_tests' from command line to 'False'
[0.274s] colcon.colcon_core.verb DEBUG Building package 'sub_robot_core' with the following arguments: {'ament_cmake_args': None, 'build_base': '/home/ubuntu/Intel_study/Intel7_Final_Project_5_Team/RoS2/Sensor_Ros2/build/sub_robot_core', 'catkin_cmake_args': None, 'catkin_skip_building_tests': False, 'cmake_args': None, 'cmake_clean_cache': False, 'cmake_clean_first': False, 'cmake_force_configure': False, 'cmake_target': None, 'cmake_target_skip_unavailable': False, 'install_base': '/home/ubuntu/Intel_study/Intel7_Final_Project_5_Team/RoS2/Sensor_Ros2/install/sub_robot_core', 'merge_install': False, 'path': '/home/ubuntu/Intel_study/Intel7_Final_Project_5_Team/RoS2/Sensor_Ros2/src/sub_robot_core', 'symlink_install': False, 'test_result_base': None}
[0.274s] colcon.colcon_core.executor INFO Executing jobs using 'parallel' executor
[0.275s] colcon.colcon_parallel_executor.executor.parallel DEBUG run_until_complete
[0.275s] colcon.colcon_ros.task.ament_cmake.build INFO Building ROS package in '/home/ubuntu/Intel_study/Intel7_Final_Project_5_Team/RoS2/Sensor_Ros2/src/sub_robot_core' with build type 'ament_cmake'
[0.275s] colcon.colcon_cmake.task.cmake.build INFO Building CMake package in '/home/ubuntu/Intel_study/Intel7_Final_Project_5_Team/RoS2/Sensor_Ros2/src/sub_robot_core'
[0.278s] colcon.colcon_core.plugin_system INFO Skipping extension 'colcon_core.shell.bat': Not used on non-Windows systems
[0.278s] colcon.colcon_core.shell INFO Skip shell extension 'powershell' for command environment: Not usable outside of PowerShell
[0.278s] colcon.colcon_core.shell DEBUG Skip shell extension 'dsv' for command environment
[0.299s] colcon.colcon_core.event_handler.log_command DEBUG Invoking command in '/home/ubuntu/Intel_study/Intel7_Final_Project_5_Team/RoS2/Sensor_Ros2/build/sub_robot_core': CMAKE_PREFIX_PATH=${CMAKE_PREFIX_PATH}:/opt/ros/humble /usr/bin/cmake --build /home/ubuntu/Intel_study/Intel7_Final_Project_5_Team/RoS2/Sensor_Ros2/build/sub_robot_core -- -j24 -l24
[0.886s] colcon.colcon_core.event_handler.log_command DEBUG Invoked command in '/home/ubuntu/Intel_study/Intel7_Final_Project_5_Team/RoS2/Sensor_Ros2/build/sub_robot_core' returned '0': CMAKE_PREFIX_PATH=${CMAKE_PREFIX_PATH}:/opt/ros/humble /usr/bin/cmake --build /home/ubuntu/Intel_study/Intel7_Final_Project_5_Team/RoS2/Sensor_Ros2/build/sub_robot_core -- -j24 -l24
[0.895s] colcon.colcon_core.event_handler.log_command DEBUG Invoking command in '/home/ubuntu/Intel_study/Intel7_Final_Project_5_Team/RoS2/Sensor_Ros2/build/sub_robot_core': CMAKE_PREFIX_PATH=${CMAKE_PREFIX_PATH}:/opt/ros/humble /usr/bin/cmake --install /home/ubuntu/Intel_study/Intel7_Final_Project_5_Team/RoS2/Sensor_Ros2/build/sub_robot_core
[0.905s] colcon.colcon_core.environment Level 1 create_environment_scripts_only(sub_robot_core)
[0.906s] colcon.colcon_core.event_handler.log_command DEBUG Invoked command in '/home/ubuntu/Intel_study/Intel7_Final_Project_5_Team/RoS2/Sensor_Ros2/build/sub_robot_core' returned '0': CMAKE_PREFIX_PATH=${CMAKE_PREFIX_PATH}:/opt/ros/humble /usr/bin/cmake --install /home/ubuntu/Intel_study/Intel7_Final_Project_5_Team/RoS2/Sensor_Ros2/build/sub_robot_core
[0.908s] colcon.colcon_core.environment Level 1 checking '/home/ubuntu/Intel_study/Intel7_Final_Project_5_Team/RoS2/Sensor_Ros2/install/sub_robot_core' for CMake module files
[0.909s] colcon.colcon_core.environment Level 1 checking '/home/ubuntu/Intel_study/Intel7_Final_Project_5_Team/RoS2/Sensor_Ros2/install/sub_robot_core' for CMake config files
[0.909s] colcon.colcon_core.shell Level 1 create_environment_hook('sub_robot_core', 'cmake_prefix_path')
[0.909s] colcon.colcon_core.shell INFO Creating environment hook '/home/ubuntu/Intel_study/Intel7_Final_Project_5_Team/RoS2/Sensor_Ros2/install/sub_robot_core/share/sub_robot_core/hook/cmake_prefix_path.ps1'
[0.910s] colcon.colcon_core.shell INFO Creating environment descriptor '/home/ubuntu/Intel_study/Intel7_Final_Project_5_Team/RoS2/Sensor_Ros2/install/sub_robot_core/share/sub_robot_core/hook/cmake_prefix_path.dsv'
[0.910s] colcon.colcon_core.shell INFO Creating environment hook '/home/ubuntu/Intel_study/Intel7_Final_Project_5_Team/RoS2/Sensor_Ros2/install/sub_robot_core/share/sub_robot_core/hook/cmake_prefix_path.sh'
[0.911s] colcon.colcon_core.environment Level 1 checking '/home/ubuntu/Intel_study/Intel7_Final_Project_5_Team/RoS2/Sensor_Ros2/install/sub_robot_core/lib'
[0.911s] colcon.colcon_core.environment Level 1 checking '/home/ubuntu/Intel_study/Intel7_Final_Project_5_Team/RoS2/Sensor_Ros2/install/sub_robot_core/bin'
[0.911s] colcon.colcon_core.environment Level 1 checking '/home/ubuntu/Intel_study/Intel7_Final_Project_5_Team/RoS2/Sensor_Ros2/install/sub_robot_core/lib/pkgconfig/sub_robot_core.pc'
[0.912s] colcon.colcon_core.environment Level 1 checking '/home/ubuntu/Intel_study/Intel7_Final_Project_5_Team/RoS2/Sensor_Ros2/install/sub_robot_core/lib/python3.10/site-packages'
[0.912s] colcon.colcon_core.environment Level 1 checking '/home/ubuntu/Intel_study/Intel7_Final_Project_5_Team/RoS2/Sensor_Ros2/install/sub_robot_core/bin'
[0.912s] colcon.colcon_core.shell INFO Creating package script '/home/ubuntu/Intel_study/Intel7_Final_Project_5_Team/RoS2/Sensor_Ros2/install/sub_robot_core/share/sub_robot_core/package.ps1'
[0.913s] colcon.colcon_core.shell INFO Creating package descriptor '/home/ubuntu/Intel_study/Intel7_Final_Project_5_Team/RoS2/Sensor_Ros2/install/sub_robot_core/share/sub_robot_core/package.dsv'
[0.913s] colcon.colcon_core.shell INFO Creating package script '/home/ubuntu/Intel_study/Intel7_Final_Project_5_Team/RoS2/Sensor_Ros2/install/sub_robot_core/share/sub_robot_core/package.sh'
[0.914s] colcon.colcon_core.shell INFO Creating package script '/home/ubuntu/Intel_study/Intel7_Final_Project_5_Team/RoS2/Sensor_Ros2/install/sub_robot_core/share/sub_robot_core/package.bash'
[0.915s] colcon.colcon_core.shell INFO Creating package script '/home/ubuntu/Intel_study/Intel7_Final_Project_5_Team/RoS2/Sensor_Ros2/install/sub_robot_core/share/sub_robot_core/package.zsh'
[0.915s] colcon.colcon_core.environment Level 1 create_file_with_runtime_dependencies(/home/ubuntu/Intel_study/Intel7_Final_Project_5_Team/RoS2/Sensor_Ros2/install/sub_robot_core/share/colcon-core/packages/sub_robot_core)
[0.915s] colcon.colcon_core.environment Level 1 create_environment_scripts_only(sub_robot_core)
[0.916s] colcon.colcon_core.environment Level 1 checking '/home/ubuntu/Intel_study/Intel7_Final_Project_5_Team/RoS2/Sensor_Ros2/install/sub_robot_core' for CMake module files
[0.916s] colcon.colcon_core.environment Level 1 checking '/home/ubuntu/Intel_study/Intel7_Final_Project_5_Team/RoS2/Sensor_Ros2/install/sub_robot_core' for CMake config files
[0.916s] colcon.colcon_core.shell Level 1 create_environment_hook('sub_robot_core', 'cmake_prefix_path')
[0.916s] colcon.colcon_core.shell INFO Creating environment hook '/home/ubuntu/Intel_study/Intel7_Final_Project_5_Team/RoS2/Sensor_Ros2/install/sub_robot_core/share/sub_robot_core/hook/cmake_prefix_path.ps1'
[0.917s] colcon.colcon_core.shell INFO Creating environment descriptor '/home/ubuntu/Intel_study/Intel7_Final_Project_5_Team/RoS2/Sensor_Ros2/install/sub_robot_core/share/sub_robot_core/hook/cmake_prefix_path.dsv'
[0.917s] colcon.colcon_core.shell INFO Creating environment hook '/home/ubuntu/Intel_study/Intel7_Final_Project_5_Team/RoS2/Sensor_Ros2/install/sub_robot_core/share/sub_robot_core/hook/cmake_prefix_path.sh'
[0.917s] colcon.colcon_core.environment Level 1 checking '/home/ubuntu/Intel_study/Intel7_Final_Project_5_Team/RoS2/Sensor_Ros2/install/sub_robot_core/lib'
[0.917s] colcon.colcon_core.environment Level 1 checking '/home/ubuntu/Intel_study/Intel7_Final_Project_5_Team/RoS2/Sensor_Ros2/install/sub_robot_core/bin'
[0.917s] colcon.colcon_core.environment Level 1 checking '/home/ubuntu/Intel_study/Intel7_Final_Project_5_Team/RoS2/Sensor_Ros2/install/sub_robot_core/lib/pkgconfig/sub_robot_core.pc'
[0.918s] colcon.colcon_core.environment Level 1 checking '/home/ubuntu/Intel_study/Intel7_Final_Project_5_Team/RoS2/Sensor_Ros2/install/sub_robot_core/lib/python3.10/site-packages'
[0.918s] colcon.colcon_core.environment Level 1 checking '/home/ubuntu/Intel_study/Intel7_Final_Project_5_Team/RoS2/Sensor_Ros2/install/sub_robot_core/bin'
[0.918s] colcon.colcon_core.shell INFO Creating package script '/home/ubuntu/Intel_study/Intel7_Final_Project_5_Team/RoS2/Sensor_Ros2/install/sub_robot_core/share/sub_robot_core/package.ps1'
[0.918s] colcon.colcon_core.shell INFO Creating package descriptor '/home/ubuntu/Intel_study/Intel7_Final_Project_5_Team/RoS2/Sensor_Ros2/install/sub_robot_core/share/sub_robot_core/package.dsv'
[0.919s] colcon.colcon_core.shell INFO Creating package script '/home/ubuntu/Intel_study/Intel7_Final_Project_5_Team/RoS2/Sensor_Ros2/install/sub_robot_core/share/sub_robot_core/package.sh'
[0.919s] colcon.colcon_core.shell INFO Creating package script '/home/ubuntu/Intel_study/Intel7_Final_Project_5_Team/RoS2/Sensor_Ros2/install/sub_robot_core/share/sub_robot_core/package.bash'
[0.919s] colcon.colcon_core.shell INFO Creating package script '/home/ubuntu/Intel_study/Intel7_Final_Project_5_Team/RoS2/Sensor_Ros2/install/sub_robot_core/share/sub_robot_core/package.zsh'
[0.920s] colcon.colcon_core.environment Level 1 create_file_with_runtime_dependencies(/home/ubuntu/Intel_study/Intel7_Final_Project_5_Team/RoS2/Sensor_Ros2/install/sub_robot_core/share/colcon-core/packages/sub_robot_core)
[0.920s] colcon.colcon_parallel_executor.executor.parallel DEBUG closing loop
[0.920s] colcon.colcon_parallel_executor.executor.parallel DEBUG loop closed
[0.920s] colcon.colcon_parallel_executor.executor.parallel DEBUG run_until_complete finished with '0'
[0.920s] colcon.colcon_core.event_reactor DEBUG joining thread
[0.925s] colcon.colcon_core.plugin_system INFO Skipping extension 'colcon_notification.desktop_notification.terminal_notifier': Not used on non-Darwin systems
[0.925s] colcon.colcon_core.plugin_system INFO Skipping extension 'colcon_notification.desktop_notification.win32': Not used on non-Windows systems
[0.925s] colcon.colcon_notification.desktop_notification INFO Sending desktop notification using 'notify2'
[0.933s] colcon.colcon_core.event_reactor DEBUG joined thread
[0.933s] colcon.colcon_core.shell INFO Creating prefix script '/home/ubuntu/Intel_study/Intel7_Final_Project_5_Team/RoS2/Sensor_Ros2/install/local_setup.ps1'
[0.935s] colcon.colcon_core.shell INFO Creating prefix util module '/home/ubuntu/Intel_study/Intel7_Final_Project_5_Team/RoS2/Sensor_Ros2/install/_local_setup_util_ps1.py'
[0.936s] colcon.colcon_core.shell INFO Creating prefix chain script '/home/ubuntu/Intel_study/Intel7_Final_Project_5_Team/RoS2/Sensor_Ros2/install/setup.ps1'
[0.937s] colcon.colcon_core.shell INFO Creating prefix script '/home/ubuntu/Intel_study/Intel7_Final_Project_5_Team/RoS2/Sensor_Ros2/install/local_setup.sh'
[0.938s] colcon.colcon_core.shell INFO Creating prefix util module '/home/ubuntu/Intel_study/Intel7_Final_Project_5_Team/RoS2/Sensor_Ros2/install/_local_setup_util_sh.py'
[0.938s] colcon.colcon_core.shell INFO Creating prefix chain script '/home/ubuntu/Intel_study/Intel7_Final_Project_5_Team/RoS2/Sensor_Ros2/install/setup.sh'
[0.940s] colcon.colcon_core.shell INFO Creating prefix script '/home/ubuntu/Intel_study/Intel7_Final_Project_5_Team/RoS2/Sensor_Ros2/install/local_setup.bash'
[0.941s] colcon.colcon_core.shell INFO Creating prefix chain script '/home/ubuntu/Intel_study/Intel7_Final_Project_5_Team/RoS2/Sensor_Ros2/install/setup.bash'
[0.943s] colcon.colcon_core.shell INFO Creating prefix script '/home/ubuntu/Intel_study/Intel7_Final_Project_5_Team/RoS2/Sensor_Ros2/install/local_setup.zsh'
[0.943s] colcon.colcon_core.shell INFO Creating prefix chain script '/home/ubuntu/Intel_study/Intel7_Final_Project_5_Team/RoS2/Sensor_Ros2/install/setup.zsh'
