[0.022s] Invoking command in '/home/ubuntu/turtlebot3_ws/src/turtlebot3/turtlebot3_example/turtlebot3_example/build/robot_arm': CMAKE_PREFIX_PATH=${CMAKE_PREFIX_PATH}:/home/ubuntu/turtlebot3_ws/install/turtlebot3_example:/home/ubuntu/Intel_study/Intel7_Final_Project_5_Team/RoS2/Sensor_Ros2/install/wall_follower:/opt/ros/humble /usr/bin/cmake /home/ubuntu/turtlebot3_ws/src/turtlebot3/turtlebot3_example/turtlebot3_example/robot_arm -DCMAKE_INSTALL_PREFIX=/home/ubuntu/turtlebot3_ws/src/turtlebot3/turtlebot3_example/turtlebot3_example/install/robot_arm
[0.263s] -- The C compiler identification is GNU 11.4.0
[0.405s] -- The CXX compiler identification is GNU 11.4.0
[0.417s] -- Detecting C compiler ABI info
[0.499s] -- Detecting C compiler ABI info - done
[0.505s] -- Check for working C compiler: /usr/bin/cc - skipped
[0.506s] -- Detecting C compile features
[0.507s] -- Detecting C compile features - done
[0.510s] -- Detecting CXX compiler ABI info
[0.586s] -- Detecting CXX compiler ABI info - done
[0.590s] -- Check for working CXX compiler: /usr/bin/c++ - skipped
[0.591s] -- Detecting CXX compile features
[0.591s] -- Detecting CXX compile features - done
[0.594s] -- Found ament_cmake: 1.3.12 (/opt/ros/humble/share/ament_cmake/cmake)
[0.908s] -- Found Python3: /usr/bin/python3 (found version "3.10.12") found components: Interpreter 
[1.015s] -- Found rclcpp: 16.0.14 (/opt/ros/humble/share/rclcpp/cmake)
[1.071s] -- Found rosidl_generator_c: 3.1.7 (/opt/ros/humble/share/rosidl_generator_c/cmake)
[1.078s] -- Found rosidl_adapter: 3.1.7 (/opt/ros/humble/share/rosidl_adapter/cmake)
[1.090s] -- Found rosidl_generator_cpp: 3.1.7 (/opt/ros/humble/share/rosidl_generator_cpp/cmake)
[1.105s] -- Using all available rosidl_typesupport_c: rosidl_typesupport_fastrtps_c;rosidl_typesupport_introspection_c
[1.125s] -- Using all available rosidl_typesupport_cpp: rosidl_typesupport_fastrtps_cpp;rosidl_typesupport_introspection_cpp
[1.184s] -- Found rmw_implementation_cmake: 6.1.2 (/opt/ros/humble/share/rmw_implementation_cmake/cmake)
[1.189s] -- Found rmw_fastrtps_cpp: 6.2.8 (/opt/ros/humble/share/rmw_fastrtps_cpp/cmake)
[1.279s] -- Found OpenSSL: /usr/lib/x86_64-linux-gnu/libcrypto.so (found version "3.0.2")  
[1.312s] -- Found FastRTPS: /opt/ros/humble/include  
[1.345s] -- Using RMW implementation 'rmw_fastrtps_cpp' as default
[1.360s] -- Looking for pthread.h
[1.432s] -- Looking for pthread.h - found
[1.432s] -- Performing Test CMAKE_HAVE_LIBC_PTHREAD
[1.495s] -- Performing Test CMAKE_HAVE_LIBC_PTHREAD - Success
[1.496s] -- Found Threads: TRUE  
[1.576s] -- Found rosidl_default_generators: 1.2.0 (/opt/ros/humble/share/rosidl_default_generators/cmake)
[1.861s] -- Found ament_cmake_ros: 0.10.0 (/opt/ros/humble/share/ament_cmake_ros/cmake)
[2.155s] -- Using all available rosidl_typesupport_c: rosidl_typesupport_fastrtps_c;rosidl_typesupport_introspection_c
[2.259s] -- Using all available rosidl_typesupport_cpp: rosidl_typesupport_fastrtps_cpp;rosidl_typesupport_introspection_cpp
[2.281s] -- Found PythonInterp: /usr/bin/python3 (found suitable version "3.10.12", minimum required is "3.6") 
[2.282s] -- Found python_cmake_module: 0.10.0 (/opt/ros/humble/share/python_cmake_module/cmake)
[2.306s] -- Found PythonLibs: /usr/lib/x86_64-linux-gnu/libpython3.10.so (found suitable version "3.10.12", minimum required is "3.5") 
[2.306s] -- Using PYTHON_EXECUTABLE: /usr/bin/python3
[2.306s] -- Using PYTHON_INCLUDE_DIRS: /usr/include/python3.10
[2.306s] -- Using PYTHON_LIBRARIES: /usr/lib/x86_64-linux-gnu/libpython3.10.so
[2.323s] -- Found PythonExtra: .so  
[2.356s] [0mCMake Deprecation Warning at /opt/ros/humble/share/rosidl_cmake/cmake/rosidl_target_interfaces.cmake:32 (message):
[2.356s]   Use rosidl_get_typesupport_target() and target_link_libraries() instead of
[2.356s]   rosidl_target_interfaces()
[2.356s] Call Stack (most recent call first):
[2.356s]   CMakeLists.txt:25 (rosidl_target_interfaces)
[2.356s] 
[2.356s] [0m
[2.356s] [0mCMake Deprecation Warning at /opt/ros/humble/share/rosidl_cmake/cmake/rosidl_target_interfaces.cmake:32 (message):
[2.356s]   Use rosidl_get_typesupport_target() and target_link_libraries() instead of
[2.356s]   rosidl_target_interfaces()
[2.356s] Call Stack (most recent call first):
[2.356s]   CMakeLists.txt:30 (rosidl_target_interfaces)
[2.356s] 
[2.356s] [0m
[2.358s] -- Found ament_lint_auto: 0.12.14 (/opt/ros/humble/share/ament_lint_auto/cmake)
[2.369s] -- Configuring done
[2.390s] -- Generating done
[2.403s] -- Build files have been written to: /home/ubuntu/turtlebot3_ws/src/turtlebot3/turtlebot3_example/turtlebot3_example/build/robot_arm
[2.411s] Invoked command in '/home/ubuntu/turtlebot3_ws/src/turtlebot3/turtlebot3_example/turtlebot3_example/build/robot_arm' returned '0': CMAKE_PREFIX_PATH=${CMAKE_PREFIX_PATH}:/home/ubuntu/turtlebot3_ws/install/turtlebot3_example:/home/ubuntu/Intel_study/Intel7_Final_Project_5_Team/RoS2/Sensor_Ros2/install/wall_follower:/opt/ros/humble /usr/bin/cmake /home/ubuntu/turtlebot3_ws/src/turtlebot3/turtlebot3_example/turtlebot3_example/robot_arm -DCMAKE_INSTALL_PREFIX=/home/ubuntu/turtlebot3_ws/src/turtlebot3/turtlebot3_example/turtlebot3_example/install/robot_arm
[2.413s] Invoking command in '/home/ubuntu/turtlebot3_ws/src/turtlebot3/turtlebot3_example/turtlebot3_example/build/robot_arm': CMAKE_PREFIX_PATH=${CMAKE_PREFIX_PATH}:/home/ubuntu/turtlebot3_ws/install/turtlebot3_example:/home/ubuntu/Intel_study/Intel7_Final_Project_5_Team/RoS2/Sensor_Ros2/install/wall_follower:/opt/ros/humble /usr/bin/cmake --build /home/ubuntu/turtlebot3_ws/src/turtlebot3/turtlebot3_example/turtlebot3_example/build/robot_arm -- -j24 -l24
[2.449s] [  2%] [34m[1mGenerating C code for ROS interfaces[0m
[2.459s] [  5%] [34m[1mGenerating C++ code for ROS interfaces[0m
[2.469s] [  5%] Built target ament_cmake_python_copy_robot_arm
[2.642s] running egg_info
[2.670s] creating robot_arm.egg-info
[2.670s] writing robot_arm.egg-info/PKG-INFO
[2.671s] writing dependency_links to robot_arm.egg-info/dependency_links.txt
[2.671s] writing top-level names to robot_arm.egg-info/top_level.txt
[2.671s] writing manifest file 'robot_arm.egg-info/SOURCES.txt'
[2.676s] [  8%] [32mBuilding C object CMakeFiles/robot_arm__rosidl_generator_c.dir/rosidl_generator_c/robot_arm/srv/detail/robot_arm_command__functions.c.o[0m
[2.676s] [  8%] Built target robot_arm__cpp
[2.683s] [ 11%] [34m[1mGenerating C++ introspection for ROS interfaces[0m
[2.683s] [ 14%] [34m[1mGenerating C++ type support for eProsima Fast-RTPS[0m
[2.685s] [ 17%] [34m[1mGenerating C++ type support dispatch for ROS interfaces[0m
[2.708s] reading manifest file 'robot_arm.egg-info/SOURCES.txt'
[2.709s] writing manifest file 'robot_arm.egg-info/SOURCES.txt'
[2.743s] [ 17%] Built target ament_cmake_python_build_robot_arm_egg
[2.752s] [ 20%] [32m[1mLinking C shared library librobot_arm__rosidl_generator_c.so[0m
[2.792s] [ 20%] Built target robot_arm__rosidl_generator_c
[2.809s] [ 28%] [34m[1mGenerating C type support for eProsima Fast-RTPS[0m
[2.810s] [ 28%] [34m[1mGenerating C type support dispatch for ROS interfaces[0m
[2.810s] [ 28%] [34m[1mGenerating C introspection for ROS interfaces[0m
[2.901s] [ 31%] [32mBuilding CXX object CMakeFiles/robot_arm__rosidl_typesupport_cpp.dir/rosidl_typesupport_cpp/robot_arm/srv/robot_arm_command__type_support.cpp.o[0m
[2.930s] [ 34%] [32mBuilding CXX object CMakeFiles/robot_arm__rosidl_typesupport_introspection_cpp.dir/rosidl_typesupport_introspection_cpp/robot_arm/srv/detail/robot_arm_command__type_support.cpp.o[0m
[2.939s] [ 37%] [32mBuilding CXX object CMakeFiles/robot_arm__rosidl_typesupport_fastrtps_cpp.dir/rosidl_typesupport_fastrtps_cpp/robot_arm/srv/detail/dds_fastrtps/robot_arm_command__type_support.cpp.o[0m
[3.015s] [ 40%] [32mBuilding CXX object CMakeFiles/robot_arm__rosidl_typesupport_c.dir/rosidl_typesupport_c/robot_arm/srv/robot_arm_command__type_support.cpp.o[0m
[3.050s] [ 42%] [32m[1mLinking CXX shared library librobot_arm__rosidl_typesupport_c.so[0m
[3.080s] [ 45%] [32mBuilding C object CMakeFiles/robot_arm__rosidl_typesupport_introspection_c.dir/rosidl_typesupport_introspection_c/robot_arm/srv/detail/robot_arm_command__type_support.c.o[0m
[3.097s] [ 48%] [32mBuilding CXX object CMakeFiles/robot_arm__rosidl_typesupport_fastrtps_c.dir/rosidl_typesupport_fastrtps_c/robot_arm/srv/detail/robot_arm_command__type_support_c.cpp.o[0m
[3.097s] [ 48%] Built target robot_arm__rosidl_typesupport_c
[3.116s] [ 51%] [32m[1mLinking C shared library librobot_arm__rosidl_typesupport_introspection_c.so[0m
[3.144s] [ 51%] Built target robot_arm__rosidl_typesupport_introspection_c
[3.198s] [ 54%] [32m[1mLinking CXX shared library librobot_arm__rosidl_typesupport_cpp.so[0m
[3.242s] [ 54%] Built target robot_arm__rosidl_typesupport_cpp
[3.291s] [ 57%] [32m[1mLinking CXX shared library librobot_arm__rosidl_typesupport_introspection_cpp.so[0m
[3.298s] [ 60%] [32m[1mLinking CXX shared library librobot_arm__rosidl_typesupport_fastrtps_cpp.so[0m
[3.346s] [ 60%] Built target robot_arm__rosidl_typesupport_introspection_cpp
[3.364s] [ 60%] Built target robot_arm__rosidl_typesupport_fastrtps_cpp
[3.401s] [ 62%] [32m[1mLinking CXX shared library librobot_arm__rosidl_typesupport_fastrtps_c.so[0m
[3.460s] [ 62%] Built target robot_arm__rosidl_typesupport_fastrtps_c
[3.482s] [ 62%] Built target robot_arm
[3.500s] [ 68%] [32mBuilding CXX object CMakeFiles/robot_arm_server.dir/src/robot_arm_server.cpp.o[0m
[3.500s] [ 68%] [34m[1mGenerating Python code for ROS interfaces[0m
[3.500s] [ 71%] [32mBuilding CXX object CMakeFiles/robot_arm_client.dir/src/robot_arm_client.cpp.o[0m
[3.782s] [ 71%] Built target robot_arm__py
[3.802s] [ 74%] [32mBuilding C object CMakeFiles/robot_arm__rosidl_generator_py.dir/rosidl_generator_py/robot_arm/srv/_robot_arm_command_s.c.o[0m
[3.940s] [ 77%] [32m[1mLinking C shared library rosidl_generator_py/robot_arm/librobot_arm__rosidl_generator_py.so[0m
[3.978s] [ 77%] Built target robot_arm__rosidl_generator_py
[3.996s] [ 80%] [32mBuilding C object CMakeFiles/robot_arm__rosidl_typesupport_introspection_c__pyext.dir/rosidl_generator_py/robot_arm/_robot_arm_s.ep.rosidl_typesupport_introspection_c.c.o[0m
[3.999s] [ 85%] [32mBuilding C object CMakeFiles/robot_arm__rosidl_typesupport_c__pyext.dir/rosidl_generator_py/robot_arm/_robot_arm_s.ep.rosidl_typesupport_c.c.o[0m
[4.000s] [ 85%] [32mBuilding C object CMakeFiles/robot_arm__rosidl_typesupport_fastrtps_c__pyext.dir/rosidl_generator_py/robot_arm/_robot_arm_s.ep.rosidl_typesupport_fastrtps_c.c.o[0m
[4.070s] [ 91%] [32m[1mLinking C shared library rosidl_generator_py/robot_arm/robot_arm_s__rosidl_typesupport_fastrtps_c.cpython-310-x86_64-linux-gnu.so[0m
[4.070s] [ 91%] [32m[1mLinking C shared library rosidl_generator_py/robot_arm/robot_arm_s__rosidl_typesupport_c.cpython-310-x86_64-linux-gnu.so[0m
[4.095s] [ 91%] Built target robot_arm__rosidl_typesupport_c__pyext
[4.096s] [ 94%] [32m[1mLinking C shared library rosidl_generator_py/robot_arm/robot_arm_s__rosidl_typesupport_introspection_c.cpython-310-x86_64-linux-gnu.so[0m
[4.101s] [ 94%] Built target robot_arm__rosidl_typesupport_fastrtps_c__pyext
[4.126s] [ 94%] Built target robot_arm__rosidl_typesupport_introspection_c__pyext
[6.310s] [ 97%] [32m[1mLinking CXX executable robot_arm_server[0m
[6.403s] [100%] [32m[1mLinking CXX executable robot_arm_client[0m
[6.474s] [100%] Built target robot_arm_server
[6.548s] [100%] Built target robot_arm_client
[6.561s] Invoked command in '/home/ubuntu/turtlebot3_ws/src/turtlebot3/turtlebot3_example/turtlebot3_example/build/robot_arm' returned '0': CMAKE_PREFIX_PATH=${CMAKE_PREFIX_PATH}:/home/ubuntu/turtlebot3_ws/install/turtlebot3_example:/home/ubuntu/Intel_study/Intel7_Final_Project_5_Team/RoS2/Sensor_Ros2/install/wall_follower:/opt/ros/humble /usr/bin/cmake --build /home/ubuntu/turtlebot3_ws/src/turtlebot3/turtlebot3_example/turtlebot3_example/build/robot_arm -- -j24 -l24
[6.575s] Invoking command in '/home/ubuntu/turtlebot3_ws/src/turtlebot3/turtlebot3_example/turtlebot3_example/build/robot_arm': CMAKE_PREFIX_PATH=${CMAKE_PREFIX_PATH}:/home/ubuntu/turtlebot3_ws/install/turtlebot3_example:/home/ubuntu/Intel_study/Intel7_Final_Project_5_Team/RoS2/Sensor_Ros2/install/wall_follower:/opt/ros/humble /usr/bin/cmake --install /home/ubuntu/turtlebot3_ws/src/turtlebot3/turtlebot3_example/turtlebot3_example/build/robot_arm
[6.585s] -- Install configuration: ""
[6.585s] -- Installing: /home/ubuntu/turtlebot3_ws/src/turtlebot3/turtlebot3_example/turtlebot3_example/install/robot_arm/share/ament_index/resource_index/rosidl_interfaces/robot_arm
[6.585s] -- Installing: /home/ubuntu/turtlebot3_ws/src/turtlebot3/turtlebot3_example/turtlebot3_example/install/robot_arm/include/robot_arm/robot_arm
[6.585s] -- Installing: /home/ubuntu/turtlebot3_ws/src/turtlebot3/turtlebot3_example/turtlebot3_example/install/robot_arm/include/robot_arm/robot_arm/srv
[6.585s] -- Installing: /home/ubuntu/turtlebot3_ws/src/turtlebot3/turtlebot3_example/turtlebot3_example/install/robot_arm/include/robot_arm/robot_arm/srv/detail
[6.585s] -- Installing: /home/ubuntu/turtlebot3_ws/src/turtlebot3/turtlebot3_example/turtlebot3_example/install/robot_arm/include/robot_arm/robot_arm/srv/detail/robot_arm_command__functions.h
[6.585s] -- Installing: /home/ubuntu/turtlebot3_ws/src/turtlebot3/turtlebot3_example/turtlebot3_example/install/robot_arm/include/robot_arm/robot_arm/srv/detail/robot_arm_command__struct.h
[6.585s] -- Installing: /home/ubuntu/turtlebot3_ws/src/turtlebot3/turtlebot3_example/turtlebot3_example/install/robot_arm/include/robot_arm/robot_arm/srv/detail/robot_arm_command__functions.c
[6.585s] -- Installing: /home/ubuntu/turtlebot3_ws/src/turtlebot3/turtlebot3_example/turtlebot3_example/install/robot_arm/include/robot_arm/robot_arm/srv/detail/robot_arm_command__type_support.h
[6.585s] -- Installing: /home/ubuntu/turtlebot3_ws/src/turtlebot3/turtlebot3_example/turtlebot3_example/install/robot_arm/include/robot_arm/robot_arm/srv/robot_arm_command.h
[6.585s] -- Installing: /home/ubuntu/turtlebot3_ws/src/turtlebot3/turtlebot3_example/turtlebot3_example/install/robot_arm/include/robot_arm/robot_arm/msg
[6.585s] -- Installing: /home/ubuntu/turtlebot3_ws/src/turtlebot3/turtlebot3_example/turtlebot3_example/install/robot_arm/include/robot_arm/robot_arm/msg/rosidl_generator_c__visibility_control.h
[6.585s] -- Installing: /home/ubuntu/turtlebot3_ws/src/turtlebot3/turtlebot3_example/turtlebot3_example/install/robot_arm/share/robot_arm/environment/library_path.sh
[6.586s] -- Installing: /home/ubuntu/turtlebot3_ws/src/turtlebot3/turtlebot3_example/turtlebot3_example/install/robot_arm/share/robot_arm/environment/library_path.dsv
[6.586s] -- Installing: /home/ubuntu/turtlebot3_ws/src/turtlebot3/turtlebot3_example/turtlebot3_example/install/robot_arm/lib/librobot_arm__rosidl_generator_c.so
[6.586s] -- Set runtime path of "/home/ubuntu/turtlebot3_ws/src/turtlebot3/turtlebot3_example/turtlebot3_example/install/robot_arm/lib/librobot_arm__rosidl_generator_c.so" to ""
[6.586s] -- Up-to-date: /home/ubuntu/turtlebot3_ws/src/turtlebot3/turtlebot3_example/turtlebot3_example/install/robot_arm/include/robot_arm/robot_arm
[6.586s] -- Up-to-date: /home/ubuntu/turtlebot3_ws/src/turtlebot3/turtlebot3_example/turtlebot3_example/install/robot_arm/include/robot_arm/robot_arm/srv
[6.586s] -- Up-to-date: /home/ubuntu/turtlebot3_ws/src/turtlebot3/turtlebot3_example/turtlebot3_example/install/robot_arm/include/robot_arm/robot_arm/srv/detail
[6.586s] -- Installing: /home/ubuntu/turtlebot3_ws/src/turtlebot3/turtlebot3_example/turtlebot3_example/install/robot_arm/include/robot_arm/robot_arm/srv/detail/robot_arm_command__rosidl_typesupport_fastrtps_c.h
[6.586s] -- Up-to-date: /home/ubuntu/turtlebot3_ws/src/turtlebot3/turtlebot3_example/turtlebot3_example/install/robot_arm/include/robot_arm/robot_arm/msg
[6.586s] -- Installing: /home/ubuntu/turtlebot3_ws/src/turtlebot3/turtlebot3_example/turtlebot3_example/install/robot_arm/include/robot_arm/robot_arm/msg/rosidl_typesupport_fastrtps_c__visibility_control.h
[6.586s] -- Installing: /home/ubuntu/turtlebot3_ws/src/turtlebot3/turtlebot3_example/turtlebot3_example/install/robot_arm/lib/librobot_arm__rosidl_typesupport_fastrtps_c.so
[6.586s] -- Set runtime path of "/home/ubuntu/turtlebot3_ws/src/turtlebot3/turtlebot3_example/turtlebot3_example/install/robot_arm/lib/librobot_arm__rosidl_typesupport_fastrtps_c.so" to ""
[6.586s] -- Up-to-date: /home/ubuntu/turtlebot3_ws/src/turtlebot3/turtlebot3_example/turtlebot3_example/install/robot_arm/include/robot_arm/robot_arm
[6.586s] -- Up-to-date: /home/ubuntu/turtlebot3_ws/src/turtlebot3/turtlebot3_example/turtlebot3_example/install/robot_arm/include/robot_arm/robot_arm/srv
[6.586s] -- Installing: /home/ubuntu/turtlebot3_ws/src/turtlebot3/turtlebot3_example/turtlebot3_example/install/robot_arm/include/robot_arm/robot_arm/srv/robot_arm_command.hpp
[6.586s] -- Up-to-date: /home/ubuntu/turtlebot3_ws/src/turtlebot3/turtlebot3_example/turtlebot3_example/install/robot_arm/include/robot_arm/robot_arm/srv/detail
[6.586s] -- Installing: /home/ubuntu/turtlebot3_ws/src/turtlebot3/turtlebot3_example/turtlebot3_example/install/robot_arm/include/robot_arm/robot_arm/srv/detail/robot_arm_command__builder.hpp
[6.586s] -- Installing: /home/ubuntu/turtlebot3_ws/src/turtlebot3/turtlebot3_example/turtlebot3_example/install/robot_arm/include/robot_arm/robot_arm/srv/detail/robot_arm_command__traits.hpp
[6.586s] -- Installing: /home/ubuntu/turtlebot3_ws/src/turtlebot3/turtlebot3_example/turtlebot3_example/install/robot_arm/include/robot_arm/robot_arm/srv/detail/robot_arm_command__struct.hpp
[6.586s] -- Installing: /home/ubuntu/turtlebot3_ws/src/turtlebot3/turtlebot3_example/turtlebot3_example/install/robot_arm/include/robot_arm/robot_arm/srv/detail/robot_arm_command__type_support.hpp
[6.586s] -- Up-to-date: /home/ubuntu/turtlebot3_ws/src/turtlebot3/turtlebot3_example/turtlebot3_example/install/robot_arm/include/robot_arm/robot_arm/msg
[6.586s] -- Installing: /home/ubuntu/turtlebot3_ws/src/turtlebot3/turtlebot3_example/turtlebot3_example/install/robot_arm/include/robot_arm/robot_arm/msg/rosidl_generator_cpp__visibility_control.hpp
[6.587s] -- Up-to-date: /home/ubuntu/turtlebot3_ws/src/turtlebot3/turtlebot3_example/turtlebot3_example/install/robot_arm/include/robot_arm/robot_arm
[6.587s] -- Up-to-date: /home/ubuntu/turtlebot3_ws/src/turtlebot3/turtlebot3_example/turtlebot3_example/install/robot_arm/include/robot_arm/robot_arm/srv
[6.587s] -- Up-to-date: /home/ubuntu/turtlebot3_ws/src/turtlebot3/turtlebot3_example/turtlebot3_example/install/robot_arm/include/robot_arm/robot_arm/srv/detail
[6.587s] -- Installing: /home/ubuntu/turtlebot3_ws/src/turtlebot3/turtlebot3_example/turtlebot3_example/install/robot_arm/include/robot_arm/robot_arm/srv/detail/dds_fastrtps
[6.587s] -- Installing: /home/ubuntu/turtlebot3_ws/src/turtlebot3/turtlebot3_example/turtlebot3_example/install/robot_arm/include/robot_arm/robot_arm/srv/detail/robot_arm_command__rosidl_typesupport_fastrtps_cpp.hpp
[6.587s] -- Up-to-date: /home/ubuntu/turtlebot3_ws/src/turtlebot3/turtlebot3_example/turtlebot3_example/install/robot_arm/include/robot_arm/robot_arm/msg
[6.587s] -- Installing: /home/ubuntu/turtlebot3_ws/src/turtlebot3/turtlebot3_example/turtlebot3_example/install/robot_arm/include/robot_arm/robot_arm/msg/rosidl_typesupport_fastrtps_cpp__visibility_control.h
[6.587s] -- Installing: /home/ubuntu/turtlebot3_ws/src/turtlebot3/turtlebot3_example/turtlebot3_example/install/robot_arm/lib/librobot_arm__rosidl_typesupport_fastrtps_cpp.so
[6.587s] -- Set runtime path of "/home/ubuntu/turtlebot3_ws/src/turtlebot3/turtlebot3_example/turtlebot3_example/install/robot_arm/lib/librobot_arm__rosidl_typesupport_fastrtps_cpp.so" to ""
[6.587s] -- Up-to-date: /home/ubuntu/turtlebot3_ws/src/turtlebot3/turtlebot3_example/turtlebot3_example/install/robot_arm/include/robot_arm/robot_arm
[6.587s] -- Up-to-date: /home/ubuntu/turtlebot3_ws/src/turtlebot3/turtlebot3_example/turtlebot3_example/install/robot_arm/include/robot_arm/robot_arm/srv
[6.587s] -- Up-to-date: /home/ubuntu/turtlebot3_ws/src/turtlebot3/turtlebot3_example/turtlebot3_example/install/robot_arm/include/robot_arm/robot_arm/srv/detail
[6.588s] -- Installing: /home/ubuntu/turtlebot3_ws/src/turtlebot3/turtlebot3_example/turtlebot3_example/install/robot_arm/include/robot_arm/robot_arm/srv/detail/robot_arm_command__rosidl_typesupport_introspection_c.h
[6.588s] -- Installing: /home/ubuntu/turtlebot3_ws/src/turtlebot3/turtlebot3_example/turtlebot3_example/install/robot_arm/include/robot_arm/robot_arm/srv/detail/robot_arm_command__type_support.c
[6.588s] -- Up-to-date: /home/ubuntu/turtlebot3_ws/src/turtlebot3/turtlebot3_example/turtlebot3_example/install/robot_arm/include/robot_arm/robot_arm/msg
[6.588s] -- Installing: /home/ubuntu/turtlebot3_ws/src/turtlebot3/turtlebot3_example/turtlebot3_example/install/robot_arm/include/robot_arm/robot_arm/msg/rosidl_typesupport_introspection_c__visibility_control.h
[6.588s] -- Installing: /home/ubuntu/turtlebot3_ws/src/turtlebot3/turtlebot3_example/turtlebot3_example/install/robot_arm/lib/librobot_arm__rosidl_typesupport_introspection_c.so
[6.588s] -- Set runtime path of "/home/ubuntu/turtlebot3_ws/src/turtlebot3/turtlebot3_example/turtlebot3_example/install/robot_arm/lib/librobot_arm__rosidl_typesupport_introspection_c.so" to ""
[6.588s] -- Installing: /home/ubuntu/turtlebot3_ws/src/turtlebot3/turtlebot3_example/turtlebot3_example/install/robot_arm/lib/librobot_arm__rosidl_typesupport_c.so
[6.588s] -- Set runtime path of "/home/ubuntu/turtlebot3_ws/src/turtlebot3/turtlebot3_example/turtlebot3_example/install/robot_arm/lib/librobot_arm__rosidl_typesupport_c.so" to ""
[6.588s] -- Up-to-date: /home/ubuntu/turtlebot3_ws/src/turtlebot3/turtlebot3_example/turtlebot3_example/install/robot_arm/include/robot_arm/robot_arm
[6.589s] -- Up-to-date: /home/ubuntu/turtlebot3_ws/src/turtlebot3/turtlebot3_example/turtlebot3_example/install/robot_arm/include/robot_arm/robot_arm/srv
[6.589s] -- Up-to-date: /home/ubuntu/turtlebot3_ws/src/turtlebot3/turtlebot3_example/turtlebot3_example/install/robot_arm/include/robot_arm/robot_arm/srv/detail
[6.589s] -- Installing: /home/ubuntu/turtlebot3_ws/src/turtlebot3/turtlebot3_example/turtlebot3_example/install/robot_arm/include/robot_arm/robot_arm/srv/detail/robot_arm_command__rosidl_typesupport_introspection_cpp.hpp
[6.589s] -- Installing: /home/ubuntu/turtlebot3_ws/src/turtlebot3/turtlebot3_example/turtlebot3_example/install/robot_arm/include/robot_arm/robot_arm/srv/detail/robot_arm_command__type_support.cpp
[6.589s] -- Installing: /home/ubuntu/turtlebot3_ws/src/turtlebot3/turtlebot3_example/turtlebot3_example/install/robot_arm/lib/librobot_arm__rosidl_typesupport_introspection_cpp.so
[6.589s] -- Set runtime path of "/home/ubuntu/turtlebot3_ws/src/turtlebot3/turtlebot3_example/turtlebot3_example/install/robot_arm/lib/librobot_arm__rosidl_typesupport_introspection_cpp.so" to ""
[6.589s] -- Installing: /home/ubuntu/turtlebot3_ws/src/turtlebot3/turtlebot3_example/turtlebot3_example/install/robot_arm/lib/librobot_arm__rosidl_typesupport_cpp.so
[6.589s] -- Set runtime path of "/home/ubuntu/turtlebot3_ws/src/turtlebot3/turtlebot3_example/turtlebot3_example/install/robot_arm/lib/librobot_arm__rosidl_typesupport_cpp.so" to ""
[6.589s] -- Installing: /home/ubuntu/turtlebot3_ws/src/turtlebot3/turtlebot3_example/turtlebot3_example/install/robot_arm/share/robot_arm/environment/pythonpath.sh
[6.589s] -- Installing: /home/ubuntu/turtlebot3_ws/src/turtlebot3/turtlebot3_example/turtlebot3_example/install/robot_arm/share/robot_arm/environment/pythonpath.dsv
[6.589s] -- Installing: /home/ubuntu/turtlebot3_ws/src/turtlebot3/turtlebot3_example/turtlebot3_example/install/robot_arm/local/lib/python3.10/dist-packages/robot_arm-0.0.1-py3.10.egg-info
[6.589s] -- Installing: /home/ubuntu/turtlebot3_ws/src/turtlebot3/turtlebot3_example/turtlebot3_example/install/robot_arm/local/lib/python3.10/dist-packages/robot_arm-0.0.1-py3.10.egg-info/top_level.txt
[6.589s] -- Installing: /home/ubuntu/turtlebot3_ws/src/turtlebot3/turtlebot3_example/turtlebot3_example/install/robot_arm/local/lib/python3.10/dist-packages/robot_arm-0.0.1-py3.10.egg-info/PKG-INFO
[6.590s] -- Installing: /home/ubuntu/turtlebot3_ws/src/turtlebot3/turtlebot3_example/turtlebot3_example/install/robot_arm/local/lib/python3.10/dist-packages/robot_arm-0.0.1-py3.10.egg-info/dependency_links.txt
[6.590s] -- Installing: /home/ubuntu/turtlebot3_ws/src/turtlebot3/turtlebot3_example/turtlebot3_example/install/robot_arm/local/lib/python3.10/dist-packages/robot_arm-0.0.1-py3.10.egg-info/SOURCES.txt
[6.590s] -- Installing: /home/ubuntu/turtlebot3_ws/src/turtlebot3/turtlebot3_example/turtlebot3_example/install/robot_arm/local/lib/python3.10/dist-packages/robot_arm
[6.590s] -- Installing: /home/ubuntu/turtlebot3_ws/src/turtlebot3/turtlebot3_example/turtlebot3_example/install/robot_arm/local/lib/python3.10/dist-packages/robot_arm/_robot_arm_s.ep.rosidl_typesupport_c.c
[6.590s] -- Installing: /home/ubuntu/turtlebot3_ws/src/turtlebot3/turtlebot3_example/turtlebot3_example/install/robot_arm/local/lib/python3.10/dist-packages/robot_arm/robot_arm_s__rosidl_typesupport_fastrtps_c.cpython-310-x86_64-linux-gnu.so
[6.590s] -- Installing: /home/ubuntu/turtlebot3_ws/src/turtlebot3/turtlebot3_example/turtlebot3_example/install/robot_arm/local/lib/python3.10/dist-packages/robot_arm/srv
[6.590s] -- Installing: /home/ubuntu/turtlebot3_ws/src/turtlebot3/turtlebot3_example/turtlebot3_example/install/robot_arm/local/lib/python3.10/dist-packages/robot_arm/srv/_robot_arm_command_s.c
[6.590s] -- Installing: /home/ubuntu/turtlebot3_ws/src/turtlebot3/turtlebot3_example/turtlebot3_example/install/robot_arm/local/lib/python3.10/dist-packages/robot_arm/srv/__init__.py
[6.590s] -- Installing: /home/ubuntu/turtlebot3_ws/src/turtlebot3/turtlebot3_example/turtlebot3_example/install/robot_arm/local/lib/python3.10/dist-packages/robot_arm/srv/_robot_arm_command.py
[6.590s] -- Installing: /home/ubuntu/turtlebot3_ws/src/turtlebot3/turtlebot3_example/turtlebot3_example/install/robot_arm/local/lib/python3.10/dist-packages/robot_arm/_robot_arm_s.ep.rosidl_typesupport_fastrtps_c.c
[6.590s] -- Installing: /home/ubuntu/turtlebot3_ws/src/turtlebot3/turtlebot3_example/turtlebot3_example/install/robot_arm/local/lib/python3.10/dist-packages/robot_arm/robot_arm_s__rosidl_typesupport_introspection_c.cpython-310-x86_64-linux-gnu.so
[6.590s] -- Installing: /home/ubuntu/turtlebot3_ws/src/turtlebot3/turtlebot3_example/turtlebot3_example/install/robot_arm/local/lib/python3.10/dist-packages/robot_arm/librobot_arm__rosidl_generator_py.so
[6.590s] -- Installing: /home/ubuntu/turtlebot3_ws/src/turtlebot3/turtlebot3_example/turtlebot3_example/install/robot_arm/local/lib/python3.10/dist-packages/robot_arm/robot_arm_s__rosidl_typesupport_c.cpython-310-x86_64-linux-gnu.so
[6.591s] -- Installing: /home/ubuntu/turtlebot3_ws/src/turtlebot3/turtlebot3_example/turtlebot3_example/install/robot_arm/local/lib/python3.10/dist-packages/robot_arm/__init__.py
[6.591s] -- Installing: /home/ubuntu/turtlebot3_ws/src/turtlebot3/turtlebot3_example/turtlebot3_example/install/robot_arm/local/lib/python3.10/dist-packages/robot_arm/_robot_arm_s.ep.rosidl_typesupport_introspection_c.c
[6.629s] Listing '/home/ubuntu/turtlebot3_ws/src/turtlebot3/turtlebot3_example/turtlebot3_example/install/robot_arm/local/lib/python3.10/dist-packages/robot_arm'...
[6.629s] Compiling '/home/ubuntu/turtlebot3_ws/src/turtlebot3/turtlebot3_example/turtlebot3_example/install/robot_arm/local/lib/python3.10/dist-packages/robot_arm/__init__.py'...
[6.629s] Listing '/home/ubuntu/turtlebot3_ws/src/turtlebot3/turtlebot3_example/turtlebot3_example/install/robot_arm/local/lib/python3.10/dist-packages/robot_arm/srv'...
[6.629s] Compiling '/home/ubuntu/turtlebot3_ws/src/turtlebot3/turtlebot3_example/turtlebot3_example/install/robot_arm/local/lib/python3.10/dist-packages/robot_arm/srv/__init__.py'...
[6.629s] Compiling '/home/ubuntu/turtlebot3_ws/src/turtlebot3/turtlebot3_example/turtlebot3_example/install/robot_arm/local/lib/python3.10/dist-packages/robot_arm/srv/_robot_arm_command.py'...
[6.637s] -- Installing: /home/ubuntu/turtlebot3_ws/src/turtlebot3/turtlebot3_example/turtlebot3_example/install/robot_arm/local/lib/python3.10/dist-packages/robot_arm/robot_arm_s__rosidl_typesupport_fastrtps_c.cpython-310-x86_64-linux-gnu.so
[6.637s] -- Set runtime path of "/home/ubuntu/turtlebot3_ws/src/turtlebot3/turtlebot3_example/turtlebot3_example/install/robot_arm/local/lib/python3.10/dist-packages/robot_arm/robot_arm_s__rosidl_typesupport_fastrtps_c.cpython-310-x86_64-linux-gnu.so" to ""
[6.637s] -- Installing: /home/ubuntu/turtlebot3_ws/src/turtlebot3/turtlebot3_example/turtlebot3_example/install/robot_arm/local/lib/python3.10/dist-packages/robot_arm/robot_arm_s__rosidl_typesupport_introspection_c.cpython-310-x86_64-linux-gnu.so
[6.637s] -- Set runtime path of "/home/ubuntu/turtlebot3_ws/src/turtlebot3/turtlebot3_example/turtlebot3_example/install/robot_arm/local/lib/python3.10/dist-packages/robot_arm/robot_arm_s__rosidl_typesupport_introspection_c.cpython-310-x86_64-linux-gnu.so" to ""
[6.637s] -- Installing: /home/ubuntu/turtlebot3_ws/src/turtlebot3/turtlebot3_example/turtlebot3_example/install/robot_arm/local/lib/python3.10/dist-packages/robot_arm/robot_arm_s__rosidl_typesupport_c.cpython-310-x86_64-linux-gnu.so
[6.638s] -- Set runtime path of "/home/ubuntu/turtlebot3_ws/src/turtlebot3/turtlebot3_example/turtlebot3_example/install/robot_arm/local/lib/python3.10/dist-packages/robot_arm/robot_arm_s__rosidl_typesupport_c.cpython-310-x86_64-linux-gnu.so" to ""
[6.638s] -- Installing: /home/ubuntu/turtlebot3_ws/src/turtlebot3/turtlebot3_example/turtlebot3_example/install/robot_arm/lib/librobot_arm__rosidl_generator_py.so
[6.638s] -- Set runtime path of "/home/ubuntu/turtlebot3_ws/src/turtlebot3/turtlebot3_example/turtlebot3_example/install/robot_arm/lib/librobot_arm__rosidl_generator_py.so" to ""
[6.638s] -- Installing: /home/ubuntu/turtlebot3_ws/src/turtlebot3/turtlebot3_example/turtlebot3_example/install/robot_arm/share/robot_arm/srv/RobotArmCommand.idl
[6.638s] -- Installing: /home/ubuntu/turtlebot3_ws/src/turtlebot3/turtlebot3_example/turtlebot3_example/install/robot_arm/share/robot_arm/srv/RobotArmCommand.srv
[6.639s] -- Installing: /home/ubuntu/turtlebot3_ws/src/turtlebot3/turtlebot3_example/turtlebot3_example/install/robot_arm/share/robot_arm/srv/RobotArmCommand_Request.msg
[6.639s] -- Installing: /home/ubuntu/turtlebot3_ws/src/turtlebot3/turtlebot3_example/turtlebot3_example/install/robot_arm/share/robot_arm/srv/RobotArmCommand_Response.msg
[6.639s] -- Installing: /home/ubuntu/turtlebot3_ws/src/turtlebot3/turtlebot3_example/turtlebot3_example/install/robot_arm/lib/robot_arm/robot_arm_server
[6.639s] -- Set runtime path of "/home/ubuntu/turtlebot3_ws/src/turtlebot3/turtlebot3_example/turtlebot3_example/install/robot_arm/lib/robot_arm/robot_arm_server" to ""
[6.639s] -- Installing: /home/ubuntu/turtlebot3_ws/src/turtlebot3/turtlebot3_example/turtlebot3_example/install/robot_arm/lib/robot_arm/robot_arm_client
[6.640s] -- Set runtime path of "/home/ubuntu/turtlebot3_ws/src/turtlebot3/turtlebot3_example/turtlebot3_example/install/robot_arm/lib/robot_arm/robot_arm_client" to ""
[6.640s] -- Installing: /home/ubuntu/turtlebot3_ws/src/turtlebot3/turtlebot3_example/turtlebot3_example/install/robot_arm/share/robot_arm/resource
[6.640s] -- Installing: /home/ubuntu/turtlebot3_ws/src/turtlebot3/turtlebot3_example/turtlebot3_example/install/robot_arm/share/robot_arm/resource/robot_arm
[6.641s] -- Installing: /home/ubuntu/turtlebot3_ws/src/turtlebot3/turtlebot3_example/turtlebot3_example/install/robot_arm/share/robot_arm/package.xml
[6.641s] -- Installing: /home/ubuntu/turtlebot3_ws/src/turtlebot3/turtlebot3_example/turtlebot3_example/install/robot_arm/share/ament_index/resource_index/package_run_dependencies/robot_arm
[6.641s] -- Installing: /home/ubuntu/turtlebot3_ws/src/turtlebot3/turtlebot3_example/turtlebot3_example/install/robot_arm/share/ament_index/resource_index/parent_prefix_path/robot_arm
[6.641s] -- Installing: /home/ubuntu/turtlebot3_ws/src/turtlebot3/turtlebot3_example/turtlebot3_example/install/robot_arm/share/robot_arm/environment/ament_prefix_path.sh
[6.641s] -- Installing: /home/ubuntu/turtlebot3_ws/src/turtlebot3/turtlebot3_example/turtlebot3_example/install/robot_arm/share/robot_arm/environment/ament_prefix_path.dsv
[6.641s] -- Installing: /home/ubuntu/turtlebot3_ws/src/turtlebot3/turtlebot3_example/turtlebot3_example/install/robot_arm/share/robot_arm/environment/path.sh
[6.641s] -- Installing: /home/ubuntu/turtlebot3_ws/src/turtlebot3/turtlebot3_example/turtlebot3_example/install/robot_arm/share/robot_arm/environment/path.dsv
[6.641s] -- Installing: /home/ubuntu/turtlebot3_ws/src/turtlebot3/turtlebot3_example/turtlebot3_example/install/robot_arm/share/robot_arm/local_setup.bash
[6.641s] -- Installing: /home/ubuntu/turtlebot3_ws/src/turtlebot3/turtlebot3_example/turtlebot3_example/install/robot_arm/share/robot_arm/local_setup.sh
[6.641s] -- Installing: /home/ubuntu/turtlebot3_ws/src/turtlebot3/turtlebot3_example/turtlebot3_example/install/robot_arm/share/robot_arm/local_setup.zsh
[6.641s] -- Installing: /home/ubuntu/turtlebot3_ws/src/turtlebot3/turtlebot3_example/turtlebot3_example/install/robot_arm/share/robot_arm/local_setup.dsv
[6.641s] -- Installing: /home/ubuntu/turtlebot3_ws/src/turtlebot3/turtlebot3_example/turtlebot3_example/install/robot_arm/share/robot_arm/package.dsv
[6.641s] -- Installing: /home/ubuntu/turtlebot3_ws/src/turtlebot3/turtlebot3_example/turtlebot3_example/install/robot_arm/share/ament_index/resource_index/packages/robot_arm
[6.642s] -- Installing: /home/ubuntu/turtlebot3_ws/src/turtlebot3/turtlebot3_example/turtlebot3_example/install/robot_arm/share/robot_arm/cmake/export_robot_arm__rosidl_generator_cExport.cmake
[6.642s] -- Installing: /home/ubuntu/turtlebot3_ws/src/turtlebot3/turtlebot3_example/turtlebot3_example/install/robot_arm/share/robot_arm/cmake/export_robot_arm__rosidl_generator_cExport-noconfig.cmake
[6.642s] -- Installing: /home/ubuntu/turtlebot3_ws/src/turtlebot3/turtlebot3_example/turtlebot3_example/install/robot_arm/share/robot_arm/cmake/export_robot_arm__rosidl_typesupport_fastrtps_cExport.cmake
[6.642s] -- Installing: /home/ubuntu/turtlebot3_ws/src/turtlebot3/turtlebot3_example/turtlebot3_example/install/robot_arm/share/robot_arm/cmake/export_robot_arm__rosidl_typesupport_fastrtps_cExport-noconfig.cmake
[6.642s] -- Installing: /home/ubuntu/turtlebot3_ws/src/turtlebot3/turtlebot3_example/turtlebot3_example/install/robot_arm/share/robot_arm/cmake/export_robot_arm__rosidl_generator_cppExport.cmake
[6.642s] -- Installing: /home/ubuntu/turtlebot3_ws/src/turtlebot3/turtlebot3_example/turtlebot3_example/install/robot_arm/share/robot_arm/cmake/export_robot_arm__rosidl_typesupport_fastrtps_cppExport.cmake
[6.642s] -- Installing: /home/ubuntu/turtlebot3_ws/src/turtlebot3/turtlebot3_example/turtlebot3_example/install/robot_arm/share/robot_arm/cmake/export_robot_arm__rosidl_typesupport_fastrtps_cppExport-noconfig.cmake
[6.642s] -- Installing: /home/ubuntu/turtlebot3_ws/src/turtlebot3/turtlebot3_example/turtlebot3_example/install/robot_arm/share/robot_arm/cmake/robot_arm__rosidl_typesupport_introspection_cExport.cmake
[6.642s] -- Installing: /home/ubuntu/turtlebot3_ws/src/turtlebot3/turtlebot3_example/turtlebot3_example/install/robot_arm/share/robot_arm/cmake/robot_arm__rosidl_typesupport_introspection_cExport-noconfig.cmake
[6.642s] -- Installing: /home/ubuntu/turtlebot3_ws/src/turtlebot3/turtlebot3_example/turtlebot3_example/install/robot_arm/share/robot_arm/cmake/robot_arm__rosidl_typesupport_cExport.cmake
[6.643s] -- Installing: /home/ubuntu/turtlebot3_ws/src/turtlebot3/turtlebot3_example/turtlebot3_example/install/robot_arm/share/robot_arm/cmake/robot_arm__rosidl_typesupport_cExport-noconfig.cmake
[6.643s] -- Installing: /home/ubuntu/turtlebot3_ws/src/turtlebot3/turtlebot3_example/turtlebot3_example/install/robot_arm/share/robot_arm/cmake/robot_arm__rosidl_typesupport_introspection_cppExport.cmake
[6.643s] -- Installing: /home/ubuntu/turtlebot3_ws/src/turtlebot3/turtlebot3_example/turtlebot3_example/install/robot_arm/share/robot_arm/cmake/robot_arm__rosidl_typesupport_introspection_cppExport-noconfig.cmake
[6.643s] -- Installing: /home/ubuntu/turtlebot3_ws/src/turtlebot3/turtlebot3_example/turtlebot3_example/install/robot_arm/share/robot_arm/cmake/robot_arm__rosidl_typesupport_cppExport.cmake
[6.643s] -- Installing: /home/ubuntu/turtlebot3_ws/src/turtlebot3/turtlebot3_example/turtlebot3_example/install/robot_arm/share/robot_arm/cmake/robot_arm__rosidl_typesupport_cppExport-noconfig.cmake
[6.643s] -- Installing: /home/ubuntu/turtlebot3_ws/src/turtlebot3/turtlebot3_example/turtlebot3_example/install/robot_arm/share/robot_arm/cmake/export_robot_arm__rosidl_generator_pyExport.cmake
[6.643s] -- Installing: /home/ubuntu/turtlebot3_ws/src/turtlebot3/turtlebot3_example/turtlebot3_example/install/robot_arm/share/robot_arm/cmake/export_robot_arm__rosidl_generator_pyExport-noconfig.cmake
[6.643s] -- Installing: /home/ubuntu/turtlebot3_ws/src/turtlebot3/turtlebot3_example/turtlebot3_example/install/robot_arm/share/robot_arm/cmake/rosidl_cmake-extras.cmake
[6.643s] -- Installing: /home/ubuntu/turtlebot3_ws/src/turtlebot3/turtlebot3_example/turtlebot3_example/install/robot_arm/share/robot_arm/cmake/ament_cmake_export_include_directories-extras.cmake
[6.643s] -- Installing: /home/ubuntu/turtlebot3_ws/src/turtlebot3/turtlebot3_example/turtlebot3_example/install/robot_arm/share/robot_arm/cmake/ament_cmake_export_libraries-extras.cmake
[6.643s] -- Installing: /home/ubuntu/turtlebot3_ws/src/turtlebot3/turtlebot3_example/turtlebot3_example/install/robot_arm/share/robot_arm/cmake/ament_cmake_export_targets-extras.cmake
[6.644s] -- Installing: /home/ubuntu/turtlebot3_ws/src/turtlebot3/turtlebot3_example/turtlebot3_example/install/robot_arm/share/robot_arm/cmake/rosidl_cmake_export_typesupport_targets-extras.cmake
[6.644s] -- Installing: /home/ubuntu/turtlebot3_ws/src/turtlebot3/turtlebot3_example/turtlebot3_example/install/robot_arm/share/robot_arm/cmake/ament_cmake_export_dependencies-extras.cmake
[6.644s] -- Installing: /home/ubuntu/turtlebot3_ws/src/turtlebot3/turtlebot3_example/turtlebot3_example/install/robot_arm/share/robot_arm/cmake/rosidl_cmake_export_typesupport_libraries-extras.cmake
[6.644s] -- Installing: /home/ubuntu/turtlebot3_ws/src/turtlebot3/turtlebot3_example/turtlebot3_example/install/robot_arm/share/robot_arm/cmake/robot_armConfig.cmake
[6.644s] -- Installing: /home/ubuntu/turtlebot3_ws/src/turtlebot3/turtlebot3_example/turtlebot3_example/install/robot_arm/share/robot_arm/cmake/robot_armConfig-version.cmake
[6.644s] -- Up-to-date: /home/ubuntu/turtlebot3_ws/src/turtlebot3/turtlebot3_example/turtlebot3_example/install/robot_arm/share/robot_arm/package.xml
[6.645s] Invoked command in '/home/ubuntu/turtlebot3_ws/src/turtlebot3/turtlebot3_example/turtlebot3_example/build/robot_arm' returned '0': CMAKE_PREFIX_PATH=${CMAKE_PREFIX_PATH}:/home/ubuntu/turtlebot3_ws/install/turtlebot3_example:/home/ubuntu/Intel_study/Intel7_Final_Project_5_Team/RoS2/Sensor_Ros2/install/wall_follower:/opt/ros/humble /usr/bin/cmake --install /home/ubuntu/turtlebot3_ws/src/turtlebot3/turtlebot3_example/turtlebot3_example/build/robot_arm
