[0.072s] colcon DEBUG Command line arguments: ['/usr/bin/colcon', 'build', '--packages-select', 'sub_robot_sim', 'sub_robot_core', 'sub_robot_bringup']
[0.072s] colcon DEBUG Parsed command line arguments: Namespace(log_base=None, log_level=None, verb_name='build', build_base='build', install_base='install', merge_install=False, symlink_install=False, test_result_base=None, continue_on_error=False, executor='parallel', parallel_workers=24, event_handlers=None, ignore_user_meta=False, metas=['./colcon.meta'], base_paths=['.'], packages_ignore=None, packages_ignore_regex=None, paths=None, packages_up_to=None, packages_up_to_regex=None, packages_above=None, packages_above_and_dependencies=None, packages_above_depth=None, packages_select_by_dep=None, packages_skip_by_dep=None, packages_skip_up_to=None, packages_select_build_failed=False, packages_skip_build_finished=False, packages_select_test_failures=False, packages_skip_test_passed=False, packages_select=['sub_robot_sim', 'sub_robot_core', 'sub_robot_bringup'], packages_skip=None, packages_select_regex=None, packages_skip_regex=None, packages_start=None, packages_end=None, allow_overriding=[], cmake_args=None, cmake_target=None, cmake_target_skip_unavailable=False, cmake_clean_cache=False, cmake_clean_first=False, cmake_force_configure=False, ament_cmake_args=None, catkin_cmake_args=None, catkin_skip_building_tests=False, mixin_files=None, mixin=None, verb_parser=<colcon_mixin.mixin.mixin_argument.MixinArgumentDecorator object at 0x7aa192747370>, verb_extension=<colcon_core.verb.build.BuildVerb object at 0x7aa192746e60>, main=<bound method BuildVerb.main of <colcon_core.verb.build.BuildVerb object at 0x7aa192746e60>>, mixin_verb=('build',))
[0.101s] colcon.colcon_core.package_discovery Level 1 discover_packages(colcon_meta) check parameters
[0.101s] colcon.colcon_core.package_discovery Level 1 discover_packages(recursive) check parameters
[0.101s] colcon.colcon_core.package_discovery Level 1 discover_packages(ignore) check parameters
[0.101s] colcon.colcon_core.package_discovery Level 1 discover_packages(path) check parameters
[0.101s] colcon.colcon_core.package_discovery Level 1 discover_packages(colcon_meta) discover
[0.101s] colcon.colcon_core.package_discovery Level 1 discover_packages(recursive) discover
[0.102s] colcon.colcon_core.package_discovery INFO Crawling recursively for packages in '/home/ubuntu/Intel_study/Intel7_Final_Project_5_Team/RoS2/Sensor_Ros2'
[0.102s] colcon.colcon_core.package_identification Level 1 _identify(.) by extensions ['ignore', 'ignore_ament_install']
[0.102s] colcon.colcon_core.package_identification Level 1 _identify(.) by extension 'ignore'
[0.102s] colcon.colcon_core.package_identification Level 1 _identify(.) by extension 'ignore_ament_install'
[0.102s] colcon.colcon_core.package_identification Level 1 _identify(.) by extensions ['colcon_pkg']
[0.102s] colcon.colcon_core.package_identification Level 1 _identify(.) by extension 'colcon_pkg'
[0.102s] colcon.colcon_core.package_identification Level 1 _identify(.) by extensions ['colcon_meta']
[0.102s] colcon.colcon_core.package_identification Level 1 _identify(.) by extension 'colcon_meta'
[0.102s] colcon.colcon_core.package_identification Level 1 _identify(.) by extensions ['ros']
[0.102s] colcon.colcon_core.package_identification Level 1 _identify(.) by extension 'ros'
[0.111s] colcon.colcon_core.package_identification Level 1 _identify(.) by extensions ['cmake', 'python']
[0.111s] colcon.colcon_core.package_identification Level 1 _identify(.) by extension 'cmake'
[0.112s] colcon.colcon_core.package_identification Level 1 _identify(.) by extension 'python'
[0.112s] colcon.colcon_core.package_identification Level 1 _identify(.) by extensions ['python_setup_py']
[0.112s] colcon.colcon_core.package_identification Level 1 _identify(.) by extension 'python_setup_py'
[0.112s] colcon.colcon_core.package_identification Level 1 _identify(build) by extensions ['ignore', 'ignore_ament_install']
[0.112s] colcon.colcon_core.package_identification Level 1 _identify(build) by extension 'ignore'
[0.112s] colcon.colcon_core.package_identification Level 1 _identify(build) ignored
[0.112s] colcon.colcon_core.package_identification Level 1 _identify(install) by extensions ['ignore', 'ignore_ament_install']
[0.112s] colcon.colcon_core.package_identification Level 1 _identify(install) by extension 'ignore'
[0.112s] colcon.colcon_core.package_identification Level 1 _identify(install) ignored
[0.112s] colcon.colcon_core.package_identification Level 1 _identify(log) by extensions ['ignore', 'ignore_ament_install']
[0.112s] colcon.colcon_core.package_identification Level 1 _identify(log) by extension 'ignore'
[0.112s] colcon.colcon_core.package_identification Level 1 _identify(log) ignored
[0.112s] colcon.colcon_core.package_identification Level 1 _identify(src) by extensions ['ignore', 'ignore_ament_install']
[0.112s] colcon.colcon_core.package_identification Level 1 _identify(src) by extension 'ignore'
[0.112s] colcon.colcon_core.package_identification Level 1 _identify(src) by extension 'ignore_ament_install'
[0.112s] colcon.colcon_core.package_identification Level 1 _identify(src) by extensions ['colcon_pkg']
[0.112s] colcon.colcon_core.package_identification Level 1 _identify(src) by extension 'colcon_pkg'
[0.112s] colcon.colcon_core.package_identification Level 1 _identify(src) by extensions ['colcon_meta']
[0.112s] colcon.colcon_core.package_identification Level 1 _identify(src) by extension 'colcon_meta'
[0.112s] colcon.colcon_core.package_identification Level 1 _identify(src) by extensions ['ros']
[0.112s] colcon.colcon_core.package_identification Level 1 _identify(src) by extension 'ros'
[0.112s] colcon.colcon_core.package_identification Level 1 _identify(src) by extensions ['cmake', 'python']
[0.112s] colcon.colcon_core.package_identification Level 1 _identify(src) by extension 'cmake'
[0.112s] colcon.colcon_core.package_identification Level 1 _identify(src) by extension 'python'
[0.112s] colcon.colcon_core.package_identification Level 1 _identify(src) by extensions ['python_setup_py']
[0.112s] colcon.colcon_core.package_identification Level 1 _identify(src) by extension 'python_setup_py'
[0.112s] colcon.colcon_core.package_identification Level 1 _identify(src/sub_robot_bringup) by extensions ['ignore', 'ignore_ament_install']
[0.112s] colcon.colcon_core.package_identification Level 1 _identify(src/sub_robot_bringup) by extension 'ignore'
[0.112s] colcon.colcon_core.package_identification Level 1 _identify(src/sub_robot_bringup) by extension 'ignore_ament_install'
[0.112s] colcon.colcon_core.package_identification Level 1 _identify(src/sub_robot_bringup) by extensions ['colcon_pkg']
[0.112s] colcon.colcon_core.package_identification Level 1 _identify(src/sub_robot_bringup) by extension 'colcon_pkg'
[0.112s] colcon.colcon_core.package_identification Level 1 _identify(src/sub_robot_bringup) by extensions ['colcon_meta']
[0.112s] colcon.colcon_core.package_identification Level 1 _identify(src/sub_robot_bringup) by extension 'colcon_meta'
[0.112s] colcon.colcon_core.package_identification Level 1 _identify(src/sub_robot_bringup) by extensions ['ros']
[0.112s] colcon.colcon_core.package_identification Level 1 _identify(src/sub_robot_bringup) by extension 'ros'
[0.114s] colcon.colcon_core.package_identification DEBUG Package 'src/sub_robot_bringup' with type 'ros.ament_cmake' and name 'sub_robot_bringup'
[0.115s] colcon.colcon_core.package_identification Level 1 _identify(src/sub_robot_core) by extensions ['ignore', 'ignore_ament_install']
[0.115s] colcon.colcon_core.package_identification Level 1 _identify(src/sub_robot_core) by extension 'ignore'
[0.115s] colcon.colcon_core.package_identification Level 1 _identify(src/sub_robot_core) by extension 'ignore_ament_install'
[0.115s] colcon.colcon_core.package_identification Level 1 _identify(src/sub_robot_core) by extensions ['colcon_pkg']
[0.115s] colcon.colcon_core.package_identification Level 1 _identify(src/sub_robot_core) by extension 'colcon_pkg'
[0.115s] colcon.colcon_core.package_identification Level 1 _identify(src/sub_robot_core) by extensions ['colcon_meta']
[0.115s] colcon.colcon_core.package_identification Level 1 _identify(src/sub_robot_core) by extension 'colcon_meta'
[0.115s] colcon.colcon_core.package_identification Level 1 _identify(src/sub_robot_core) by extensions ['ros']
[0.115s] colcon.colcon_core.package_identification Level 1 _identify(src/sub_robot_core) by extension 'ros'
[0.115s] colcon.colcon_core.package_identification DEBUG Package 'src/sub_robot_core' with type 'ros.ament_cmake' and name 'sub_robot_core'
[0.115s] colcon.colcon_core.package_identification Level 1 _identify(src/sub_robot_sim) by extensions ['ignore', 'ignore_ament_install']
[0.115s] colcon.colcon_core.package_identification Level 1 _identify(src/sub_robot_sim) by extension 'ignore'
[0.115s] colcon.colcon_core.package_identification Level 1 _identify(src/sub_robot_sim) by extension 'ignore_ament_install'
[0.115s] colcon.colcon_core.package_identification Level 1 _identify(src/sub_robot_sim) by extensions ['colcon_pkg']
[0.115s] colcon.colcon_core.package_identification Level 1 _identify(src/sub_robot_sim) by extension 'colcon_pkg'
[0.115s] colcon.colcon_core.package_identification Level 1 _identify(src/sub_robot_sim) by extensions ['colcon_meta']
[0.115s] colcon.colcon_core.package_identification Level 1 _identify(src/sub_robot_sim) by extension 'colcon_meta'
[0.115s] colcon.colcon_core.package_identification Level 1 _identify(src/sub_robot_sim) by extensions ['ros']
[0.115s] colcon.colcon_core.package_identification Level 1 _identify(src/sub_robot_sim) by extension 'ros'
[0.116s] colcon.colcon_core.package_identification DEBUG Package 'src/sub_robot_sim' with type 'ros.ament_cmake' and name 'sub_robot_sim'
[0.116s] colcon.colcon_core.package_discovery Level 1 discover_packages(recursive) using defaults
[0.116s] colcon.colcon_core.package_discovery Level 1 discover_packages(ignore) discover
[0.116s] colcon.colcon_core.package_discovery Level 1 discover_packages(ignore) using defaults
[0.116s] colcon.colcon_core.package_discovery Level 1 discover_packages(path) discover
[0.116s] colcon.colcon_core.package_discovery Level 1 discover_packages(path) using defaults
[0.125s] colcon.colcon_core.package_discovery Level 1 discover_packages(prefix_path) check parameters
[0.126s] colcon.colcon_core.package_discovery Level 1 discover_packages(prefix_path) discover
[0.126s] colcon.colcon_installed_package_information.package_discovery DEBUG Found 2 installed packages in /home/ubuntu/tb3_sim_ws/install
[0.127s] colcon.colcon_installed_package_information.package_discovery DEBUG Found 4 installed packages in /home/ubuntu/turtlebot3_ws/install
[0.127s] colcon.colcon_installed_package_information.package_discovery DEBUG Found 397 installed packages in /opt/ros/humble
[0.129s] colcon.colcon_core.package_discovery Level 1 discover_packages(prefix_path) using defaults
[0.152s] colcon.colcon_core.verb Level 5 set package 'sub_robot_core' build argument 'cmake_args' from command line to 'None'
[0.152s] colcon.colcon_core.verb Level 5 set package 'sub_robot_core' build argument 'cmake_target' from command line to 'None'
[0.152s] colcon.colcon_core.verb Level 5 set package 'sub_robot_core' build argument 'cmake_target_skip_unavailable' from command line to 'False'
[0.152s] colcon.colcon_core.verb Level 5 set package 'sub_robot_core' build argument 'cmake_clean_cache' from command line to 'False'
[0.152s] colcon.colcon_core.verb Level 5 set package 'sub_robot_core' build argument 'cmake_clean_first' from command line to 'False'
[0.152s] colcon.colcon_core.verb Level 5 set package 'sub_robot_core' build argument 'cmake_force_configure' from command line to 'False'
[0.152s] colcon.colcon_core.verb Level 5 set package 'sub_robot_core' build argument 'ament_cmake_args' from command line to 'None'
[0.152s] colcon.colcon_core.verb Level 5 set package 'sub_robot_core' build argument 'catkin_cmake_args' from command line to 'None'
[0.152s] colcon.colcon_core.verb Level 5 set package 'sub_robot_core' build argument 'catkin_skip_building_tests' from command line to 'False'
[0.152s] colcon.colcon_core.verb DEBUG Building package 'sub_robot_core' with the following arguments: {'ament_cmake_args': None, 'build_base': '/home/ubuntu/Intel_study/Intel7_Final_Project_5_Team/RoS2/Sensor_Ros2/build/sub_robot_core', 'catkin_cmake_args': None, 'catkin_skip_building_tests': False, 'cmake_args': None, 'cmake_clean_cache': False, 'cmake_clean_first': False, 'cmake_force_configure': False, 'cmake_target': None, 'cmake_target_skip_unavailable': False, 'install_base': '/home/ubuntu/Intel_study/Intel7_Final_Project_5_Team/RoS2/Sensor_Ros2/install/sub_robot_core', 'merge_install': False, 'path': '/home/ubuntu/Intel_study/Intel7_Final_Project_5_Team/RoS2/Sensor_Ros2/src/sub_robot_core', 'symlink_install': False, 'test_result_base': None}
[0.152s] colcon.colcon_core.verb Level 5 set package 'sub_robot_sim' build argument 'cmake_args' from command line to 'None'
[0.152s] colcon.colcon_core.verb Level 5 set package 'sub_robot_sim' build argument 'cmake_target' from command line to 'None'
[0.152s] colcon.colcon_core.verb Level 5 set package 'sub_robot_sim' build argument 'cmake_target_skip_unavailable' from command line to 'False'
[0.152s] colcon.colcon_core.verb Level 5 set package 'sub_robot_sim' build argument 'cmake_clean_cache' from command line to 'False'
[0.152s] colcon.colcon_core.verb Level 5 set package 'sub_robot_sim' build argument 'cmake_clean_first' from command line to 'False'
[0.152s] colcon.colcon_core.verb Level 5 set package 'sub_robot_sim' build argument 'cmake_force_configure' from command line to 'False'
[0.152s] colcon.colcon_core.verb Level 5 set package 'sub_robot_sim' build argument 'ament_cmake_args' from command line to 'None'
[0.152s] colcon.colcon_core.verb Level 5 set package 'sub_robot_sim' build argument 'catkin_cmake_args' from command line to 'None'
[0.152s] colcon.colcon_core.verb Level 5 set package 'sub_robot_sim' build argument 'catkin_skip_building_tests' from command line to 'False'
[0.152s] colcon.colcon_core.verb DEBUG Building package 'sub_robot_sim' with the following arguments: {'ament_cmake_args': None, 'build_base': '/home/ubuntu/Intel_study/Intel7_Final_Project_5_Team/RoS2/Sensor_Ros2/build/sub_robot_sim', 'catkin_cmake_args': None, 'catkin_skip_building_tests': False, 'cmake_args': None, 'cmake_clean_cache': False, 'cmake_clean_first': False, 'cmake_force_configure': False, 'cmake_target': None, 'cmake_target_skip_unavailable': False, 'install_base': '/home/ubuntu/Intel_study/Intel7_Final_Project_5_Team/RoS2/Sensor_Ros2/install/sub_robot_sim', 'merge_install': False, 'path': '/home/ubuntu/Intel_study/Intel7_Final_Project_5_Team/RoS2/Sensor_Ros2/src/sub_robot_sim', 'symlink_install': False, 'test_result_base': None}
[0.152s] colcon.colcon_core.verb Level 5 set package 'sub_robot_bringup' build argument 'cmake_args' from command line to 'None'
[0.152s] colcon.colcon_core.verb Level 5 set package 'sub_robot_bringup' build argument 'cmake_target' from command line to 'None'
[0.152s] colcon.colcon_core.verb Level 5 set package 'sub_robot_bringup' build argument 'cmake_target_skip_unavailable' from command line to 'False'
[0.152s] colcon.colcon_core.verb Level 5 set package 'sub_robot_bringup' build argument 'cmake_clean_cache' from command line to 'False'
[0.152s] colcon.colcon_core.verb Level 5 set package 'sub_robot_bringup' build argument 'cmake_clean_first' from command line to 'False'
[0.152s] colcon.colcon_core.verb Level 5 set package 'sub_robot_bringup' build argument 'cmake_force_configure' from command line to 'False'
[0.152s] colcon.colcon_core.verb Level 5 set package 'sub_robot_bringup' build argument 'ament_cmake_args' from command line to 'None'
[0.152s] colcon.colcon_core.verb Level 5 set package 'sub_robot_bringup' build argument 'catkin_cmake_args' from command line to 'None'
[0.152s] colcon.colcon_core.verb Level 5 set package 'sub_robot_bringup' build argument 'catkin_skip_building_tests' from command line to 'False'
[0.152s] colcon.colcon_core.verb DEBUG Building package 'sub_robot_bringup' with the following arguments: {'ament_cmake_args': None, 'build_base': '/home/ubuntu/Intel_study/Intel7_Final_Project_5_Team/RoS2/Sensor_Ros2/build/sub_robot_bringup', 'catkin_cmake_args': None, 'catkin_skip_building_tests': False, 'cmake_args': None, 'cmake_clean_cache': False, 'cmake_clean_first': False, 'cmake_force_configure': False, 'cmake_target': None, 'cmake_target_skip_unavailable': False, 'install_base': '/home/ubuntu/Intel_study/Intel7_Final_Project_5_Team/RoS2/Sensor_Ros2/install/sub_robot_bringup', 'merge_install': False, 'path': '/home/ubuntu/Intel_study/Intel7_Final_Project_5_Team/RoS2/Sensor_Ros2/src/sub_robot_bringup', 'symlink_install': False, 'test_result_base': None}
[0.152s] colcon.colcon_core.executor INFO Executing jobs using 'parallel' executor
[0.153s] colcon.colcon_parallel_executor.executor.parallel DEBUG run_until_complete
[0.153s] colcon.colcon_ros.task.ament_cmake.build INFO Building ROS package in '/home/ubuntu/Intel_study/Intel7_Final_Project_5_Team/RoS2/Sensor_Ros2/src/sub_robot_core' with build type 'ament_cmake'
[0.153s] colcon.colcon_cmake.task.cmake.build INFO Building CMake package in '/home/ubuntu/Intel_study/Intel7_Final_Project_5_Team/RoS2/Sensor_Ros2/src/sub_robot_core'
[0.155s] colcon.colcon_core.plugin_system INFO Skipping extension 'colcon_core.shell.bat': Not used on non-Windows systems
[0.155s] colcon.colcon_core.shell INFO Skip shell extension 'powershell' for command environment: Not usable outside of PowerShell
[0.155s] colcon.colcon_core.shell DEBUG Skip shell extension 'dsv' for command environment
[0.165s] colcon.colcon_ros.task.ament_cmake.build INFO Building ROS package in '/home/ubuntu/Intel_study/Intel7_Final_Project_5_Team/RoS2/Sensor_Ros2/src/sub_robot_sim' with build type 'ament_cmake'
[0.165s] colcon.colcon_cmake.task.cmake.build INFO Building CMake package in '/home/ubuntu/Intel_study/Intel7_Final_Project_5_Team/RoS2/Sensor_Ros2/src/sub_robot_sim'
[0.165s] colcon.colcon_core.shell INFO Skip shell extension 'powershell' for command environment: Not usable outside of PowerShell
[0.165s] colcon.colcon_core.shell DEBUG Skip shell extension 'dsv' for command environment
[0.171s] colcon.colcon_core.event_handler.log_command DEBUG Invoking command in '/home/ubuntu/Intel_study/Intel7_Final_Project_5_Team/RoS2/Sensor_Ros2/build/sub_robot_core': CMAKE_PREFIX_PATH=${CMAKE_PREFIX_PATH}:/opt/ros/humble /usr/bin/cmake --build /home/ubuntu/Intel_study/Intel7_Final_Project_5_Team/RoS2/Sensor_Ros2/build/sub_robot_core -- -j24 -l24
[0.173s] colcon.colcon_core.event_handler.log_command DEBUG Invoking command in '/home/ubuntu/Intel_study/Intel7_Final_Project_5_Team/RoS2/Sensor_Ros2/build/sub_robot_sim': CMAKE_PREFIX_PATH=${CMAKE_PREFIX_PATH}:/opt/ros/humble /usr/bin/cmake --build /home/ubuntu/Intel_study/Intel7_Final_Project_5_Team/RoS2/Sensor_Ros2/build/sub_robot_sim -- -j24 -l24
[0.251s] colcon.colcon_core.event_handler.log_command DEBUG Invoked command in '/home/ubuntu/Intel_study/Intel7_Final_Project_5_Team/RoS2/Sensor_Ros2/build/sub_robot_core' returned '0': CMAKE_PREFIX_PATH=${CMAKE_PREFIX_PATH}:/opt/ros/humble /usr/bin/cmake --build /home/ubuntu/Intel_study/Intel7_Final_Project_5_Team/RoS2/Sensor_Ros2/build/sub_robot_core -- -j24 -l24
[0.261s] colcon.colcon_core.event_handler.log_command DEBUG Invoking command in '/home/ubuntu/Intel_study/Intel7_Final_Project_5_Team/RoS2/Sensor_Ros2/build/sub_robot_core': CMAKE_PREFIX_PATH=${CMAKE_PREFIX_PATH}:/opt/ros/humble /usr/bin/cmake --install /home/ubuntu/Intel_study/Intel7_Final_Project_5_Team/RoS2/Sensor_Ros2/build/sub_robot_core
[0.272s] colcon.colcon_core.environment Level 1 create_environment_scripts_only(sub_robot_core)
[0.273s] colcon.colcon_core.event_handler.log_command DEBUG Invoked command in '/home/ubuntu/Intel_study/Intel7_Final_Project_5_Team/RoS2/Sensor_Ros2/build/sub_robot_core' returned '0': CMAKE_PREFIX_PATH=${CMAKE_PREFIX_PATH}:/opt/ros/humble /usr/bin/cmake --install /home/ubuntu/Intel_study/Intel7_Final_Project_5_Team/RoS2/Sensor_Ros2/build/sub_robot_core
[0.275s] colcon.colcon_core.environment Level 1 checking '/home/ubuntu/Intel_study/Intel7_Final_Project_5_Team/RoS2/Sensor_Ros2/install/sub_robot_core' for CMake module files
[0.275s] colcon.colcon_core.environment Level 1 checking '/home/ubuntu/Intel_study/Intel7_Final_Project_5_Team/RoS2/Sensor_Ros2/install/sub_robot_core' for CMake config files
[0.276s] colcon.colcon_core.shell Level 1 create_environment_hook('sub_robot_core', 'cmake_prefix_path')
[0.276s] colcon.colcon_core.shell INFO Creating environment hook '/home/ubuntu/Intel_study/Intel7_Final_Project_5_Team/RoS2/Sensor_Ros2/install/sub_robot_core/share/sub_robot_core/hook/cmake_prefix_path.ps1'
[0.276s] colcon.colcon_core.shell INFO Creating environment descriptor '/home/ubuntu/Intel_study/Intel7_Final_Project_5_Team/RoS2/Sensor_Ros2/install/sub_robot_core/share/sub_robot_core/hook/cmake_prefix_path.dsv'
[0.277s] colcon.colcon_core.shell INFO Creating environment hook '/home/ubuntu/Intel_study/Intel7_Final_Project_5_Team/RoS2/Sensor_Ros2/install/sub_robot_core/share/sub_robot_core/hook/cmake_prefix_path.sh'
[0.277s] colcon.colcon_core.environment Level 1 checking '/home/ubuntu/Intel_study/Intel7_Final_Project_5_Team/RoS2/Sensor_Ros2/install/sub_robot_core/lib'
[0.277s] colcon.colcon_core.environment Level 1 checking '/home/ubuntu/Intel_study/Intel7_Final_Project_5_Team/RoS2/Sensor_Ros2/install/sub_robot_core/bin'
[0.277s] colcon.colcon_core.environment Level 1 checking '/home/ubuntu/Intel_study/Intel7_Final_Project_5_Team/RoS2/Sensor_Ros2/install/sub_robot_core/lib/pkgconfig/sub_robot_core.pc'
[0.278s] colcon.colcon_core.environment Level 1 checking '/home/ubuntu/Intel_study/Intel7_Final_Project_5_Team/RoS2/Sensor_Ros2/install/sub_robot_core/lib/python3.10/site-packages'
[0.278s] colcon.colcon_core.environment Level 1 checking '/home/ubuntu/Intel_study/Intel7_Final_Project_5_Team/RoS2/Sensor_Ros2/install/sub_robot_core/bin'
[0.278s] colcon.colcon_core.shell INFO Creating package script '/home/ubuntu/Intel_study/Intel7_Final_Project_5_Team/RoS2/Sensor_Ros2/install/sub_robot_core/share/sub_robot_core/package.ps1'
[0.278s] colcon.colcon_core.shell INFO Creating package descriptor '/home/ubuntu/Intel_study/Intel7_Final_Project_5_Team/RoS2/Sensor_Ros2/install/sub_robot_core/share/sub_robot_core/package.dsv'
[0.279s] colcon.colcon_core.shell INFO Creating package script '/home/ubuntu/Intel_study/Intel7_Final_Project_5_Team/RoS2/Sensor_Ros2/install/sub_robot_core/share/sub_robot_core/package.sh'
[0.279s] colcon.colcon_core.shell INFO Creating package script '/home/ubuntu/Intel_study/Intel7_Final_Project_5_Team/RoS2/Sensor_Ros2/install/sub_robot_core/share/sub_robot_core/package.bash'
[0.280s] colcon.colcon_core.shell INFO Creating package script '/home/ubuntu/Intel_study/Intel7_Final_Project_5_Team/RoS2/Sensor_Ros2/install/sub_robot_core/share/sub_robot_core/package.zsh'
[0.280s] colcon.colcon_core.environment Level 1 create_file_with_runtime_dependencies(/home/ubuntu/Intel_study/Intel7_Final_Project_5_Team/RoS2/Sensor_Ros2/install/sub_robot_core/share/colcon-core/packages/sub_robot_core)
[0.281s] colcon.colcon_core.environment Level 1 create_environment_scripts_only(sub_robot_core)
[0.281s] colcon.colcon_core.environment Level 1 checking '/home/ubuntu/Intel_study/Intel7_Final_Project_5_Team/RoS2/Sensor_Ros2/install/sub_robot_core' for CMake module files
[0.281s] colcon.colcon_core.environment Level 1 checking '/home/ubuntu/Intel_study/Intel7_Final_Project_5_Team/RoS2/Sensor_Ros2/install/sub_robot_core' for CMake config files
[0.281s] colcon.colcon_core.shell Level 1 create_environment_hook('sub_robot_core', 'cmake_prefix_path')
[0.282s] colcon.colcon_core.shell INFO Creating environment hook '/home/ubuntu/Intel_study/Intel7_Final_Project_5_Team/RoS2/Sensor_Ros2/install/sub_robot_core/share/sub_robot_core/hook/cmake_prefix_path.ps1'
[0.282s] colcon.colcon_core.shell INFO Creating environment descriptor '/home/ubuntu/Intel_study/Intel7_Final_Project_5_Team/RoS2/Sensor_Ros2/install/sub_robot_core/share/sub_robot_core/hook/cmake_prefix_path.dsv'
[0.282s] colcon.colcon_core.shell INFO Creating environment hook '/home/ubuntu/Intel_study/Intel7_Final_Project_5_Team/RoS2/Sensor_Ros2/install/sub_robot_core/share/sub_robot_core/hook/cmake_prefix_path.sh'
[0.283s] colcon.colcon_core.environment Level 1 checking '/home/ubuntu/Intel_study/Intel7_Final_Project_5_Team/RoS2/Sensor_Ros2/install/sub_robot_core/lib'
[0.283s] colcon.colcon_core.environment Level 1 checking '/home/ubuntu/Intel_study/Intel7_Final_Project_5_Team/RoS2/Sensor_Ros2/install/sub_robot_core/bin'
[0.283s] colcon.colcon_core.environment Level 1 checking '/home/ubuntu/Intel_study/Intel7_Final_Project_5_Team/RoS2/Sensor_Ros2/install/sub_robot_core/lib/pkgconfig/sub_robot_core.pc'
[0.283s] colcon.colcon_core.environment Level 1 checking '/home/ubuntu/Intel_study/Intel7_Final_Project_5_Team/RoS2/Sensor_Ros2/install/sub_robot_core/lib/python3.10/site-packages'
[0.283s] colcon.colcon_core.environment Level 1 checking '/home/ubuntu/Intel_study/Intel7_Final_Project_5_Team/RoS2/Sensor_Ros2/install/sub_robot_core/bin'
[0.283s] colcon.colcon_core.shell INFO Creating package script '/home/ubuntu/Intel_study/Intel7_Final_Project_5_Team/RoS2/Sensor_Ros2/install/sub_robot_core/share/sub_robot_core/package.ps1'
[0.283s] colcon.colcon_core.shell INFO Creating package descriptor '/home/ubuntu/Intel_study/Intel7_Final_Project_5_Team/RoS2/Sensor_Ros2/install/sub_robot_core/share/sub_robot_core/package.dsv'
[0.284s] colcon.colcon_core.shell INFO Creating package script '/home/ubuntu/Intel_study/Intel7_Final_Project_5_Team/RoS2/Sensor_Ros2/install/sub_robot_core/share/sub_robot_core/package.sh'
[0.284s] colcon.colcon_core.shell INFO Creating package script '/home/ubuntu/Intel_study/Intel7_Final_Project_5_Team/RoS2/Sensor_Ros2/install/sub_robot_core/share/sub_robot_core/package.bash'
[0.284s] colcon.colcon_core.shell INFO Creating package script '/home/ubuntu/Intel_study/Intel7_Final_Project_5_Team/RoS2/Sensor_Ros2/install/sub_robot_core/share/sub_robot_core/package.zsh'
[0.284s] colcon.colcon_core.environment Level 1 create_file_with_runtime_dependencies(/home/ubuntu/Intel_study/Intel7_Final_Project_5_Team/RoS2/Sensor_Ros2/install/sub_robot_core/share/colcon-core/packages/sub_robot_core)
[3.305s] colcon.colcon_core.event_handler.log_command DEBUG Invoked command in '/home/ubuntu/Intel_study/Intel7_Final_Project_5_Team/RoS2/Sensor_Ros2/build/sub_robot_sim' returned '0': CMAKE_PREFIX_PATH=${CMAKE_PREFIX_PATH}:/opt/ros/humble /usr/bin/cmake --build /home/ubuntu/Intel_study/Intel7_Final_Project_5_Team/RoS2/Sensor_Ros2/build/sub_robot_sim -- -j24 -l24
[3.306s] colcon.colcon_core.event_handler.log_command DEBUG Invoking command in '/home/ubuntu/Intel_study/Intel7_Final_Project_5_Team/RoS2/Sensor_Ros2/build/sub_robot_sim': CMAKE_PREFIX_PATH=${CMAKE_PREFIX_PATH}:/opt/ros/humble /usr/bin/cmake --install /home/ubuntu/Intel_study/Intel7_Final_Project_5_Team/RoS2/Sensor_Ros2/build/sub_robot_sim
[3.313s] colcon.colcon_core.environment Level 1 create_environment_scripts_only(sub_robot_sim)
[3.313s] colcon.colcon_core.environment Level 1 checking '/home/ubuntu/Intel_study/Intel7_Final_Project_5_Team/RoS2/Sensor_Ros2/install/sub_robot_sim' for CMake module files
[3.314s] colcon.colcon_core.event_handler.log_command DEBUG Invoked command in '/home/ubuntu/Intel_study/Intel7_Final_Project_5_Team/RoS2/Sensor_Ros2/build/sub_robot_sim' returned '0': CMAKE_PREFIX_PATH=${CMAKE_PREFIX_PATH}:/opt/ros/humble /usr/bin/cmake --install /home/ubuntu/Intel_study/Intel7_Final_Project_5_Team/RoS2/Sensor_Ros2/build/sub_robot_sim
[3.314s] colcon.colcon_core.environment Level 1 checking '/home/ubuntu/Intel_study/Intel7_Final_Project_5_Team/RoS2/Sensor_Ros2/install/sub_robot_sim' for CMake config files
[3.314s] colcon.colcon_core.shell Level 1 create_environment_hook('sub_robot_sim', 'cmake_prefix_path')
[3.314s] colcon.colcon_core.shell INFO Creating environment hook '/home/ubuntu/Intel_study/Intel7_Final_Project_5_Team/RoS2/Sensor_Ros2/install/sub_robot_sim/share/sub_robot_sim/hook/cmake_prefix_path.ps1'
[3.314s] colcon.colcon_core.shell INFO Creating environment descriptor '/home/ubuntu/Intel_study/Intel7_Final_Project_5_Team/RoS2/Sensor_Ros2/install/sub_robot_sim/share/sub_robot_sim/hook/cmake_prefix_path.dsv'
[3.314s] colcon.colcon_core.shell INFO Creating environment hook '/home/ubuntu/Intel_study/Intel7_Final_Project_5_Team/RoS2/Sensor_Ros2/install/sub_robot_sim/share/sub_robot_sim/hook/cmake_prefix_path.sh'
[3.315s] colcon.colcon_core.environment Level 1 checking '/home/ubuntu/Intel_study/Intel7_Final_Project_5_Team/RoS2/Sensor_Ros2/install/sub_robot_sim/lib'
[3.315s] colcon.colcon_core.environment Level 1 checking '/home/ubuntu/Intel_study/Intel7_Final_Project_5_Team/RoS2/Sensor_Ros2/install/sub_robot_sim/bin'
[3.315s] colcon.colcon_core.environment Level 1 checking '/home/ubuntu/Intel_study/Intel7_Final_Project_5_Team/RoS2/Sensor_Ros2/install/sub_robot_sim/lib/pkgconfig/sub_robot_sim.pc'
[3.315s] colcon.colcon_core.environment Level 1 checking '/home/ubuntu/Intel_study/Intel7_Final_Project_5_Team/RoS2/Sensor_Ros2/install/sub_robot_sim/lib/python3.10/site-packages'
[3.315s] colcon.colcon_core.environment Level 1 checking '/home/ubuntu/Intel_study/Intel7_Final_Project_5_Team/RoS2/Sensor_Ros2/install/sub_robot_sim/bin'
[3.315s] colcon.colcon_core.shell INFO Creating package script '/home/ubuntu/Intel_study/Intel7_Final_Project_5_Team/RoS2/Sensor_Ros2/install/sub_robot_sim/share/sub_robot_sim/package.ps1'
[3.316s] colcon.colcon_core.shell INFO Creating package descriptor '/home/ubuntu/Intel_study/Intel7_Final_Project_5_Team/RoS2/Sensor_Ros2/install/sub_robot_sim/share/sub_robot_sim/package.dsv'
[3.316s] colcon.colcon_core.shell INFO Creating package script '/home/ubuntu/Intel_study/Intel7_Final_Project_5_Team/RoS2/Sensor_Ros2/install/sub_robot_sim/share/sub_robot_sim/package.sh'
[3.316s] colcon.colcon_core.shell INFO Creating package script '/home/ubuntu/Intel_study/Intel7_Final_Project_5_Team/RoS2/Sensor_Ros2/install/sub_robot_sim/share/sub_robot_sim/package.bash'
[3.316s] colcon.colcon_core.shell INFO Creating package script '/home/ubuntu/Intel_study/Intel7_Final_Project_5_Team/RoS2/Sensor_Ros2/install/sub_robot_sim/share/sub_robot_sim/package.zsh'
[3.316s] colcon.colcon_core.environment Level 1 create_file_with_runtime_dependencies(/home/ubuntu/Intel_study/Intel7_Final_Project_5_Team/RoS2/Sensor_Ros2/install/sub_robot_sim/share/colcon-core/packages/sub_robot_sim)
[3.316s] colcon.colcon_core.environment Level 1 create_environment_scripts_only(sub_robot_sim)
[3.317s] colcon.colcon_core.environment Level 1 checking '/home/ubuntu/Intel_study/Intel7_Final_Project_5_Team/RoS2/Sensor_Ros2/install/sub_robot_sim' for CMake module files
[3.317s] colcon.colcon_core.environment Level 1 checking '/home/ubuntu/Intel_study/Intel7_Final_Project_5_Team/RoS2/Sensor_Ros2/install/sub_robot_sim' for CMake config files
[3.317s] colcon.colcon_core.shell Level 1 create_environment_hook('sub_robot_sim', 'cmake_prefix_path')
[3.317s] colcon.colcon_core.shell INFO Creating environment hook '/home/ubuntu/Intel_study/Intel7_Final_Project_5_Team/RoS2/Sensor_Ros2/install/sub_robot_sim/share/sub_robot_sim/hook/cmake_prefix_path.ps1'
[3.317s] colcon.colcon_core.shell INFO Creating environment descriptor '/home/ubuntu/Intel_study/Intel7_Final_Project_5_Team/RoS2/Sensor_Ros2/install/sub_robot_sim/share/sub_robot_sim/hook/cmake_prefix_path.dsv'
[3.317s] colcon.colcon_core.shell INFO Creating environment hook '/home/ubuntu/Intel_study/Intel7_Final_Project_5_Team/RoS2/Sensor_Ros2/install/sub_robot_sim/share/sub_robot_sim/hook/cmake_prefix_path.sh'
[3.318s] colcon.colcon_core.environment Level 1 checking '/home/ubuntu/Intel_study/Intel7_Final_Project_5_Team/RoS2/Sensor_Ros2/install/sub_robot_sim/lib'
[3.318s] colcon.colcon_core.environment Level 1 checking '/home/ubuntu/Intel_study/Intel7_Final_Project_5_Team/RoS2/Sensor_Ros2/install/sub_robot_sim/bin'
[3.318s] colcon.colcon_core.environment Level 1 checking '/home/ubuntu/Intel_study/Intel7_Final_Project_5_Team/RoS2/Sensor_Ros2/install/sub_robot_sim/lib/pkgconfig/sub_robot_sim.pc'
[3.318s] colcon.colcon_core.environment Level 1 checking '/home/ubuntu/Intel_study/Intel7_Final_Project_5_Team/RoS2/Sensor_Ros2/install/sub_robot_sim/lib/python3.10/site-packages'
[3.318s] colcon.colcon_core.environment Level 1 checking '/home/ubuntu/Intel_study/Intel7_Final_Project_5_Team/RoS2/Sensor_Ros2/install/sub_robot_sim/bin'
[3.318s] colcon.colcon_core.shell INFO Creating package script '/home/ubuntu/Intel_study/Intel7_Final_Project_5_Team/RoS2/Sensor_Ros2/install/sub_robot_sim/share/sub_robot_sim/package.ps1'
[3.318s] colcon.colcon_core.shell INFO Creating package descriptor '/home/ubuntu/Intel_study/Intel7_Final_Project_5_Team/RoS2/Sensor_Ros2/install/sub_robot_sim/share/sub_robot_sim/package.dsv'
[3.319s] colcon.colcon_core.shell INFO Creating package script '/home/ubuntu/Intel_study/Intel7_Final_Project_5_Team/RoS2/Sensor_Ros2/install/sub_robot_sim/share/sub_robot_sim/package.sh'
[3.319s] colcon.colcon_core.shell INFO Creating package script '/home/ubuntu/Intel_study/Intel7_Final_Project_5_Team/RoS2/Sensor_Ros2/install/sub_robot_sim/share/sub_robot_sim/package.bash'
[3.319s] colcon.colcon_core.shell INFO Creating package script '/home/ubuntu/Intel_study/Intel7_Final_Project_5_Team/RoS2/Sensor_Ros2/install/sub_robot_sim/share/sub_robot_sim/package.zsh'
[3.319s] colcon.colcon_core.environment Level 1 create_file_with_runtime_dependencies(/home/ubuntu/Intel_study/Intel7_Final_Project_5_Team/RoS2/Sensor_Ros2/install/sub_robot_sim/share/colcon-core/packages/sub_robot_sim)
[3.319s] colcon.colcon_ros.task.ament_cmake.build INFO Building ROS package in '/home/ubuntu/Intel_study/Intel7_Final_Project_5_Team/RoS2/Sensor_Ros2/src/sub_robot_bringup' with build type 'ament_cmake'
[3.319s] colcon.colcon_cmake.task.cmake.build INFO Building CMake package in '/home/ubuntu/Intel_study/Intel7_Final_Project_5_Team/RoS2/Sensor_Ros2/src/sub_robot_bringup'
[3.319s] colcon.colcon_core.shell INFO Skip shell extension 'powershell' for command environment: Not usable outside of PowerShell
[3.319s] colcon.colcon_core.shell DEBUG Skip shell extension 'dsv' for command environment
[3.327s] colcon.colcon_core.event_handler.log_command DEBUG Invoking command in '/home/ubuntu/Intel_study/Intel7_Final_Project_5_Team/RoS2/Sensor_Ros2/build/sub_robot_bringup': AMENT_PREFIX_PATH=/home/ubuntu/Intel_study/Intel7_Final_Project_5_Team/RoS2/Sensor_Ros2/install/sub_robot_sim:/home/ubuntu/Intel_study/Intel7_Final_Project_5_Team/RoS2/Sensor_Ros2/install/sub_robot_core:${AMENT_PREFIX_PATH} CMAKE_PREFIX_PATH=/home/ubuntu/Intel_study/Intel7_Final_Project_5_Team/RoS2/Sensor_Ros2/install/sub_robot_sim:/home/ubuntu/Intel_study/Intel7_Final_Project_5_Team/RoS2/Sensor_Ros2/install/sub_robot_core:/home/ubuntu/turtlebot3_ws/install/turtlebot3_navigation2:/home/ubuntu/turtlebot3_ws/install/turtlebot3_description:/home/ubuntu/turtlebot3_ws/install/turtlebot3_cartographer:/home/ubuntu/turtlebot3_ws/install/dynamixel_sdk:/home/ubuntu/tb3_sim_ws/install/turtlebot3_gazebo:/home/ubuntu/tb3_sim_ws/install/turtlebot3_fake_node:/opt/ros/humble /usr/bin/cmake /home/ubuntu/Intel_study/Intel7_Final_Project_5_Team/RoS2/Sensor_Ros2/src/sub_robot_bringup -DCMAKE_INSTALL_PREFIX=/home/ubuntu/Intel_study/Intel7_Final_Project_5_Team/RoS2/Sensor_Ros2/install/sub_robot_bringup
[3.862s] colcon.colcon_core.event_handler.log_command DEBUG Invoked command in '/home/ubuntu/Intel_study/Intel7_Final_Project_5_Team/RoS2/Sensor_Ros2/build/sub_robot_bringup' returned '0': AMENT_PREFIX_PATH=/home/ubuntu/Intel_study/Intel7_Final_Project_5_Team/RoS2/Sensor_Ros2/install/sub_robot_sim:/home/ubuntu/Intel_study/Intel7_Final_Project_5_Team/RoS2/Sensor_Ros2/install/sub_robot_core:${AMENT_PREFIX_PATH} CMAKE_PREFIX_PATH=/home/ubuntu/Intel_study/Intel7_Final_Project_5_Team/RoS2/Sensor_Ros2/install/sub_robot_sim:/home/ubuntu/Intel_study/Intel7_Final_Project_5_Team/RoS2/Sensor_Ros2/install/sub_robot_core:/home/ubuntu/turtlebot3_ws/install/turtlebot3_navigation2:/home/ubuntu/turtlebot3_ws/install/turtlebot3_description:/home/ubuntu/turtlebot3_ws/install/turtlebot3_cartographer:/home/ubuntu/turtlebot3_ws/install/dynamixel_sdk:/home/ubuntu/tb3_sim_ws/install/turtlebot3_gazebo:/home/ubuntu/tb3_sim_ws/install/turtlebot3_fake_node:/opt/ros/humble /usr/bin/cmake /home/ubuntu/Intel_study/Intel7_Final_Project_5_Team/RoS2/Sensor_Ros2/src/sub_robot_bringup -DCMAKE_INSTALL_PREFIX=/home/ubuntu/Intel_study/Intel7_Final_Project_5_Team/RoS2/Sensor_Ros2/install/sub_robot_bringup
[3.863s] colcon.colcon_core.event_handler.log_command DEBUG Invoking command in '/home/ubuntu/Intel_study/Intel7_Final_Project_5_Team/RoS2/Sensor_Ros2/build/sub_robot_bringup': AMENT_PREFIX_PATH=/home/ubuntu/Intel_study/Intel7_Final_Project_5_Team/RoS2/Sensor_Ros2/install/sub_robot_sim:/home/ubuntu/Intel_study/Intel7_Final_Project_5_Team/RoS2/Sensor_Ros2/install/sub_robot_core:${AMENT_PREFIX_PATH} CMAKE_PREFIX_PATH=/home/ubuntu/Intel_study/Intel7_Final_Project_5_Team/RoS2/Sensor_Ros2/install/sub_robot_sim:/home/ubuntu/Intel_study/Intel7_Final_Project_5_Team/RoS2/Sensor_Ros2/install/sub_robot_core:/home/ubuntu/turtlebot3_ws/install/turtlebot3_navigation2:/home/ubuntu/turtlebot3_ws/install/turtlebot3_description:/home/ubuntu/turtlebot3_ws/install/turtlebot3_cartographer:/home/ubuntu/turtlebot3_ws/install/dynamixel_sdk:/home/ubuntu/tb3_sim_ws/install/turtlebot3_gazebo:/home/ubuntu/tb3_sim_ws/install/turtlebot3_fake_node:/opt/ros/humble /usr/bin/cmake --build /home/ubuntu/Intel_study/Intel7_Final_Project_5_Team/RoS2/Sensor_Ros2/build/sub_robot_bringup -- -j24 -l24
[3.892s] colcon.colcon_core.event_handler.log_command DEBUG Invoked command in '/home/ubuntu/Intel_study/Intel7_Final_Project_5_Team/RoS2/Sensor_Ros2/build/sub_robot_bringup' returned '0': AMENT_PREFIX_PATH=/home/ubuntu/Intel_study/Intel7_Final_Project_5_Team/RoS2/Sensor_Ros2/install/sub_robot_sim:/home/ubuntu/Intel_study/Intel7_Final_Project_5_Team/RoS2/Sensor_Ros2/install/sub_robot_core:${AMENT_PREFIX_PATH} CMAKE_PREFIX_PATH=/home/ubuntu/Intel_study/Intel7_Final_Project_5_Team/RoS2/Sensor_Ros2/install/sub_robot_sim:/home/ubuntu/Intel_study/Intel7_Final_Project_5_Team/RoS2/Sensor_Ros2/install/sub_robot_core:/home/ubuntu/turtlebot3_ws/install/turtlebot3_navigation2:/home/ubuntu/turtlebot3_ws/install/turtlebot3_description:/home/ubuntu/turtlebot3_ws/install/turtlebot3_cartographer:/home/ubuntu/turtlebot3_ws/install/dynamixel_sdk:/home/ubuntu/tb3_sim_ws/install/turtlebot3_gazebo:/home/ubuntu/tb3_sim_ws/install/turtlebot3_fake_node:/opt/ros/humble /usr/bin/cmake --build /home/ubuntu/Intel_study/Intel7_Final_Project_5_Team/RoS2/Sensor_Ros2/build/sub_robot_bringup -- -j24 -l24
[3.893s] colcon.colcon_core.event_handler.log_command DEBUG Invoking command in '/home/ubuntu/Intel_study/Intel7_Final_Project_5_Team/RoS2/Sensor_Ros2/build/sub_robot_bringup': AMENT_PREFIX_PATH=/home/ubuntu/Intel_study/Intel7_Final_Project_5_Team/RoS2/Sensor_Ros2/install/sub_robot_sim:/home/ubuntu/Intel_study/Intel7_Final_Project_5_Team/RoS2/Sensor_Ros2/install/sub_robot_core:${AMENT_PREFIX_PATH} CMAKE_PREFIX_PATH=/home/ubuntu/Intel_study/Intel7_Final_Project_5_Team/RoS2/Sensor_Ros2/install/sub_robot_sim:/home/ubuntu/Intel_study/Intel7_Final_Project_5_Team/RoS2/Sensor_Ros2/install/sub_robot_core:/home/ubuntu/turtlebot3_ws/install/turtlebot3_navigation2:/home/ubuntu/turtlebot3_ws/install/turtlebot3_description:/home/ubuntu/turtlebot3_ws/install/turtlebot3_cartographer:/home/ubuntu/turtlebot3_ws/install/dynamixel_sdk:/home/ubuntu/tb3_sim_ws/install/turtlebot3_gazebo:/home/ubuntu/tb3_sim_ws/install/turtlebot3_fake_node:/opt/ros/humble /usr/bin/cmake --install /home/ubuntu/Intel_study/Intel7_Final_Project_5_Team/RoS2/Sensor_Ros2/build/sub_robot_bringup
[3.900s] colcon.colcon_core.environment Level 1 create_environment_scripts_only(sub_robot_bringup)
[3.900s] colcon.colcon_core.environment Level 1 checking '/home/ubuntu/Intel_study/Intel7_Final_Project_5_Team/RoS2/Sensor_Ros2/install/sub_robot_bringup' for CMake module files
[3.900s] colcon.colcon_core.event_handler.log_command DEBUG Invoked command in '/home/ubuntu/Intel_study/Intel7_Final_Project_5_Team/RoS2/Sensor_Ros2/build/sub_robot_bringup' returned '0': AMENT_PREFIX_PATH=/home/ubuntu/Intel_study/Intel7_Final_Project_5_Team/RoS2/Sensor_Ros2/install/sub_robot_sim:/home/ubuntu/Intel_study/Intel7_Final_Project_5_Team/RoS2/Sensor_Ros2/install/sub_robot_core:${AMENT_PREFIX_PATH} CMAKE_PREFIX_PATH=/home/ubuntu/Intel_study/Intel7_Final_Project_5_Team/RoS2/Sensor_Ros2/install/sub_robot_sim:/home/ubuntu/Intel_study/Intel7_Final_Project_5_Team/RoS2/Sensor_Ros2/install/sub_robot_core:/home/ubuntu/turtlebot3_ws/install/turtlebot3_navigation2:/home/ubuntu/turtlebot3_ws/install/turtlebot3_description:/home/ubuntu/turtlebot3_ws/install/turtlebot3_cartographer:/home/ubuntu/turtlebot3_ws/install/dynamixel_sdk:/home/ubuntu/tb3_sim_ws/install/turtlebot3_gazebo:/home/ubuntu/tb3_sim_ws/install/turtlebot3_fake_node:/opt/ros/humble /usr/bin/cmake --install /home/ubuntu/Intel_study/Intel7_Final_Project_5_Team/RoS2/Sensor_Ros2/build/sub_robot_bringup
[3.900s] colcon.colcon_core.environment Level 1 checking '/home/ubuntu/Intel_study/Intel7_Final_Project_5_Team/RoS2/Sensor_Ros2/install/sub_robot_bringup' for CMake config files
[3.901s] colcon.colcon_core.shell Level 1 create_environment_hook('sub_robot_bringup', 'cmake_prefix_path')
[3.901s] colcon.colcon_core.shell INFO Creating environment hook '/home/ubuntu/Intel_study/Intel7_Final_Project_5_Team/RoS2/Sensor_Ros2/install/sub_robot_bringup/share/sub_robot_bringup/hook/cmake_prefix_path.ps1'
[3.901s] colcon.colcon_core.shell INFO Creating environment descriptor '/home/ubuntu/Intel_study/Intel7_Final_Project_5_Team/RoS2/Sensor_Ros2/install/sub_robot_bringup/share/sub_robot_bringup/hook/cmake_prefix_path.dsv'
[3.901s] colcon.colcon_core.shell INFO Creating environment hook '/home/ubuntu/Intel_study/Intel7_Final_Project_5_Team/RoS2/Sensor_Ros2/install/sub_robot_bringup/share/sub_robot_bringup/hook/cmake_prefix_path.sh'
[3.901s] colcon.colcon_core.environment Level 1 checking '/home/ubuntu/Intel_study/Intel7_Final_Project_5_Team/RoS2/Sensor_Ros2/install/sub_robot_bringup/bin'
[3.901s] colcon.colcon_core.environment Level 1 checking '/home/ubuntu/Intel_study/Intel7_Final_Project_5_Team/RoS2/Sensor_Ros2/install/sub_robot_bringup/lib/pkgconfig/sub_robot_bringup.pc'
[3.902s] colcon.colcon_core.environment Level 1 checking '/home/ubuntu/Intel_study/Intel7_Final_Project_5_Team/RoS2/Sensor_Ros2/install/sub_robot_bringup/lib/python3.10/site-packages'
[3.902s] colcon.colcon_core.environment Level 1 checking '/home/ubuntu/Intel_study/Intel7_Final_Project_5_Team/RoS2/Sensor_Ros2/install/sub_robot_bringup/bin'
[3.902s] colcon.colcon_core.shell INFO Creating package script '/home/ubuntu/Intel_study/Intel7_Final_Project_5_Team/RoS2/Sensor_Ros2/install/sub_robot_bringup/share/sub_robot_bringup/package.ps1'
[3.902s] colcon.colcon_core.shell INFO Creating package descriptor '/home/ubuntu/Intel_study/Intel7_Final_Project_5_Team/RoS2/Sensor_Ros2/install/sub_robot_bringup/share/sub_robot_bringup/package.dsv'
[3.902s] colcon.colcon_core.shell INFO Creating package script '/home/ubuntu/Intel_study/Intel7_Final_Project_5_Team/RoS2/Sensor_Ros2/install/sub_robot_bringup/share/sub_robot_bringup/package.sh'
[3.902s] colcon.colcon_core.shell INFO Creating package script '/home/ubuntu/Intel_study/Intel7_Final_Project_5_Team/RoS2/Sensor_Ros2/install/sub_robot_bringup/share/sub_robot_bringup/package.bash'
[3.903s] colcon.colcon_core.shell INFO Creating package script '/home/ubuntu/Intel_study/Intel7_Final_Project_5_Team/RoS2/Sensor_Ros2/install/sub_robot_bringup/share/sub_robot_bringup/package.zsh'
[3.903s] colcon.colcon_core.environment Level 1 create_file_with_runtime_dependencies(/home/ubuntu/Intel_study/Intel7_Final_Project_5_Team/RoS2/Sensor_Ros2/install/sub_robot_bringup/share/colcon-core/packages/sub_robot_bringup)
[3.903s] colcon.colcon_core.environment Level 1 create_environment_scripts_only(sub_robot_bringup)
[3.903s] colcon.colcon_core.environment Level 1 checking '/home/ubuntu/Intel_study/Intel7_Final_Project_5_Team/RoS2/Sensor_Ros2/install/sub_robot_bringup' for CMake module files
[3.903s] colcon.colcon_core.environment Level 1 checking '/home/ubuntu/Intel_study/Intel7_Final_Project_5_Team/RoS2/Sensor_Ros2/install/sub_robot_bringup' for CMake config files
[3.903s] colcon.colcon_core.shell Level 1 create_environment_hook('sub_robot_bringup', 'cmake_prefix_path')
[3.903s] colcon.colcon_core.shell INFO Creating environment hook '/home/ubuntu/Intel_study/Intel7_Final_Project_5_Team/RoS2/Sensor_Ros2/install/sub_robot_bringup/share/sub_robot_bringup/hook/cmake_prefix_path.ps1'
[3.904s] colcon.colcon_core.shell INFO Creating environment descriptor '/home/ubuntu/Intel_study/Intel7_Final_Project_5_Team/RoS2/Sensor_Ros2/install/sub_robot_bringup/share/sub_robot_bringup/hook/cmake_prefix_path.dsv'
[3.904s] colcon.colcon_core.shell INFO Creating environment hook '/home/ubuntu/Intel_study/Intel7_Final_Project_5_Team/RoS2/Sensor_Ros2/install/sub_robot_bringup/share/sub_robot_bringup/hook/cmake_prefix_path.sh'
[3.904s] colcon.colcon_core.environment Level 1 checking '/home/ubuntu/Intel_study/Intel7_Final_Project_5_Team/RoS2/Sensor_Ros2/install/sub_robot_bringup/bin'
[3.904s] colcon.colcon_core.environment Level 1 checking '/home/ubuntu/Intel_study/Intel7_Final_Project_5_Team/RoS2/Sensor_Ros2/install/sub_robot_bringup/lib/pkgconfig/sub_robot_bringup.pc'
[3.904s] colcon.colcon_core.environment Level 1 checking '/home/ubuntu/Intel_study/Intel7_Final_Project_5_Team/RoS2/Sensor_Ros2/install/sub_robot_bringup/lib/python3.10/site-packages'
[3.904s] colcon.colcon_core.environment Level 1 checking '/home/ubuntu/Intel_study/Intel7_Final_Project_5_Team/RoS2/Sensor_Ros2/install/sub_robot_bringup/bin'
[3.905s] colcon.colcon_core.shell INFO Creating package script '/home/ubuntu/Intel_study/Intel7_Final_Project_5_Team/RoS2/Sensor_Ros2/install/sub_robot_bringup/share/sub_robot_bringup/package.ps1'
[3.905s] colcon.colcon_core.shell INFO Creating package descriptor '/home/ubuntu/Intel_study/Intel7_Final_Project_5_Team/RoS2/Sensor_Ros2/install/sub_robot_bringup/share/sub_robot_bringup/package.dsv'
[3.905s] colcon.colcon_core.shell INFO Creating package script '/home/ubuntu/Intel_study/Intel7_Final_Project_5_Team/RoS2/Sensor_Ros2/install/sub_robot_bringup/share/sub_robot_bringup/package.sh'
[3.905s] colcon.colcon_core.shell INFO Creating package script '/home/ubuntu/Intel_study/Intel7_Final_Project_5_Team/RoS2/Sensor_Ros2/install/sub_robot_bringup/share/sub_robot_bringup/package.bash'
[3.905s] colcon.colcon_core.shell INFO Creating package script '/home/ubuntu/Intel_study/Intel7_Final_Project_5_Team/RoS2/Sensor_Ros2/install/sub_robot_bringup/share/sub_robot_bringup/package.zsh'
[3.906s] colcon.colcon_core.environment Level 1 create_file_with_runtime_dependencies(/home/ubuntu/Intel_study/Intel7_Final_Project_5_Team/RoS2/Sensor_Ros2/install/sub_robot_bringup/share/colcon-core/packages/sub_robot_bringup)
[3.906s] colcon.colcon_parallel_executor.executor.parallel DEBUG closing loop
[3.906s] colcon.colcon_parallel_executor.executor.parallel DEBUG loop closed
[3.906s] colcon.colcon_parallel_executor.executor.parallel DEBUG run_until_complete finished with '0'
[3.906s] colcon.colcon_core.event_reactor DEBUG joining thread
[3.910s] colcon.colcon_core.plugin_system INFO Skipping extension 'colcon_notification.desktop_notification.terminal_notifier': Not used on non-Darwin systems
[3.910s] colcon.colcon_core.plugin_system INFO Skipping extension 'colcon_notification.desktop_notification.win32': Not used on non-Windows systems
[3.910s] colcon.colcon_notification.desktop_notification INFO Sending desktop notification using 'notify2'
[3.916s] colcon.colcon_core.event_reactor DEBUG joined thread
[3.917s] colcon.colcon_core.shell INFO Creating prefix script '/home/ubuntu/Intel_study/Intel7_Final_Project_5_Team/RoS2/Sensor_Ros2/install/local_setup.ps1'
[3.917s] colcon.colcon_core.shell INFO Creating prefix util module '/home/ubuntu/Intel_study/Intel7_Final_Project_5_Team/RoS2/Sensor_Ros2/install/_local_setup_util_ps1.py'
[3.918s] colcon.colcon_core.shell INFO Creating prefix chain script '/home/ubuntu/Intel_study/Intel7_Final_Project_5_Team/RoS2/Sensor_Ros2/install/setup.ps1'
[3.919s] colcon.colcon_core.shell INFO Creating prefix script '/home/ubuntu/Intel_study/Intel7_Final_Project_5_Team/RoS2/Sensor_Ros2/install/local_setup.sh'
[3.919s] colcon.colcon_core.shell INFO Creating prefix util module '/home/ubuntu/Intel_study/Intel7_Final_Project_5_Team/RoS2/Sensor_Ros2/install/_local_setup_util_sh.py'
[3.919s] colcon.colcon_core.shell INFO Creating prefix chain script '/home/ubuntu/Intel_study/Intel7_Final_Project_5_Team/RoS2/Sensor_Ros2/install/setup.sh'
[3.920s] colcon.colcon_core.shell INFO Creating prefix script '/home/ubuntu/Intel_study/Intel7_Final_Project_5_Team/RoS2/Sensor_Ros2/install/local_setup.bash'
[3.920s] colcon.colcon_core.shell INFO Creating prefix chain script '/home/ubuntu/Intel_study/Intel7_Final_Project_5_Team/RoS2/Sensor_Ros2/install/setup.bash'
[3.921s] colcon.colcon_core.shell INFO Creating prefix script '/home/ubuntu/Intel_study/Intel7_Final_Project_5_Team/RoS2/Sensor_Ros2/install/local_setup.zsh'
[3.921s] colcon.colcon_core.shell INFO Creating prefix chain script '/home/ubuntu/Intel_study/Intel7_Final_Project_5_Team/RoS2/Sensor_Ros2/install/setup.zsh'
